SF:/Users/mihaieremia/GitHub/rs-egld-liquid-staking/delegation-manager-mock/meta/src/main.rs
FN:1,_RNvCs165QPccO1SS_28delegation_manager_mock_meta4main
FNDA:0,_RNvCs165QPccO1SS_28delegation_manager_mock_meta4main
FNF:1
FNH:0
DA:1,0
DA:2,0
DA:3,0
BRF:0
BRH:0
LF:3
LH:0
end_of_record
SF:/Users/mihaieremia/GitHub/rs-egld-liquid-staking/delegation-manager-mock/src/delegation_manager.rs
FN:5,_RINvCsaSbLobgwwmi_23delegation_manager_mock12contract_objINtNtNtNtCseUmQFO6d1K9_22multiversx_sc_scenario3api7impl_vh12vm_hooks_api10VMHooksApiNtNtBY_9debug_api15DebugApiBackendEECs8LcBUgjrJzU_13delegate_test
FN:5,_RNvXs5_CsaSbLobgwwmi_23delegation_manager_mockINtB5_11ContractObjINtNtNtNtCseUmQFO6d1K9_22multiversx_sc_scenario3api7impl_vh12vm_hooks_api10VMHooksApiNtNtB16_9debug_api15DebugApiBackendEENtNtNtCs4WmCETBkTZ5_13multiversx_sc13contract_base17callable_contract16CallableContract4callCs8LcBUgjrJzU_13delegate_test
FN:5,_RNvYINtCsaSbLobgwwmi_23delegation_manager_mock11ContractObjINtNtNtNtCseUmQFO6d1K9_22multiversx_sc_scenario3api7impl_vh12vm_hooks_api10VMHooksApiNtNtB10_9debug_api15DebugApiBackendEENtB5_16EndpointWrappers19call_claim_multipleCs8LcBUgjrJzU_13delegate_test
FN:5,_RNvYINtCsaSbLobgwwmi_23delegation_manager_mock11ContractObjINtNtNtNtCseUmQFO6d1K9_22multiversx_sc_scenario3api7impl_vh12vm_hooks_api10VMHooksApiNtNtB10_9debug_api15DebugApiBackendEENtB5_16EndpointWrappers4callCs8LcBUgjrJzU_13delegate_test
FN:5,_RNvYINtCsaSbLobgwwmi_23delegation_manager_mock11ContractObjINtNtNtNtCseUmQFO6d1K9_22multiversx_sc_scenario3api7impl_vh12vm_hooks_api10VMHooksApiNtNtB10_9debug_api15DebugApiBackendEENtB5_16EndpointWrappers8callbackCs8LcBUgjrJzU_13delegate_test
FN:5,_RNvYINtCsaSbLobgwwmi_23delegation_manager_mock11ContractObjINtNtNtNtCseUmQFO6d1K9_22multiversx_sc_scenario3api7impl_vh12vm_hooks_api10VMHooksApiNtNtB10_9debug_api15DebugApiBackendEENtB5_16EndpointWrappers9call_initCs8LcBUgjrJzU_13delegate_test
FN:11,_RNvYINtCsaSbLobgwwmi_23delegation_manager_mock11ContractObjINtNtNtNtCseUmQFO6d1K9_22multiversx_sc_scenario3api7impl_vh12vm_hooks_api10VMHooksApiNtNtB10_9debug_api15DebugApiBackendEENtB5_21DelegationManagerMock14claim_multipleCs8LcBUgjrJzU_13delegate_test
FN:11,_RNvYpNtCs60zmAyplw38_23delegation_manager_mock21DelegationManagerMock14claim_multipleB5_
FN:5,_RNvYpNtCs60zmAyplw38_23delegation_manager_mock16EndpointWrappers9call_initB5_
FN:5,_RNvYpNtCs60zmAyplw38_23delegation_manager_mock16EndpointWrappers19call_claim_multipleB5_
FN:5,_RNvYpNtCs60zmAyplw38_23delegation_manager_mock16EndpointWrappers4callB5_
FN:5,_RNvYpNtCs60zmAyplw38_23delegation_manager_mock16EndpointWrappers17callback_selectorB5_
FN:5,_RNvYpNtCs60zmAyplw38_23delegation_manager_mock16EndpointWrappers8callbackB5_
FN:5,_RNvXs1_Cs60zmAyplw38_23delegation_manager_mockNtB5_11AbiProviderNtNtNtCs4WmCETBkTZ5_13multiversx_sc13contract_base21contract_abi_provider19ContractAbiProvider3abi
FN:5,_RNvXINICs60zmAyplw38_23delegation_manager_mocks5_0pEINtB5_11ContractObjpENtNtNtCs4WmCETBkTZ5_13multiversx_sc13contract_base17callable_contract16CallableContract4callB5_
FN:5,_RINvCs60zmAyplw38_23delegation_manager_mock12contract_objpEB2_
FN:5,_RINvXs6_Cs60zmAyplw38_23delegation_manager_mockNtB6_15ContractBuilderNtNtNtCs4WmCETBkTZ5_13multiversx_sc13contract_base17callable_contract23CallableContractBuilder16new_contract_objpEB6_
FN:5,_RINvNtCs60zmAyplw38_23delegation_manager_mock19___wasm__endpoints__4initpEB4_
FN:5,_RINvNtCs60zmAyplw38_23delegation_manager_mock19___wasm__endpoints__14claim_multiplepEB4_
FN:5,_RINvNtCs60zmAyplw38_23delegation_manager_mock19___wasm__endpoints__8callBackpEB4_
FN:5,_RNvYpNtCs60zmAyplw38_23delegation_manager_mock10ProxyTrait4initB5_
FN:5,_RINvYpNtCs60zmAyplw38_23delegation_manager_mock10ProxyTrait14claim_multiplepEB6_
FN:5,_RNvXINICs60zmAyplw38_23delegation_manager_mocks7_0pEINtB5_5ProxypENtNtNtCs4WmCETBkTZ5_13multiversx_sc13contract_base14proxy_obj_base12ProxyObjBase19extract_opt_addressB5_
FN:5,_RNvXINICs60zmAyplw38_23delegation_manager_mocks7_0pEINtB5_5ProxypENtNtNtCs4WmCETBkTZ5_13multiversx_sc13contract_base14proxy_obj_base12ProxyObjBase16extract_proxy_toB5_
FN:5,_RNvXINICs60zmAyplw38_23delegation_manager_mocks8_0pEINtB5_5ProxypENtNtNtCs4WmCETBkTZ5_13multiversx_sc13contract_base14proxy_obj_base11ProxyObjNew13new_proxy_objB5_
FN:5,_RNvXINICs60zmAyplw38_23delegation_manager_mocks8_0pEINtB5_5ProxypENtNtNtCs4WmCETBkTZ5_13multiversx_sc13contract_base14proxy_obj_base11ProxyObjNew8contractB5_
FN:5,_RNvXINICs60zmAyplw38_23delegation_manager_mocks9_0pEINtB5_7ProxyTopENtNtNtCs4WmCETBkTZ5_13multiversx_sc13contract_base14proxy_obj_base12ProxyObjBase19extract_opt_addressB5_
FN:5,_RNvXINICs60zmAyplw38_23delegation_manager_mocks9_0pEINtB5_7ProxyTopENtNtNtCs4WmCETBkTZ5_13multiversx_sc13contract_base14proxy_obj_base12ProxyObjBase15extract_addressB5_
FN:5,_RNvXINICs60zmAyplw38_23delegation_manager_mocks9_0pEINtB5_7ProxyTopENtNtNtCs4WmCETBkTZ5_13multiversx_sc13contract_base14proxy_obj_base12ProxyObjBase16extract_proxy_toB5_
FN:5,_RINvCsaSbLobgwwmi_23delegation_manager_mock12contract_objINtNtNtNtCseUmQFO6d1K9_22multiversx_sc_scenario3api7impl_vh12vm_hooks_api10VMHooksApiNtNtBY_9debug_api15DebugApiBackendEECs2PlSyXFsomm_4test
FN:5,_RNvXs5_CsaSbLobgwwmi_23delegation_manager_mockINtB5_11ContractObjINtNtNtNtCseUmQFO6d1K9_22multiversx_sc_scenario3api7impl_vh12vm_hooks_api10VMHooksApiNtNtB16_9debug_api15DebugApiBackendEENtNtNtCs4WmCETBkTZ5_13multiversx_sc13contract_base17callable_contract16CallableContract4callCs2PlSyXFsomm_4test
FN:5,_RNvYINtCsaSbLobgwwmi_23delegation_manager_mock11ContractObjINtNtNtNtCseUmQFO6d1K9_22multiversx_sc_scenario3api7impl_vh12vm_hooks_api10VMHooksApiNtNtB10_9debug_api15DebugApiBackendEENtB5_16EndpointWrappers19call_claim_multipleCs2PlSyXFsomm_4test
FN:5,_RNvYINtCsaSbLobgwwmi_23delegation_manager_mock11ContractObjINtNtNtNtCseUmQFO6d1K9_22multiversx_sc_scenario3api7impl_vh12vm_hooks_api10VMHooksApiNtNtB10_9debug_api15DebugApiBackendEENtB5_16EndpointWrappers4callCs2PlSyXFsomm_4test
FN:5,_RNvYINtCsaSbLobgwwmi_23delegation_manager_mock11ContractObjINtNtNtNtCseUmQFO6d1K9_22multiversx_sc_scenario3api7impl_vh12vm_hooks_api10VMHooksApiNtNtB10_9debug_api15DebugApiBackendEENtB5_16EndpointWrappers8callbackCs2PlSyXFsomm_4test
FN:5,_RNvYINtCsaSbLobgwwmi_23delegation_manager_mock11ContractObjINtNtNtNtCseUmQFO6d1K9_22multiversx_sc_scenario3api7impl_vh12vm_hooks_api10VMHooksApiNtNtB10_9debug_api15DebugApiBackendEENtB5_16EndpointWrappers9call_initCs2PlSyXFsomm_4test
FN:11,_RNvYINtCsaSbLobgwwmi_23delegation_manager_mock11ContractObjINtNtNtNtCseUmQFO6d1K9_22multiversx_sc_scenario3api7impl_vh12vm_hooks_api10VMHooksApiNtNtB10_9debug_api15DebugApiBackendEENtB5_21DelegationManagerMock14claim_multipleCs2PlSyXFsomm_4test
FN:5,_RINvCsaSbLobgwwmi_23delegation_manager_mock12contract_objINtNtNtNtCseUmQFO6d1K9_22multiversx_sc_scenario3api7impl_vh12vm_hooks_api10VMHooksApiNtNtBY_9debug_api15DebugApiBackendEECs6XkVYXmu1nJ_15unDelegate_test
FN:5,_RNvXs5_CsaSbLobgwwmi_23delegation_manager_mockINtB5_11ContractObjINtNtNtNtCseUmQFO6d1K9_22multiversx_sc_scenario3api7impl_vh12vm_hooks_api10VMHooksApiNtNtB16_9debug_api15DebugApiBackendEENtNtNtCs4WmCETBkTZ5_13multiversx_sc13contract_base17callable_contract16CallableContract4callCs6XkVYXmu1nJ_15unDelegate_test
FN:5,_RNvYINtCsaSbLobgwwmi_23delegation_manager_mock11ContractObjINtNtNtNtCseUmQFO6d1K9_22multiversx_sc_scenario3api7impl_vh12vm_hooks_api10VMHooksApiNtNtB10_9debug_api15DebugApiBackendEENtB5_16EndpointWrappers19call_claim_multipleCs6XkVYXmu1nJ_15unDelegate_test
FN:5,_RNvYINtCsaSbLobgwwmi_23delegation_manager_mock11ContractObjINtNtNtNtCseUmQFO6d1K9_22multiversx_sc_scenario3api7impl_vh12vm_hooks_api10VMHooksApiNtNtB10_9debug_api15DebugApiBackendEENtB5_16EndpointWrappers4callCs6XkVYXmu1nJ_15unDelegate_test
FN:5,_RNvYINtCsaSbLobgwwmi_23delegation_manager_mock11ContractObjINtNtNtNtCseUmQFO6d1K9_22multiversx_sc_scenario3api7impl_vh12vm_hooks_api10VMHooksApiNtNtB10_9debug_api15DebugApiBackendEENtB5_16EndpointWrappers8callbackCs6XkVYXmu1nJ_15unDelegate_test
FN:5,_RNvYINtCsaSbLobgwwmi_23delegation_manager_mock11ContractObjINtNtNtNtCseUmQFO6d1K9_22multiversx_sc_scenario3api7impl_vh12vm_hooks_api10VMHooksApiNtNtB10_9debug_api15DebugApiBackendEENtB5_16EndpointWrappers9call_initCs6XkVYXmu1nJ_15unDelegate_test
FN:11,_RNvYINtCsaSbLobgwwmi_23delegation_manager_mock11ContractObjINtNtNtNtCseUmQFO6d1K9_22multiversx_sc_scenario3api7impl_vh12vm_hooks_api10VMHooksApiNtNtB10_9debug_api15DebugApiBackendEENtB5_21DelegationManagerMock14claim_multipleCs6XkVYXmu1nJ_15unDelegate_test
FN:5,_RINvCsaSbLobgwwmi_23delegation_manager_mock12contract_objINtNtNtNtCseUmQFO6d1K9_22multiversx_sc_scenario3api7impl_vh12vm_hooks_api10VMHooksApiNtNtBY_9debug_api15DebugApiBackendEECsfLmIfY5SY9l_11unbond_test
FN:5,_RNvXs5_CsaSbLobgwwmi_23delegation_manager_mockINtB5_11ContractObjINtNtNtNtCseUmQFO6d1K9_22multiversx_sc_scenario3api7impl_vh12vm_hooks_api10VMHooksApiNtNtB16_9debug_api15DebugApiBackendEENtNtNtCs4WmCETBkTZ5_13multiversx_sc13contract_base17callable_contract16CallableContract4callCsfLmIfY5SY9l_11unbond_test
FN:5,_RNvYINtCsaSbLobgwwmi_23delegation_manager_mock11ContractObjINtNtNtNtCseUmQFO6d1K9_22multiversx_sc_scenario3api7impl_vh12vm_hooks_api10VMHooksApiNtNtB10_9debug_api15DebugApiBackendEENtB5_16EndpointWrappers19call_claim_multipleCsfLmIfY5SY9l_11unbond_test
FN:5,_RNvYINtCsaSbLobgwwmi_23delegation_manager_mock11ContractObjINtNtNtNtCseUmQFO6d1K9_22multiversx_sc_scenario3api7impl_vh12vm_hooks_api10VMHooksApiNtNtB10_9debug_api15DebugApiBackendEENtB5_16EndpointWrappers4callCsfLmIfY5SY9l_11unbond_test
FN:5,_RNvYINtCsaSbLobgwwmi_23delegation_manager_mock11ContractObjINtNtNtNtCseUmQFO6d1K9_22multiversx_sc_scenario3api7impl_vh12vm_hooks_api10VMHooksApiNtNtB10_9debug_api15DebugApiBackendEENtB5_16EndpointWrappers8callbackCsfLmIfY5SY9l_11unbond_test
FN:5,_RNvYINtCsaSbLobgwwmi_23delegation_manager_mock11ContractObjINtNtNtNtCseUmQFO6d1K9_22multiversx_sc_scenario3api7impl_vh12vm_hooks_api10VMHooksApiNtNtB10_9debug_api15DebugApiBackendEENtB5_16EndpointWrappers9call_initCsfLmIfY5SY9l_11unbond_test
FN:11,_RNvYINtCsaSbLobgwwmi_23delegation_manager_mock11ContractObjINtNtNtNtCseUmQFO6d1K9_22multiversx_sc_scenario3api7impl_vh12vm_hooks_api10VMHooksApiNtNtB10_9debug_api15DebugApiBackendEENtB5_21DelegationManagerMock14claim_multipleCsfLmIfY5SY9l_11unbond_test
FNDA:13,_RINvCsaSbLobgwwmi_23delegation_manager_mock12contract_objINtNtNtNtCseUmQFO6d1K9_22multiversx_sc_scenario3api7impl_vh12vm_hooks_api10VMHooksApiNtNtBY_9debug_api15DebugApiBackendEECs8LcBUgjrJzU_13delegate_test
FNDA:0,_RNvXs5_CsaSbLobgwwmi_23delegation_manager_mockINtB5_11ContractObjINtNtNtNtCseUmQFO6d1K9_22multiversx_sc_scenario3api7impl_vh12vm_hooks_api10VMHooksApiNtNtB16_9debug_api15DebugApiBackendEENtNtNtCs4WmCETBkTZ5_13multiversx_sc13contract_base17callable_contract16CallableContract4callCs8LcBUgjrJzU_13delegate_test
FNDA:0,_RNvYINtCsaSbLobgwwmi_23delegation_manager_mock11ContractObjINtNtNtNtCseUmQFO6d1K9_22multiversx_sc_scenario3api7impl_vh12vm_hooks_api10VMHooksApiNtNtB10_9debug_api15DebugApiBackendEENtB5_16EndpointWrappers19call_claim_multipleCs8LcBUgjrJzU_13delegate_test
FNDA:0,_RNvYINtCsaSbLobgwwmi_23delegation_manager_mock11ContractObjINtNtNtNtCseUmQFO6d1K9_22multiversx_sc_scenario3api7impl_vh12vm_hooks_api10VMHooksApiNtNtB10_9debug_api15DebugApiBackendEENtB5_16EndpointWrappers4callCs8LcBUgjrJzU_13delegate_test
FNDA:0,_RNvYINtCsaSbLobgwwmi_23delegation_manager_mock11ContractObjINtNtNtNtCseUmQFO6d1K9_22multiversx_sc_scenario3api7impl_vh12vm_hooks_api10VMHooksApiNtNtB10_9debug_api15DebugApiBackendEENtB5_16EndpointWrappers8callbackCs8LcBUgjrJzU_13delegate_test
FNDA:0,_RNvYINtCsaSbLobgwwmi_23delegation_manager_mock11ContractObjINtNtNtNtCseUmQFO6d1K9_22multiversx_sc_scenario3api7impl_vh12vm_hooks_api10VMHooksApiNtNtB10_9debug_api15DebugApiBackendEENtB5_16EndpointWrappers9call_initCs8LcBUgjrJzU_13delegate_test
FNDA:0,_RNvYINtCsaSbLobgwwmi_23delegation_manager_mock11ContractObjINtNtNtNtCseUmQFO6d1K9_22multiversx_sc_scenario3api7impl_vh12vm_hooks_api10VMHooksApiNtNtB10_9debug_api15DebugApiBackendEENtB5_21DelegationManagerMock14claim_multipleCs8LcBUgjrJzU_13delegate_test
FNDA:0,_RNvYpNtCs60zmAyplw38_23delegation_manager_mock21DelegationManagerMock14claim_multipleB5_
FNDA:0,_RNvYpNtCs60zmAyplw38_23delegation_manager_mock16EndpointWrappers9call_initB5_
FNDA:0,_RNvYpNtCs60zmAyplw38_23delegation_manager_mock16EndpointWrappers19call_claim_multipleB5_
FNDA:0,_RNvYpNtCs60zmAyplw38_23delegation_manager_mock16EndpointWrappers4callB5_
FNDA:0,_RNvYpNtCs60zmAyplw38_23delegation_manager_mock16EndpointWrappers17callback_selectorB5_
FNDA:0,_RNvYpNtCs60zmAyplw38_23delegation_manager_mock16EndpointWrappers8callbackB5_
FNDA:0,_RNvXs1_Cs60zmAyplw38_23delegation_manager_mockNtB5_11AbiProviderNtNtNtCs4WmCETBkTZ5_13multiversx_sc13contract_base21contract_abi_provider19ContractAbiProvider3abi
FNDA:0,_RNvXINICs60zmAyplw38_23delegation_manager_mocks5_0pEINtB5_11ContractObjpENtNtNtCs4WmCETBkTZ5_13multiversx_sc13contract_base17callable_contract16CallableContract4callB5_
FNDA:0,_RINvCs60zmAyplw38_23delegation_manager_mock12contract_objpEB2_
FNDA:0,_RINvXs6_Cs60zmAyplw38_23delegation_manager_mockNtB6_15ContractBuilderNtNtNtCs4WmCETBkTZ5_13multiversx_sc13contract_base17callable_contract23CallableContractBuilder16new_contract_objpEB6_
FNDA:0,_RINvNtCs60zmAyplw38_23delegation_manager_mock19___wasm__endpoints__4initpEB4_
FNDA:0,_RINvNtCs60zmAyplw38_23delegation_manager_mock19___wasm__endpoints__14claim_multiplepEB4_
FNDA:0,_RINvNtCs60zmAyplw38_23delegation_manager_mock19___wasm__endpoints__8callBackpEB4_
FNDA:0,_RNvYpNtCs60zmAyplw38_23delegation_manager_mock10ProxyTrait4initB5_
FNDA:0,_RINvYpNtCs60zmAyplw38_23delegation_manager_mock10ProxyTrait14claim_multiplepEB6_
FNDA:0,_RNvXINICs60zmAyplw38_23delegation_manager_mocks7_0pEINtB5_5ProxypENtNtNtCs4WmCETBkTZ5_13multiversx_sc13contract_base14proxy_obj_base12ProxyObjBase19extract_opt_addressB5_
FNDA:0,_RNvXINICs60zmAyplw38_23delegation_manager_mocks7_0pEINtB5_5ProxypENtNtNtCs4WmCETBkTZ5_13multiversx_sc13contract_base14proxy_obj_base12ProxyObjBase16extract_proxy_toB5_
FNDA:0,_RNvXINICs60zmAyplw38_23delegation_manager_mocks8_0pEINtB5_5ProxypENtNtNtCs4WmCETBkTZ5_13multiversx_sc13contract_base14proxy_obj_base11ProxyObjNew13new_proxy_objB5_
FNDA:0,_RNvXINICs60zmAyplw38_23delegation_manager_mocks8_0pEINtB5_5ProxypENtNtNtCs4WmCETBkTZ5_13multiversx_sc13contract_base14proxy_obj_base11ProxyObjNew8contractB5_
FNDA:0,_RNvXINICs60zmAyplw38_23delegation_manager_mocks9_0pEINtB5_7ProxyTopENtNtNtCs4WmCETBkTZ5_13multiversx_sc13contract_base14proxy_obj_base12ProxyObjBase19extract_opt_addressB5_
FNDA:0,_RNvXINICs60zmAyplw38_23delegation_manager_mocks9_0pEINtB5_7ProxyTopENtNtNtCs4WmCETBkTZ5_13multiversx_sc13contract_base14proxy_obj_base12ProxyObjBase15extract_addressB5_
FNDA:0,_RNvXINICs60zmAyplw38_23delegation_manager_mocks9_0pEINtB5_7ProxyTopENtNtNtCs4WmCETBkTZ5_13multiversx_sc13contract_base14proxy_obj_base12ProxyObjBase16extract_proxy_toB5_
FNDA:10,_RINvCsaSbLobgwwmi_23delegation_manager_mock12contract_objINtNtNtNtCseUmQFO6d1K9_22multiversx_sc_scenario3api7impl_vh12vm_hooks_api10VMHooksApiNtNtBY_9debug_api15DebugApiBackendEECs2PlSyXFsomm_4test
FNDA:7,_RNvXs5_CsaSbLobgwwmi_23delegation_manager_mockINtB5_11ContractObjINtNtNtNtCseUmQFO6d1K9_22multiversx_sc_scenario3api7impl_vh12vm_hooks_api10VMHooksApiNtNtB16_9debug_api15DebugApiBackendEENtNtNtCs4WmCETBkTZ5_13multiversx_sc13contract_base17callable_contract16CallableContract4callCs2PlSyXFsomm_4test
FNDA:7,_RNvYINtCsaSbLobgwwmi_23delegation_manager_mock11ContractObjINtNtNtNtCseUmQFO6d1K9_22multiversx_sc_scenario3api7impl_vh12vm_hooks_api10VMHooksApiNtNtB10_9debug_api15DebugApiBackendEENtB5_16EndpointWrappers19call_claim_multipleCs2PlSyXFsomm_4test
FNDA:7,_RNvYINtCsaSbLobgwwmi_23delegation_manager_mock11ContractObjINtNtNtNtCseUmQFO6d1K9_22multiversx_sc_scenario3api7impl_vh12vm_hooks_api10VMHooksApiNtNtB10_9debug_api15DebugApiBackendEENtB5_16EndpointWrappers4callCs2PlSyXFsomm_4test
FNDA:0,_RNvYINtCsaSbLobgwwmi_23delegation_manager_mock11ContractObjINtNtNtNtCseUmQFO6d1K9_22multiversx_sc_scenario3api7impl_vh12vm_hooks_api10VMHooksApiNtNtB10_9debug_api15DebugApiBackendEENtB5_16EndpointWrappers8callbackCs2PlSyXFsomm_4test
FNDA:0,_RNvYINtCsaSbLobgwwmi_23delegation_manager_mock11ContractObjINtNtNtNtCseUmQFO6d1K9_22multiversx_sc_scenario3api7impl_vh12vm_hooks_api10VMHooksApiNtNtB10_9debug_api15DebugApiBackendEENtB5_16EndpointWrappers9call_initCs2PlSyXFsomm_4test
FNDA:7,_RNvYINtCsaSbLobgwwmi_23delegation_manager_mock11ContractObjINtNtNtNtCseUmQFO6d1K9_22multiversx_sc_scenario3api7impl_vh12vm_hooks_api10VMHooksApiNtNtB10_9debug_api15DebugApiBackendEENtB5_21DelegationManagerMock14claim_multipleCs2PlSyXFsomm_4test
FNDA:10,_RINvCsaSbLobgwwmi_23delegation_manager_mock12contract_objINtNtNtNtCseUmQFO6d1K9_22multiversx_sc_scenario3api7impl_vh12vm_hooks_api10VMHooksApiNtNtBY_9debug_api15DebugApiBackendEECs6XkVYXmu1nJ_15unDelegate_test
FNDA:0,_RNvXs5_CsaSbLobgwwmi_23delegation_manager_mockINtB5_11ContractObjINtNtNtNtCseUmQFO6d1K9_22multiversx_sc_scenario3api7impl_vh12vm_hooks_api10VMHooksApiNtNtB16_9debug_api15DebugApiBackendEENtNtNtCs4WmCETBkTZ5_13multiversx_sc13contract_base17callable_contract16CallableContract4callCs6XkVYXmu1nJ_15unDelegate_test
FNDA:0,_RNvYINtCsaSbLobgwwmi_23delegation_manager_mock11ContractObjINtNtNtNtCseUmQFO6d1K9_22multiversx_sc_scenario3api7impl_vh12vm_hooks_api10VMHooksApiNtNtB10_9debug_api15DebugApiBackendEENtB5_16EndpointWrappers19call_claim_multipleCs6XkVYXmu1nJ_15unDelegate_test
FNDA:0,_RNvYINtCsaSbLobgwwmi_23delegation_manager_mock11ContractObjINtNtNtNtCseUmQFO6d1K9_22multiversx_sc_scenario3api7impl_vh12vm_hooks_api10VMHooksApiNtNtB10_9debug_api15DebugApiBackendEENtB5_16EndpointWrappers4callCs6XkVYXmu1nJ_15unDelegate_test
FNDA:0,_RNvYINtCsaSbLobgwwmi_23delegation_manager_mock11ContractObjINtNtNtNtCseUmQFO6d1K9_22multiversx_sc_scenario3api7impl_vh12vm_hooks_api10VMHooksApiNtNtB10_9debug_api15DebugApiBackendEENtB5_16EndpointWrappers8callbackCs6XkVYXmu1nJ_15unDelegate_test
FNDA:0,_RNvYINtCsaSbLobgwwmi_23delegation_manager_mock11ContractObjINtNtNtNtCseUmQFO6d1K9_22multiversx_sc_scenario3api7impl_vh12vm_hooks_api10VMHooksApiNtNtB10_9debug_api15DebugApiBackendEENtB5_16EndpointWrappers9call_initCs6XkVYXmu1nJ_15unDelegate_test
FNDA:0,_RNvYINtCsaSbLobgwwmi_23delegation_manager_mock11ContractObjINtNtNtNtCseUmQFO6d1K9_22multiversx_sc_scenario3api7impl_vh12vm_hooks_api10VMHooksApiNtNtB10_9debug_api15DebugApiBackendEENtB5_21DelegationManagerMock14claim_multipleCs6XkVYXmu1nJ_15unDelegate_test
FNDA:6,_RINvCsaSbLobgwwmi_23delegation_manager_mock12contract_objINtNtNtNtCseUmQFO6d1K9_22multiversx_sc_scenario3api7impl_vh12vm_hooks_api10VMHooksApiNtNtBY_9debug_api15DebugApiBackendEECsfLmIfY5SY9l_11unbond_test
FNDA:0,_RNvXs5_CsaSbLobgwwmi_23delegation_manager_mockINtB5_11ContractObjINtNtNtNtCseUmQFO6d1K9_22multiversx_sc_scenario3api7impl_vh12vm_hooks_api10VMHooksApiNtNtB16_9debug_api15DebugApiBackendEENtNtNtCs4WmCETBkTZ5_13multiversx_sc13contract_base17callable_contract16CallableContract4callCsfLmIfY5SY9l_11unbond_test
FNDA:0,_RNvYINtCsaSbLobgwwmi_23delegation_manager_mock11ContractObjINtNtNtNtCseUmQFO6d1K9_22multiversx_sc_scenario3api7impl_vh12vm_hooks_api10VMHooksApiNtNtB10_9debug_api15DebugApiBackendEENtB5_16EndpointWrappers19call_claim_multipleCsfLmIfY5SY9l_11unbond_test
FNDA:0,_RNvYINtCsaSbLobgwwmi_23delegation_manager_mock11ContractObjINtNtNtNtCseUmQFO6d1K9_22multiversx_sc_scenario3api7impl_vh12vm_hooks_api10VMHooksApiNtNtB10_9debug_api15DebugApiBackendEENtB5_16EndpointWrappers4callCsfLmIfY5SY9l_11unbond_test
FNDA:0,_RNvYINtCsaSbLobgwwmi_23delegation_manager_mock11ContractObjINtNtNtNtCseUmQFO6d1K9_22multiversx_sc_scenario3api7impl_vh12vm_hooks_api10VMHooksApiNtNtB10_9debug_api15DebugApiBackendEENtB5_16EndpointWrappers8callbackCsfLmIfY5SY9l_11unbond_test
FNDA:0,_RNvYINtCsaSbLobgwwmi_23delegation_manager_mock11ContractObjINtNtNtNtCseUmQFO6d1K9_22multiversx_sc_scenario3api7impl_vh12vm_hooks_api10VMHooksApiNtNtB10_9debug_api15DebugApiBackendEENtB5_16EndpointWrappers9call_initCsfLmIfY5SY9l_11unbond_test
FNDA:0,_RNvYINtCsaSbLobgwwmi_23delegation_manager_mock11ContractObjINtNtNtNtCseUmQFO6d1K9_22multiversx_sc_scenario3api7impl_vh12vm_hooks_api10VMHooksApiNtNtB10_9debug_api15DebugApiBackendEENtB5_21DelegationManagerMock14claim_multipleCsfLmIfY5SY9l_11unbond_test
FNF:2
FNH:2
DA:5,7
DA:11,7
DA:12,7
DA:13,7
DA:14,17
DA:15,10
DA:16,10
DA:17,10
DA:18,10
DA:19,10
DA:20,10
DA:21,10
DA:22,10
DA:23,10
DA:24,10
DA:25,7
DA:26,7
BRF:0
BRH:0
LF:17
LH:17
end_of_record
SF:/Users/mihaieremia/GitHub/rs-egld-liquid-staking/delegation-manager-mock/src/delegation_proxy.rs
FN:103,_RNvMs0_NtCsaSbLobgwwmi_23delegation_manager_mock16delegation_proxyINtB5_26DelegationMockProxyMethodsINtNtNtNtNtCs4WmCETBkTZ5_13multiversx_sc5types11interaction7tx_exec9tx_env_sc7TxScEnvINtNtNtNtCseUmQFO6d1K9_22multiversx_sc_scenario3api7impl_vh12vm_hooks_api10VMHooksApiNtNtB32_9debug_api15DebugApiBackendEEuRINtNtNtNtB1J_7managed7wrapped15managed_address14ManagedAddressB2X_EuE13claim_rewardsCs8LcBUgjrJzU_13delegate_test
FN:23,_RNvXNtCsaSbLobgwwmi_23delegation_manager_mock16delegation_proxyNtB2_19DelegationMockProxyINtNtNtNtCs4WmCETBkTZ5_13multiversx_sc5types11interaction8tx_proxy12TxProxyTraitINtNtNtB1u_7tx_exec9tx_env_sc7TxScEnvINtNtNtNtCseUmQFO6d1K9_22multiversx_sc_scenario3api7impl_vh12vm_hooks_api10VMHooksApiNtNtB3n_9debug_api15DebugApiBackendEEuRINtNtNtNtB1w_7managed7wrapped15managed_address14ManagedAddressB3i_EuE13proxy_methodsCs8LcBUgjrJzU_13delegate_test
FN:23,_RNvXININtCs60zmAyplw38_23delegation_manager_mock16delegation_proxy0ppppENtB5_19DelegationMockProxyINtNtNtNtCs4WmCETBkTZ5_13multiversx_sc5types11interaction8tx_proxy12TxProxyTraitppppE13proxy_methodsB7_
FN:46,_RNvMs_NtCs60zmAyplw38_23delegation_manager_mock16delegation_proxyINtB4_26DelegationMockProxyMethodsppupE4initB6_
FN:65,_RNvMs0_NtCs60zmAyplw38_23delegation_manager_mock16delegation_proxyINtB5_26DelegationMockProxyMethodsppppE12deposit_egldB7_
FN:73,_RNvMs0_NtCs60zmAyplw38_23delegation_manager_mock16delegation_proxyINtB5_26DelegationMockProxyMethodsppppE8delegateB7_
FN:81,_RINvMs0_NtCs60zmAyplw38_23delegation_manager_mock16delegation_proxyINtB6_26DelegationMockProxyMethodsppppE10undelegatepEB8_
FN:94,_RNvMs0_NtCs60zmAyplw38_23delegation_manager_mock16delegation_proxyINtB5_26DelegationMockProxyMethodsppppE8withdrawB7_
FN:103,_RNvMs0_NtCs60zmAyplw38_23delegation_manager_mock16delegation_proxyINtB5_26DelegationMockProxyMethodsppppE13claim_rewardsB7_
FN:103,_RNvMs0_NtCsaSbLobgwwmi_23delegation_manager_mock16delegation_proxyINtB5_26DelegationMockProxyMethodsINtNtNtNtNtCs4WmCETBkTZ5_13multiversx_sc5types11interaction7tx_exec9tx_env_sc7TxScEnvINtNtNtNtCseUmQFO6d1K9_22multiversx_sc_scenario3api7impl_vh12vm_hooks_api10VMHooksApiNtNtB32_9debug_api15DebugApiBackendEEuRINtNtNtNtB1J_7managed7wrapped15managed_address14ManagedAddressB2X_EuE13claim_rewardsCs2PlSyXFsomm_4test
FN:23,_RNvXNtCsaSbLobgwwmi_23delegation_manager_mock16delegation_proxyNtB2_19DelegationMockProxyINtNtNtNtCs4WmCETBkTZ5_13multiversx_sc5types11interaction8tx_proxy12TxProxyTraitINtNtNtB1u_7tx_exec9tx_env_sc7TxScEnvINtNtNtNtCseUmQFO6d1K9_22multiversx_sc_scenario3api7impl_vh12vm_hooks_api10VMHooksApiNtNtB3n_9debug_api15DebugApiBackendEEuRINtNtNtNtB1w_7managed7wrapped15managed_address14ManagedAddressB3i_EuE13proxy_methodsCs2PlSyXFsomm_4test
FN:103,_RNvMs0_NtCsaSbLobgwwmi_23delegation_manager_mock16delegation_proxyINtB5_26DelegationMockProxyMethodsINtNtNtNtNtCs4WmCETBkTZ5_13multiversx_sc5types11interaction7tx_exec9tx_env_sc7TxScEnvINtNtNtNtCseUmQFO6d1K9_22multiversx_sc_scenario3api7impl_vh12vm_hooks_api10VMHooksApiNtNtB32_9debug_api15DebugApiBackendEEuRINtNtNtNtB1J_7managed7wrapped15managed_address14ManagedAddressB2X_EuE13claim_rewardsCs6XkVYXmu1nJ_15unDelegate_test
FN:23,_RNvXNtCsaSbLobgwwmi_23delegation_manager_mock16delegation_proxyNtB2_19DelegationMockProxyINtNtNtNtCs4WmCETBkTZ5_13multiversx_sc5types11interaction8tx_proxy12TxProxyTraitINtNtNtB1u_7tx_exec9tx_env_sc7TxScEnvINtNtNtNtCseUmQFO6d1K9_22multiversx_sc_scenario3api7impl_vh12vm_hooks_api10VMHooksApiNtNtB3n_9debug_api15DebugApiBackendEEuRINtNtNtNtB1w_7managed7wrapped15managed_address14ManagedAddressB3i_EuE13proxy_methodsCs6XkVYXmu1nJ_15unDelegate_test
FN:103,_RNvMs0_NtCsaSbLobgwwmi_23delegation_manager_mock16delegation_proxyINtB5_26DelegationMockProxyMethodsINtNtNtNtNtCs4WmCETBkTZ5_13multiversx_sc5types11interaction7tx_exec9tx_env_sc7TxScEnvINtNtNtNtCseUmQFO6d1K9_22multiversx_sc_scenario3api7impl_vh12vm_hooks_api10VMHooksApiNtNtB32_9debug_api15DebugApiBackendEEuRINtNtNtNtB1J_7managed7wrapped15managed_address14ManagedAddressB2X_EuE13claim_rewardsCsfLmIfY5SY9l_11unbond_test
FN:23,_RNvXNtCsaSbLobgwwmi_23delegation_manager_mock16delegation_proxyNtB2_19DelegationMockProxyINtNtNtNtCs4WmCETBkTZ5_13multiversx_sc5types11interaction8tx_proxy12TxProxyTraitINtNtNtB1u_7tx_exec9tx_env_sc7TxScEnvINtNtNtNtCseUmQFO6d1K9_22multiversx_sc_scenario3api7impl_vh12vm_hooks_api10VMHooksApiNtNtB3n_9debug_api15DebugApiBackendEEuRINtNtNtNtB1w_7managed7wrapped15managed_address14ManagedAddressB3i_EuE13proxy_methodsCsfLmIfY5SY9l_11unbond_test
FNDA:0,_RNvMs0_NtCsaSbLobgwwmi_23delegation_manager_mock16delegation_proxyINtB5_26DelegationMockProxyMethodsINtNtNtNtNtCs4WmCETBkTZ5_13multiversx_sc5types11interaction7tx_exec9tx_env_sc7TxScEnvINtNtNtNtCseUmQFO6d1K9_22multiversx_sc_scenario3api7impl_vh12vm_hooks_api10VMHooksApiNtNtB32_9debug_api15DebugApiBackendEEuRINtNtNtNtB1J_7managed7wrapped15managed_address14ManagedAddressB2X_EuE13claim_rewardsCs8LcBUgjrJzU_13delegate_test
FNDA:0,_RNvXNtCsaSbLobgwwmi_23delegation_manager_mock16delegation_proxyNtB2_19DelegationMockProxyINtNtNtNtCs4WmCETBkTZ5_13multiversx_sc5types11interaction8tx_proxy12TxProxyTraitINtNtNtB1u_7tx_exec9tx_env_sc7TxScEnvINtNtNtNtCseUmQFO6d1K9_22multiversx_sc_scenario3api7impl_vh12vm_hooks_api10VMHooksApiNtNtB3n_9debug_api15DebugApiBackendEEuRINtNtNtNtB1w_7managed7wrapped15managed_address14ManagedAddressB3i_EuE13proxy_methodsCs8LcBUgjrJzU_13delegate_test
FNDA:0,_RNvXININtCs60zmAyplw38_23delegation_manager_mock16delegation_proxy0ppppENtB5_19DelegationMockProxyINtNtNtNtCs4WmCETBkTZ5_13multiversx_sc5types11interaction8tx_proxy12TxProxyTraitppppE13proxy_methodsB7_
FNDA:0,_RNvMs_NtCs60zmAyplw38_23delegation_manager_mock16delegation_proxyINtB4_26DelegationMockProxyMethodsppupE4initB6_
FNDA:0,_RNvMs0_NtCs60zmAyplw38_23delegation_manager_mock16delegation_proxyINtB5_26DelegationMockProxyMethodsppppE12deposit_egldB7_
FNDA:0,_RNvMs0_NtCs60zmAyplw38_23delegation_manager_mock16delegation_proxyINtB5_26DelegationMockProxyMethodsppppE8delegateB7_
FNDA:0,_RINvMs0_NtCs60zmAyplw38_23delegation_manager_mock16delegation_proxyINtB6_26DelegationMockProxyMethodsppppE10undelegatepEB8_
FNDA:0,_RNvMs0_NtCs60zmAyplw38_23delegation_manager_mock16delegation_proxyINtB5_26DelegationMockProxyMethodsppppE8withdrawB7_
FNDA:0,_RNvMs0_NtCs60zmAyplw38_23delegation_manager_mock16delegation_proxyINtB5_26DelegationMockProxyMethodsppppE13claim_rewardsB7_
FNDA:10,_RNvMs0_NtCsaSbLobgwwmi_23delegation_manager_mock16delegation_proxyINtB5_26DelegationMockProxyMethodsINtNtNtNtNtCs4WmCETBkTZ5_13multiversx_sc5types11interaction7tx_exec9tx_env_sc7TxScEnvINtNtNtNtCseUmQFO6d1K9_22multiversx_sc_scenario3api7impl_vh12vm_hooks_api10VMHooksApiNtNtB32_9debug_api15DebugApiBackendEEuRINtNtNtNtB1J_7managed7wrapped15managed_address14ManagedAddressB2X_EuE13claim_rewardsCs2PlSyXFsomm_4test
FNDA:10,_RNvXNtCsaSbLobgwwmi_23delegation_manager_mock16delegation_proxyNtB2_19DelegationMockProxyINtNtNtNtCs4WmCETBkTZ5_13multiversx_sc5types11interaction8tx_proxy12TxProxyTraitINtNtNtB1u_7tx_exec9tx_env_sc7TxScEnvINtNtNtNtCseUmQFO6d1K9_22multiversx_sc_scenario3api7impl_vh12vm_hooks_api10VMHooksApiNtNtB3n_9debug_api15DebugApiBackendEEuRINtNtNtNtB1w_7managed7wrapped15managed_address14ManagedAddressB3i_EuE13proxy_methodsCs2PlSyXFsomm_4test
FNDA:0,_RNvMs0_NtCsaSbLobgwwmi_23delegation_manager_mock16delegation_proxyINtB5_26DelegationMockProxyMethodsINtNtNtNtNtCs4WmCETBkTZ5_13multiversx_sc5types11interaction7tx_exec9tx_env_sc7TxScEnvINtNtNtNtCseUmQFO6d1K9_22multiversx_sc_scenario3api7impl_vh12vm_hooks_api10VMHooksApiNtNtB32_9debug_api15DebugApiBackendEEuRINtNtNtNtB1J_7managed7wrapped15managed_address14ManagedAddressB2X_EuE13claim_rewardsCs6XkVYXmu1nJ_15unDelegate_test
FNDA:0,_RNvXNtCsaSbLobgwwmi_23delegation_manager_mock16delegation_proxyNtB2_19DelegationMockProxyINtNtNtNtCs4WmCETBkTZ5_13multiversx_sc5types11interaction8tx_proxy12TxProxyTraitINtNtNtB1u_7tx_exec9tx_env_sc7TxScEnvINtNtNtNtCseUmQFO6d1K9_22multiversx_sc_scenario3api7impl_vh12vm_hooks_api10VMHooksApiNtNtB3n_9debug_api15DebugApiBackendEEuRINtNtNtNtB1w_7managed7wrapped15managed_address14ManagedAddressB3i_EuE13proxy_methodsCs6XkVYXmu1nJ_15unDelegate_test
FNDA:0,_RNvMs0_NtCsaSbLobgwwmi_23delegation_manager_mock16delegation_proxyINtB5_26DelegationMockProxyMethodsINtNtNtNtNtCs4WmCETBkTZ5_13multiversx_sc5types11interaction7tx_exec9tx_env_sc7TxScEnvINtNtNtNtCseUmQFO6d1K9_22multiversx_sc_scenario3api7impl_vh12vm_hooks_api10VMHooksApiNtNtB32_9debug_api15DebugApiBackendEEuRINtNtNtNtB1J_7managed7wrapped15managed_address14ManagedAddressB2X_EuE13claim_rewardsCsfLmIfY5SY9l_11unbond_test
FNDA:0,_RNvXNtCsaSbLobgwwmi_23delegation_manager_mock16delegation_proxyNtB2_19DelegationMockProxyINtNtNtNtCs4WmCETBkTZ5_13multiversx_sc5types11interaction8tx_proxy12TxProxyTraitINtNtNtB1u_7tx_exec9tx_env_sc7TxScEnvINtNtNtNtCseUmQFO6d1K9_22multiversx_sc_scenario3api7impl_vh12vm_hooks_api10VMHooksApiNtNtB3n_9debug_api15DebugApiBackendEEuRINtNtNtNtB1w_7managed7wrapped15managed_address14ManagedAddressB3i_EuE13proxy_methodsCsfLmIfY5SY9l_11unbond_test
FNF:7
FNH:2
DA:23,10
DA:24,10
DA:25,10
DA:46,0
DA:47,0
DA:48,0
DA:49,0
DA:50,0
DA:51,0
DA:52,0
DA:53,0
DA:65,0
DA:66,0
DA:67,0
DA:68,0
DA:69,0
DA:70,0
DA:71,0
DA:73,0
DA:74,0
DA:75,0
DA:76,0
DA:77,0
DA:78,0
DA:79,0
DA:81,0
DA:82,0
DA:83,0
DA:84,0
DA:85,0
DA:86,0
DA:87,0
DA:88,0
DA:89,0
DA:90,0
DA:91,0
DA:92,0
DA:94,0
DA:95,0
DA:96,0
DA:97,0
DA:98,0
DA:99,0
DA:100,0
DA:101,0
DA:103,10
DA:104,10
DA:105,10
DA:106,10
DA:107,10
DA:108,10
DA:109,10
DA:110,10
BRF:0
BRH:0
LF:53
LH:11
end_of_record
SF:/Users/mihaieremia/GitHub/rs-egld-liquid-staking/delegation-mock/meta/src/main.rs
FN:1,_RNvCsadNiQMQO6Uj_20delegation_mock_meta4main
FNDA:0,_RNvCsadNiQMQO6Uj_20delegation_mock_meta4main
FNF:1
FNH:0
DA:1,0
DA:2,0
DA:3,0
BRF:0
BRH:0
LF:3
LH:0
end_of_record
SF:/Users/mihaieremia/GitHub/rs-egld-liquid-staking/delegation-mock/src/delegation.rs
FN:11,_RINvCseuY2Hdvmkl_15delegation_mock12contract_objINtNtNtNtCseUmQFO6d1K9_22multiversx_sc_scenario3api7impl_vh12vm_hooks_api10VMHooksApiNtNtBP_9debug_api15DebugApiBackendEECs8LcBUgjrJzU_13delegate_test
FN:44,_RNCNvYINtCseuY2Hdvmkl_15delegation_mock11ContractObjINtNtNtNtCseUmQFO6d1K9_22multiversx_sc_scenario3api7impl_vh12vm_hooks_api10VMHooksApiNtNtBT_9debug_api15DebugApiBackendEENtB7_14DelegationMock10undelegate0Cs8LcBUgjrJzU_13delegate_test
FN:46,_RNCNvYINtCseuY2Hdvmkl_15delegation_mock11ContractObjINtNtNtNtCseUmQFO6d1K9_22multiversx_sc_scenario3api7impl_vh12vm_hooks_api10VMHooksApiNtNtBT_9debug_api15DebugApiBackendEENtB7_14DelegationMock10undelegates_0Cs8LcBUgjrJzU_13delegate_test
FN:22,_RNCNvYINtCseuY2Hdvmkl_15delegation_mock11ContractObjINtNtNtNtCseUmQFO6d1K9_22multiversx_sc_scenario3api7impl_vh12vm_hooks_api10VMHooksApiNtNtBT_9debug_api15DebugApiBackendEENtB7_14DelegationMock12deposit_egld0Cs8LcBUgjrJzU_13delegate_test
FN:30,_RNCNvYINtCseuY2Hdvmkl_15delegation_mock11ContractObjINtNtNtNtCseUmQFO6d1K9_22multiversx_sc_scenario3api7impl_vh12vm_hooks_api10VMHooksApiNtNtBT_9debug_api15DebugApiBackendEENtB7_14DelegationMock8delegate0Cs8LcBUgjrJzU_13delegate_test
FN:32,_RNCNvYINtCseuY2Hdvmkl_15delegation_mock11ContractObjINtNtNtNtCseUmQFO6d1K9_22multiversx_sc_scenario3api7impl_vh12vm_hooks_api10VMHooksApiNtNtBT_9debug_api15DebugApiBackendEENtB7_14DelegationMock8delegates_0Cs8LcBUgjrJzU_13delegate_test
FN:65,_RNCNvYINtCseuY2Hdvmkl_15delegation_mock11ContractObjINtNtNtNtCseUmQFO6d1K9_22multiversx_sc_scenario3api7impl_vh12vm_hooks_api10VMHooksApiNtNtBT_9debug_api15DebugApiBackendEENtB7_14DelegationMock8withdraw0Cs8LcBUgjrJzU_13delegate_test
FN:11,_RNvXCseuY2Hdvmkl_15delegation_mockINtB2_11ContractObjINtNtNtNtCseUmQFO6d1K9_22multiversx_sc_scenario3api7impl_vh12vm_hooks_api10VMHooksApiNtNtBU_9debug_api15DebugApiBackendEENtB2_14DelegationMock15address_depositCs8LcBUgjrJzU_13delegate_test
FN:11,_RNvXCseuY2Hdvmkl_15delegation_mockINtB2_11ContractObjINtNtNtNtCseUmQFO6d1K9_22multiversx_sc_scenario3api7impl_vh12vm_hooks_api10VMHooksApiNtNtBU_9debug_api15DebugApiBackendEENtB2_14DelegationMock17egld_token_supplyCs8LcBUgjrJzU_13delegate_test
FN:11,_RNvXCseuY2Hdvmkl_15delegation_mockINtB2_11ContractObjINtNtNtNtCseUmQFO6d1K9_22multiversx_sc_scenario3api7impl_vh12vm_hooks_api10VMHooksApiNtNtBU_9debug_api15DebugApiBackendEENtB2_14DelegationMock24address_last_claim_epochCs8LcBUgjrJzU_13delegate_test
FN:11,_RNvXCseuY2Hdvmkl_15delegation_mockINtB2_11ContractObjINtNtNtNtCseUmQFO6d1K9_22multiversx_sc_scenario3api7impl_vh12vm_hooks_api10VMHooksApiNtNtBU_9debug_api15DebugApiBackendEENtB2_14DelegationMock24address_undelegate_epochCs8LcBUgjrJzU_13delegate_test
FN:11,_RNvXCseuY2Hdvmkl_15delegation_mockINtB2_11ContractObjINtNtNtNtCseUmQFO6d1K9_22multiversx_sc_scenario3api7impl_vh12vm_hooks_api10VMHooksApiNtNtBU_9debug_api15DebugApiBackendEENtB2_14DelegationMock25address_undelegate_amountCs8LcBUgjrJzU_13delegate_test
FN:11,_RNvXs5_CseuY2Hdvmkl_15delegation_mockINtB5_11ContractObjINtNtNtNtCseUmQFO6d1K9_22multiversx_sc_scenario3api7impl_vh12vm_hooks_api10VMHooksApiNtNtBX_9debug_api15DebugApiBackendEENtNtNtCs4WmCETBkTZ5_13multiversx_sc13contract_base17callable_contract16CallableContract4callCs8LcBUgjrJzU_13delegate_test
FN:36,_RNvYINtCseuY2Hdvmkl_15delegation_mock11ContractObjINtNtNtNtCseUmQFO6d1K9_22multiversx_sc_scenario3api7impl_vh12vm_hooks_api10VMHooksApiNtNtBR_9debug_api15DebugApiBackendEENtB5_14DelegationMock10undelegateCs8LcBUgjrJzU_13delegate_test
FN:19,_RNvYINtCseuY2Hdvmkl_15delegation_mock11ContractObjINtNtNtNtCseUmQFO6d1K9_22multiversx_sc_scenario3api7impl_vh12vm_hooks_api10VMHooksApiNtNtBR_9debug_api15DebugApiBackendEENtB5_14DelegationMock12deposit_egldCs8LcBUgjrJzU_13delegate_test
FN:72,_RNvYINtCseuY2Hdvmkl_15delegation_mock11ContractObjINtNtNtNtCseUmQFO6d1K9_22multiversx_sc_scenario3api7impl_vh12vm_hooks_api10VMHooksApiNtNtBR_9debug_api15DebugApiBackendEENtB5_14DelegationMock13claim_rewardsCs8LcBUgjrJzU_13delegate_test
FN:27,_RNvYINtCseuY2Hdvmkl_15delegation_mock11ContractObjINtNtNtNtCseUmQFO6d1K9_22multiversx_sc_scenario3api7impl_vh12vm_hooks_api10VMHooksApiNtNtBR_9debug_api15DebugApiBackendEENtB5_14DelegationMock8delegateCs8LcBUgjrJzU_13delegate_test
FN:52,_RNvYINtCseuY2Hdvmkl_15delegation_mock11ContractObjINtNtNtNtCseUmQFO6d1K9_22multiversx_sc_scenario3api7impl_vh12vm_hooks_api10VMHooksApiNtNtBR_9debug_api15DebugApiBackendEENtB5_14DelegationMock8withdrawCs8LcBUgjrJzU_13delegate_test
FN:11,_RNvYINtCseuY2Hdvmkl_15delegation_mock11ContractObjINtNtNtNtCseUmQFO6d1K9_22multiversx_sc_scenario3api7impl_vh12vm_hooks_api10VMHooksApiNtNtBR_9debug_api15DebugApiBackendEENtB5_16EndpointWrappers13call_delegateCs8LcBUgjrJzU_13delegate_test
FN:11,_RNvYINtCseuY2Hdvmkl_15delegation_mock11ContractObjINtNtNtNtCseUmQFO6d1K9_22multiversx_sc_scenario3api7impl_vh12vm_hooks_api10VMHooksApiNtNtBR_9debug_api15DebugApiBackendEENtB5_16EndpointWrappers13call_withdrawCs8LcBUgjrJzU_13delegate_test
FN:11,_RNvYINtCseuY2Hdvmkl_15delegation_mock11ContractObjINtNtNtNtCseUmQFO6d1K9_22multiversx_sc_scenario3api7impl_vh12vm_hooks_api10VMHooksApiNtNtBR_9debug_api15DebugApiBackendEENtB5_16EndpointWrappers15call_undelegateCs8LcBUgjrJzU_13delegate_test
FN:11,_RNvYINtCseuY2Hdvmkl_15delegation_mock11ContractObjINtNtNtNtCseUmQFO6d1K9_22multiversx_sc_scenario3api7impl_vh12vm_hooks_api10VMHooksApiNtNtBR_9debug_api15DebugApiBackendEENtB5_16EndpointWrappers17call_deposit_egldCs8LcBUgjrJzU_13delegate_test
FN:11,_RNvYINtCseuY2Hdvmkl_15delegation_mock11ContractObjINtNtNtNtCseUmQFO6d1K9_22multiversx_sc_scenario3api7impl_vh12vm_hooks_api10VMHooksApiNtNtBR_9debug_api15DebugApiBackendEENtB5_16EndpointWrappers18call_claim_rewardsCs8LcBUgjrJzU_13delegate_test
FN:11,_RNvYINtCseuY2Hdvmkl_15delegation_mock11ContractObjINtNtNtNtCseUmQFO6d1K9_22multiversx_sc_scenario3api7impl_vh12vm_hooks_api10VMHooksApiNtNtBR_9debug_api15DebugApiBackendEENtB5_16EndpointWrappers4callCs8LcBUgjrJzU_13delegate_test
FN:11,_RNvYINtCseuY2Hdvmkl_15delegation_mock11ContractObjINtNtNtNtCseUmQFO6d1K9_22multiversx_sc_scenario3api7impl_vh12vm_hooks_api10VMHooksApiNtNtBR_9debug_api15DebugApiBackendEENtB5_16EndpointWrappers8callbackCs8LcBUgjrJzU_13delegate_test
FN:11,_RNvYINtCseuY2Hdvmkl_15delegation_mock11ContractObjINtNtNtNtCseUmQFO6d1K9_22multiversx_sc_scenario3api7impl_vh12vm_hooks_api10VMHooksApiNtNtBR_9debug_api15DebugApiBackendEENtB5_16EndpointWrappers9call_initCs8LcBUgjrJzU_13delegate_test
FN:19,_RNvYpNtCs3Cb7Q2mtysR_15delegation_mock14DelegationMock12deposit_egldB5_
FN:22,_RNCNvYpNtCs3Cb7Q2mtysR_15delegation_mock14DelegationMock12deposit_egld0B7_
FN:27,_RNvYpNtCs3Cb7Q2mtysR_15delegation_mock14DelegationMock8delegateB5_
FN:30,_RNCNvYpNtCs3Cb7Q2mtysR_15delegation_mock14DelegationMock8delegate0B7_
FN:32,_RNCNvYpNtCs3Cb7Q2mtysR_15delegation_mock14DelegationMock8delegates_0B7_
FN:36,_RNvYpNtCs3Cb7Q2mtysR_15delegation_mock14DelegationMock10undelegateB5_
FN:44,_RNCNvYpNtCs3Cb7Q2mtysR_15delegation_mock14DelegationMock10undelegate0B7_
FN:46,_RNCNvYpNtCs3Cb7Q2mtysR_15delegation_mock14DelegationMock10undelegates_0B7_
FN:52,_RNvYpNtCs3Cb7Q2mtysR_15delegation_mock14DelegationMock8withdrawB5_
FN:65,_RNCNvYpNtCs3Cb7Q2mtysR_15delegation_mock14DelegationMock8withdraw0B7_
FN:72,_RNvYpNtCs3Cb7Q2mtysR_15delegation_mock14DelegationMock13claim_rewardsB5_
FN:11,_RNvXINICs3Cb7Q2mtysR_15delegation_mock0pEpNtB5_14DelegationMock17egld_token_supplyB5_
FN:11,_RNvXINICs3Cb7Q2mtysR_15delegation_mock0pEpNtB5_14DelegationMock15address_depositB5_
FN:11,_RNvXINICs3Cb7Q2mtysR_15delegation_mock0pEpNtB5_14DelegationMock24address_last_claim_epochB5_
FN:11,_RNvXINICs3Cb7Q2mtysR_15delegation_mock0pEpNtB5_14DelegationMock25address_undelegate_amountB5_
FN:11,_RNvXINICs3Cb7Q2mtysR_15delegation_mock0pEpNtB5_14DelegationMock24address_undelegate_epochB5_
FN:11,_RNvYpNtCs3Cb7Q2mtysR_15delegation_mock16EndpointWrappers9call_initB5_
FN:11,_RNvYpNtCs3Cb7Q2mtysR_15delegation_mock16EndpointWrappers17call_deposit_egldB5_
FN:11,_RNvYpNtCs3Cb7Q2mtysR_15delegation_mock16EndpointWrappers13call_delegateB5_
FN:11,_RNvYpNtCs3Cb7Q2mtysR_15delegation_mock16EndpointWrappers15call_undelegateB5_
FN:11,_RNvYpNtCs3Cb7Q2mtysR_15delegation_mock16EndpointWrappers13call_withdrawB5_
FN:11,_RNvYpNtCs3Cb7Q2mtysR_15delegation_mock16EndpointWrappers18call_claim_rewardsB5_
FN:11,_RNvYpNtCs3Cb7Q2mtysR_15delegation_mock16EndpointWrappers4callB5_
FN:11,_RNvYpNtCs3Cb7Q2mtysR_15delegation_mock16EndpointWrappers17callback_selectorB5_
FN:11,_RNvYpNtCs3Cb7Q2mtysR_15delegation_mock16EndpointWrappers8callbackB5_
FN:11,_RNvXs1_Cs3Cb7Q2mtysR_15delegation_mockNtB5_11AbiProviderNtNtNtCs4WmCETBkTZ5_13multiversx_sc13contract_base21contract_abi_provider19ContractAbiProvider3abi
FN:11,_RNvXINICs3Cb7Q2mtysR_15delegation_mocks5_0pEINtB5_11ContractObjpENtNtNtCs4WmCETBkTZ5_13multiversx_sc13contract_base17callable_contract16CallableContract4callB5_
FN:11,_RINvCs3Cb7Q2mtysR_15delegation_mock12contract_objpEB2_
FN:11,_RINvXs6_Cs3Cb7Q2mtysR_15delegation_mockNtB6_15ContractBuilderNtNtNtCs4WmCETBkTZ5_13multiversx_sc13contract_base17callable_contract23CallableContractBuilder16new_contract_objpEB6_
FN:11,_RINvNtCs3Cb7Q2mtysR_15delegation_mock19___wasm__endpoints__4initpEB4_
FN:11,_RINvNtCs3Cb7Q2mtysR_15delegation_mock19___wasm__endpoints__12deposit_egldpEB4_
FN:11,_RINvNtCs3Cb7Q2mtysR_15delegation_mock19___wasm__endpoints__8delegatepEB4_
FN:11,_RINvNtCs3Cb7Q2mtysR_15delegation_mock19___wasm__endpoints__10undelegatepEB4_
FN:11,_RINvNtCs3Cb7Q2mtysR_15delegation_mock19___wasm__endpoints__8withdrawpEB4_
FN:11,_RINvNtCs3Cb7Q2mtysR_15delegation_mock19___wasm__endpoints__13claim_rewardspEB4_
FN:11,_RINvNtCs3Cb7Q2mtysR_15delegation_mock19___wasm__endpoints__8callBackpEB4_
FN:11,_RNvYpNtCs3Cb7Q2mtysR_15delegation_mock10ProxyTrait4initB5_
FN:11,_RNvYpNtCs3Cb7Q2mtysR_15delegation_mock10ProxyTrait12deposit_egldB5_
FN:11,_RNvYpNtCs3Cb7Q2mtysR_15delegation_mock10ProxyTrait8delegateB5_
FN:11,_RINvYpNtCs3Cb7Q2mtysR_15delegation_mock10ProxyTrait10undelegatepEB6_
FN:11,_RNvYpNtCs3Cb7Q2mtysR_15delegation_mock10ProxyTrait8withdrawB5_
FN:11,_RNvYpNtCs3Cb7Q2mtysR_15delegation_mock10ProxyTrait13claim_rewardsB5_
FN:11,_RNvXINICs3Cb7Q2mtysR_15delegation_mocks7_0pEINtB5_5ProxypENtNtNtCs4WmCETBkTZ5_13multiversx_sc13contract_base14proxy_obj_base12ProxyObjBase19extract_opt_addressB5_
FN:11,_RNvXINICs3Cb7Q2mtysR_15delegation_mocks7_0pEINtB5_5ProxypENtNtNtCs4WmCETBkTZ5_13multiversx_sc13contract_base14proxy_obj_base12ProxyObjBase16extract_proxy_toB5_
FN:11,_RNvXINICs3Cb7Q2mtysR_15delegation_mocks8_0pEINtB5_5ProxypENtNtNtCs4WmCETBkTZ5_13multiversx_sc13contract_base14proxy_obj_base11ProxyObjNew13new_proxy_objB5_
FN:11,_RNvXINICs3Cb7Q2mtysR_15delegation_mocks8_0pEINtB5_5ProxypENtNtNtCs4WmCETBkTZ5_13multiversx_sc13contract_base14proxy_obj_base11ProxyObjNew8contractB5_
FN:11,_RNvXINICs3Cb7Q2mtysR_15delegation_mocks9_0pEINtB5_7ProxyTopENtNtNtCs4WmCETBkTZ5_13multiversx_sc13contract_base14proxy_obj_base12ProxyObjBase19extract_opt_addressB5_
FN:11,_RNvXINICs3Cb7Q2mtysR_15delegation_mocks9_0pEINtB5_7ProxyTopENtNtNtCs4WmCETBkTZ5_13multiversx_sc13contract_base14proxy_obj_base12ProxyObjBase15extract_addressB5_
FN:11,_RNvXINICs3Cb7Q2mtysR_15delegation_mocks9_0pEINtB5_7ProxyTopENtNtNtCs4WmCETBkTZ5_13multiversx_sc13contract_base14proxy_obj_base12ProxyObjBase16extract_proxy_toB5_
FN:11,_RINvCseuY2Hdvmkl_15delegation_mock12contract_objINtNtNtNtCseUmQFO6d1K9_22multiversx_sc_scenario3api7impl_vh12vm_hooks_api10VMHooksApiNtNtBP_9debug_api15DebugApiBackendEECs2PlSyXFsomm_4test
FN:44,_RNCNvYINtCseuY2Hdvmkl_15delegation_mock11ContractObjINtNtNtNtCseUmQFO6d1K9_22multiversx_sc_scenario3api7impl_vh12vm_hooks_api10VMHooksApiNtNtBT_9debug_api15DebugApiBackendEENtB7_14DelegationMock10undelegate0Cs2PlSyXFsomm_4test
FN:46,_RNCNvYINtCseuY2Hdvmkl_15delegation_mock11ContractObjINtNtNtNtCseUmQFO6d1K9_22multiversx_sc_scenario3api7impl_vh12vm_hooks_api10VMHooksApiNtNtBT_9debug_api15DebugApiBackendEENtB7_14DelegationMock10undelegates_0Cs2PlSyXFsomm_4test
FN:22,_RNCNvYINtCseuY2Hdvmkl_15delegation_mock11ContractObjINtNtNtNtCseUmQFO6d1K9_22multiversx_sc_scenario3api7impl_vh12vm_hooks_api10VMHooksApiNtNtBT_9debug_api15DebugApiBackendEENtB7_14DelegationMock12deposit_egld0Cs2PlSyXFsomm_4test
FN:30,_RNCNvYINtCseuY2Hdvmkl_15delegation_mock11ContractObjINtNtNtNtCseUmQFO6d1K9_22multiversx_sc_scenario3api7impl_vh12vm_hooks_api10VMHooksApiNtNtBT_9debug_api15DebugApiBackendEENtB7_14DelegationMock8delegate0Cs2PlSyXFsomm_4test
FN:32,_RNCNvYINtCseuY2Hdvmkl_15delegation_mock11ContractObjINtNtNtNtCseUmQFO6d1K9_22multiversx_sc_scenario3api7impl_vh12vm_hooks_api10VMHooksApiNtNtBT_9debug_api15DebugApiBackendEENtB7_14DelegationMock8delegates_0Cs2PlSyXFsomm_4test
FN:65,_RNCNvYINtCseuY2Hdvmkl_15delegation_mock11ContractObjINtNtNtNtCseUmQFO6d1K9_22multiversx_sc_scenario3api7impl_vh12vm_hooks_api10VMHooksApiNtNtBT_9debug_api15DebugApiBackendEENtB7_14DelegationMock8withdraw0Cs2PlSyXFsomm_4test
FN:11,_RNvXCseuY2Hdvmkl_15delegation_mockINtB2_11ContractObjINtNtNtNtCseUmQFO6d1K9_22multiversx_sc_scenario3api7impl_vh12vm_hooks_api10VMHooksApiNtNtBU_9debug_api15DebugApiBackendEENtB2_14DelegationMock15address_depositCs2PlSyXFsomm_4test
FN:11,_RNvXCseuY2Hdvmkl_15delegation_mockINtB2_11ContractObjINtNtNtNtCseUmQFO6d1K9_22multiversx_sc_scenario3api7impl_vh12vm_hooks_api10VMHooksApiNtNtBU_9debug_api15DebugApiBackendEENtB2_14DelegationMock17egld_token_supplyCs2PlSyXFsomm_4test
FN:11,_RNvXCseuY2Hdvmkl_15delegation_mockINtB2_11ContractObjINtNtNtNtCseUmQFO6d1K9_22multiversx_sc_scenario3api7impl_vh12vm_hooks_api10VMHooksApiNtNtBU_9debug_api15DebugApiBackendEENtB2_14DelegationMock24address_last_claim_epochCs2PlSyXFsomm_4test
FN:11,_RNvXCseuY2Hdvmkl_15delegation_mockINtB2_11ContractObjINtNtNtNtCseUmQFO6d1K9_22multiversx_sc_scenario3api7impl_vh12vm_hooks_api10VMHooksApiNtNtBU_9debug_api15DebugApiBackendEENtB2_14DelegationMock24address_undelegate_epochCs2PlSyXFsomm_4test
FN:11,_RNvXCseuY2Hdvmkl_15delegation_mockINtB2_11ContractObjINtNtNtNtCseUmQFO6d1K9_22multiversx_sc_scenario3api7impl_vh12vm_hooks_api10VMHooksApiNtNtBU_9debug_api15DebugApiBackendEENtB2_14DelegationMock25address_undelegate_amountCs2PlSyXFsomm_4test
FN:11,_RNvXs5_CseuY2Hdvmkl_15delegation_mockINtB5_11ContractObjINtNtNtNtCseUmQFO6d1K9_22multiversx_sc_scenario3api7impl_vh12vm_hooks_api10VMHooksApiNtNtBX_9debug_api15DebugApiBackendEENtNtNtCs4WmCETBkTZ5_13multiversx_sc13contract_base17callable_contract16CallableContract4callCs2PlSyXFsomm_4test
FN:36,_RNvYINtCseuY2Hdvmkl_15delegation_mock11ContractObjINtNtNtNtCseUmQFO6d1K9_22multiversx_sc_scenario3api7impl_vh12vm_hooks_api10VMHooksApiNtNtBR_9debug_api15DebugApiBackendEENtB5_14DelegationMock10undelegateCs2PlSyXFsomm_4test
FN:19,_RNvYINtCseuY2Hdvmkl_15delegation_mock11ContractObjINtNtNtNtCseUmQFO6d1K9_22multiversx_sc_scenario3api7impl_vh12vm_hooks_api10VMHooksApiNtNtBR_9debug_api15DebugApiBackendEENtB5_14DelegationMock12deposit_egldCs2PlSyXFsomm_4test
FN:72,_RNvYINtCseuY2Hdvmkl_15delegation_mock11ContractObjINtNtNtNtCseUmQFO6d1K9_22multiversx_sc_scenario3api7impl_vh12vm_hooks_api10VMHooksApiNtNtBR_9debug_api15DebugApiBackendEENtB5_14DelegationMock13claim_rewardsCs2PlSyXFsomm_4test
FN:27,_RNvYINtCseuY2Hdvmkl_15delegation_mock11ContractObjINtNtNtNtCseUmQFO6d1K9_22multiversx_sc_scenario3api7impl_vh12vm_hooks_api10VMHooksApiNtNtBR_9debug_api15DebugApiBackendEENtB5_14DelegationMock8delegateCs2PlSyXFsomm_4test
FN:52,_RNvYINtCseuY2Hdvmkl_15delegation_mock11ContractObjINtNtNtNtCseUmQFO6d1K9_22multiversx_sc_scenario3api7impl_vh12vm_hooks_api10VMHooksApiNtNtBR_9debug_api15DebugApiBackendEENtB5_14DelegationMock8withdrawCs2PlSyXFsomm_4test
FN:11,_RNvYINtCseuY2Hdvmkl_15delegation_mock11ContractObjINtNtNtNtCseUmQFO6d1K9_22multiversx_sc_scenario3api7impl_vh12vm_hooks_api10VMHooksApiNtNtBR_9debug_api15DebugApiBackendEENtB5_16EndpointWrappers13call_delegateCs2PlSyXFsomm_4test
FN:11,_RNvYINtCseuY2Hdvmkl_15delegation_mock11ContractObjINtNtNtNtCseUmQFO6d1K9_22multiversx_sc_scenario3api7impl_vh12vm_hooks_api10VMHooksApiNtNtBR_9debug_api15DebugApiBackendEENtB5_16EndpointWrappers13call_withdrawCs2PlSyXFsomm_4test
FN:11,_RNvYINtCseuY2Hdvmkl_15delegation_mock11ContractObjINtNtNtNtCseUmQFO6d1K9_22multiversx_sc_scenario3api7impl_vh12vm_hooks_api10VMHooksApiNtNtBR_9debug_api15DebugApiBackendEENtB5_16EndpointWrappers15call_undelegateCs2PlSyXFsomm_4test
FN:11,_RNvYINtCseuY2Hdvmkl_15delegation_mock11ContractObjINtNtNtNtCseUmQFO6d1K9_22multiversx_sc_scenario3api7impl_vh12vm_hooks_api10VMHooksApiNtNtBR_9debug_api15DebugApiBackendEENtB5_16EndpointWrappers17call_deposit_egldCs2PlSyXFsomm_4test
FN:11,_RNvYINtCseuY2Hdvmkl_15delegation_mock11ContractObjINtNtNtNtCseUmQFO6d1K9_22multiversx_sc_scenario3api7impl_vh12vm_hooks_api10VMHooksApiNtNtBR_9debug_api15DebugApiBackendEENtB5_16EndpointWrappers18call_claim_rewardsCs2PlSyXFsomm_4test
FN:11,_RNvYINtCseuY2Hdvmkl_15delegation_mock11ContractObjINtNtNtNtCseUmQFO6d1K9_22multiversx_sc_scenario3api7impl_vh12vm_hooks_api10VMHooksApiNtNtBR_9debug_api15DebugApiBackendEENtB5_16EndpointWrappers4callCs2PlSyXFsomm_4test
FN:11,_RNvYINtCseuY2Hdvmkl_15delegation_mock11ContractObjINtNtNtNtCseUmQFO6d1K9_22multiversx_sc_scenario3api7impl_vh12vm_hooks_api10VMHooksApiNtNtBR_9debug_api15DebugApiBackendEENtB5_16EndpointWrappers8callbackCs2PlSyXFsomm_4test
FN:11,_RNvYINtCseuY2Hdvmkl_15delegation_mock11ContractObjINtNtNtNtCseUmQFO6d1K9_22multiversx_sc_scenario3api7impl_vh12vm_hooks_api10VMHooksApiNtNtBR_9debug_api15DebugApiBackendEENtB5_16EndpointWrappers9call_initCs2PlSyXFsomm_4test
FN:11,_RINvCseuY2Hdvmkl_15delegation_mock12contract_objINtNtNtNtCseUmQFO6d1K9_22multiversx_sc_scenario3api7impl_vh12vm_hooks_api10VMHooksApiNtNtBP_9debug_api15DebugApiBackendEECs6XkVYXmu1nJ_15unDelegate_test
FN:44,_RNCNvYINtCseuY2Hdvmkl_15delegation_mock11ContractObjINtNtNtNtCseUmQFO6d1K9_22multiversx_sc_scenario3api7impl_vh12vm_hooks_api10VMHooksApiNtNtBT_9debug_api15DebugApiBackendEENtB7_14DelegationMock10undelegate0Cs6XkVYXmu1nJ_15unDelegate_test
FN:46,_RNCNvYINtCseuY2Hdvmkl_15delegation_mock11ContractObjINtNtNtNtCseUmQFO6d1K9_22multiversx_sc_scenario3api7impl_vh12vm_hooks_api10VMHooksApiNtNtBT_9debug_api15DebugApiBackendEENtB7_14DelegationMock10undelegates_0Cs6XkVYXmu1nJ_15unDelegate_test
FN:22,_RNCNvYINtCseuY2Hdvmkl_15delegation_mock11ContractObjINtNtNtNtCseUmQFO6d1K9_22multiversx_sc_scenario3api7impl_vh12vm_hooks_api10VMHooksApiNtNtBT_9debug_api15DebugApiBackendEENtB7_14DelegationMock12deposit_egld0Cs6XkVYXmu1nJ_15unDelegate_test
FN:30,_RNCNvYINtCseuY2Hdvmkl_15delegation_mock11ContractObjINtNtNtNtCseUmQFO6d1K9_22multiversx_sc_scenario3api7impl_vh12vm_hooks_api10VMHooksApiNtNtBT_9debug_api15DebugApiBackendEENtB7_14DelegationMock8delegate0Cs6XkVYXmu1nJ_15unDelegate_test
FN:32,_RNCNvYINtCseuY2Hdvmkl_15delegation_mock11ContractObjINtNtNtNtCseUmQFO6d1K9_22multiversx_sc_scenario3api7impl_vh12vm_hooks_api10VMHooksApiNtNtBT_9debug_api15DebugApiBackendEENtB7_14DelegationMock8delegates_0Cs6XkVYXmu1nJ_15unDelegate_test
FN:65,_RNCNvYINtCseuY2Hdvmkl_15delegation_mock11ContractObjINtNtNtNtCseUmQFO6d1K9_22multiversx_sc_scenario3api7impl_vh12vm_hooks_api10VMHooksApiNtNtBT_9debug_api15DebugApiBackendEENtB7_14DelegationMock8withdraw0Cs6XkVYXmu1nJ_15unDelegate_test
FN:11,_RNvXCseuY2Hdvmkl_15delegation_mockINtB2_11ContractObjINtNtNtNtCseUmQFO6d1K9_22multiversx_sc_scenario3api7impl_vh12vm_hooks_api10VMHooksApiNtNtBU_9debug_api15DebugApiBackendEENtB2_14DelegationMock15address_depositCs6XkVYXmu1nJ_15unDelegate_test
FN:11,_RNvXCseuY2Hdvmkl_15delegation_mockINtB2_11ContractObjINtNtNtNtCseUmQFO6d1K9_22multiversx_sc_scenario3api7impl_vh12vm_hooks_api10VMHooksApiNtNtBU_9debug_api15DebugApiBackendEENtB2_14DelegationMock17egld_token_supplyCs6XkVYXmu1nJ_15unDelegate_test
FN:11,_RNvXCseuY2Hdvmkl_15delegation_mockINtB2_11ContractObjINtNtNtNtCseUmQFO6d1K9_22multiversx_sc_scenario3api7impl_vh12vm_hooks_api10VMHooksApiNtNtBU_9debug_api15DebugApiBackendEENtB2_14DelegationMock24address_last_claim_epochCs6XkVYXmu1nJ_15unDelegate_test
FN:11,_RNvXCseuY2Hdvmkl_15delegation_mockINtB2_11ContractObjINtNtNtNtCseUmQFO6d1K9_22multiversx_sc_scenario3api7impl_vh12vm_hooks_api10VMHooksApiNtNtBU_9debug_api15DebugApiBackendEENtB2_14DelegationMock24address_undelegate_epochCs6XkVYXmu1nJ_15unDelegate_test
FN:11,_RNvXCseuY2Hdvmkl_15delegation_mockINtB2_11ContractObjINtNtNtNtCseUmQFO6d1K9_22multiversx_sc_scenario3api7impl_vh12vm_hooks_api10VMHooksApiNtNtBU_9debug_api15DebugApiBackendEENtB2_14DelegationMock25address_undelegate_amountCs6XkVYXmu1nJ_15unDelegate_test
FN:11,_RNvXs5_CseuY2Hdvmkl_15delegation_mockINtB5_11ContractObjINtNtNtNtCseUmQFO6d1K9_22multiversx_sc_scenario3api7impl_vh12vm_hooks_api10VMHooksApiNtNtBX_9debug_api15DebugApiBackendEENtNtNtCs4WmCETBkTZ5_13multiversx_sc13contract_base17callable_contract16CallableContract4callCs6XkVYXmu1nJ_15unDelegate_test
FN:36,_RNvYINtCseuY2Hdvmkl_15delegation_mock11ContractObjINtNtNtNtCseUmQFO6d1K9_22multiversx_sc_scenario3api7impl_vh12vm_hooks_api10VMHooksApiNtNtBR_9debug_api15DebugApiBackendEENtB5_14DelegationMock10undelegateCs6XkVYXmu1nJ_15unDelegate_test
FN:19,_RNvYINtCseuY2Hdvmkl_15delegation_mock11ContractObjINtNtNtNtCseUmQFO6d1K9_22multiversx_sc_scenario3api7impl_vh12vm_hooks_api10VMHooksApiNtNtBR_9debug_api15DebugApiBackendEENtB5_14DelegationMock12deposit_egldCs6XkVYXmu1nJ_15unDelegate_test
FN:72,_RNvYINtCseuY2Hdvmkl_15delegation_mock11ContractObjINtNtNtNtCseUmQFO6d1K9_22multiversx_sc_scenario3api7impl_vh12vm_hooks_api10VMHooksApiNtNtBR_9debug_api15DebugApiBackendEENtB5_14DelegationMock13claim_rewardsCs6XkVYXmu1nJ_15unDelegate_test
FN:27,_RNvYINtCseuY2Hdvmkl_15delegation_mock11ContractObjINtNtNtNtCseUmQFO6d1K9_22multiversx_sc_scenario3api7impl_vh12vm_hooks_api10VMHooksApiNtNtBR_9debug_api15DebugApiBackendEENtB5_14DelegationMock8delegateCs6XkVYXmu1nJ_15unDelegate_test
FN:52,_RNvYINtCseuY2Hdvmkl_15delegation_mock11ContractObjINtNtNtNtCseUmQFO6d1K9_22multiversx_sc_scenario3api7impl_vh12vm_hooks_api10VMHooksApiNtNtBR_9debug_api15DebugApiBackendEENtB5_14DelegationMock8withdrawCs6XkVYXmu1nJ_15unDelegate_test
FN:11,_RNvYINtCseuY2Hdvmkl_15delegation_mock11ContractObjINtNtNtNtCseUmQFO6d1K9_22multiversx_sc_scenario3api7impl_vh12vm_hooks_api10VMHooksApiNtNtBR_9debug_api15DebugApiBackendEENtB5_16EndpointWrappers13call_delegateCs6XkVYXmu1nJ_15unDelegate_test
FN:11,_RNvYINtCseuY2Hdvmkl_15delegation_mock11ContractObjINtNtNtNtCseUmQFO6d1K9_22multiversx_sc_scenario3api7impl_vh12vm_hooks_api10VMHooksApiNtNtBR_9debug_api15DebugApiBackendEENtB5_16EndpointWrappers13call_withdrawCs6XkVYXmu1nJ_15unDelegate_test
FN:11,_RNvYINtCseuY2Hdvmkl_15delegation_mock11ContractObjINtNtNtNtCseUmQFO6d1K9_22multiversx_sc_scenario3api7impl_vh12vm_hooks_api10VMHooksApiNtNtBR_9debug_api15DebugApiBackendEENtB5_16EndpointWrappers15call_undelegateCs6XkVYXmu1nJ_15unDelegate_test
FN:11,_RNvYINtCseuY2Hdvmkl_15delegation_mock11ContractObjINtNtNtNtCseUmQFO6d1K9_22multiversx_sc_scenario3api7impl_vh12vm_hooks_api10VMHooksApiNtNtBR_9debug_api15DebugApiBackendEENtB5_16EndpointWrappers17call_deposit_egldCs6XkVYXmu1nJ_15unDelegate_test
FN:11,_RNvYINtCseuY2Hdvmkl_15delegation_mock11ContractObjINtNtNtNtCseUmQFO6d1K9_22multiversx_sc_scenario3api7impl_vh12vm_hooks_api10VMHooksApiNtNtBR_9debug_api15DebugApiBackendEENtB5_16EndpointWrappers18call_claim_rewardsCs6XkVYXmu1nJ_15unDelegate_test
FN:11,_RNvYINtCseuY2Hdvmkl_15delegation_mock11ContractObjINtNtNtNtCseUmQFO6d1K9_22multiversx_sc_scenario3api7impl_vh12vm_hooks_api10VMHooksApiNtNtBR_9debug_api15DebugApiBackendEENtB5_16EndpointWrappers4callCs6XkVYXmu1nJ_15unDelegate_test
FN:11,_RNvYINtCseuY2Hdvmkl_15delegation_mock11ContractObjINtNtNtNtCseUmQFO6d1K9_22multiversx_sc_scenario3api7impl_vh12vm_hooks_api10VMHooksApiNtNtBR_9debug_api15DebugApiBackendEENtB5_16EndpointWrappers8callbackCs6XkVYXmu1nJ_15unDelegate_test
FN:11,_RNvYINtCseuY2Hdvmkl_15delegation_mock11ContractObjINtNtNtNtCseUmQFO6d1K9_22multiversx_sc_scenario3api7impl_vh12vm_hooks_api10VMHooksApiNtNtBR_9debug_api15DebugApiBackendEENtB5_16EndpointWrappers9call_initCs6XkVYXmu1nJ_15unDelegate_test
FN:11,_RINvCseuY2Hdvmkl_15delegation_mock12contract_objINtNtNtNtCseUmQFO6d1K9_22multiversx_sc_scenario3api7impl_vh12vm_hooks_api10VMHooksApiNtNtBP_9debug_api15DebugApiBackendEECsfLmIfY5SY9l_11unbond_test
FN:44,_RNCNvYINtCseuY2Hdvmkl_15delegation_mock11ContractObjINtNtNtNtCseUmQFO6d1K9_22multiversx_sc_scenario3api7impl_vh12vm_hooks_api10VMHooksApiNtNtBT_9debug_api15DebugApiBackendEENtB7_14DelegationMock10undelegate0CsfLmIfY5SY9l_11unbond_test
FN:46,_RNCNvYINtCseuY2Hdvmkl_15delegation_mock11ContractObjINtNtNtNtCseUmQFO6d1K9_22multiversx_sc_scenario3api7impl_vh12vm_hooks_api10VMHooksApiNtNtBT_9debug_api15DebugApiBackendEENtB7_14DelegationMock10undelegates_0CsfLmIfY5SY9l_11unbond_test
FN:22,_RNCNvYINtCseuY2Hdvmkl_15delegation_mock11ContractObjINtNtNtNtCseUmQFO6d1K9_22multiversx_sc_scenario3api7impl_vh12vm_hooks_api10VMHooksApiNtNtBT_9debug_api15DebugApiBackendEENtB7_14DelegationMock12deposit_egld0CsfLmIfY5SY9l_11unbond_test
FN:30,_RNCNvYINtCseuY2Hdvmkl_15delegation_mock11ContractObjINtNtNtNtCseUmQFO6d1K9_22multiversx_sc_scenario3api7impl_vh12vm_hooks_api10VMHooksApiNtNtBT_9debug_api15DebugApiBackendEENtB7_14DelegationMock8delegate0CsfLmIfY5SY9l_11unbond_test
FN:32,_RNCNvYINtCseuY2Hdvmkl_15delegation_mock11ContractObjINtNtNtNtCseUmQFO6d1K9_22multiversx_sc_scenario3api7impl_vh12vm_hooks_api10VMHooksApiNtNtBT_9debug_api15DebugApiBackendEENtB7_14DelegationMock8delegates_0CsfLmIfY5SY9l_11unbond_test
FN:65,_RNCNvYINtCseuY2Hdvmkl_15delegation_mock11ContractObjINtNtNtNtCseUmQFO6d1K9_22multiversx_sc_scenario3api7impl_vh12vm_hooks_api10VMHooksApiNtNtBT_9debug_api15DebugApiBackendEENtB7_14DelegationMock8withdraw0CsfLmIfY5SY9l_11unbond_test
FN:11,_RNvXCseuY2Hdvmkl_15delegation_mockINtB2_11ContractObjINtNtNtNtCseUmQFO6d1K9_22multiversx_sc_scenario3api7impl_vh12vm_hooks_api10VMHooksApiNtNtBU_9debug_api15DebugApiBackendEENtB2_14DelegationMock15address_depositCsfLmIfY5SY9l_11unbond_test
FN:11,_RNvXCseuY2Hdvmkl_15delegation_mockINtB2_11ContractObjINtNtNtNtCseUmQFO6d1K9_22multiversx_sc_scenario3api7impl_vh12vm_hooks_api10VMHooksApiNtNtBU_9debug_api15DebugApiBackendEENtB2_14DelegationMock17egld_token_supplyCsfLmIfY5SY9l_11unbond_test
FN:11,_RNvXCseuY2Hdvmkl_15delegation_mockINtB2_11ContractObjINtNtNtNtCseUmQFO6d1K9_22multiversx_sc_scenario3api7impl_vh12vm_hooks_api10VMHooksApiNtNtBU_9debug_api15DebugApiBackendEENtB2_14DelegationMock24address_last_claim_epochCsfLmIfY5SY9l_11unbond_test
FN:11,_RNvXCseuY2Hdvmkl_15delegation_mockINtB2_11ContractObjINtNtNtNtCseUmQFO6d1K9_22multiversx_sc_scenario3api7impl_vh12vm_hooks_api10VMHooksApiNtNtBU_9debug_api15DebugApiBackendEENtB2_14DelegationMock24address_undelegate_epochCsfLmIfY5SY9l_11unbond_test
FN:11,_RNvXCseuY2Hdvmkl_15delegation_mockINtB2_11ContractObjINtNtNtNtCseUmQFO6d1K9_22multiversx_sc_scenario3api7impl_vh12vm_hooks_api10VMHooksApiNtNtBU_9debug_api15DebugApiBackendEENtB2_14DelegationMock25address_undelegate_amountCsfLmIfY5SY9l_11unbond_test
FN:11,_RNvXs5_CseuY2Hdvmkl_15delegation_mockINtB5_11ContractObjINtNtNtNtCseUmQFO6d1K9_22multiversx_sc_scenario3api7impl_vh12vm_hooks_api10VMHooksApiNtNtBX_9debug_api15DebugApiBackendEENtNtNtCs4WmCETBkTZ5_13multiversx_sc13contract_base17callable_contract16CallableContract4callCsfLmIfY5SY9l_11unbond_test
FN:36,_RNvYINtCseuY2Hdvmkl_15delegation_mock11ContractObjINtNtNtNtCseUmQFO6d1K9_22multiversx_sc_scenario3api7impl_vh12vm_hooks_api10VMHooksApiNtNtBR_9debug_api15DebugApiBackendEENtB5_14DelegationMock10undelegateCsfLmIfY5SY9l_11unbond_test
FN:19,_RNvYINtCseuY2Hdvmkl_15delegation_mock11ContractObjINtNtNtNtCseUmQFO6d1K9_22multiversx_sc_scenario3api7impl_vh12vm_hooks_api10VMHooksApiNtNtBR_9debug_api15DebugApiBackendEENtB5_14DelegationMock12deposit_egldCsfLmIfY5SY9l_11unbond_test
FN:72,_RNvYINtCseuY2Hdvmkl_15delegation_mock11ContractObjINtNtNtNtCseUmQFO6d1K9_22multiversx_sc_scenario3api7impl_vh12vm_hooks_api10VMHooksApiNtNtBR_9debug_api15DebugApiBackendEENtB5_14DelegationMock13claim_rewardsCsfLmIfY5SY9l_11unbond_test
FN:27,_RNvYINtCseuY2Hdvmkl_15delegation_mock11ContractObjINtNtNtNtCseUmQFO6d1K9_22multiversx_sc_scenario3api7impl_vh12vm_hooks_api10VMHooksApiNtNtBR_9debug_api15DebugApiBackendEENtB5_14DelegationMock8delegateCsfLmIfY5SY9l_11unbond_test
FN:52,_RNvYINtCseuY2Hdvmkl_15delegation_mock11ContractObjINtNtNtNtCseUmQFO6d1K9_22multiversx_sc_scenario3api7impl_vh12vm_hooks_api10VMHooksApiNtNtBR_9debug_api15DebugApiBackendEENtB5_14DelegationMock8withdrawCsfLmIfY5SY9l_11unbond_test
FN:11,_RNvYINtCseuY2Hdvmkl_15delegation_mock11ContractObjINtNtNtNtCseUmQFO6d1K9_22multiversx_sc_scenario3api7impl_vh12vm_hooks_api10VMHooksApiNtNtBR_9debug_api15DebugApiBackendEENtB5_16EndpointWrappers13call_delegateCsfLmIfY5SY9l_11unbond_test
FN:11,_RNvYINtCseuY2Hdvmkl_15delegation_mock11ContractObjINtNtNtNtCseUmQFO6d1K9_22multiversx_sc_scenario3api7impl_vh12vm_hooks_api10VMHooksApiNtNtBR_9debug_api15DebugApiBackendEENtB5_16EndpointWrappers13call_withdrawCsfLmIfY5SY9l_11unbond_test
FN:11,_RNvYINtCseuY2Hdvmkl_15delegation_mock11ContractObjINtNtNtNtCseUmQFO6d1K9_22multiversx_sc_scenario3api7impl_vh12vm_hooks_api10VMHooksApiNtNtBR_9debug_api15DebugApiBackendEENtB5_16EndpointWrappers15call_undelegateCsfLmIfY5SY9l_11unbond_test
FN:11,_RNvYINtCseuY2Hdvmkl_15delegation_mock11ContractObjINtNtNtNtCseUmQFO6d1K9_22multiversx_sc_scenario3api7impl_vh12vm_hooks_api10VMHooksApiNtNtBR_9debug_api15DebugApiBackendEENtB5_16EndpointWrappers17call_deposit_egldCsfLmIfY5SY9l_11unbond_test
FN:11,_RNvYINtCseuY2Hdvmkl_15delegation_mock11ContractObjINtNtNtNtCseUmQFO6d1K9_22multiversx_sc_scenario3api7impl_vh12vm_hooks_api10VMHooksApiNtNtBR_9debug_api15DebugApiBackendEENtB5_16EndpointWrappers18call_claim_rewardsCsfLmIfY5SY9l_11unbond_test
FN:11,_RNvYINtCseuY2Hdvmkl_15delegation_mock11ContractObjINtNtNtNtCseUmQFO6d1K9_22multiversx_sc_scenario3api7impl_vh12vm_hooks_api10VMHooksApiNtNtBR_9debug_api15DebugApiBackendEENtB5_16EndpointWrappers4callCsfLmIfY5SY9l_11unbond_test
FN:11,_RNvYINtCseuY2Hdvmkl_15delegation_mock11ContractObjINtNtNtNtCseUmQFO6d1K9_22multiversx_sc_scenario3api7impl_vh12vm_hooks_api10VMHooksApiNtNtBR_9debug_api15DebugApiBackendEENtB5_16EndpointWrappers8callbackCsfLmIfY5SY9l_11unbond_test
FN:11,_RNvYINtCseuY2Hdvmkl_15delegation_mock11ContractObjINtNtNtNtCseUmQFO6d1K9_22multiversx_sc_scenario3api7impl_vh12vm_hooks_api10VMHooksApiNtNtBR_9debug_api15DebugApiBackendEENtB5_16EndpointWrappers9call_initCsfLmIfY5SY9l_11unbond_test
FNDA:39,_RINvCseuY2Hdvmkl_15delegation_mock12contract_objINtNtNtNtCseUmQFO6d1K9_22multiversx_sc_scenario3api7impl_vh12vm_hooks_api10VMHooksApiNtNtBP_9debug_api15DebugApiBackendEECs8LcBUgjrJzU_13delegate_test
FNDA:0,_RNCNvYINtCseuY2Hdvmkl_15delegation_mock11ContractObjINtNtNtNtCseUmQFO6d1K9_22multiversx_sc_scenario3api7impl_vh12vm_hooks_api10VMHooksApiNtNtBT_9debug_api15DebugApiBackendEENtB7_14DelegationMock10undelegate0Cs8LcBUgjrJzU_13delegate_test
FNDA:0,_RNCNvYINtCseuY2Hdvmkl_15delegation_mock11ContractObjINtNtNtNtCseUmQFO6d1K9_22multiversx_sc_scenario3api7impl_vh12vm_hooks_api10VMHooksApiNtNtBT_9debug_api15DebugApiBackendEENtB7_14DelegationMock10undelegates_0Cs8LcBUgjrJzU_13delegate_test
FNDA:13,_RNCNvYINtCseuY2Hdvmkl_15delegation_mock11ContractObjINtNtNtNtCseUmQFO6d1K9_22multiversx_sc_scenario3api7impl_vh12vm_hooks_api10VMHooksApiNtNtBT_9debug_api15DebugApiBackendEENtB7_14DelegationMock12deposit_egld0Cs8LcBUgjrJzU_13delegate_test
FNDA:7,_RNCNvYINtCseuY2Hdvmkl_15delegation_mock11ContractObjINtNtNtNtCseUmQFO6d1K9_22multiversx_sc_scenario3api7impl_vh12vm_hooks_api10VMHooksApiNtNtBT_9debug_api15DebugApiBackendEENtB7_14DelegationMock8delegate0Cs8LcBUgjrJzU_13delegate_test
FNDA:7,_RNCNvYINtCseuY2Hdvmkl_15delegation_mock11ContractObjINtNtNtNtCseUmQFO6d1K9_22multiversx_sc_scenario3api7impl_vh12vm_hooks_api10VMHooksApiNtNtBT_9debug_api15DebugApiBackendEENtB7_14DelegationMock8delegates_0Cs8LcBUgjrJzU_13delegate_test
FNDA:0,_RNCNvYINtCseuY2Hdvmkl_15delegation_mock11ContractObjINtNtNtNtCseUmQFO6d1K9_22multiversx_sc_scenario3api7impl_vh12vm_hooks_api10VMHooksApiNtNtBT_9debug_api15DebugApiBackendEENtB7_14DelegationMock8withdraw0Cs8LcBUgjrJzU_13delegate_test
FNDA:7,_RNvXCseuY2Hdvmkl_15delegation_mockINtB2_11ContractObjINtNtNtNtCseUmQFO6d1K9_22multiversx_sc_scenario3api7impl_vh12vm_hooks_api10VMHooksApiNtNtBU_9debug_api15DebugApiBackendEENtB2_14DelegationMock15address_depositCs8LcBUgjrJzU_13delegate_test
FNDA:20,_RNvXCseuY2Hdvmkl_15delegation_mockINtB2_11ContractObjINtNtNtNtCseUmQFO6d1K9_22multiversx_sc_scenario3api7impl_vh12vm_hooks_api10VMHooksApiNtNtBU_9debug_api15DebugApiBackendEENtB2_14DelegationMock17egld_token_supplyCs8LcBUgjrJzU_13delegate_test
FNDA:0,_RNvXCseuY2Hdvmkl_15delegation_mockINtB2_11ContractObjINtNtNtNtCseUmQFO6d1K9_22multiversx_sc_scenario3api7impl_vh12vm_hooks_api10VMHooksApiNtNtBU_9debug_api15DebugApiBackendEENtB2_14DelegationMock24address_last_claim_epochCs8LcBUgjrJzU_13delegate_test
FNDA:0,_RNvXCseuY2Hdvmkl_15delegation_mockINtB2_11ContractObjINtNtNtNtCseUmQFO6d1K9_22multiversx_sc_scenario3api7impl_vh12vm_hooks_api10VMHooksApiNtNtBU_9debug_api15DebugApiBackendEENtB2_14DelegationMock24address_undelegate_epochCs8LcBUgjrJzU_13delegate_test
FNDA:0,_RNvXCseuY2Hdvmkl_15delegation_mockINtB2_11ContractObjINtNtNtNtCseUmQFO6d1K9_22multiversx_sc_scenario3api7impl_vh12vm_hooks_api10VMHooksApiNtNtBU_9debug_api15DebugApiBackendEENtB2_14DelegationMock25address_undelegate_amountCs8LcBUgjrJzU_13delegate_test
FNDA:7,_RNvXs5_CseuY2Hdvmkl_15delegation_mockINtB5_11ContractObjINtNtNtNtCseUmQFO6d1K9_22multiversx_sc_scenario3api7impl_vh12vm_hooks_api10VMHooksApiNtNtBX_9debug_api15DebugApiBackendEENtNtNtCs4WmCETBkTZ5_13multiversx_sc13contract_base17callable_contract16CallableContract4callCs8LcBUgjrJzU_13delegate_test
FNDA:0,_RNvYINtCseuY2Hdvmkl_15delegation_mock11ContractObjINtNtNtNtCseUmQFO6d1K9_22multiversx_sc_scenario3api7impl_vh12vm_hooks_api10VMHooksApiNtNtBR_9debug_api15DebugApiBackendEENtB5_14DelegationMock10undelegateCs8LcBUgjrJzU_13delegate_test
FNDA:13,_RNvYINtCseuY2Hdvmkl_15delegation_mock11ContractObjINtNtNtNtCseUmQFO6d1K9_22multiversx_sc_scenario3api7impl_vh12vm_hooks_api10VMHooksApiNtNtBR_9debug_api15DebugApiBackendEENtB5_14DelegationMock12deposit_egldCs8LcBUgjrJzU_13delegate_test
FNDA:0,_RNvYINtCseuY2Hdvmkl_15delegation_mock11ContractObjINtNtNtNtCseUmQFO6d1K9_22multiversx_sc_scenario3api7impl_vh12vm_hooks_api10VMHooksApiNtNtBR_9debug_api15DebugApiBackendEENtB5_14DelegationMock13claim_rewardsCs8LcBUgjrJzU_13delegate_test
FNDA:7,_RNvYINtCseuY2Hdvmkl_15delegation_mock11ContractObjINtNtNtNtCseUmQFO6d1K9_22multiversx_sc_scenario3api7impl_vh12vm_hooks_api10VMHooksApiNtNtBR_9debug_api15DebugApiBackendEENtB5_14DelegationMock8delegateCs8LcBUgjrJzU_13delegate_test
FNDA:0,_RNvYINtCseuY2Hdvmkl_15delegation_mock11ContractObjINtNtNtNtCseUmQFO6d1K9_22multiversx_sc_scenario3api7impl_vh12vm_hooks_api10VMHooksApiNtNtBR_9debug_api15DebugApiBackendEENtB5_14DelegationMock8withdrawCs8LcBUgjrJzU_13delegate_test
FNDA:7,_RNvYINtCseuY2Hdvmkl_15delegation_mock11ContractObjINtNtNtNtCseUmQFO6d1K9_22multiversx_sc_scenario3api7impl_vh12vm_hooks_api10VMHooksApiNtNtBR_9debug_api15DebugApiBackendEENtB5_16EndpointWrappers13call_delegateCs8LcBUgjrJzU_13delegate_test
FNDA:0,_RNvYINtCseuY2Hdvmkl_15delegation_mock11ContractObjINtNtNtNtCseUmQFO6d1K9_22multiversx_sc_scenario3api7impl_vh12vm_hooks_api10VMHooksApiNtNtBR_9debug_api15DebugApiBackendEENtB5_16EndpointWrappers13call_withdrawCs8LcBUgjrJzU_13delegate_test
FNDA:0,_RNvYINtCseuY2Hdvmkl_15delegation_mock11ContractObjINtNtNtNtCseUmQFO6d1K9_22multiversx_sc_scenario3api7impl_vh12vm_hooks_api10VMHooksApiNtNtBR_9debug_api15DebugApiBackendEENtB5_16EndpointWrappers15call_undelegateCs8LcBUgjrJzU_13delegate_test
FNDA:0,_RNvYINtCseuY2Hdvmkl_15delegation_mock11ContractObjINtNtNtNtCseUmQFO6d1K9_22multiversx_sc_scenario3api7impl_vh12vm_hooks_api10VMHooksApiNtNtBR_9debug_api15DebugApiBackendEENtB5_16EndpointWrappers17call_deposit_egldCs8LcBUgjrJzU_13delegate_test
FNDA:0,_RNvYINtCseuY2Hdvmkl_15delegation_mock11ContractObjINtNtNtNtCseUmQFO6d1K9_22multiversx_sc_scenario3api7impl_vh12vm_hooks_api10VMHooksApiNtNtBR_9debug_api15DebugApiBackendEENtB5_16EndpointWrappers18call_claim_rewardsCs8LcBUgjrJzU_13delegate_test
FNDA:7,_RNvYINtCseuY2Hdvmkl_15delegation_mock11ContractObjINtNtNtNtCseUmQFO6d1K9_22multiversx_sc_scenario3api7impl_vh12vm_hooks_api10VMHooksApiNtNtBR_9debug_api15DebugApiBackendEENtB5_16EndpointWrappers4callCs8LcBUgjrJzU_13delegate_test
FNDA:0,_RNvYINtCseuY2Hdvmkl_15delegation_mock11ContractObjINtNtNtNtCseUmQFO6d1K9_22multiversx_sc_scenario3api7impl_vh12vm_hooks_api10VMHooksApiNtNtBR_9debug_api15DebugApiBackendEENtB5_16EndpointWrappers8callbackCs8LcBUgjrJzU_13delegate_test
FNDA:0,_RNvYINtCseuY2Hdvmkl_15delegation_mock11ContractObjINtNtNtNtCseUmQFO6d1K9_22multiversx_sc_scenario3api7impl_vh12vm_hooks_api10VMHooksApiNtNtBR_9debug_api15DebugApiBackendEENtB5_16EndpointWrappers9call_initCs8LcBUgjrJzU_13delegate_test
FNDA:0,_RNvYpNtCs3Cb7Q2mtysR_15delegation_mock14DelegationMock12deposit_egldB5_
FNDA:0,_RNCNvYpNtCs3Cb7Q2mtysR_15delegation_mock14DelegationMock12deposit_egld0B7_
FNDA:0,_RNvYpNtCs3Cb7Q2mtysR_15delegation_mock14DelegationMock8delegateB5_
FNDA:0,_RNCNvYpNtCs3Cb7Q2mtysR_15delegation_mock14DelegationMock8delegate0B7_
FNDA:0,_RNCNvYpNtCs3Cb7Q2mtysR_15delegation_mock14DelegationMock8delegates_0B7_
FNDA:0,_RNvYpNtCs3Cb7Q2mtysR_15delegation_mock14DelegationMock10undelegateB5_
FNDA:0,_RNCNvYpNtCs3Cb7Q2mtysR_15delegation_mock14DelegationMock10undelegate0B7_
FNDA:0,_RNCNvYpNtCs3Cb7Q2mtysR_15delegation_mock14DelegationMock10undelegates_0B7_
FNDA:0,_RNvYpNtCs3Cb7Q2mtysR_15delegation_mock14DelegationMock8withdrawB5_
FNDA:0,_RNCNvYpNtCs3Cb7Q2mtysR_15delegation_mock14DelegationMock8withdraw0B7_
FNDA:0,_RNvYpNtCs3Cb7Q2mtysR_15delegation_mock14DelegationMock13claim_rewardsB5_
FNDA:0,_RNvXINICs3Cb7Q2mtysR_15delegation_mock0pEpNtB5_14DelegationMock17egld_token_supplyB5_
FNDA:0,_RNvXINICs3Cb7Q2mtysR_15delegation_mock0pEpNtB5_14DelegationMock15address_depositB5_
FNDA:0,_RNvXINICs3Cb7Q2mtysR_15delegation_mock0pEpNtB5_14DelegationMock24address_last_claim_epochB5_
FNDA:0,_RNvXINICs3Cb7Q2mtysR_15delegation_mock0pEpNtB5_14DelegationMock25address_undelegate_amountB5_
FNDA:0,_RNvXINICs3Cb7Q2mtysR_15delegation_mock0pEpNtB5_14DelegationMock24address_undelegate_epochB5_
FNDA:0,_RNvYpNtCs3Cb7Q2mtysR_15delegation_mock16EndpointWrappers9call_initB5_
FNDA:0,_RNvYpNtCs3Cb7Q2mtysR_15delegation_mock16EndpointWrappers17call_deposit_egldB5_
FNDA:0,_RNvYpNtCs3Cb7Q2mtysR_15delegation_mock16EndpointWrappers13call_delegateB5_
FNDA:0,_RNvYpNtCs3Cb7Q2mtysR_15delegation_mock16EndpointWrappers15call_undelegateB5_
FNDA:0,_RNvYpNtCs3Cb7Q2mtysR_15delegation_mock16EndpointWrappers13call_withdrawB5_
FNDA:0,_RNvYpNtCs3Cb7Q2mtysR_15delegation_mock16EndpointWrappers18call_claim_rewardsB5_
FNDA:0,_RNvYpNtCs3Cb7Q2mtysR_15delegation_mock16EndpointWrappers4callB5_
FNDA:0,_RNvYpNtCs3Cb7Q2mtysR_15delegation_mock16EndpointWrappers17callback_selectorB5_
FNDA:0,_RNvYpNtCs3Cb7Q2mtysR_15delegation_mock16EndpointWrappers8callbackB5_
FNDA:0,_RNvXs1_Cs3Cb7Q2mtysR_15delegation_mockNtB5_11AbiProviderNtNtNtCs4WmCETBkTZ5_13multiversx_sc13contract_base21contract_abi_provider19ContractAbiProvider3abi
FNDA:0,_RNvXINICs3Cb7Q2mtysR_15delegation_mocks5_0pEINtB5_11ContractObjpENtNtNtCs4WmCETBkTZ5_13multiversx_sc13contract_base17callable_contract16CallableContract4callB5_
FNDA:0,_RINvCs3Cb7Q2mtysR_15delegation_mock12contract_objpEB2_
FNDA:0,_RINvXs6_Cs3Cb7Q2mtysR_15delegation_mockNtB6_15ContractBuilderNtNtNtCs4WmCETBkTZ5_13multiversx_sc13contract_base17callable_contract23CallableContractBuilder16new_contract_objpEB6_
FNDA:0,_RINvNtCs3Cb7Q2mtysR_15delegation_mock19___wasm__endpoints__4initpEB4_
FNDA:0,_RINvNtCs3Cb7Q2mtysR_15delegation_mock19___wasm__endpoints__12deposit_egldpEB4_
FNDA:0,_RINvNtCs3Cb7Q2mtysR_15delegation_mock19___wasm__endpoints__8delegatepEB4_
FNDA:0,_RINvNtCs3Cb7Q2mtysR_15delegation_mock19___wasm__endpoints__10undelegatepEB4_
FNDA:0,_RINvNtCs3Cb7Q2mtysR_15delegation_mock19___wasm__endpoints__8withdrawpEB4_
FNDA:0,_RINvNtCs3Cb7Q2mtysR_15delegation_mock19___wasm__endpoints__13claim_rewardspEB4_
FNDA:0,_RINvNtCs3Cb7Q2mtysR_15delegation_mock19___wasm__endpoints__8callBackpEB4_
FNDA:0,_RNvYpNtCs3Cb7Q2mtysR_15delegation_mock10ProxyTrait4initB5_
FNDA:0,_RNvYpNtCs3Cb7Q2mtysR_15delegation_mock10ProxyTrait12deposit_egldB5_
FNDA:0,_RNvYpNtCs3Cb7Q2mtysR_15delegation_mock10ProxyTrait8delegateB5_
FNDA:0,_RINvYpNtCs3Cb7Q2mtysR_15delegation_mock10ProxyTrait10undelegatepEB6_
FNDA:0,_RNvYpNtCs3Cb7Q2mtysR_15delegation_mock10ProxyTrait8withdrawB5_
FNDA:0,_RNvYpNtCs3Cb7Q2mtysR_15delegation_mock10ProxyTrait13claim_rewardsB5_
FNDA:0,_RNvXINICs3Cb7Q2mtysR_15delegation_mocks7_0pEINtB5_5ProxypENtNtNtCs4WmCETBkTZ5_13multiversx_sc13contract_base14proxy_obj_base12ProxyObjBase19extract_opt_addressB5_
FNDA:0,_RNvXINICs3Cb7Q2mtysR_15delegation_mocks7_0pEINtB5_5ProxypENtNtNtCs4WmCETBkTZ5_13multiversx_sc13contract_base14proxy_obj_base12ProxyObjBase16extract_proxy_toB5_
FNDA:0,_RNvXINICs3Cb7Q2mtysR_15delegation_mocks8_0pEINtB5_5ProxypENtNtNtCs4WmCETBkTZ5_13multiversx_sc13contract_base14proxy_obj_base11ProxyObjNew13new_proxy_objB5_
FNDA:0,_RNvXINICs3Cb7Q2mtysR_15delegation_mocks8_0pEINtB5_5ProxypENtNtNtCs4WmCETBkTZ5_13multiversx_sc13contract_base14proxy_obj_base11ProxyObjNew8contractB5_
FNDA:0,_RNvXINICs3Cb7Q2mtysR_15delegation_mocks9_0pEINtB5_7ProxyTopENtNtNtCs4WmCETBkTZ5_13multiversx_sc13contract_base14proxy_obj_base12ProxyObjBase19extract_opt_addressB5_
FNDA:0,_RNvXINICs3Cb7Q2mtysR_15delegation_mocks9_0pEINtB5_7ProxyTopENtNtNtCs4WmCETBkTZ5_13multiversx_sc13contract_base14proxy_obj_base12ProxyObjBase15extract_addressB5_
FNDA:0,_RNvXINICs3Cb7Q2mtysR_15delegation_mocks9_0pEINtB5_7ProxyTopENtNtNtCs4WmCETBkTZ5_13multiversx_sc13contract_base14proxy_obj_base12ProxyObjBase16extract_proxy_toB5_
FNDA:30,_RINvCseuY2Hdvmkl_15delegation_mock12contract_objINtNtNtNtCseUmQFO6d1K9_22multiversx_sc_scenario3api7impl_vh12vm_hooks_api10VMHooksApiNtNtBP_9debug_api15DebugApiBackendEECs2PlSyXFsomm_4test
FNDA:3,_RNCNvYINtCseuY2Hdvmkl_15delegation_mock11ContractObjINtNtNtNtCseUmQFO6d1K9_22multiversx_sc_scenario3api7impl_vh12vm_hooks_api10VMHooksApiNtNtBT_9debug_api15DebugApiBackendEENtB7_14DelegationMock10undelegate0Cs2PlSyXFsomm_4test
FNDA:3,_RNCNvYINtCseuY2Hdvmkl_15delegation_mock11ContractObjINtNtNtNtCseUmQFO6d1K9_22multiversx_sc_scenario3api7impl_vh12vm_hooks_api10VMHooksApiNtNtBT_9debug_api15DebugApiBackendEENtB7_14DelegationMock10undelegates_0Cs2PlSyXFsomm_4test
FNDA:11,_RNCNvYINtCseuY2Hdvmkl_15delegation_mock11ContractObjINtNtNtNtCseUmQFO6d1K9_22multiversx_sc_scenario3api7impl_vh12vm_hooks_api10VMHooksApiNtNtBT_9debug_api15DebugApiBackendEENtB7_14DelegationMock12deposit_egld0Cs2PlSyXFsomm_4test
FNDA:21,_RNCNvYINtCseuY2Hdvmkl_15delegation_mock11ContractObjINtNtNtNtCseUmQFO6d1K9_22multiversx_sc_scenario3api7impl_vh12vm_hooks_api10VMHooksApiNtNtBT_9debug_api15DebugApiBackendEENtB7_14DelegationMock8delegate0Cs2PlSyXFsomm_4test
FNDA:21,_RNCNvYINtCseuY2Hdvmkl_15delegation_mock11ContractObjINtNtNtNtCseUmQFO6d1K9_22multiversx_sc_scenario3api7impl_vh12vm_hooks_api10VMHooksApiNtNtBT_9debug_api15DebugApiBackendEENtB7_14DelegationMock8delegates_0Cs2PlSyXFsomm_4test
FNDA:3,_RNCNvYINtCseuY2Hdvmkl_15delegation_mock11ContractObjINtNtNtNtCseUmQFO6d1K9_22multiversx_sc_scenario3api7impl_vh12vm_hooks_api10VMHooksApiNtNtBT_9debug_api15DebugApiBackendEENtB7_14DelegationMock8withdraw0Cs2PlSyXFsomm_4test
FNDA:37,_RNvXCseuY2Hdvmkl_15delegation_mockINtB2_11ContractObjINtNtNtNtCseUmQFO6d1K9_22multiversx_sc_scenario3api7impl_vh12vm_hooks_api10VMHooksApiNtNtBU_9debug_api15DebugApiBackendEENtB2_14DelegationMock15address_depositCs2PlSyXFsomm_4test
FNDA:35,_RNvXCseuY2Hdvmkl_15delegation_mockINtB2_11ContractObjINtNtNtNtCseUmQFO6d1K9_22multiversx_sc_scenario3api7impl_vh12vm_hooks_api10VMHooksApiNtNtBU_9debug_api15DebugApiBackendEENtB2_14DelegationMock17egld_token_supplyCs2PlSyXFsomm_4test
FNDA:20,_RNvXCseuY2Hdvmkl_15delegation_mockINtB2_11ContractObjINtNtNtNtCseUmQFO6d1K9_22multiversx_sc_scenario3api7impl_vh12vm_hooks_api10VMHooksApiNtNtBU_9debug_api15DebugApiBackendEENtB2_14DelegationMock24address_last_claim_epochCs2PlSyXFsomm_4test
FNDA:9,_RNvXCseuY2Hdvmkl_15delegation_mockINtB2_11ContractObjINtNtNtNtCseUmQFO6d1K9_22multiversx_sc_scenario3api7impl_vh12vm_hooks_api10VMHooksApiNtNtBU_9debug_api15DebugApiBackendEENtB2_14DelegationMock24address_undelegate_epochCs2PlSyXFsomm_4test
FNDA:9,_RNvXCseuY2Hdvmkl_15delegation_mockINtB2_11ContractObjINtNtNtNtCseUmQFO6d1K9_22multiversx_sc_scenario3api7impl_vh12vm_hooks_api10VMHooksApiNtNtBU_9debug_api15DebugApiBackendEENtB2_14DelegationMock25address_undelegate_amountCs2PlSyXFsomm_4test
FNDA:37,_RNvXs5_CseuY2Hdvmkl_15delegation_mockINtB5_11ContractObjINtNtNtNtCseUmQFO6d1K9_22multiversx_sc_scenario3api7impl_vh12vm_hooks_api10VMHooksApiNtNtBX_9debug_api15DebugApiBackendEENtNtNtCs4WmCETBkTZ5_13multiversx_sc13contract_base17callable_contract16CallableContract4callCs2PlSyXFsomm_4test
FNDA:3,_RNvYINtCseuY2Hdvmkl_15delegation_mock11ContractObjINtNtNtNtCseUmQFO6d1K9_22multiversx_sc_scenario3api7impl_vh12vm_hooks_api10VMHooksApiNtNtBR_9debug_api15DebugApiBackendEENtB5_14DelegationMock10undelegateCs2PlSyXFsomm_4test
FNDA:11,_RNvYINtCseuY2Hdvmkl_15delegation_mock11ContractObjINtNtNtNtCseUmQFO6d1K9_22multiversx_sc_scenario3api7impl_vh12vm_hooks_api10VMHooksApiNtNtBR_9debug_api15DebugApiBackendEENtB5_14DelegationMock12deposit_egldCs2PlSyXFsomm_4test
FNDA:10,_RNvYINtCseuY2Hdvmkl_15delegation_mock11ContractObjINtNtNtNtCseUmQFO6d1K9_22multiversx_sc_scenario3api7impl_vh12vm_hooks_api10VMHooksApiNtNtBR_9debug_api15DebugApiBackendEENtB5_14DelegationMock13claim_rewardsCs2PlSyXFsomm_4test
FNDA:21,_RNvYINtCseuY2Hdvmkl_15delegation_mock11ContractObjINtNtNtNtCseUmQFO6d1K9_22multiversx_sc_scenario3api7impl_vh12vm_hooks_api10VMHooksApiNtNtBR_9debug_api15DebugApiBackendEENtB5_14DelegationMock8delegateCs2PlSyXFsomm_4test
FNDA:3,_RNvYINtCseuY2Hdvmkl_15delegation_mock11ContractObjINtNtNtNtCseUmQFO6d1K9_22multiversx_sc_scenario3api7impl_vh12vm_hooks_api10VMHooksApiNtNtBR_9debug_api15DebugApiBackendEENtB5_14DelegationMock8withdrawCs2PlSyXFsomm_4test
FNDA:21,_RNvYINtCseuY2Hdvmkl_15delegation_mock11ContractObjINtNtNtNtCseUmQFO6d1K9_22multiversx_sc_scenario3api7impl_vh12vm_hooks_api10VMHooksApiNtNtBR_9debug_api15DebugApiBackendEENtB5_16EndpointWrappers13call_delegateCs2PlSyXFsomm_4test
FNDA:3,_RNvYINtCseuY2Hdvmkl_15delegation_mock11ContractObjINtNtNtNtCseUmQFO6d1K9_22multiversx_sc_scenario3api7impl_vh12vm_hooks_api10VMHooksApiNtNtBR_9debug_api15DebugApiBackendEENtB5_16EndpointWrappers13call_withdrawCs2PlSyXFsomm_4test
FNDA:3,_RNvYINtCseuY2Hdvmkl_15delegation_mock11ContractObjINtNtNtNtCseUmQFO6d1K9_22multiversx_sc_scenario3api7impl_vh12vm_hooks_api10VMHooksApiNtNtBR_9debug_api15DebugApiBackendEENtB5_16EndpointWrappers15call_undelegateCs2PlSyXFsomm_4test
FNDA:0,_RNvYINtCseuY2Hdvmkl_15delegation_mock11ContractObjINtNtNtNtCseUmQFO6d1K9_22multiversx_sc_scenario3api7impl_vh12vm_hooks_api10VMHooksApiNtNtBR_9debug_api15DebugApiBackendEENtB5_16EndpointWrappers17call_deposit_egldCs2PlSyXFsomm_4test
FNDA:10,_RNvYINtCseuY2Hdvmkl_15delegation_mock11ContractObjINtNtNtNtCseUmQFO6d1K9_22multiversx_sc_scenario3api7impl_vh12vm_hooks_api10VMHooksApiNtNtBR_9debug_api15DebugApiBackendEENtB5_16EndpointWrappers18call_claim_rewardsCs2PlSyXFsomm_4test
FNDA:37,_RNvYINtCseuY2Hdvmkl_15delegation_mock11ContractObjINtNtNtNtCseUmQFO6d1K9_22multiversx_sc_scenario3api7impl_vh12vm_hooks_api10VMHooksApiNtNtBR_9debug_api15DebugApiBackendEENtB5_16EndpointWrappers4callCs2PlSyXFsomm_4test
FNDA:0,_RNvYINtCseuY2Hdvmkl_15delegation_mock11ContractObjINtNtNtNtCseUmQFO6d1K9_22multiversx_sc_scenario3api7impl_vh12vm_hooks_api10VMHooksApiNtNtBR_9debug_api15DebugApiBackendEENtB5_16EndpointWrappers8callbackCs2PlSyXFsomm_4test
FNDA:0,_RNvYINtCseuY2Hdvmkl_15delegation_mock11ContractObjINtNtNtNtCseUmQFO6d1K9_22multiversx_sc_scenario3api7impl_vh12vm_hooks_api10VMHooksApiNtNtBR_9debug_api15DebugApiBackendEENtB5_16EndpointWrappers9call_initCs2PlSyXFsomm_4test
FNDA:32,_RINvCseuY2Hdvmkl_15delegation_mock12contract_objINtNtNtNtCseUmQFO6d1K9_22multiversx_sc_scenario3api7impl_vh12vm_hooks_api10VMHooksApiNtNtBP_9debug_api15DebugApiBackendEECs6XkVYXmu1nJ_15unDelegate_test
FNDA:1,_RNCNvYINtCseuY2Hdvmkl_15delegation_mock11ContractObjINtNtNtNtCseUmQFO6d1K9_22multiversx_sc_scenario3api7impl_vh12vm_hooks_api10VMHooksApiNtNtBT_9debug_api15DebugApiBackendEENtB7_14DelegationMock10undelegate0Cs6XkVYXmu1nJ_15unDelegate_test
FNDA:1,_RNCNvYINtCseuY2Hdvmkl_15delegation_mock11ContractObjINtNtNtNtCseUmQFO6d1K9_22multiversx_sc_scenario3api7impl_vh12vm_hooks_api10VMHooksApiNtNtBT_9debug_api15DebugApiBackendEENtB7_14DelegationMock10undelegates_0Cs6XkVYXmu1nJ_15unDelegate_test
FNDA:11,_RNCNvYINtCseuY2Hdvmkl_15delegation_mock11ContractObjINtNtNtNtCseUmQFO6d1K9_22multiversx_sc_scenario3api7impl_vh12vm_hooks_api10VMHooksApiNtNtBT_9debug_api15DebugApiBackendEENtB7_14DelegationMock12deposit_egld0Cs6XkVYXmu1nJ_15unDelegate_test
FNDA:10,_RNCNvYINtCseuY2Hdvmkl_15delegation_mock11ContractObjINtNtNtNtCseUmQFO6d1K9_22multiversx_sc_scenario3api7impl_vh12vm_hooks_api10VMHooksApiNtNtBT_9debug_api15DebugApiBackendEENtB7_14DelegationMock8delegate0Cs6XkVYXmu1nJ_15unDelegate_test
FNDA:10,_RNCNvYINtCseuY2Hdvmkl_15delegation_mock11ContractObjINtNtNtNtCseUmQFO6d1K9_22multiversx_sc_scenario3api7impl_vh12vm_hooks_api10VMHooksApiNtNtBT_9debug_api15DebugApiBackendEENtB7_14DelegationMock8delegates_0Cs6XkVYXmu1nJ_15unDelegate_test
FNDA:0,_RNCNvYINtCseuY2Hdvmkl_15delegation_mock11ContractObjINtNtNtNtCseUmQFO6d1K9_22multiversx_sc_scenario3api7impl_vh12vm_hooks_api10VMHooksApiNtNtBT_9debug_api15DebugApiBackendEENtB7_14DelegationMock8withdraw0Cs6XkVYXmu1nJ_15unDelegate_test
[...]
FN:6,_RNvYINtCs8xUCAf3kVhz_14liquid_staking11ContractObjINtNtNtNtCseUmQFO6d1K9_22multiversx_sc_scenario3api7impl_vh12vm_hooks_api10VMHooksApiNtNtBR_9debug_api15DebugApiBackendEENtNtB5_5views16EndpointWrappers4callCsfLmIfY5SY9l_11unbond_test
FN:6,_RNvYINtCs8xUCAf3kVhz_14liquid_staking11ContractObjINtNtNtNtCseUmQFO6d1K9_22multiversx_sc_scenario3api7impl_vh12vm_hooks_api10VMHooksApiNtNtBR_9debug_api15DebugApiBackendEENtNtB5_5views16EndpointWrappers8callbackCsfLmIfY5SY9l_11unbond_test
FNDA:0,_RNvYINtCs8xUCAf3kVhz_14liquid_staking11ContractObjINtNtNtNtCseUmQFO6d1K9_22multiversx_sc_scenario3api7impl_vh12vm_hooks_api10VMHooksApiNtNtBR_9debug_api15DebugApiBackendEENtNtB5_5views11ViewsModule17get_exchange_rateCs8LcBUgjrJzU_13delegate_test
FNDA:0,_RNvYINtCs8xUCAf3kVhz_14liquid_staking11ContractObjINtNtNtNtCseUmQFO6d1K9_22multiversx_sc_scenario3api7impl_vh12vm_hooks_api10VMHooksApiNtNtBR_9debug_api15DebugApiBackendEENtNtB5_5views11ViewsModule23get_egld_position_valueCs8LcBUgjrJzU_13delegate_test
FNDA:0,_RNvYINtCs8xUCAf3kVhz_14liquid_staking11ContractObjINtNtNtNtCseUmQFO6d1K9_22multiversx_sc_scenario3api7impl_vh12vm_hooks_api10VMHooksApiNtNtBR_9debug_api15DebugApiBackendEENtNtB5_5views11ViewsModule25can_execute_pending_tasksCs8LcBUgjrJzU_13delegate_test
FNDA:0,_RNvYINtCs8xUCAf3kVhz_14liquid_staking11ContractObjINtNtNtNtCseUmQFO6d1K9_22multiversx_sc_scenario3api7impl_vh12vm_hooks_api10VMHooksApiNtNtBR_9debug_api15DebugApiBackendEENtNtB5_5views11ViewsModule25get_ls_value_for_positionCs8LcBUgjrJzU_13delegate_test
FNDA:0,_RNvYINtCs8xUCAf3kVhz_14liquid_staking11ContractObjINtNtNtNtCseUmQFO6d1K9_22multiversx_sc_scenario3api7impl_vh12vm_hooks_api10VMHooksApiNtNtBR_9debug_api15DebugApiBackendEENtNtB5_5views11ViewsModule37get_delegation_contract_staked_amountCs8LcBUgjrJzU_13delegate_test
FNDA:0,_RNvYINtCs8xUCAf3kVhz_14liquid_staking11ContractObjINtNtNtNtCseUmQFO6d1K9_22multiversx_sc_scenario3api7impl_vh12vm_hooks_api10VMHooksApiNtNtBR_9debug_api15DebugApiBackendEENtNtB5_5views11ViewsModule39get_delegation_contract_unstaked_amountCs8LcBUgjrJzU_13delegate_test
FNDA:0,_RNvYINtCs8xUCAf3kVhz_14liquid_staking11ContractObjINtNtNtNtCseUmQFO6d1K9_22multiversx_sc_scenario3api7impl_vh12vm_hooks_api10VMHooksApiNtNtBR_9debug_api15DebugApiBackendEENtNtB5_5views16EndpointWrappers17callback_selectorCs8LcBUgjrJzU_13delegate_test
FNDA:0,_RNvYINtCs8xUCAf3kVhz_14liquid_staking11ContractObjINtNtNtNtCseUmQFO6d1K9_22multiversx_sc_scenario3api7impl_vh12vm_hooks_api10VMHooksApiNtNtBR_9debug_api15DebugApiBackendEENtNtB5_5views16EndpointWrappers22call_get_exchange_rateCs8LcBUgjrJzU_13delegate_test
FNDA:0,_RNvYINtCs8xUCAf3kVhz_14liquid_staking11ContractObjINtNtNtNtCseUmQFO6d1K9_22multiversx_sc_scenario3api7impl_vh12vm_hooks_api10VMHooksApiNtNtBR_9debug_api15DebugApiBackendEENtNtB5_5views16EndpointWrappers28call_get_egld_position_valueCs8LcBUgjrJzU_13delegate_test
FNDA:0,_RNvYINtCs8xUCAf3kVhz_14liquid_staking11ContractObjINtNtNtNtCseUmQFO6d1K9_22multiversx_sc_scenario3api7impl_vh12vm_hooks_api10VMHooksApiNtNtBR_9debug_api15DebugApiBackendEENtNtB5_5views16EndpointWrappers30call_can_execute_pending_tasksCs8LcBUgjrJzU_13delegate_test
FNDA:0,_RNvYINtCs8xUCAf3kVhz_14liquid_staking11ContractObjINtNtNtNtCseUmQFO6d1K9_22multiversx_sc_scenario3api7impl_vh12vm_hooks_api10VMHooksApiNtNtBR_9debug_api15DebugApiBackendEENtNtB5_5views16EndpointWrappers30call_get_ls_value_for_positionCs8LcBUgjrJzU_13delegate_test
FNDA:0,_RNvYINtCs8xUCAf3kVhz_14liquid_staking11ContractObjINtNtNtNtCseUmQFO6d1K9_22multiversx_sc_scenario3api7impl_vh12vm_hooks_api10VMHooksApiNtNtBR_9debug_api15DebugApiBackendEENtNtB5_5views16EndpointWrappers42call_get_delegation_contract_staked_amountCs8LcBUgjrJzU_13delegate_test
FNDA:0,_RNvYINtCs8xUCAf3kVhz_14liquid_staking11ContractObjINtNtNtNtCseUmQFO6d1K9_22multiversx_sc_scenario3api7impl_vh12vm_hooks_api10VMHooksApiNtNtBR_9debug_api15DebugApiBackendEENtNtB5_5views16EndpointWrappers44call_get_delegation_contract_unstaked_amountCs8LcBUgjrJzU_13delegate_test
FNDA:0,_RNvYINtCs8xUCAf3kVhz_14liquid_staking11ContractObjINtNtNtNtCseUmQFO6d1K9_22multiversx_sc_scenario3api7impl_vh12vm_hooks_api10VMHooksApiNtNtBR_9debug_api15DebugApiBackendEENtNtB5_5views16EndpointWrappers4callCs8LcBUgjrJzU_13delegate_test
FNDA:0,_RNvYINtCs8xUCAf3kVhz_14liquid_staking11ContractObjINtNtNtNtCseUmQFO6d1K9_22multiversx_sc_scenario3api7impl_vh12vm_hooks_api10VMHooksApiNtNtBR_9debug_api15DebugApiBackendEENtNtB5_5views16EndpointWrappers8callbackCs8LcBUgjrJzU_13delegate_test
FNDA:0,_RNvYpNtNtCs2GgvcmYNtx0_14liquid_staking5views11ViewsModule25can_execute_pending_tasksB7_
FNDA:0,_RNvYpNtNtCs2GgvcmYNtx0_14liquid_staking5views11ViewsModule25get_ls_value_for_positionB7_
FNDA:0,_RNvYpNtNtCs2GgvcmYNtx0_14liquid_staking5views11ViewsModule23get_egld_position_valueB7_
FNDA:0,_RNvYpNtNtCs2GgvcmYNtx0_14liquid_staking5views11ViewsModule17get_exchange_rateB7_
FNDA:0,_RNvYpNtNtCs2GgvcmYNtx0_14liquid_staking5views11ViewsModule37get_delegation_contract_staked_amountB7_
FNDA:0,_RNvYpNtNtCs2GgvcmYNtx0_14liquid_staking5views11ViewsModule39get_delegation_contract_unstaked_amountB7_
FNDA:0,_RNvYpNtNtCs2GgvcmYNtx0_14liquid_staking5views16EndpointWrappers30call_can_execute_pending_tasksB7_
FNDA:0,_RNvYpNtNtCs2GgvcmYNtx0_14liquid_staking5views16EndpointWrappers30call_get_ls_value_for_positionB7_
FNDA:0,_RNvYpNtNtCs2GgvcmYNtx0_14liquid_staking5views16EndpointWrappers28call_get_egld_position_valueB7_
FNDA:0,_RNvYpNtNtCs2GgvcmYNtx0_14liquid_staking5views16EndpointWrappers22call_get_exchange_rateB7_
FNDA:0,_RNvYpNtNtCs2GgvcmYNtx0_14liquid_staking5views16EndpointWrappers42call_get_delegation_contract_staked_amountB7_
FNDA:0,_RNvYpNtNtCs2GgvcmYNtx0_14liquid_staking5views16EndpointWrappers44call_get_delegation_contract_unstaked_amountB7_
FNDA:0,_RNvYpNtNtCs2GgvcmYNtx0_14liquid_staking5views16EndpointWrappers4callB7_
FNDA:0,_RNvYpNtNtCs2GgvcmYNtx0_14liquid_staking5views16EndpointWrappers17callback_selectorB7_
FNDA:0,_RNvYpNtNtCs2GgvcmYNtx0_14liquid_staking5views16EndpointWrappers8callbackB7_
FNDA:0,_RNvXs1_NtCs2GgvcmYNtx0_14liquid_staking5viewsNtB5_11AbiProviderNtNtNtCs4WmCETBkTZ5_13multiversx_sc13contract_base21contract_abi_provider19ContractAbiProvider3abi
FNDA:0,_RNvXININtCs2GgvcmYNtx0_14liquid_staking5viewssb_0pEINtB5_11ContractObjpENtNtNtCs4WmCETBkTZ5_13multiversx_sc13contract_base17callable_contract16CallableContract4callB7_
FNDA:0,_RINvNtCs2GgvcmYNtx0_14liquid_staking5views12contract_objpEB4_
FNDA:0,_RINvXsc_NtCs2GgvcmYNtx0_14liquid_staking5viewsNtB6_15ContractBuilderNtNtNtCs4WmCETBkTZ5_13multiversx_sc13contract_base17callable_contract23CallableContractBuilder16new_contract_objpEB8_
FNDA:0,_RINvNtNtCs2GgvcmYNtx0_14liquid_staking5views19___wasm__endpoints__25can_execute_pending_taskspEB6_
FNDA:0,_RINvNtNtCs2GgvcmYNtx0_14liquid_staking5views19___wasm__endpoints__25get_ls_value_for_positionpEB6_
FNDA:0,_RINvNtNtCs2GgvcmYNtx0_14liquid_staking5views19___wasm__endpoints__23get_egld_position_valuepEB6_
FNDA:0,_RINvNtNtCs2GgvcmYNtx0_14liquid_staking5views19___wasm__endpoints__17get_exchange_ratepEB6_
FNDA:0,_RINvNtNtCs2GgvcmYNtx0_14liquid_staking5views19___wasm__endpoints__37get_delegation_contract_staked_amountpEB6_
FNDA:0,_RINvNtNtCs2GgvcmYNtx0_14liquid_staking5views19___wasm__endpoints__39get_delegation_contract_unstaked_amountpEB6_
FNDA:0,_RNvYpNtNtCs2GgvcmYNtx0_14liquid_staking5views10ProxyTrait25can_execute_pending_tasksB7_
FNDA:0,_RINvYpNtNtCs2GgvcmYNtx0_14liquid_staking5views10ProxyTrait25get_ls_value_for_positionpEB8_
FNDA:0,_RINvYpNtNtCs2GgvcmYNtx0_14liquid_staking5views10ProxyTrait23get_egld_position_valuepEB8_
FNDA:0,_RNvYpNtNtCs2GgvcmYNtx0_14liquid_staking5views10ProxyTrait17get_exchange_rateB7_
FNDA:0,_RINvYpNtNtCs2GgvcmYNtx0_14liquid_staking5views10ProxyTrait37get_delegation_contract_staked_amountpEB8_
FNDA:0,_RINvYpNtNtCs2GgvcmYNtx0_14liquid_staking5views10ProxyTrait39get_delegation_contract_unstaked_amountpEB8_
FNDA:0,_RNvYINtCs8xUCAf3kVhz_14liquid_staking11ContractObjINtNtNtNtCseUmQFO6d1K9_22multiversx_sc_scenario3api7impl_vh12vm_hooks_api10VMHooksApiNtNtBR_9debug_api15DebugApiBackendEENtNtB5_5views11ViewsModule17get_exchange_rateCs2PlSyXFsomm_4test
FNDA:0,_RNvYINtCs8xUCAf3kVhz_14liquid_staking11ContractObjINtNtNtNtCseUmQFO6d1K9_22multiversx_sc_scenario3api7impl_vh12vm_hooks_api10VMHooksApiNtNtBR_9debug_api15DebugApiBackendEENtNtB5_5views11ViewsModule23get_egld_position_valueCs2PlSyXFsomm_4test
FNDA:0,_RNvYINtCs8xUCAf3kVhz_14liquid_staking11ContractObjINtNtNtNtCseUmQFO6d1K9_22multiversx_sc_scenario3api7impl_vh12vm_hooks_api10VMHooksApiNtNtBR_9debug_api15DebugApiBackendEENtNtB5_5views11ViewsModule25can_execute_pending_tasksCs2PlSyXFsomm_4test
FNDA:0,_RNvYINtCs8xUCAf3kVhz_14liquid_staking11ContractObjINtNtNtNtCseUmQFO6d1K9_22multiversx_sc_scenario3api7impl_vh12vm_hooks_api10VMHooksApiNtNtBR_9debug_api15DebugApiBackendEENtNtB5_5views11ViewsModule25get_ls_value_for_positionCs2PlSyXFsomm_4test
FNDA:0,_RNvYINtCs8xUCAf3kVhz_14liquid_staking11ContractObjINtNtNtNtCseUmQFO6d1K9_22multiversx_sc_scenario3api7impl_vh12vm_hooks_api10VMHooksApiNtNtBR_9debug_api15DebugApiBackendEENtNtB5_5views11ViewsModule37get_delegation_contract_staked_amountCs2PlSyXFsomm_4test
FNDA:0,_RNvYINtCs8xUCAf3kVhz_14liquid_staking11ContractObjINtNtNtNtCseUmQFO6d1K9_22multiversx_sc_scenario3api7impl_vh12vm_hooks_api10VMHooksApiNtNtBR_9debug_api15DebugApiBackendEENtNtB5_5views11ViewsModule39get_delegation_contract_unstaked_amountCs2PlSyXFsomm_4test
FNDA:0,_RNvYINtCs8xUCAf3kVhz_14liquid_staking11ContractObjINtNtNtNtCseUmQFO6d1K9_22multiversx_sc_scenario3api7impl_vh12vm_hooks_api10VMHooksApiNtNtBR_9debug_api15DebugApiBackendEENtNtB5_5views16EndpointWrappers17callback_selectorCs2PlSyXFsomm_4test
FNDA:0,_RNvYINtCs8xUCAf3kVhz_14liquid_staking11ContractObjINtNtNtNtCseUmQFO6d1K9_22multiversx_sc_scenario3api7impl_vh12vm_hooks_api10VMHooksApiNtNtBR_9debug_api15DebugApiBackendEENtNtB5_5views16EndpointWrappers22call_get_exchange_rateCs2PlSyXFsomm_4test
FNDA:0,_RNvYINtCs8xUCAf3kVhz_14liquid_staking11ContractObjINtNtNtNtCseUmQFO6d1K9_22multiversx_sc_scenario3api7impl_vh12vm_hooks_api10VMHooksApiNtNtBR_9debug_api15DebugApiBackendEENtNtB5_5views16EndpointWrappers28call_get_egld_position_valueCs2PlSyXFsomm_4test
FNDA:0,_RNvYINtCs8xUCAf3kVhz_14liquid_staking11ContractObjINtNtNtNtCseUmQFO6d1K9_22multiversx_sc_scenario3api7impl_vh12vm_hooks_api10VMHooksApiNtNtBR_9debug_api15DebugApiBackendEENtNtB5_5views16EndpointWrappers30call_can_execute_pending_tasksCs2PlSyXFsomm_4test
FNDA:0,_RNvYINtCs8xUCAf3kVhz_14liquid_staking11ContractObjINtNtNtNtCseUmQFO6d1K9_22multiversx_sc_scenario3api7impl_vh12vm_hooks_api10VMHooksApiNtNtBR_9debug_api15DebugApiBackendEENtNtB5_5views16EndpointWrappers30call_get_ls_value_for_positionCs2PlSyXFsomm_4test
FNDA:0,_RNvYINtCs8xUCAf3kVhz_14liquid_staking11ContractObjINtNtNtNtCseUmQFO6d1K9_22multiversx_sc_scenario3api7impl_vh12vm_hooks_api10VMHooksApiNtNtBR_9debug_api15DebugApiBackendEENtNtB5_5views16EndpointWrappers42call_get_delegation_contract_staked_amountCs2PlSyXFsomm_4test
FNDA:0,_RNvYINtCs8xUCAf3kVhz_14liquid_staking11ContractObjINtNtNtNtCseUmQFO6d1K9_22multiversx_sc_scenario3api7impl_vh12vm_hooks_api10VMHooksApiNtNtBR_9debug_api15DebugApiBackendEENtNtB5_5views16EndpointWrappers44call_get_delegation_contract_unstaked_amountCs2PlSyXFsomm_4test
FNDA:0,_RNvYINtCs8xUCAf3kVhz_14liquid_staking11ContractObjINtNtNtNtCseUmQFO6d1K9_22multiversx_sc_scenario3api7impl_vh12vm_hooks_api10VMHooksApiNtNtBR_9debug_api15DebugApiBackendEENtNtB5_5views16EndpointWrappers4callCs2PlSyXFsomm_4test
FNDA:0,_RNvYINtCs8xUCAf3kVhz_14liquid_staking11ContractObjINtNtNtNtCseUmQFO6d1K9_22multiversx_sc_scenario3api7impl_vh12vm_hooks_api10VMHooksApiNtNtBR_9debug_api15DebugApiBackendEENtNtB5_5views16EndpointWrappers8callbackCs2PlSyXFsomm_4test
FNDA:0,_RNvYINtCs8xUCAf3kVhz_14liquid_staking11ContractObjINtNtNtNtCseUmQFO6d1K9_22multiversx_sc_scenario3api7impl_vh12vm_hooks_api10VMHooksApiNtNtBR_9debug_api15DebugApiBackendEENtNtB5_5views11ViewsModule17get_exchange_rateCs6XkVYXmu1nJ_15unDelegate_test
FNDA:0,_RNvYINtCs8xUCAf3kVhz_14liquid_staking11ContractObjINtNtNtNtCseUmQFO6d1K9_22multiversx_sc_scenario3api7impl_vh12vm_hooks_api10VMHooksApiNtNtBR_9debug_api15DebugApiBackendEENtNtB5_5views11ViewsModule23get_egld_position_valueCs6XkVYXmu1nJ_15unDelegate_test
FNDA:0,_RNvYINtCs8xUCAf3kVhz_14liquid_staking11ContractObjINtNtNtNtCseUmQFO6d1K9_22multiversx_sc_scenario3api7impl_vh12vm_hooks_api10VMHooksApiNtNtBR_9debug_api15DebugApiBackendEENtNtB5_5views11ViewsModule25can_execute_pending_tasksCs6XkVYXmu1nJ_15unDelegate_test
FNDA:0,_RNvYINtCs8xUCAf3kVhz_14liquid_staking11ContractObjINtNtNtNtCseUmQFO6d1K9_22multiversx_sc_scenario3api7impl_vh12vm_hooks_api10VMHooksApiNtNtBR_9debug_api15DebugApiBackendEENtNtB5_5views11ViewsModule25get_ls_value_for_positionCs6XkVYXmu1nJ_15unDelegate_test
FNDA:0,_RNvYINtCs8xUCAf3kVhz_14liquid_staking11ContractObjINtNtNtNtCseUmQFO6d1K9_22multiversx_sc_scenario3api7impl_vh12vm_hooks_api10VMHooksApiNtNtBR_9debug_api15DebugApiBackendEENtNtB5_5views11ViewsModule37get_delegation_contract_staked_amountCs6XkVYXmu1nJ_15unDelegate_test
FNDA:0,_RNvYINtCs8xUCAf3kVhz_14liquid_staking11ContractObjINtNtNtNtCseUmQFO6d1K9_22multiversx_sc_scenario3api7impl_vh12vm_hooks_api10VMHooksApiNtNtBR_9debug_api15DebugApiBackendEENtNtB5_5views11ViewsModule39get_delegation_contract_unstaked_amountCs6XkVYXmu1nJ_15unDelegate_test
FNDA:0,_RNvYINtCs8xUCAf3kVhz_14liquid_staking11ContractObjINtNtNtNtCseUmQFO6d1K9_22multiversx_sc_scenario3api7impl_vh12vm_hooks_api10VMHooksApiNtNtBR_9debug_api15DebugApiBackendEENtNtB5_5views16EndpointWrappers17callback_selectorCs6XkVYXmu1nJ_15unDelegate_test
FNDA:0,_RNvYINtCs8xUCAf3kVhz_14liquid_staking11ContractObjINtNtNtNtCseUmQFO6d1K9_22multiversx_sc_scenario3api7impl_vh12vm_hooks_api10VMHooksApiNtNtBR_9debug_api15DebugApiBackendEENtNtB5_5views16EndpointWrappers22call_get_exchange_rateCs6XkVYXmu1nJ_15unDelegate_test
FNDA:0,_RNvYINtCs8xUCAf3kVhz_14liquid_staking11ContractObjINtNtNtNtCseUmQFO6d1K9_22multiversx_sc_scenario3api7impl_vh12vm_hooks_api10VMHooksApiNtNtBR_9debug_api15DebugApiBackendEENtNtB5_5views16EndpointWrappers28call_get_egld_position_valueCs6XkVYXmu1nJ_15unDelegate_test
FNDA:0,_RNvYINtCs8xUCAf3kVhz_14liquid_staking11ContractObjINtNtNtNtCseUmQFO6d1K9_22multiversx_sc_scenario3api7impl_vh12vm_hooks_api10VMHooksApiNtNtBR_9debug_api15DebugApiBackendEENtNtB5_5views16EndpointWrappers30call_can_execute_pending_tasksCs6XkVYXmu1nJ_15unDelegate_test
FNDA:0,_RNvYINtCs8xUCAf3kVhz_14liquid_staking11ContractObjINtNtNtNtCseUmQFO6d1K9_22multiversx_sc_scenario3api7impl_vh12vm_hooks_api10VMHooksApiNtNtBR_9debug_api15DebugApiBackendEENtNtB5_5views16EndpointWrappers30call_get_ls_value_for_positionCs6XkVYXmu1nJ_15unDelegate_test
FNDA:0,_RNvYINtCs8xUCAf3kVhz_14liquid_staking11ContractObjINtNtNtNtCseUmQFO6d1K9_22multiversx_sc_scenario3api7impl_vh12vm_hooks_api10VMHooksApiNtNtBR_9debug_api15DebugApiBackendEENtNtB5_5views16EndpointWrappers42call_get_delegation_contract_staked_amountCs6XkVYXmu1nJ_15unDelegate_test
FNDA:0,_RNvYINtCs8xUCAf3kVhz_14liquid_staking11ContractObjINtNtNtNtCseUmQFO6d1K9_22multiversx_sc_scenario3api7impl_vh12vm_hooks_api10VMHooksApiNtNtBR_9debug_api15DebugApiBackendEENtNtB5_5views16EndpointWrappers44call_get_delegation_contract_unstaked_amountCs6XkVYXmu1nJ_15unDelegate_test
FNDA:0,_RNvYINtCs8xUCAf3kVhz_14liquid_staking11ContractObjINtNtNtNtCseUmQFO6d1K9_22multiversx_sc_scenario3api7impl_vh12vm_hooks_api10VMHooksApiNtNtBR_9debug_api15DebugApiBackendEENtNtB5_5views16EndpointWrappers4callCs6XkVYXmu1nJ_15unDelegate_test
FNDA:0,_RNvYINtCs8xUCAf3kVhz_14liquid_staking11ContractObjINtNtNtNtCseUmQFO6d1K9_22multiversx_sc_scenario3api7impl_vh12vm_hooks_api10VMHooksApiNtNtBR_9debug_api15DebugApiBackendEENtNtB5_5views16EndpointWrappers8callbackCs6XkVYXmu1nJ_15unDelegate_test
FNDA:0,_RNvYINtCs8xUCAf3kVhz_14liquid_staking11ContractObjINtNtNtNtCseUmQFO6d1K9_22multiversx_sc_scenario3api7impl_vh12vm_hooks_api10VMHooksApiNtNtBR_9debug_api15DebugApiBackendEENtNtB5_5views11ViewsModule17get_exchange_rateCsfLmIfY5SY9l_11unbond_test
FNDA:0,_RNvYINtCs8xUCAf3kVhz_14liquid_staking11ContractObjINtNtNtNtCseUmQFO6d1K9_22multiversx_sc_scenario3api7impl_vh12vm_hooks_api10VMHooksApiNtNtBR_9debug_api15DebugApiBackendEENtNtB5_5views11ViewsModule23get_egld_position_valueCsfLmIfY5SY9l_11unbond_test
FNDA:0,_RNvYINtCs8xUCAf3kVhz_14liquid_staking11ContractObjINtNtNtNtCseUmQFO6d1K9_22multiversx_sc_scenario3api7impl_vh12vm_hooks_api10VMHooksApiNtNtBR_9debug_api15DebugApiBackendEENtNtB5_5views11ViewsModule25can_execute_pending_tasksCsfLmIfY5SY9l_11unbond_test
FNDA:0,_RNvYINtCs8xUCAf3kVhz_14liquid_staking11ContractObjINtNtNtNtCseUmQFO6d1K9_22multiversx_sc_scenario3api7impl_vh12vm_hooks_api10VMHooksApiNtNtBR_9debug_api15DebugApiBackendEENtNtB5_5views11ViewsModule25get_ls_value_for_positionCsfLmIfY5SY9l_11unbond_test
FNDA:0,_RNvYINtCs8xUCAf3kVhz_14liquid_staking11ContractObjINtNtNtNtCseUmQFO6d1K9_22multiversx_sc_scenario3api7impl_vh12vm_hooks_api10VMHooksApiNtNtBR_9debug_api15DebugApiBackendEENtNtB5_5views11ViewsModule37get_delegation_contract_staked_amountCsfLmIfY5SY9l_11unbond_test
FNDA:0,_RNvYINtCs8xUCAf3kVhz_14liquid_staking11ContractObjINtNtNtNtCseUmQFO6d1K9_22multiversx_sc_scenario3api7impl_vh12vm_hooks_api10VMHooksApiNtNtBR_9debug_api15DebugApiBackendEENtNtB5_5views11ViewsModule39get_delegation_contract_unstaked_amountCsfLmIfY5SY9l_11unbond_test
FNDA:0,_RNvYINtCs8xUCAf3kVhz_14liquid_staking11ContractObjINtNtNtNtCseUmQFO6d1K9_22multiversx_sc_scenario3api7impl_vh12vm_hooks_api10VMHooksApiNtNtBR_9debug_api15DebugApiBackendEENtNtB5_5views16EndpointWrappers17callback_selectorCsfLmIfY5SY9l_11unbond_test
FNDA:0,_RNvYINtCs8xUCAf3kVhz_14liquid_staking11ContractObjINtNtNtNtCseUmQFO6d1K9_22multiversx_sc_scenario3api7impl_vh12vm_hooks_api10VMHooksApiNtNtBR_9debug_api15DebugApiBackendEENtNtB5_5views16EndpointWrappers22call_get_exchange_rateCsfLmIfY5SY9l_11unbond_test
FNDA:0,_RNvYINtCs8xUCAf3kVhz_14liquid_staking11ContractObjINtNtNtNtCseUmQFO6d1K9_22multiversx_sc_scenario3api7impl_vh12vm_hooks_api10VMHooksApiNtNtBR_9debug_api15DebugApiBackendEENtNtB5_5views16EndpointWrappers28call_get_egld_position_valueCsfLmIfY5SY9l_11unbond_test
FNDA:0,_RNvYINtCs8xUCAf3kVhz_14liquid_staking11ContractObjINtNtNtNtCseUmQFO6d1K9_22multiversx_sc_scenario3api7impl_vh12vm_hooks_api10VMHooksApiNtNtBR_9debug_api15DebugApiBackendEENtNtB5_5views16EndpointWrappers30call_can_execute_pending_tasksCsfLmIfY5SY9l_11unbond_test
FNDA:0,_RNvYINtCs8xUCAf3kVhz_14liquid_staking11ContractObjINtNtNtNtCseUmQFO6d1K9_22multiversx_sc_scenario3api7impl_vh12vm_hooks_api10VMHooksApiNtNtBR_9debug_api15DebugApiBackendEENtNtB5_5views16EndpointWrappers30call_get_ls_value_for_positionCsfLmIfY5SY9l_11unbond_test
FNDA:0,_RNvYINtCs8xUCAf3kVhz_14liquid_staking11ContractObjINtNtNtNtCseUmQFO6d1K9_22multiversx_sc_scenario3api7impl_vh12vm_hooks_api10VMHooksApiNtNtBR_9debug_api15DebugApiBackendEENtNtB5_5views16EndpointWrappers42call_get_delegation_contract_staked_amountCsfLmIfY5SY9l_11unbond_test
FNDA:0,_RNvYINtCs8xUCAf3kVhz_14liquid_staking11ContractObjINtNtNtNtCseUmQFO6d1K9_22multiversx_sc_scenario3api7impl_vh12vm_hooks_api10VMHooksApiNtNtBR_9debug_api15DebugApiBackendEENtNtB5_5views16EndpointWrappers44call_get_delegation_contract_unstaked_amountCsfLmIfY5SY9l_11unbond_test
FNDA:0,_RNvYINtCs8xUCAf3kVhz_14liquid_staking11ContractObjINtNtNtNtCseUmQFO6d1K9_22multiversx_sc_scenario3api7impl_vh12vm_hooks_api10VMHooksApiNtNtBR_9debug_api15DebugApiBackendEENtNtB5_5views16EndpointWrappers4callCsfLmIfY5SY9l_11unbond_test
FNDA:0,_RNvYINtCs8xUCAf3kVhz_14liquid_staking11ContractObjINtNtNtNtCseUmQFO6d1K9_22multiversx_sc_scenario3api7impl_vh12vm_hooks_api10VMHooksApiNtNtBR_9debug_api15DebugApiBackendEENtNtB5_5views16EndpointWrappers8callbackCsfLmIfY5SY9l_11unbond_test
FNF:7
FNH:0
DA:6,0
DA:14,0
DA:15,0
DA:16,0
DA:20,0
DA:21,0
DA:22,0
DA:26,0
DA:27,0
DA:28,0
DA:32,0
DA:33,0
DA:34,0
DA:35,0
DA:36,0
DA:37,0
DA:38,0
DA:39,0
DA:40,0
DA:41,0
DA:42,0
DA:43,0
DA:47,0
DA:48,0
DA:49,0
DA:56,0
DA:57,0
DA:58,0
BRF:0
BRH:0
LF:28
LH:0
end_of_record