SF:/Users/mihaieremia/GitHub/rs-egld-liquid-staking/delegation-manager-mock/meta/src/main.rs
FN:1,_RNvCs4NvGobtAzh8_28delegation_manager_mock_meta4main
FNDA:0,_RNvCs4NvGobtAzh8_28delegation_manager_mock_meta4main
FNF:1
FNH:0
DA:1,0
DA:2,0
DA:3,0
BRF:0
BRH:0
LF:3
LH:0
end_of_record
SF:/Users/mihaieremia/GitHub/rs-egld-liquid-staking/delegation-manager-mock/src/delegation_manager.rs
FN:5,_RNvYINtNtNtCs7UgnDnxPgRZ_13multiversx_sc13contract_base22universal_contract_obj20UniversalContractObjINtNtNtNtCsaMwVqZEhbLD_22multiversx_sc_scenario3api7impl_vh12vm_hooks_api10VMHooksApiNtNtB1G_9debug_api15DebugApiBackendEENtCsl4jz1D9fQqT_23delegation_manager_mock16EndpointWrappers4callCsbr1bkIJcXG0_13delegate_test
FN:11,_RNvYINtNtNtCs7UgnDnxPgRZ_13multiversx_sc13contract_base22universal_contract_obj20UniversalContractObjINtNtNtNtCsaMwVqZEhbLD_22multiversx_sc_scenario3api7impl_vh12vm_hooks_api10VMHooksApiNtNtB1G_9debug_api15DebugApiBackendEENtCsl4jz1D9fQqT_23delegation_manager_mock21DelegationManagerMock14claim_multipleCsbr1bkIJcXG0_13delegate_test
FN:5,_RNvYpNtCs7sO5tVTNje7_23delegation_manager_mock16EndpointWrappers4callB5_
FN:11,_RNvYpNtCs7sO5tVTNje7_23delegation_manager_mock21DelegationManagerMock14claim_multipleB5_
FN:5,_RNvYINtNtNtCs7UgnDnxPgRZ_13multiversx_sc13contract_base22universal_contract_obj20UniversalContractObjINtNtNtNtCsaMwVqZEhbLD_22multiversx_sc_scenario3api7impl_vh12vm_hooks_api10VMHooksApiNtNtB1G_9debug_api15DebugApiBackendEENtCsl4jz1D9fQqT_23delegation_manager_mock16EndpointWrappers4callCser75boan3cC_4test
FN:11,_RNvYINtNtNtCs7UgnDnxPgRZ_13multiversx_sc13contract_base22universal_contract_obj20UniversalContractObjINtNtNtNtCsaMwVqZEhbLD_22multiversx_sc_scenario3api7impl_vh12vm_hooks_api10VMHooksApiNtNtB1G_9debug_api15DebugApiBackendEENtCsl4jz1D9fQqT_23delegation_manager_mock21DelegationManagerMock14claim_multipleCser75boan3cC_4test
FN:5,_RNvYINtNtNtCs7UgnDnxPgRZ_13multiversx_sc13contract_base22universal_contract_obj20UniversalContractObjINtNtNtNtCsaMwVqZEhbLD_22multiversx_sc_scenario3api7impl_vh12vm_hooks_api10VMHooksApiNtNtB1G_9debug_api15DebugApiBackendEENtCsl4jz1D9fQqT_23delegation_manager_mock16EndpointWrappers4callCs2kY4YTISLqz_15unDelegate_test
FN:11,_RNvYINtNtNtCs7UgnDnxPgRZ_13multiversx_sc13contract_base22universal_contract_obj20UniversalContractObjINtNtNtNtCsaMwVqZEhbLD_22multiversx_sc_scenario3api7impl_vh12vm_hooks_api10VMHooksApiNtNtB1G_9debug_api15DebugApiBackendEENtCsl4jz1D9fQqT_23delegation_manager_mock21DelegationManagerMock14claim_multipleCs2kY4YTISLqz_15unDelegate_test
FN:5,_RNvYINtNtNtCs7UgnDnxPgRZ_13multiversx_sc13contract_base22universal_contract_obj20UniversalContractObjINtNtNtNtCsaMwVqZEhbLD_22multiversx_sc_scenario3api7impl_vh12vm_hooks_api10VMHooksApiNtNtB1G_9debug_api15DebugApiBackendEENtCsl4jz1D9fQqT_23delegation_manager_mock16EndpointWrappers4callCsiSFVsKXOszz_11unbond_test
FN:11,_RNvYINtNtNtCs7UgnDnxPgRZ_13multiversx_sc13contract_base22universal_contract_obj20UniversalContractObjINtNtNtNtCsaMwVqZEhbLD_22multiversx_sc_scenario3api7impl_vh12vm_hooks_api10VMHooksApiNtNtB1G_9debug_api15DebugApiBackendEENtCsl4jz1D9fQqT_23delegation_manager_mock21DelegationManagerMock14claim_multipleCsiSFVsKXOszz_11unbond_test
FNDA:14,_RNvYINtNtNtCs7UgnDnxPgRZ_13multiversx_sc13contract_base22universal_contract_obj20UniversalContractObjINtNtNtNtCsaMwVqZEhbLD_22multiversx_sc_scenario3api7impl_vh12vm_hooks_api10VMHooksApiNtNtB1G_9debug_api15DebugApiBackendEENtCsl4jz1D9fQqT_23delegation_manager_mock16EndpointWrappers4callCsbr1bkIJcXG0_13delegate_test
FNDA:0,_RNvYINtNtNtCs7UgnDnxPgRZ_13multiversx_sc13contract_base22universal_contract_obj20UniversalContractObjINtNtNtNtCsaMwVqZEhbLD_22multiversx_sc_scenario3api7impl_vh12vm_hooks_api10VMHooksApiNtNtB1G_9debug_api15DebugApiBackendEENtCsl4jz1D9fQqT_23delegation_manager_mock21DelegationManagerMock14claim_multipleCsbr1bkIJcXG0_13delegate_test
FNDA:0,_RNvYpNtCs7sO5tVTNje7_23delegation_manager_mock16EndpointWrappers4callB5_
FNDA:0,_RNvYpNtCs7sO5tVTNje7_23delegation_manager_mock21DelegationManagerMock14claim_multipleB5_
FNDA:5,_RNvYINtNtNtCs7UgnDnxPgRZ_13multiversx_sc13contract_base22universal_contract_obj20UniversalContractObjINtNtNtNtCsaMwVqZEhbLD_22multiversx_sc_scenario3api7impl_vh12vm_hooks_api10VMHooksApiNtNtB1G_9debug_api15DebugApiBackendEENtCsl4jz1D9fQqT_23delegation_manager_mock16EndpointWrappers4callCser75boan3cC_4test
FNDA:0,_RNvYINtNtNtCs7UgnDnxPgRZ_13multiversx_sc13contract_base22universal_contract_obj20UniversalContractObjINtNtNtNtCsaMwVqZEhbLD_22multiversx_sc_scenario3api7impl_vh12vm_hooks_api10VMHooksApiNtNtB1G_9debug_api15DebugApiBackendEENtCsl4jz1D9fQqT_23delegation_manager_mock21DelegationManagerMock14claim_multipleCser75boan3cC_4test
FNDA:19,_RNvYINtNtNtCs7UgnDnxPgRZ_13multiversx_sc13contract_base22universal_contract_obj20UniversalContractObjINtNtNtNtCsaMwVqZEhbLD_22multiversx_sc_scenario3api7impl_vh12vm_hooks_api10VMHooksApiNtNtB1G_9debug_api15DebugApiBackendEENtCsl4jz1D9fQqT_23delegation_manager_mock16EndpointWrappers4callCs2kY4YTISLqz_15unDelegate_test
FNDA:0,_RNvYINtNtNtCs7UgnDnxPgRZ_13multiversx_sc13contract_base22universal_contract_obj20UniversalContractObjINtNtNtNtCsaMwVqZEhbLD_22multiversx_sc_scenario3api7impl_vh12vm_hooks_api10VMHooksApiNtNtB1G_9debug_api15DebugApiBackendEENtCsl4jz1D9fQqT_23delegation_manager_mock21DelegationManagerMock14claim_multipleCs2kY4YTISLqz_15unDelegate_test
FNDA:8,_RNvYINtNtNtCs7UgnDnxPgRZ_13multiversx_sc13contract_base22universal_contract_obj20UniversalContractObjINtNtNtNtCsaMwVqZEhbLD_22multiversx_sc_scenario3api7impl_vh12vm_hooks_api10VMHooksApiNtNtB1G_9debug_api15DebugApiBackendEENtCsl4jz1D9fQqT_23delegation_manager_mock16EndpointWrappers4callCsiSFVsKXOszz_11unbond_test
FNDA:0,_RNvYINtNtNtCs7UgnDnxPgRZ_13multiversx_sc13contract_base22universal_contract_obj20UniversalContractObjINtNtNtNtCsaMwVqZEhbLD_22multiversx_sc_scenario3api7impl_vh12vm_hooks_api10VMHooksApiNtNtB1G_9debug_api15DebugApiBackendEENtCsl4jz1D9fQqT_23delegation_manager_mock21DelegationManagerMock14claim_multipleCsiSFVsKXOszz_11unbond_test
FNF:2
FNH:1
DA:5,46
DA:11,0
DA:12,0
DA:13,0
DA:14,0
DA:15,0
DA:16,0
DA:17,0
DA:18,0
DA:19,0
DA:20,0
DA:21,0
DA:22,0
DA:23,0
DA:24,0
DA:25,0
DA:26,0
BRF:0
BRH:0
LF:17
LH:1
end_of_record
SF:/Users/mihaieremia/GitHub/rs-egld-liquid-staking/delegation-manager-mock/src/proxy_delegation.rs
FN:103,_RNvMs0_NtCsl4jz1D9fQqT_23delegation_manager_mock16proxy_delegationINtB5_26DelegationMockProxyMethodsINtNtNtNtNtCs7UgnDnxPgRZ_13multiversx_sc5types11interaction7tx_exec9tx_env_sc7TxScEnvINtNtNtNtCsaMwVqZEhbLD_22multiversx_sc_scenario3api7impl_vh12vm_hooks_api10VMHooksApiNtNtB32_9debug_api15DebugApiBackendEEuRINtNtNtNtB1J_7managed7wrapped15managed_address14ManagedAddressB2X_EuE13claim_rewardsCsbr1bkIJcXG0_13delegate_test
FN:23,_RNvXNtCsl4jz1D9fQqT_23delegation_manager_mock16proxy_delegationNtB2_19DelegationMockProxyINtNtNtNtCs7UgnDnxPgRZ_13multiversx_sc5types11interaction8tx_proxy12TxProxyTraitINtNtNtB1u_7tx_exec9tx_env_sc7TxScEnvINtNtNtNtCsaMwVqZEhbLD_22multiversx_sc_scenario3api7impl_vh12vm_hooks_api10VMHooksApiNtNtB3n_9debug_api15DebugApiBackendEEuRINtNtNtNtB1w_7managed7wrapped15managed_address14ManagedAddressB3i_EuE13proxy_methodsCsbr1bkIJcXG0_13delegate_test
FN:65,_RNvMs0_NtCsl4jz1D9fQqT_23delegation_manager_mock16proxy_delegationINtB5_26DelegationMockProxyMethodsNtNtNtNtCsaMwVqZEhbLD_22multiversx_sc_scenario6facade8world_tx18scenario_exec_call15ScenarioEnvExecRNtNtNtCs1doEKjUmfa2_21multiversx_chain_core5types7address7AddressRINtNtNtNtNtCs7UgnDnxPgRZ_13multiversx_sc5types7managed7wrapped15managed_address14ManagedAddressINtNtNtNtB1I_3api7impl_vh12vm_hooks_api10VMHooksApiNtNtB5S_10static_api16StaticApiBackendEEuE12deposit_egldCsbr1bkIJcXG0_13delegate_test
FN:46,_RNvMs_NtCsl4jz1D9fQqT_23delegation_manager_mock16proxy_delegationINtB4_26DelegationMockProxyMethodsNtNtNtNtCsaMwVqZEhbLD_22multiversx_sc_scenario6facade8world_tx18scenario_exec_call15ScenarioEnvExecNtNtNtNtNtCs7UgnDnxPgRZ_13multiversx_sc5types11interaction4expr12test_address11TestAddressuuE4initCsbr1bkIJcXG0_13delegate_test
FN:23,_RNvXNtCsl4jz1D9fQqT_23delegation_manager_mock16proxy_delegationNtB2_19DelegationMockProxyINtNtNtNtCs7UgnDnxPgRZ_13multiversx_sc5types11interaction8tx_proxy12TxProxyTraitNtNtNtNtCsaMwVqZEhbLD_22multiversx_sc_scenario6facade8world_tx18scenario_exec_call15ScenarioEnvExecNtNtNtB1u_4expr12test_address11TestAddressuuE13proxy_methodsCsbr1bkIJcXG0_13delegate_test
FN:23,_RNvXNtCsl4jz1D9fQqT_23delegation_manager_mock16proxy_delegationNtB2_19DelegationMockProxyINtNtNtNtCs7UgnDnxPgRZ_13multiversx_sc5types11interaction8tx_proxy12TxProxyTraitNtNtNtNtCsaMwVqZEhbLD_22multiversx_sc_scenario6facade8world_tx18scenario_exec_call15ScenarioEnvExecRNtNtNtCs1doEKjUmfa2_21multiversx_chain_core5types7address7AddressRINtNtNtNtB1w_7managed7wrapped15managed_address14ManagedAddressINtNtNtNtB2P_3api7impl_vh12vm_hooks_api10VMHooksApiNtNtB6s_10static_api16StaticApiBackendEEuE13proxy_methodsCsbr1bkIJcXG0_13delegate_test
FN:81,_RINvMs0_NtCs7sO5tVTNje7_23delegation_manager_mock16proxy_delegationINtB6_26DelegationMockProxyMethodsppppE10undelegatepEB8_
FN:65,_RNvMs0_NtCs7sO5tVTNje7_23delegation_manager_mock16proxy_delegationINtB5_26DelegationMockProxyMethodsppppE12deposit_egldB7_
FN:103,_RNvMs0_NtCs7sO5tVTNje7_23delegation_manager_mock16proxy_delegationINtB5_26DelegationMockProxyMethodsppppE13claim_rewardsB7_
FN:73,_RNvMs0_NtCs7sO5tVTNje7_23delegation_manager_mock16proxy_delegationINtB5_26DelegationMockProxyMethodsppppE8delegateB7_
FN:94,_RNvMs0_NtCs7sO5tVTNje7_23delegation_manager_mock16proxy_delegationINtB5_26DelegationMockProxyMethodsppppE8withdrawB7_
FN:46,_RNvMs_NtCs7sO5tVTNje7_23delegation_manager_mock16proxy_delegationINtB4_26DelegationMockProxyMethodsppupE4initB6_
FN:23,_RNvXININtCs7sO5tVTNje7_23delegation_manager_mock16proxy_delegation0ppppENtB5_19DelegationMockProxyINtNtNtNtCs7UgnDnxPgRZ_13multiversx_sc5types11interaction8tx_proxy12TxProxyTraitppppE13proxy_methodsB7_
FN:103,_RNvMs0_NtCsl4jz1D9fQqT_23delegation_manager_mock16proxy_delegationINtB5_26DelegationMockProxyMethodsINtNtNtNtNtCs7UgnDnxPgRZ_13multiversx_sc5types11interaction7tx_exec9tx_env_sc7TxScEnvINtNtNtNtCsaMwVqZEhbLD_22multiversx_sc_scenario3api7impl_vh12vm_hooks_api10VMHooksApiNtNtB32_9debug_api15DebugApiBackendEEuRINtNtNtNtB1J_7managed7wrapped15managed_address14ManagedAddressB2X_EuE13claim_rewardsCser75boan3cC_4test
FN:23,_RNvXNtCsl4jz1D9fQqT_23delegation_manager_mock16proxy_delegationNtB2_19DelegationMockProxyINtNtNtNtCs7UgnDnxPgRZ_13multiversx_sc5types11interaction8tx_proxy12TxProxyTraitINtNtNtB1u_7tx_exec9tx_env_sc7TxScEnvINtNtNtNtCsaMwVqZEhbLD_22multiversx_sc_scenario3api7impl_vh12vm_hooks_api10VMHooksApiNtNtB3n_9debug_api15DebugApiBackendEEuRINtNtNtNtB1w_7managed7wrapped15managed_address14ManagedAddressB3i_EuE13proxy_methodsCser75boan3cC_4test
FN:65,_RNvMs0_NtCsl4jz1D9fQqT_23delegation_manager_mock16proxy_delegationINtB5_26DelegationMockProxyMethodsNtNtNtNtCsaMwVqZEhbLD_22multiversx_sc_scenario6facade8world_tx18scenario_exec_call15ScenarioEnvExecRNtNtNtCs1doEKjUmfa2_21multiversx_chain_core5types7address7AddressRINtNtNtNtNtCs7UgnDnxPgRZ_13multiversx_sc5types7managed7wrapped15managed_address14ManagedAddressINtNtNtNtB1I_3api7impl_vh12vm_hooks_api10VMHooksApiNtNtB5S_10static_api16StaticApiBackendEEuE12deposit_egldCser75boan3cC_4test
FN:46,_RNvMs_NtCsl4jz1D9fQqT_23delegation_manager_mock16proxy_delegationINtB4_26DelegationMockProxyMethodsNtNtNtNtCsaMwVqZEhbLD_22multiversx_sc_scenario6facade8world_tx18scenario_exec_call15ScenarioEnvExecNtNtNtNtNtCs7UgnDnxPgRZ_13multiversx_sc5types11interaction4expr12test_address11TestAddressuuE4initCser75boan3cC_4test
FN:23,_RNvXNtCsl4jz1D9fQqT_23delegation_manager_mock16proxy_delegationNtB2_19DelegationMockProxyINtNtNtNtCs7UgnDnxPgRZ_13multiversx_sc5types11interaction8tx_proxy12TxProxyTraitNtNtNtNtCsaMwVqZEhbLD_22multiversx_sc_scenario6facade8world_tx18scenario_exec_call15ScenarioEnvExecNtNtNtB1u_4expr12test_address11TestAddressuuE13proxy_methodsCser75boan3cC_4test
FN:23,_RNvXNtCsl4jz1D9fQqT_23delegation_manager_mock16proxy_delegationNtB2_19DelegationMockProxyINtNtNtNtCs7UgnDnxPgRZ_13multiversx_sc5types11interaction8tx_proxy12TxProxyTraitNtNtNtNtCsaMwVqZEhbLD_22multiversx_sc_scenario6facade8world_tx18scenario_exec_call15ScenarioEnvExecRNtNtNtCs1doEKjUmfa2_21multiversx_chain_core5types7address7AddressRINtNtNtNtB1w_7managed7wrapped15managed_address14ManagedAddressINtNtNtNtB2P_3api7impl_vh12vm_hooks_api10VMHooksApiNtNtB6s_10static_api16StaticApiBackendEEuE13proxy_methodsCser75boan3cC_4test
FN:103,_RNvMs0_NtCsl4jz1D9fQqT_23delegation_manager_mock16proxy_delegationINtB5_26DelegationMockProxyMethodsINtNtNtNtNtCs7UgnDnxPgRZ_13multiversx_sc5types11interaction7tx_exec9tx_env_sc7TxScEnvINtNtNtNtCsaMwVqZEhbLD_22multiversx_sc_scenario3api7impl_vh12vm_hooks_api10VMHooksApiNtNtB32_9debug_api15DebugApiBackendEEuRINtNtNtNtB1J_7managed7wrapped15managed_address14ManagedAddressB2X_EuE13claim_rewardsCs2kY4YTISLqz_15unDelegate_test
FN:23,_RNvXNtCsl4jz1D9fQqT_23delegation_manager_mock16proxy_delegationNtB2_19DelegationMockProxyINtNtNtNtCs7UgnDnxPgRZ_13multiversx_sc5types11interaction8tx_proxy12TxProxyTraitINtNtNtB1u_7tx_exec9tx_env_sc7TxScEnvINtNtNtNtCsaMwVqZEhbLD_22multiversx_sc_scenario3api7impl_vh12vm_hooks_api10VMHooksApiNtNtB3n_9debug_api15DebugApiBackendEEuRINtNtNtNtB1w_7managed7wrapped15managed_address14ManagedAddressB3i_EuE13proxy_methodsCs2kY4YTISLqz_15unDelegate_test
FN:65,_RNvMs0_NtCsl4jz1D9fQqT_23delegation_manager_mock16proxy_delegationINtB5_26DelegationMockProxyMethodsNtNtNtNtCsaMwVqZEhbLD_22multiversx_sc_scenario6facade8world_tx18scenario_exec_call15ScenarioEnvExecRNtNtNtCs1doEKjUmfa2_21multiversx_chain_core5types7address7AddressRINtNtNtNtNtCs7UgnDnxPgRZ_13multiversx_sc5types7managed7wrapped15managed_address14ManagedAddressINtNtNtNtB1I_3api7impl_vh12vm_hooks_api10VMHooksApiNtNtB5S_10static_api16StaticApiBackendEEuE12deposit_egldCs2kY4YTISLqz_15unDelegate_test
FN:46,_RNvMs_NtCsl4jz1D9fQqT_23delegation_manager_mock16proxy_delegationINtB4_26DelegationMockProxyMethodsNtNtNtNtCsaMwVqZEhbLD_22multiversx_sc_scenario6facade8world_tx18scenario_exec_call15ScenarioEnvExecNtNtNtNtNtCs7UgnDnxPgRZ_13multiversx_sc5types11interaction4expr12test_address11TestAddressuuE4initCs2kY4YTISLqz_15unDelegate_test
FN:23,_RNvXNtCsl4jz1D9fQqT_23delegation_manager_mock16proxy_delegationNtB2_19DelegationMockProxyINtNtNtNtCs7UgnDnxPgRZ_13multiversx_sc5types11interaction8tx_proxy12TxProxyTraitNtNtNtNtCsaMwVqZEhbLD_22multiversx_sc_scenario6facade8world_tx18scenario_exec_call15ScenarioEnvExecNtNtNtB1u_4expr12test_address11TestAddressuuE13proxy_methodsCs2kY4YTISLqz_15unDelegate_test
FN:23,_RNvXNtCsl4jz1D9fQqT_23delegation_manager_mock16proxy_delegationNtB2_19DelegationMockProxyINtNtNtNtCs7UgnDnxPgRZ_13multiversx_sc5types11interaction8tx_proxy12TxProxyTraitNtNtNtNtCsaMwVqZEhbLD_22multiversx_sc_scenario6facade8world_tx18scenario_exec_call15ScenarioEnvExecRNtNtNtCs1doEKjUmfa2_21multiversx_chain_core5types7address7AddressRINtNtNtNtB1w_7managed7wrapped15managed_address14ManagedAddressINtNtNtNtB2P_3api7impl_vh12vm_hooks_api10VMHooksApiNtNtB6s_10static_api16StaticApiBackendEEuE13proxy_methodsCs2kY4YTISLqz_15unDelegate_test
FN:103,_RNvMs0_NtCsl4jz1D9fQqT_23delegation_manager_mock16proxy_delegationINtB5_26DelegationMockProxyMethodsINtNtNtNtNtCs7UgnDnxPgRZ_13multiversx_sc5types11interaction7tx_exec9tx_env_sc7TxScEnvINtNtNtNtCsaMwVqZEhbLD_22multiversx_sc_scenario3api7impl_vh12vm_hooks_api10VMHooksApiNtNtB32_9debug_api15DebugApiBackendEEuRINtNtNtNtB1J_7managed7wrapped15managed_address14ManagedAddressB2X_EuE13claim_rewardsCsiSFVsKXOszz_11unbond_test
FN:23,_RNvXNtCsl4jz1D9fQqT_23delegation_manager_mock16proxy_delegationNtB2_19DelegationMockProxyINtNtNtNtCs7UgnDnxPgRZ_13multiversx_sc5types11interaction8tx_proxy12TxProxyTraitINtNtNtB1u_7tx_exec9tx_env_sc7TxScEnvINtNtNtNtCsaMwVqZEhbLD_22multiversx_sc_scenario3api7impl_vh12vm_hooks_api10VMHooksApiNtNtB3n_9debug_api15DebugApiBackendEEuRINtNtNtNtB1w_7managed7wrapped15managed_address14ManagedAddressB3i_EuE13proxy_methodsCsiSFVsKXOszz_11unbond_test
FN:65,_RNvMs0_NtCsl4jz1D9fQqT_23delegation_manager_mock16proxy_delegationINtB5_26DelegationMockProxyMethodsNtNtNtNtCsaMwVqZEhbLD_22multiversx_sc_scenario6facade8world_tx18scenario_exec_call15ScenarioEnvExecRNtNtNtCs1doEKjUmfa2_21multiversx_chain_core5types7address7AddressRINtNtNtNtNtCs7UgnDnxPgRZ_13multiversx_sc5types7managed7wrapped15managed_address14ManagedAddressINtNtNtNtB1I_3api7impl_vh12vm_hooks_api10VMHooksApiNtNtB5S_10static_api16StaticApiBackendEEuE12deposit_egldCsiSFVsKXOszz_11unbond_test
FN:46,_RNvMs_NtCsl4jz1D9fQqT_23delegation_manager_mock16proxy_delegationINtB4_26DelegationMockProxyMethodsNtNtNtNtCsaMwVqZEhbLD_22multiversx_sc_scenario6facade8world_tx18scenario_exec_call15ScenarioEnvExecNtNtNtNtNtCs7UgnDnxPgRZ_13multiversx_sc5types11interaction4expr12test_address11TestAddressuuE4initCsiSFVsKXOszz_11unbond_test
FN:23,_RNvXNtCsl4jz1D9fQqT_23delegation_manager_mock16proxy_delegationNtB2_19DelegationMockProxyINtNtNtNtCs7UgnDnxPgRZ_13multiversx_sc5types11interaction8tx_proxy12TxProxyTraitNtNtNtNtCsaMwVqZEhbLD_22multiversx_sc_scenario6facade8world_tx18scenario_exec_call15ScenarioEnvExecNtNtNtB1u_4expr12test_address11TestAddressuuE13proxy_methodsCsiSFVsKXOszz_11unbond_test
FN:23,_RNvXNtCsl4jz1D9fQqT_23delegation_manager_mock16proxy_delegationNtB2_19DelegationMockProxyINtNtNtNtCs7UgnDnxPgRZ_13multiversx_sc5types11interaction8tx_proxy12TxProxyTraitNtNtNtNtCsaMwVqZEhbLD_22multiversx_sc_scenario6facade8world_tx18scenario_exec_call15ScenarioEnvExecRNtNtNtCs1doEKjUmfa2_21multiversx_chain_core5types7address7AddressRINtNtNtNtB1w_7managed7wrapped15managed_address14ManagedAddressINtNtNtNtB2P_3api7impl_vh12vm_hooks_api10VMHooksApiNtNtB6s_10static_api16StaticApiBackendEEuE13proxy_methodsCsiSFVsKXOszz_11unbond_test
FNDA:0,_RNvMs0_NtCsl4jz1D9fQqT_23delegation_manager_mock16proxy_delegationINtB5_26DelegationMockProxyMethodsINtNtNtNtNtCs7UgnDnxPgRZ_13multiversx_sc5types11interaction7tx_exec9tx_env_sc7TxScEnvINtNtNtNtCsaMwVqZEhbLD_22multiversx_sc_scenario3api7impl_vh12vm_hooks_api10VMHooksApiNtNtB32_9debug_api15DebugApiBackendEEuRINtNtNtNtB1J_7managed7wrapped15managed_address14ManagedAddressB2X_EuE13claim_rewardsCsbr1bkIJcXG0_13delegate_test
FNDA:0,_RNvXNtCsl4jz1D9fQqT_23delegation_manager_mock16proxy_delegationNtB2_19DelegationMockProxyINtNtNtNtCs7UgnDnxPgRZ_13multiversx_sc5types11interaction8tx_proxy12TxProxyTraitINtNtNtB1u_7tx_exec9tx_env_sc7TxScEnvINtNtNtNtCsaMwVqZEhbLD_22multiversx_sc_scenario3api7impl_vh12vm_hooks_api10VMHooksApiNtNtB3n_9debug_api15DebugApiBackendEEuRINtNtNtNtB1w_7managed7wrapped15managed_address14ManagedAddressB3i_EuE13proxy_methodsCsbr1bkIJcXG0_13delegate_test
FNDA:14,_RNvMs0_NtCsl4jz1D9fQqT_23delegation_manager_mock16proxy_delegationINtB5_26DelegationMockProxyMethodsNtNtNtNtCsaMwVqZEhbLD_22multiversx_sc_scenario6facade8world_tx18scenario_exec_call15ScenarioEnvExecRNtNtNtCs1doEKjUmfa2_21multiversx_chain_core5types7address7AddressRINtNtNtNtNtCs7UgnDnxPgRZ_13multiversx_sc5types7managed7wrapped15managed_address14ManagedAddressINtNtNtNtB1I_3api7impl_vh12vm_hooks_api10VMHooksApiNtNtB5S_10static_api16StaticApiBackendEEuE12deposit_egldCsbr1bkIJcXG0_13delegate_test
FNDA:28,_RNvMs_NtCsl4jz1D9fQqT_23delegation_manager_mock16proxy_delegationINtB4_26DelegationMockProxyMethodsNtNtNtNtCsaMwVqZEhbLD_22multiversx_sc_scenario6facade8world_tx18scenario_exec_call15ScenarioEnvExecNtNtNtNtNtCs7UgnDnxPgRZ_13multiversx_sc5types11interaction4expr12test_address11TestAddressuuE4initCsbr1bkIJcXG0_13delegate_test
FNDA:28,_RNvXNtCsl4jz1D9fQqT_23delegation_manager_mock16proxy_delegationNtB2_19DelegationMockProxyINtNtNtNtCs7UgnDnxPgRZ_13multiversx_sc5types11interaction8tx_proxy12TxProxyTraitNtNtNtNtCsaMwVqZEhbLD_22multiversx_sc_scenario6facade8world_tx18scenario_exec_call15ScenarioEnvExecNtNtNtB1u_4expr12test_address11TestAddressuuE13proxy_methodsCsbr1bkIJcXG0_13delegate_test
FNDA:14,_RNvXNtCsl4jz1D9fQqT_23delegation_manager_mock16proxy_delegationNtB2_19DelegationMockProxyINtNtNtNtCs7UgnDnxPgRZ_13multiversx_sc5types11interaction8tx_proxy12TxProxyTraitNtNtNtNtCsaMwVqZEhbLD_22multiversx_sc_scenario6facade8world_tx18scenario_exec_call15ScenarioEnvExecRNtNtNtCs1doEKjUmfa2_21multiversx_chain_core5types7address7AddressRINtNtNtNtB1w_7managed7wrapped15managed_address14ManagedAddressINtNtNtNtB2P_3api7impl_vh12vm_hooks_api10VMHooksApiNtNtB6s_10static_api16StaticApiBackendEEuE13proxy_methodsCsbr1bkIJcXG0_13delegate_test
FNDA:0,_RINvMs0_NtCs7sO5tVTNje7_23delegation_manager_mock16proxy_delegationINtB6_26DelegationMockProxyMethodsppppE10undelegatepEB8_
FNDA:0,_RNvMs0_NtCs7sO5tVTNje7_23delegation_manager_mock16proxy_delegationINtB5_26DelegationMockProxyMethodsppppE12deposit_egldB7_
FNDA:0,_RNvMs0_NtCs7sO5tVTNje7_23delegation_manager_mock16proxy_delegationINtB5_26DelegationMockProxyMethodsppppE13claim_rewardsB7_
FNDA:0,_RNvMs0_NtCs7sO5tVTNje7_23delegation_manager_mock16proxy_delegationINtB5_26DelegationMockProxyMethodsppppE8delegateB7_
FNDA:0,_RNvMs0_NtCs7sO5tVTNje7_23delegation_manager_mock16proxy_delegationINtB5_26DelegationMockProxyMethodsppppE8withdrawB7_
FNDA:0,_RNvMs_NtCs7sO5tVTNje7_23delegation_manager_mock16proxy_delegationINtB4_26DelegationMockProxyMethodsppupE4initB6_
FNDA:0,_RNvXININtCs7sO5tVTNje7_23delegation_manager_mock16proxy_delegation0ppppENtB5_19DelegationMockProxyINtNtNtNtCs7UgnDnxPgRZ_13multiversx_sc5types11interaction8tx_proxy12TxProxyTraitppppE13proxy_methodsB7_
FNDA:0,_RNvMs0_NtCsl4jz1D9fQqT_23delegation_manager_mock16proxy_delegationINtB5_26DelegationMockProxyMethodsINtNtNtNtNtCs7UgnDnxPgRZ_13multiversx_sc5types11interaction7tx_exec9tx_env_sc7TxScEnvINtNtNtNtCsaMwVqZEhbLD_22multiversx_sc_scenario3api7impl_vh12vm_hooks_api10VMHooksApiNtNtB32_9debug_api15DebugApiBackendEEuRINtNtNtNtB1J_7managed7wrapped15managed_address14ManagedAddressB2X_EuE13claim_rewardsCser75boan3cC_4test
FNDA:0,_RNvXNtCsl4jz1D9fQqT_23delegation_manager_mock16proxy_delegationNtB2_19DelegationMockProxyINtNtNtNtCs7UgnDnxPgRZ_13multiversx_sc5types11interaction8tx_proxy12TxProxyTraitINtNtNtB1u_7tx_exec9tx_env_sc7TxScEnvINtNtNtNtCsaMwVqZEhbLD_22multiversx_sc_scenario3api7impl_vh12vm_hooks_api10VMHooksApiNtNtB3n_9debug_api15DebugApiBackendEEuRINtNtNtNtB1w_7managed7wrapped15managed_address14ManagedAddressB3i_EuE13proxy_methodsCser75boan3cC_4test
FNDA:7,_RNvMs0_NtCsl4jz1D9fQqT_23delegation_manager_mock16proxy_delegationINtB5_26DelegationMockProxyMethodsNtNtNtNtCsaMwVqZEhbLD_22multiversx_sc_scenario6facade8world_tx18scenario_exec_call15ScenarioEnvExecRNtNtNtCs1doEKjUmfa2_21multiversx_chain_core5types7address7AddressRINtNtNtNtNtCs7UgnDnxPgRZ_13multiversx_sc5types7managed7wrapped15managed_address14ManagedAddressINtNtNtNtB1I_3api7impl_vh12vm_hooks_api10VMHooksApiNtNtB5S_10static_api16StaticApiBackendEEuE12deposit_egldCser75boan3cC_4test
FNDA:12,_RNvMs_NtCsl4jz1D9fQqT_23delegation_manager_mock16proxy_delegationINtB4_26DelegationMockProxyMethodsNtNtNtNtCsaMwVqZEhbLD_22multiversx_sc_scenario6facade8world_tx18scenario_exec_call15ScenarioEnvExecNtNtNtNtNtCs7UgnDnxPgRZ_13multiversx_sc5types11interaction4expr12test_address11TestAddressuuE4initCser75boan3cC_4test
FNDA:12,_RNvXNtCsl4jz1D9fQqT_23delegation_manager_mock16proxy_delegationNtB2_19DelegationMockProxyINtNtNtNtCs7UgnDnxPgRZ_13multiversx_sc5types11interaction8tx_proxy12TxProxyTraitNtNtNtNtCsaMwVqZEhbLD_22multiversx_sc_scenario6facade8world_tx18scenario_exec_call15ScenarioEnvExecNtNtNtB1u_4expr12test_address11TestAddressuuE13proxy_methodsCser75boan3cC_4test
FNDA:7,_RNvXNtCsl4jz1D9fQqT_23delegation_manager_mock16proxy_delegationNtB2_19DelegationMockProxyINtNtNtNtCs7UgnDnxPgRZ_13multiversx_sc5types11interaction8tx_proxy12TxProxyTraitNtNtNtNtCsaMwVqZEhbLD_22multiversx_sc_scenario6facade8world_tx18scenario_exec_call15ScenarioEnvExecRNtNtNtCs1doEKjUmfa2_21multiversx_chain_core5types7address7AddressRINtNtNtNtB1w_7managed7wrapped15managed_address14ManagedAddressINtNtNtNtB2P_3api7impl_vh12vm_hooks_api10VMHooksApiNtNtB6s_10static_api16StaticApiBackendEEuE13proxy_methodsCser75boan3cC_4test
FNDA:0,_RNvMs0_NtCsl4jz1D9fQqT_23delegation_manager_mock16proxy_delegationINtB5_26DelegationMockProxyMethodsINtNtNtNtNtCs7UgnDnxPgRZ_13multiversx_sc5types11interaction7tx_exec9tx_env_sc7TxScEnvINtNtNtNtCsaMwVqZEhbLD_22multiversx_sc_scenario3api7impl_vh12vm_hooks_api10VMHooksApiNtNtB32_9debug_api15DebugApiBackendEEuRINtNtNtNtB1J_7managed7wrapped15managed_address14ManagedAddressB2X_EuE13claim_rewardsCs2kY4YTISLqz_15unDelegate_test
FNDA:0,_RNvXNtCsl4jz1D9fQqT_23delegation_manager_mock16proxy_delegationNtB2_19DelegationMockProxyINtNtNtNtCs7UgnDnxPgRZ_13multiversx_sc5types11interaction8tx_proxy12TxProxyTraitINtNtNtB1u_7tx_exec9tx_env_sc7TxScEnvINtNtNtNtCsaMwVqZEhbLD_22multiversx_sc_scenario3api7impl_vh12vm_hooks_api10VMHooksApiNtNtB3n_9debug_api15DebugApiBackendEEuRINtNtNtNtB1w_7managed7wrapped15managed_address14ManagedAddressB3i_EuE13proxy_methodsCs2kY4YTISLqz_15unDelegate_test
FNDA:389,_RNvMs0_NtCsl4jz1D9fQqT_23delegation_manager_mock16proxy_delegationINtB5_26DelegationMockProxyMethodsNtNtNtNtCsaMwVqZEhbLD_22multiversx_sc_scenario6facade8world_tx18scenario_exec_call15ScenarioEnvExecRNtNtNtCs1doEKjUmfa2_21multiversx_chain_core5types7address7AddressRINtNtNtNtNtCs7UgnDnxPgRZ_13multiversx_sc5types7managed7wrapped15managed_address14ManagedAddressINtNtNtNtB1I_3api7impl_vh12vm_hooks_api10VMHooksApiNtNtB5S_10static_api16StaticApiBackendEEuE12deposit_egldCs2kY4YTISLqz_15unDelegate_test
FNDA:408,_RNvMs_NtCsl4jz1D9fQqT_23delegation_manager_mock16proxy_delegationINtB4_26DelegationMockProxyMethodsNtNtNtNtCsaMwVqZEhbLD_22multiversx_sc_scenario6facade8world_tx18scenario_exec_call15ScenarioEnvExecNtNtNtNtNtCs7UgnDnxPgRZ_13multiversx_sc5types11interaction4expr12test_address11TestAddressuuE4initCs2kY4YTISLqz_15unDelegate_test
FNDA:408,_RNvXNtCsl4jz1D9fQqT_23delegation_manager_mock16proxy_delegationNtB2_19DelegationMockProxyINtNtNtNtCs7UgnDnxPgRZ_13multiversx_sc5types11interaction8tx_proxy12TxProxyTraitNtNtNtNtCsaMwVqZEhbLD_22multiversx_sc_scenario6facade8world_tx18scenario_exec_call15ScenarioEnvExecNtNtNtB1u_4expr12test_address11TestAddressuuE13proxy_methodsCs2kY4YTISLqz_15unDelegate_test
FNDA:389,_RNvXNtCsl4jz1D9fQqT_23delegation_manager_mock16proxy_delegationNtB2_19DelegationMockProxyINtNtNtNtCs7UgnDnxPgRZ_13multiversx_sc5types11interaction8tx_proxy12TxProxyTraitNtNtNtNtCsaMwVqZEhbLD_22multiversx_sc_scenario6facade8world_tx18scenario_exec_call15ScenarioEnvExecRNtNtNtCs1doEKjUmfa2_21multiversx_chain_core5types7address7AddressRINtNtNtNtB1w_7managed7wrapped15managed_address14ManagedAddressINtNtNtNtB2P_3api7impl_vh12vm_hooks_api10VMHooksApiNtNtB6s_10static_api16StaticApiBackendEEuE13proxy_methodsCs2kY4YTISLqz_15unDelegate_test
FNDA:0,_RNvMs0_NtCsl4jz1D9fQqT_23delegation_manager_mock16proxy_delegationINtB5_26DelegationMockProxyMethodsINtNtNtNtNtCs7UgnDnxPgRZ_13multiversx_sc5types11interaction7tx_exec9tx_env_sc7TxScEnvINtNtNtNtCsaMwVqZEhbLD_22multiversx_sc_scenario3api7impl_vh12vm_hooks_api10VMHooksApiNtNtB32_9debug_api15DebugApiBackendEEuRINtNtNtNtB1J_7managed7wrapped15managed_address14ManagedAddressB2X_EuE13claim_rewardsCsiSFVsKXOszz_11unbond_test
FNDA:0,_RNvXNtCsl4jz1D9fQqT_23delegation_manager_mock16proxy_delegationNtB2_19DelegationMockProxyINtNtNtNtCs7UgnDnxPgRZ_13multiversx_sc5types11interaction8tx_proxy12TxProxyTraitINtNtNtB1u_7tx_exec9tx_env_sc7TxScEnvINtNtNtNtCsaMwVqZEhbLD_22multiversx_sc_scenario3api7impl_vh12vm_hooks_api10VMHooksApiNtNtB3n_9debug_api15DebugApiBackendEEuRINtNtNtNtB1w_7managed7wrapped15managed_address14ManagedAddressB3i_EuE13proxy_methodsCsiSFVsKXOszz_11unbond_test
FNDA:7,_RNvMs0_NtCsl4jz1D9fQqT_23delegation_manager_mock16proxy_delegationINtB5_26DelegationMockProxyMethodsNtNtNtNtCsaMwVqZEhbLD_22multiversx_sc_scenario6facade8world_tx18scenario_exec_call15ScenarioEnvExecRNtNtNtCs1doEKjUmfa2_21multiversx_chain_core5types7address7AddressRINtNtNtNtNtCs7UgnDnxPgRZ_13multiversx_sc5types7managed7wrapped15managed_address14ManagedAddressINtNtNtNtB1I_3api7impl_vh12vm_hooks_api10VMHooksApiNtNtB5S_10static_api16StaticApiBackendEEuE12deposit_egldCsiSFVsKXOszz_11unbond_test
FNDA:15,_RNvMs_NtCsl4jz1D9fQqT_23delegation_manager_mock16proxy_delegationINtB4_26DelegationMockProxyMethodsNtNtNtNtCsaMwVqZEhbLD_22multiversx_sc_scenario6facade8world_tx18scenario_exec_call15ScenarioEnvExecNtNtNtNtNtCs7UgnDnxPgRZ_13multiversx_sc5types11interaction4expr12test_address11TestAddressuuE4initCsiSFVsKXOszz_11unbond_test
FNDA:15,_RNvXNtCsl4jz1D9fQqT_23delegation_manager_mock16proxy_delegationNtB2_19DelegationMockProxyINtNtNtNtCs7UgnDnxPgRZ_13multiversx_sc5types11interaction8tx_proxy12TxProxyTraitNtNtNtNtCsaMwVqZEhbLD_22multiversx_sc_scenario6facade8world_tx18scenario_exec_call15ScenarioEnvExecNtNtNtB1u_4expr12test_address11TestAddressuuE13proxy_methodsCsiSFVsKXOszz_11unbond_test
FNDA:7,_RNvXNtCsl4jz1D9fQqT_23delegation_manager_mock16proxy_delegationNtB2_19DelegationMockProxyINtNtNtNtCs7UgnDnxPgRZ_13multiversx_sc5types11interaction8tx_proxy12TxProxyTraitNtNtNtNtCsaMwVqZEhbLD_22multiversx_sc_scenario6facade8world_tx18scenario_exec_call15ScenarioEnvExecRNtNtNtCs1doEKjUmfa2_21multiversx_chain_core5types7address7AddressRINtNtNtNtB1w_7managed7wrapped15managed_address14ManagedAddressINtNtNtNtB2P_3api7impl_vh12vm_hooks_api10VMHooksApiNtNtB6s_10static_api16StaticApiBackendEEuE13proxy_methodsCsiSFVsKXOszz_11unbond_test
FNF:7
FNH:3
DA:23,880
DA:24,880
DA:25,880
DA:46,463
DA:47,463
DA:48,463
DA:49,463
DA:50,463
DA:51,463
DA:52,463
DA:53,463
DA:65,417
DA:66,417
DA:67,417
DA:68,417
DA:69,417
DA:70,417
DA:71,417
DA:73,0
DA:74,0
DA:75,0
DA:76,0
DA:77,0
DA:78,0
DA:79,0
DA:81,0
DA:82,0
DA:83,0
DA:84,0
DA:85,0
DA:86,0
DA:87,0
DA:88,0
DA:89,0
DA:90,0
DA:91,0
DA:92,0
DA:94,0
DA:95,0
DA:96,0
DA:97,0
DA:98,0
DA:99,0
DA:100,0
DA:101,0
DA:103,0
DA:104,0
DA:105,0
DA:106,0
DA:107,0
DA:108,0
DA:109,0
DA:110,0
BRF:0
BRH:0
LF:53
LH:18
end_of_record
SF:/Users/mihaieremia/GitHub/rs-egld-liquid-staking/delegation-mock/meta/src/main.rs
FN:1,_RNvCs7MlTFvjD0m0_20delegation_mock_meta4main
FNDA:0,_RNvCs7MlTFvjD0m0_20delegation_mock_meta4main
FNF:1
FNH:0
DA:1,0
DA:2,0
DA:3,0
BRF:0
BRH:0
LF:3
LH:0
end_of_record
SF:/Users/mihaieremia/GitHub/rs-egld-liquid-staking/delegation-mock/src/delegation.rs
FN:36,_RNvYINtNtNtCs7UgnDnxPgRZ_13multiversx_sc13contract_base22universal_contract_obj20UniversalContractObjINtNtNtNtCsaMwVqZEhbLD_22multiversx_sc_scenario3api7impl_vh12vm_hooks_api10VMHooksApiNtNtB1G_9debug_api15DebugApiBackendEENtCsdBQPECgJlzF_15delegation_mock14DelegationMock10undelegateCsbr1bkIJcXG0_13delegate_test
FN:19,_RNvYINtNtNtCs7UgnDnxPgRZ_13multiversx_sc13contract_base22universal_contract_obj20UniversalContractObjINtNtNtNtCsaMwVqZEhbLD_22multiversx_sc_scenario3api7impl_vh12vm_hooks_api10VMHooksApiNtNtB1G_9debug_api15DebugApiBackendEENtCsdBQPECgJlzF_15delegation_mock14DelegationMock12deposit_egldCsbr1bkIJcXG0_13delegate_test
FN:72,_RNvYINtNtNtCs7UgnDnxPgRZ_13multiversx_sc13contract_base22universal_contract_obj20UniversalContractObjINtNtNtNtCsaMwVqZEhbLD_22multiversx_sc_scenario3api7impl_vh12vm_hooks_api10VMHooksApiNtNtB1G_9debug_api15DebugApiBackendEENtCsdBQPECgJlzF_15delegation_mock14DelegationMock13claim_rewardsCsbr1bkIJcXG0_13delegate_test
FN:27,_RNvYINtNtNtCs7UgnDnxPgRZ_13multiversx_sc13contract_base22universal_contract_obj20UniversalContractObjINtNtNtNtCsaMwVqZEhbLD_22multiversx_sc_scenario3api7impl_vh12vm_hooks_api10VMHooksApiNtNtB1G_9debug_api15DebugApiBackendEENtCsdBQPECgJlzF_15delegation_mock14DelegationMock8delegateCsbr1bkIJcXG0_13delegate_test
FN:52,_RNvYINtNtNtCs7UgnDnxPgRZ_13multiversx_sc13contract_base22universal_contract_obj20UniversalContractObjINtNtNtNtCsaMwVqZEhbLD_22multiversx_sc_scenario3api7impl_vh12vm_hooks_api10VMHooksApiNtNtB1G_9debug_api15DebugApiBackendEENtCsdBQPECgJlzF_15delegation_mock14DelegationMock8withdrawCsbr1bkIJcXG0_13delegate_test
FN:11,_RNvYINtNtNtCs7UgnDnxPgRZ_13multiversx_sc13contract_base22universal_contract_obj20UniversalContractObjINtNtNtNtCsaMwVqZEhbLD_22multiversx_sc_scenario3api7impl_vh12vm_hooks_api10VMHooksApiNtNtB1G_9debug_api15DebugApiBackendEENtCsdBQPECgJlzF_15delegation_mock16EndpointWrappers4callCsbr1bkIJcXG0_13delegate_test
FN:44,_RNCNvYINtNtNtCs7UgnDnxPgRZ_13multiversx_sc13contract_base22universal_contract_obj20UniversalContractObjINtNtNtNtCsaMwVqZEhbLD_22multiversx_sc_scenario3api7impl_vh12vm_hooks_api10VMHooksApiNtNtB1I_9debug_api15DebugApiBackendEENtCsdBQPECgJlzF_15delegation_mock14DelegationMock10undelegate0Csbr1bkIJcXG0_13delegate_test
FN:46,_RNCNvYINtNtNtCs7UgnDnxPgRZ_13multiversx_sc13contract_base22universal_contract_obj20UniversalContractObjINtNtNtNtCsaMwVqZEhbLD_22multiversx_sc_scenario3api7impl_vh12vm_hooks_api10VMHooksApiNtNtB1I_9debug_api15DebugApiBackendEENtCsdBQPECgJlzF_15delegation_mock14DelegationMock10undelegates_0Csbr1bkIJcXG0_13delegate_test
FN:22,_RNCNvYINtNtNtCs7UgnDnxPgRZ_13multiversx_sc13contract_base22universal_contract_obj20UniversalContractObjINtNtNtNtCsaMwVqZEhbLD_22multiversx_sc_scenario3api7impl_vh12vm_hooks_api10VMHooksApiNtNtB1I_9debug_api15DebugApiBackendEENtCsdBQPECgJlzF_15delegation_mock14DelegationMock12deposit_egld0Csbr1bkIJcXG0_13delegate_test
FN:30,_RNCNvYINtNtNtCs7UgnDnxPgRZ_13multiversx_sc13contract_base22universal_contract_obj20UniversalContractObjINtNtNtNtCsaMwVqZEhbLD_22multiversx_sc_scenario3api7impl_vh12vm_hooks_api10VMHooksApiNtNtB1I_9debug_api15DebugApiBackendEENtCsdBQPECgJlzF_15delegation_mock14DelegationMock8delegate0Csbr1bkIJcXG0_13delegate_test
FN:32,_RNCNvYINtNtNtCs7UgnDnxPgRZ_13multiversx_sc13contract_base22universal_contract_obj20UniversalContractObjINtNtNtNtCsaMwVqZEhbLD_22multiversx_sc_scenario3api7impl_vh12vm_hooks_api10VMHooksApiNtNtB1I_9debug_api15DebugApiBackendEENtCsdBQPECgJlzF_15delegation_mock14DelegationMock8delegates_0Csbr1bkIJcXG0_13delegate_test
FN:65,_RNCNvYINtNtNtCs7UgnDnxPgRZ_13multiversx_sc13contract_base22universal_contract_obj20UniversalContractObjINtNtNtNtCsaMwVqZEhbLD_22multiversx_sc_scenario3api7impl_vh12vm_hooks_api10VMHooksApiNtNtB1I_9debug_api15DebugApiBackendEENtCsdBQPECgJlzF_15delegation_mock14DelegationMock8withdraw0Csbr1bkIJcXG0_13delegate_test
FN:44,_RNCNvYpNtCse7vFozqVk3w_15delegation_mock14DelegationMock10undelegate0B7_
FN:46,_RNCNvYpNtCse7vFozqVk3w_15delegation_mock14DelegationMock10undelegates_0B7_
FN:22,_RNCNvYpNtCse7vFozqVk3w_15delegation_mock14DelegationMock12deposit_egld0B7_
FN:30,_RNCNvYpNtCse7vFozqVk3w_15delegation_mock14DelegationMock8delegate0B7_
FN:32,_RNCNvYpNtCse7vFozqVk3w_15delegation_mock14DelegationMock8delegates_0B7_
FN:65,_RNCNvYpNtCse7vFozqVk3w_15delegation_mock14DelegationMock8withdraw0B7_
FN:36,_RNvYpNtCse7vFozqVk3w_15delegation_mock14DelegationMock10undelegateB5_
FN:19,_RNvYpNtCse7vFozqVk3w_15delegation_mock14DelegationMock12deposit_egldB5_
FN:72,_RNvYpNtCse7vFozqVk3w_15delegation_mock14DelegationMock13claim_rewardsB5_
FN:27,_RNvYpNtCse7vFozqVk3w_15delegation_mock14DelegationMock8delegateB5_
FN:52,_RNvYpNtCse7vFozqVk3w_15delegation_mock14DelegationMock8withdrawB5_
FN:11,_RNvYpNtCse7vFozqVk3w_15delegation_mock16EndpointWrappers4callB5_
FN:36,_RNvYINtNtNtCs7UgnDnxPgRZ_13multiversx_sc13contract_base22universal_contract_obj20UniversalContractObjINtNtNtNtCsaMwVqZEhbLD_22multiversx_sc_scenario3api7impl_vh12vm_hooks_api10VMHooksApiNtNtB1G_9debug_api15DebugApiBackendEENtCsdBQPECgJlzF_15delegation_mock14DelegationMock10undelegateCser75boan3cC_4test
FN:19,_RNvYINtNtNtCs7UgnDnxPgRZ_13multiversx_sc13contract_base22universal_contract_obj20UniversalContractObjINtNtNtNtCsaMwVqZEhbLD_22multiversx_sc_scenario3api7impl_vh12vm_hooks_api10VMHooksApiNtNtB1G_9debug_api15DebugApiBackendEENtCsdBQPECgJlzF_15delegation_mock14DelegationMock12deposit_egldCser75boan3cC_4test
FN:72,_RNvYINtNtNtCs7UgnDnxPgRZ_13multiversx_sc13contract_base22universal_contract_obj20UniversalContractObjINtNtNtNtCsaMwVqZEhbLD_22multiversx_sc_scenario3api7impl_vh12vm_hooks_api10VMHooksApiNtNtB1G_9debug_api15DebugApiBackendEENtCsdBQPECgJlzF_15delegation_mock14DelegationMock13claim_rewardsCser75boan3cC_4test
FN:27,_RNvYINtNtNtCs7UgnDnxPgRZ_13multiversx_sc13contract_base22universal_contract_obj20UniversalContractObjINtNtNtNtCsaMwVqZEhbLD_22multiversx_sc_scenario3api7impl_vh12vm_hooks_api10VMHooksApiNtNtB1G_9debug_api15DebugApiBackendEENtCsdBQPECgJlzF_15delegation_mock14DelegationMock8delegateCser75boan3cC_4test
FN:52,_RNvYINtNtNtCs7UgnDnxPgRZ_13multiversx_sc13contract_base22universal_contract_obj20UniversalContractObjINtNtNtNtCsaMwVqZEhbLD_22multiversx_sc_scenario3api7impl_vh12vm_hooks_api10VMHooksApiNtNtB1G_9debug_api15DebugApiBackendEENtCsdBQPECgJlzF_15delegation_mock14DelegationMock8withdrawCser75boan3cC_4test
FN:11,_RNvYINtNtNtCs7UgnDnxPgRZ_13multiversx_sc13contract_base22universal_contract_obj20UniversalContractObjINtNtNtNtCsaMwVqZEhbLD_22multiversx_sc_scenario3api7impl_vh12vm_hooks_api10VMHooksApiNtNtB1G_9debug_api15DebugApiBackendEENtCsdBQPECgJlzF_15delegation_mock16EndpointWrappers4callCser75boan3cC_4test
FN:44,_RNCNvYINtNtNtCs7UgnDnxPgRZ_13multiversx_sc13contract_base22universal_contract_obj20UniversalContractObjINtNtNtNtCsaMwVqZEhbLD_22multiversx_sc_scenario3api7impl_vh12vm_hooks_api10VMHooksApiNtNtB1I_9debug_api15DebugApiBackendEENtCsdBQPECgJlzF_15delegation_mock14DelegationMock10undelegate0Cser75boan3cC_4test
FN:46,_RNCNvYINtNtNtCs7UgnDnxPgRZ_13multiversx_sc13contract_base22universal_contract_obj20UniversalContractObjINtNtNtNtCsaMwVqZEhbLD_22multiversx_sc_scenario3api7impl_vh12vm_hooks_api10VMHooksApiNtNtB1I_9debug_api15DebugApiBackendEENtCsdBQPECgJlzF_15delegation_mock14DelegationMock10undelegates_0Cser75boan3cC_4test
FN:22,_RNCNvYINtNtNtCs7UgnDnxPgRZ_13multiversx_sc13contract_base22universal_contract_obj20UniversalContractObjINtNtNtNtCsaMwVqZEhbLD_22multiversx_sc_scenario3api7impl_vh12vm_hooks_api10VMHooksApiNtNtB1I_9debug_api15DebugApiBackendEENtCsdBQPECgJlzF_15delegation_mock14DelegationMock12deposit_egld0Cser75boan3cC_4test
FN:30,_RNCNvYINtNtNtCs7UgnDnxPgRZ_13multiversx_sc13contract_base22universal_contract_obj20UniversalContractObjINtNtNtNtCsaMwVqZEhbLD_22multiversx_sc_scenario3api7impl_vh12vm_hooks_api10VMHooksApiNtNtB1I_9debug_api15DebugApiBackendEENtCsdBQPECgJlzF_15delegation_mock14DelegationMock8delegate0Cser75boan3cC_4test
FN:32,_RNCNvYINtNtNtCs7UgnDnxPgRZ_13multiversx_sc13contract_base22universal_contract_obj20UniversalContractObjINtNtNtNtCsaMwVqZEhbLD_22multiversx_sc_scenario3api7impl_vh12vm_hooks_api10VMHooksApiNtNtB1I_9debug_api15DebugApiBackendEENtCsdBQPECgJlzF_15delegation_mock14DelegationMock8delegates_0Cser75boan3cC_4test
FN:65,_RNCNvYINtNtNtCs7UgnDnxPgRZ_13multiversx_sc13contract_base22universal_contract_obj20UniversalContractObjINtNtNtNtCsaMwVqZEhbLD_22multiversx_sc_scenario3api7impl_vh12vm_hooks_api10VMHooksApiNtNtB1I_9debug_api15DebugApiBackendEENtCsdBQPECgJlzF_15delegation_mock14DelegationMock8withdraw0Cser75boan3cC_4test
FN:36,_RNvYINtNtNtCs7UgnDnxPgRZ_13multiversx_sc13contract_base22universal_contract_obj20UniversalContractObjINtNtNtNtCsaMwVqZEhbLD_22multiversx_sc_scenario3api7impl_vh12vm_hooks_api10VMHooksApiNtNtB1G_9debug_api15DebugApiBackendEENtCsdBQPECgJlzF_15delegation_mock14DelegationMock10undelegateCs2kY4YTISLqz_15unDelegate_test
FN:19,_RNvYINtNtNtCs7UgnDnxPgRZ_13multiversx_sc13contract_base22universal_contract_obj20UniversalContractObjINtNtNtNtCsaMwVqZEhbLD_22multiversx_sc_scenario3api7impl_vh12vm_hooks_api10VMHooksApiNtNtB1G_9debug_api15DebugApiBackendEENtCsdBQPECgJlzF_15delegation_mock14DelegationMock12deposit_egldCs2kY4YTISLqz_15unDelegate_test
FN:72,_RNvYINtNtNtCs7UgnDnxPgRZ_13multiversx_sc13contract_base22universal_contract_obj20UniversalContractObjINtNtNtNtCsaMwVqZEhbLD_22multiversx_sc_scenario3api7impl_vh12vm_hooks_api10VMHooksApiNtNtB1G_9debug_api15DebugApiBackendEENtCsdBQPECgJlzF_15delegation_mock14DelegationMock13claim_rewardsCs2kY4YTISLqz_15unDelegate_test
FN:27,_RNvYINtNtNtCs7UgnDnxPgRZ_13multiversx_sc13contract_base22universal_contract_obj20UniversalContractObjINtNtNtNtCsaMwVqZEhbLD_22multiversx_sc_scenario3api7impl_vh12vm_hooks_api10VMHooksApiNtNtB1G_9debug_api15DebugApiBackendEENtCsdBQPECgJlzF_15delegation_mock14DelegationMock8delegateCs2kY4YTISLqz_15unDelegate_test
FN:52,_RNvYINtNtNtCs7UgnDnxPgRZ_13multiversx_sc13contract_base22universal_contract_obj20UniversalContractObjINtNtNtNtCsaMwVqZEhbLD_22multiversx_sc_scenario3api7impl_vh12vm_hooks_api10VMHooksApiNtNtB1G_9debug_api15DebugApiBackendEENtCsdBQPECgJlzF_15delegation_mock14DelegationMock8withdrawCs2kY4YTISLqz_15unDelegate_test
FN:11,_RNvYINtNtNtCs7UgnDnxPgRZ_13multiversx_sc13contract_base22universal_contract_obj20UniversalContractObjINtNtNtNtCsaMwVqZEhbLD_22multiversx_sc_scenario3api7impl_vh12vm_hooks_api10VMHooksApiNtNtB1G_9debug_api15DebugApiBackendEENtCsdBQPECgJlzF_15delegation_mock16EndpointWrappers4callCs2kY4YTISLqz_15unDelegate_test
FN:44,_RNCNvYINtNtNtCs7UgnDnxPgRZ_13multiversx_sc13contract_base22universal_contract_obj20UniversalContractObjINtNtNtNtCsaMwVqZEhbLD_22multiversx_sc_scenario3api7impl_vh12vm_hooks_api10VMHooksApiNtNtB1I_9debug_api15DebugApiBackendEENtCsdBQPECgJlzF_15delegation_mock14DelegationMock10undelegate0Cs2kY4YTISLqz_15unDelegate_test
FN:46,_RNCNvYINtNtNtCs7UgnDnxPgRZ_13multiversx_sc13contract_base22universal_contract_obj20UniversalContractObjINtNtNtNtCsaMwVqZEhbLD_22multiversx_sc_scenario3api7impl_vh12vm_hooks_api10VMHooksApiNtNtB1I_9debug_api15DebugApiBackendEENtCsdBQPECgJlzF_15delegation_mock14DelegationMock10undelegates_0Cs2kY4YTISLqz_15unDelegate_test
FN:22,_RNCNvYINtNtNtCs7UgnDnxPgRZ_13multiversx_sc13contract_base22universal_contract_obj20UniversalContractObjINtNtNtNtCsaMwVqZEhbLD_22multiversx_sc_scenario3api7impl_vh12vm_hooks_api10VMHooksApiNtNtB1I_9debug_api15DebugApiBackendEENtCsdBQPECgJlzF_15delegation_mock14DelegationMock12deposit_egld0Cs2kY4YTISLqz_15unDelegate_test
FN:30,_RNCNvYINtNtNtCs7UgnDnxPgRZ_13multiversx_sc13contract_base22universal_contract_obj20UniversalContractObjINtNtNtNtCsaMwVqZEhbLD_22multiversx_sc_scenario3api7impl_vh12vm_hooks_api10VMHooksApiNtNtB1I_9debug_api15DebugApiBackendEENtCsdBQPECgJlzF_15delegation_mock14DelegationMock8delegate0Cs2kY4YTISLqz_15unDelegate_test
FN:32,_RNCNvYINtNtNtCs7UgnDnxPgRZ_13multiversx_sc13contract_base22universal_contract_obj20UniversalContractObjINtNtNtNtCsaMwVqZEhbLD_22multiversx_sc_scenario3api7impl_vh12vm_hooks_api10VMHooksApiNtNtB1I_9debug_api15DebugApiBackendEENtCsdBQPECgJlzF_15delegation_mock14DelegationMock8delegates_0Cs2kY4YTISLqz_15unDelegate_test
FN:65,_RNCNvYINtNtNtCs7UgnDnxPgRZ_13multiversx_sc13contract_base22universal_contract_obj20UniversalContractObjINtNtNtNtCsaMwVqZEhbLD_22multiversx_sc_scenario3api7impl_vh12vm_hooks_api10VMHooksApiNtNtB1I_9debug_api15DebugApiBackendEENtCsdBQPECgJlzF_15delegation_mock14DelegationMock8withdraw0Cs2kY4YTISLqz_15unDelegate_test
FN:36,_RNvYINtNtNtCs7UgnDnxPgRZ_13multiversx_sc13contract_base22universal_contract_obj20UniversalContractObjINtNtNtNtCsaMwVqZEhbLD_22multiversx_sc_scenario3api7impl_vh12vm_hooks_api10VMHooksApiNtNtB1G_9debug_api15DebugApiBackendEENtCsdBQPECgJlzF_15delegation_mock14DelegationMock10undelegateCsiSFVsKXOszz_11unbond_test
FN:19,_RNvYINtNtNtCs7UgnDnxPgRZ_13multiversx_sc13contract_base22universal_contract_obj20UniversalContractObjINtNtNtNtCsaMwVqZEhbLD_22multiversx_sc_scenario3api7impl_vh12vm_hooks_api10VMHooksApiNtNtB1G_9debug_api15DebugApiBackendEENtCsdBQPECgJlzF_15delegation_mock14DelegationMock12deposit_egldCsiSFVsKXOszz_11unbond_test
FN:72,_RNvYINtNtNtCs7UgnDnxPgRZ_13multiversx_sc13contract_base22universal_contract_obj20UniversalContractObjINtNtNtNtCsaMwVqZEhbLD_22multiversx_sc_scenario3api7impl_vh12vm_hooks_api10VMHooksApiNtNtB1G_9debug_api15DebugApiBackendEENtCsdBQPECgJlzF_15delegation_mock14DelegationMock13claim_rewardsCsiSFVsKXOszz_11unbond_test
FN:27,_RNvYINtNtNtCs7UgnDnxPgRZ_13multiversx_sc13contract_base22universal_contract_obj20UniversalContractObjINtNtNtNtCsaMwVqZEhbLD_22multiversx_sc_scenario3api7impl_vh12vm_hooks_api10VMHooksApiNtNtB1G_9debug_api15DebugApiBackendEENtCsdBQPECgJlzF_15delegation_mock14DelegationMock8delegateCsiSFVsKXOszz_11unbond_test
FN:52,_RNvYINtNtNtCs7UgnDnxPgRZ_13multiversx_sc13contract_base22universal_contract_obj20UniversalContractObjINtNtNtNtCsaMwVqZEhbLD_22multiversx_sc_scenario3api7impl_vh12vm_hooks_api10VMHooksApiNtNtB1G_9debug_api15DebugApiBackendEENtCsdBQPECgJlzF_15delegation_mock14DelegationMock8withdrawCsiSFVsKXOszz_11unbond_test
FN:11,_RNvYINtNtNtCs7UgnDnxPgRZ_13multiversx_sc13contract_base22universal_contract_obj20UniversalContractObjINtNtNtNtCsaMwVqZEhbLD_22multiversx_sc_scenario3api7impl_vh12vm_hooks_api10VMHooksApiNtNtB1G_9debug_api15DebugApiBackendEENtCsdBQPECgJlzF_15delegation_mock16EndpointWrappers4callCsiSFVsKXOszz_11unbond_test
FN:44,_RNCNvYINtNtNtCs7UgnDnxPgRZ_13multiversx_sc13contract_base22universal_contract_obj20UniversalContractObjINtNtNtNtCsaMwVqZEhbLD_22multiversx_sc_scenario3api7impl_vh12vm_hooks_api10VMHooksApiNtNtB1I_9debug_api15DebugApiBackendEENtCsdBQPECgJlzF_15delegation_mock14DelegationMock10undelegate0CsiSFVsKXOszz_11unbond_test
FN:46,_RNCNvYINtNtNtCs7UgnDnxPgRZ_13multiversx_sc13contract_base22universal_contract_obj20UniversalContractObjINtNtNtNtCsaMwVqZEhbLD_22multiversx_sc_scenario3api7impl_vh12vm_hooks_api10VMHooksApiNtNtB1I_9debug_api15DebugApiBackendEENtCsdBQPECgJlzF_15delegation_mock14DelegationMock10undelegates_0CsiSFVsKXOszz_11unbond_test
FN:22,_RNCNvYINtNtNtCs7UgnDnxPgRZ_13multiversx_sc13contract_base22universal_contract_obj20UniversalContractObjINtNtNtNtCsaMwVqZEhbLD_22multiversx_sc_scenario3api7impl_vh12vm_hooks_api10VMHooksApiNtNtB1I_9debug_api15DebugApiBackendEENtCsdBQPECgJlzF_15delegation_mock14DelegationMock12deposit_egld0CsiSFVsKXOszz_11unbond_test
FN:30,_RNCNvYINtNtNtCs7UgnDnxPgRZ_13multiversx_sc13contract_base22universal_contract_obj20UniversalContractObjINtNtNtNtCsaMwVqZEhbLD_22multiversx_sc_scenario3api7impl_vh12vm_hooks_api10VMHooksApiNtNtB1I_9debug_api15DebugApiBackendEENtCsdBQPECgJlzF_15delegation_mock14DelegationMock8delegate0CsiSFVsKXOszz_11unbond_test
FN:32,_RNCNvYINtNtNtCs7UgnDnxPgRZ_13multiversx_sc13contract_base22universal_contract_obj20UniversalContractObjINtNtNtNtCsaMwVqZEhbLD_22multiversx_sc_scenario3api7impl_vh12vm_hooks_api10VMHooksApiNtNtB1I_9debug_api15DebugApiBackendEENtCsdBQPECgJlzF_15delegation_mock14DelegationMock8delegates_0CsiSFVsKXOszz_11unbond_test
FN:65,_RNCNvYINtNtNtCs7UgnDnxPgRZ_13multiversx_sc13contract_base22universal_contract_obj20UniversalContractObjINtNtNtNtCsaMwVqZEhbLD_22multiversx_sc_scenario3api7impl_vh12vm_hooks_api10VMHooksApiNtNtB1I_9debug_api15DebugApiBackendEENtCsdBQPECgJlzF_15delegation_mock14DelegationMock8withdraw0CsiSFVsKXOszz_11unbond_test
FNDA:0,_RNvYINtNtNtCs7UgnDnxPgRZ_13multiversx_sc13contract_base22universal_contract_obj20UniversalContractObjINtNtNtNtCsaMwVqZEhbLD_22multiversx_sc_scenario3api7impl_vh12vm_hooks_api10VMHooksApiNtNtB1G_9debug_api15DebugApiBackendEENtCsdBQPECgJlzF_15delegation_mock14DelegationMock10undelegateCsbr1bkIJcXG0_13delegate_test
FNDA:14,_RNvYINtNtNtCs7UgnDnxPgRZ_13multiversx_sc13contract_base22universal_contract_obj20UniversalContractObjINtNtNtNtCsaMwVqZEhbLD_22multiversx_sc_scenario3api7impl_vh12vm_hooks_api10VMHooksApiNtNtB1G_9debug_api15DebugApiBackendEENtCsdBQPECgJlzF_15delegation_mock14DelegationMock12deposit_egldCsbr1bkIJcXG0_13delegate_test
FNDA:0,_RNvYINtNtNtCs7UgnDnxPgRZ_13multiversx_sc13contract_base22universal_contract_obj20UniversalContractObjINtNtNtNtCsaMwVqZEhbLD_22multiversx_sc_scenario3api7impl_vh12vm_hooks_api10VMHooksApiNtNtB1G_9debug_api15DebugApiBackendEENtCsdBQPECgJlzF_15delegation_mock14DelegationMock13claim_rewardsCsbr1bkIJcXG0_13delegate_test
FNDA:21,_RNvYINtNtNtCs7UgnDnxPgRZ_13multiversx_sc13contract_base22universal_contract_obj20UniversalContractObjINtNtNtNtCsaMwVqZEhbLD_22multiversx_sc_scenario3api7impl_vh12vm_hooks_api10VMHooksApiNtNtB1G_9debug_api15DebugApiBackendEENtCsdBQPECgJlzF_15delegation_mock14DelegationMock8delegateCsbr1bkIJcXG0_13delegate_test
FNDA:0,_RNvYINtNtNtCs7UgnDnxPgRZ_13multiversx_sc13contract_base22universal_contract_obj20UniversalContractObjINtNtNtNtCsaMwVqZEhbLD_22multiversx_sc_scenario3api7impl_vh12vm_hooks_api10VMHooksApiNtNtB1G_9debug_api15DebugApiBackendEENtCsdBQPECgJlzF_15delegation_mock14DelegationMock8withdrawCsbr1bkIJcXG0_13delegate_test
FNDA:14,_RNvYINtNtNtCs7UgnDnxPgRZ_13multiversx_sc13contract_base22universal_contract_obj20UniversalContractObjINtNtNtNtCsaMwVqZEhbLD_22multiversx_sc_scenario3api7impl_vh12vm_hooks_api10VMHooksApiNtNtB1G_9debug_api15DebugApiBackendEENtCsdBQPECgJlzF_15delegation_mock16EndpointWrappers4callCsbr1bkIJcXG0_13delegate_test
FNDA:0,_RNCNvYINtNtNtCs7UgnDnxPgRZ_13multiversx_sc13contract_base22universal_contract_obj20UniversalContractObjINtNtNtNtCsaMwVqZEhbLD_22multiversx_sc_scenario3api7impl_vh12vm_hooks_api10VMHooksApiNtNtB1I_9debug_api15DebugApiBackendEENtCsdBQPECgJlzF_15delegation_mock14DelegationMock10undelegate0Csbr1bkIJcXG0_13delegate_test
FNDA:0,_RNCNvYINtNtNtCs7UgnDnxPgRZ_13multiversx_sc13contract_base22universal_contract_obj20UniversalContractObjINtNtNtNtCsaMwVqZEhbLD_22multiversx_sc_scenario3api7impl_vh12vm_hooks_api10VMHooksApiNtNtB1I_9debug_api15DebugApiBackendEENtCsdBQPECgJlzF_15delegation_mock14DelegationMock10undelegates_0Csbr1bkIJcXG0_13delegate_test
FNDA:14,_RNCNvYINtNtNtCs7UgnDnxPgRZ_13multiversx_sc13contract_base22universal_contract_obj20UniversalContractObjINtNtNtNtCsaMwVqZEhbLD_22multiversx_sc_scenario3api7impl_vh12vm_hooks_api10VMHooksApiNtNtB1I_9debug_api15DebugApiBackendEENtCsdBQPECgJlzF_15delegation_mock14DelegationMock12deposit_egld0Csbr1bkIJcXG0_13delegate_test
FNDA:21,_RNCNvYINtNtNtCs7UgnDnxPgRZ_13multiversx_sc13contract_base22universal_contract_obj20UniversalContractObjINtNtNtNtCsaMwVqZEhbLD_22multiversx_sc_scenario3api7impl_vh12vm_hooks_api10VMHooksApiNtNtB1I_9debug_api15DebugApiBackendEENtCsdBQPECgJlzF_15delegation_mock14DelegationMock8delegate0Csbr1bkIJcXG0_13delegate_test
FNDA:21,_RNCNvYINtNtNtCs7UgnDnxPgRZ_13multiversx_sc13contract_base22universal_contract_obj20UniversalContractObjINtNtNtNtCsaMwVqZEhbLD_22multiversx_sc_scenario3api7impl_vh12vm_hooks_api10VMHooksApiNtNtB1I_9debug_api15DebugApiBackendEENtCsdBQPECgJlzF_15delegation_mock14DelegationMock8delegates_0Csbr1bkIJcXG0_13delegate_test
FNDA:0,_RNCNvYINtNtNtCs7UgnDnxPgRZ_13multiversx_sc13contract_base22universal_contract_obj20UniversalContractObjINtNtNtNtCsaMwVqZEhbLD_22multiversx_sc_scenario3api7impl_vh12vm_hooks_api10VMHooksApiNtNtB1I_9debug_api15DebugApiBackendEENtCsdBQPECgJlzF_15delegation_mock14DelegationMock8withdraw0Csbr1bkIJcXG0_13delegate_test
FNDA:0,_RNCNvYpNtCse7vFozqVk3w_15delegation_mock14DelegationMock10undelegate0B7_
FNDA:0,_RNCNvYpNtCse7vFozqVk3w_15delegation_mock14DelegationMock10undelegates_0B7_
FNDA:0,_RNCNvYpNtCse7vFozqVk3w_15delegation_mock14DelegationMock12deposit_egld0B7_
FNDA:0,_RNCNvYpNtCse7vFozqVk3w_15delegation_mock14DelegationMock8delegate0B7_
FNDA:0,_RNCNvYpNtCse7vFozqVk3w_15delegation_mock14DelegationMock8delegates_0B7_
FNDA:0,_RNCNvYpNtCse7vFozqVk3w_15delegation_mock14DelegationMock8withdraw0B7_
FNDA:0,_RNvYpNtCse7vFozqVk3w_15delegation_mock14DelegationMock10undelegateB5_
FNDA:0,_RNvYpNtCse7vFozqVk3w_15delegation_mock14DelegationMock12deposit_egldB5_
FNDA:0,_RNvYpNtCse7vFozqVk3w_15delegation_mock14DelegationMock13claim_rewardsB5_
FNDA:0,_RNvYpNtCse7vFozqVk3w_15delegation_mock14DelegationMock8delegateB5_
FNDA:0,_RNvYpNtCse7vFozqVk3w_15delegation_mock14DelegationMock8withdrawB5_
FNDA:0,_RNvYpNtCse7vFozqVk3w_15delegation_mock16EndpointWrappers4callB5_
FNDA:2,_RNvYINtNtNtCs7UgnDnxPgRZ_13multiversx_sc13contract_base22universal_contract_obj20UniversalContractObjINtNtNtNtCsaMwVqZEhbLD_22multiversx_sc_scenario3api7impl_vh12vm_hooks_api10VMHooksApiNtNtB1G_9debug_api15DebugApiBackendEENtCsdBQPECgJlzF_15delegation_mock14DelegationMock10undelegateCser75boan3cC_4test
FNDA:7,_RNvYINtNtNtCs7UgnDnxPgRZ_13multiversx_sc13contract_base22universal_contract_obj20UniversalContractObjINtNtNtNtCsaMwVqZEhbLD_22multiversx_sc_scenario3api7impl_vh12vm_hooks_api10VMHooksApiNtNtB1G_9debug_api15DebugApiBackendEENtCsdBQPECgJlzF_15delegation_mock14DelegationMock12deposit_egldCser75boan3cC_4test
FNDA:0,_RNvYINtNtNtCs7UgnDnxPgRZ_13multiversx_sc13contract_base22universal_contract_obj20UniversalContractObjINtNtNtNtCsaMwVqZEhbLD_22multiversx_sc_scenario3api7impl_vh12vm_hooks_api10VMHooksApiNtNtB1G_9debug_api15DebugApiBackendEENtCsdBQPECgJlzF_15delegation_mock14DelegationMock13claim_rewardsCser75boan3cC_4test
FNDA:25,_RNvYINtNtNtCs7UgnDnxPgRZ_13multiversx_sc13contract_base22universal_contract_obj20UniversalContractObjINtNtNtNtCsaMwVqZEhbLD_22multiversx_sc_scenario3api7impl_vh12vm_hooks_api10VMHooksApiNtNtB1G_9debug_api15DebugApiBackendEENtCsdBQPECgJlzF_15delegation_mock14DelegationMock8delegateCser75boan3cC_4test
FNDA:2,_RNvYINtNtNtCs7UgnDnxPgRZ_13multiversx_sc13contract_base22universal_contract_obj20UniversalContractObjINtNtNtNtCsaMwVqZEhbLD_22multiversx_sc_scenario3api7impl_vh12vm_hooks_api10VMHooksApiNtNtB1G_9debug_api15DebugApiBackendEENtCsdBQPECgJlzF_15delegation_mock14DelegationMock8withdrawCser75boan3cC_4test
FNDA:7,_RNvYINtNtNtCs7UgnDnxPgRZ_13multiversx_sc13contract_base22universal_contract_obj20UniversalContractObjINtNtNtNtCsaMwVqZEhbLD_22multiversx_sc_scenario3api7impl_vh12vm_hooks_api10VMHooksApiNtNtB1G_9debug_api15DebugApiBackendEENtCsdBQPECgJlzF_15delegation_mock16EndpointWrappers4callCser75boan3cC_4test
FNDA:2,_RNCNvYINtNtNtCs7UgnDnxPgRZ_13multiversx_sc13contract_base22universal_contract_obj20UniversalContractObjINtNtNtNtCsaMwVqZEhbLD_22multiversx_sc_scenario3api7impl_vh12vm_hooks_api10VMHooksApiNtNtB1I_9debug_api15DebugApiBackendEENtCsdBQPECgJlzF_15delegation_mock14DelegationMock10undelegate0Cser75boan3cC_4test
FNDA:2,_RNCNvYINtNtNtCs7UgnDnxPgRZ_13multiversx_sc13contract_base22universal_contract_obj20UniversalContractObjINtNtNtNtCsaMwVqZEhbLD_22multiversx_sc_scenario3api7impl_vh12vm_hooks_api10VMHooksApiNtNtB1I_9debug_api15DebugApiBackendEENtCsdBQPECgJlzF_15delegation_mock14DelegationMock10undelegates_0Cser75boan3cC_4test
FNDA:7,_RNCNvYINtNtNtCs7UgnDnxPgRZ_13multiversx_sc13contract_base22universal_contract_obj20UniversalContractObjINtNtNtNtCsaMwVqZEhbLD_22multiversx_sc_scenario3api7impl_vh12vm_hooks_api10VMHooksApiNtNtB1I_9debug_api15DebugApiBackendEENtCsdBQPECgJlzF_15delegation_mock14DelegationMock12deposit_egld0Cser75boan3cC_4test
FNDA:25,_RNCNvYINtNtNtCs7UgnDnxPgRZ_13multiversx_sc13contract_base22universal_contract_obj20UniversalContractObjINtNtNtNtCsaMwVqZEhbLD_22multiversx_sc_scenario3api7impl_vh12vm_hooks_api10VMHooksApiNtNtB1I_9debug_api15DebugApiBackendEENtCsdBQPECgJlzF_15delegation_mock14DelegationMock8delegate0Cser75boan3cC_4test
FNDA:25,_RNCNvYINtNtNtCs7UgnDnxPgRZ_13multiversx_sc13contract_base22universal_contract_obj20UniversalContractObjINtNtNtNtCsaMwVqZEhbLD_22multiversx_sc_scenario3api7impl_vh12vm_hooks_api10VMHooksApiNtNtB1I_9debug_api15DebugApiBackendEENtCsdBQPECgJlzF_15delegation_mock14DelegationMock8delegates_0Cser75boan3cC_4test
FNDA:2,_RNCNvYINtNtNtCs7UgnDnxPgRZ_13multiversx_sc13contract_base22universal_contract_obj20UniversalContractObjINtNtNtNtCsaMwVqZEhbLD_22multiversx_sc_scenario3api7impl_vh12vm_hooks_api10VMHooksApiNtNtB1I_9debug_api15DebugApiBackendEENtCsdBQPECgJlzF_15delegation_mock14DelegationMock8withdraw0Cser75boan3cC_4test
FNDA:93,_RNvYINtNtNtCs7UgnDnxPgRZ_13multiversx_sc13contract_base22universal_contract_obj20UniversalContractObjINtNtNtNtCsaMwVqZEhbLD_22multiversx_sc_scenario3api7impl_vh12vm_hooks_api10VMHooksApiNtNtB1G_9debug_api15DebugApiBackendEENtCsdBQPECgJlzF_15delegation_mock14DelegationMock10undelegateCs2kY4YTISLqz_15unDelegate_test
FNDA:389,_RNvYINtNtNtCs7UgnDnxPgRZ_13multiversx_sc13contract_base22universal_contract_obj20UniversalContractObjINtNtNtNtCsaMwVqZEhbLD_22multiversx_sc_scenario3api7impl_vh12vm_hooks_api10VMHooksApiNtNtB1G_9debug_api15DebugApiBackendEENtCsdBQPECgJlzF_15delegation_mock14DelegationMock12deposit_egldCs2kY4YTISLqz_15unDelegate_test
FNDA:0,_RNvYINtNtNtCs7UgnDnxPgRZ_13multiversx_sc13contract_base22universal_contract_obj20UniversalContractObjINtNtNtNtCsaMwVqZEhbLD_22multiversx_sc_scenario3api7impl_vh12vm_hooks_api10VMHooksApiNtNtB1G_9debug_api15DebugApiBackendEENtCsdBQPECgJlzF_15delegation_mock14DelegationMock13claim_rewardsCs2kY4YTISLqz_15unDelegate_test
FNDA:767,_RNvYINtNtNtCs7UgnDnxPgRZ_13multiversx_sc13contract_base22universal_contract_obj20UniversalContractObjINtNtNtNtCsaMwVqZEhbLD_22multiversx_sc_scenario3api7impl_vh12vm_hooks_api10VMHooksApiNtNtB1G_9debug_api15DebugApiBackendEENtCsdBQPECgJlzF_15delegation_mock14DelegationMock8delegateCs2kY4YTISLqz_15unDelegate_test
FNDA:0,_RNvYINtNtNtCs7UgnDnxPgRZ_13multiversx_sc13contract_base22universal_contract_obj20UniversalContractObjINtNtNtNtCsaMwVqZEhbLD_22multiversx_sc_scenario3api7impl_vh12vm_hooks_api10VMHooksApiNtNtB1G_9debug_api15DebugApiBackendEENtCsdBQPECgJlzF_15delegation_mock14DelegationMock8withdrawCs2kY4YTISLqz_15unDelegate_test
FNDA:389,_RNvYINtNtNtCs7UgnDnxPgRZ_13multiversx_sc13contract_base22universal_contract_obj20UniversalContractObjINtNtNtNtCsaMwVqZEhbLD_22multiversx_sc_scenario3api7impl_vh12vm_hooks_api10VMHooksApiNtNtB1G_9debug_api15DebugApiBackendEENtCsdBQPECgJlzF_15delegation_mock16EndpointWrappers4callCs2kY4YTISLqz_15unDelegate_test
FNDA:93,_RNCNvYINtNtNtCs7UgnDnxPgRZ_13multiversx_sc13contract_base22universal_contract_obj20UniversalContractObjINtNtNtNtCsaMwVqZEhbLD_22multiversx_sc_scenario3api7impl_vh12vm_hooks_api10VMHooksApiNtNtB1I_9debug_api15DebugApiBackendEENtCsdBQPECgJlzF_15delegation_mock14DelegationMock10undelegate0Cs2kY4YTISLqz_15unDelegate_test
FNDA:93,_RNCNvYINtNtNtCs7UgnDnxPgRZ_13multiversx_sc13contract_base22universal_contract_obj20UniversalContractObjINtNtNtNtCsaMwVqZEhbLD_22multiversx_sc_scenario3api7impl_vh12vm_hooks_api10VMHooksApiNtNtB1I_9debug_api15DebugApiBackendEENtCsdBQPECgJlzF_15delegation_mock14DelegationMock10undelegates_0Cs2kY4YTISLqz_15unDelegate_test
FNDA:389,_RNCNvYINtNtNtCs7UgnDnxPgRZ_13multiversx_sc13contract_base22universal_contract_obj20UniversalContractObjINtNtNtNtCsaMwVqZEhbLD_22multiversx_sc_scenario3api7impl_vh12vm_hooks_api10VMHooksApiNtNtB1I_9debug_api15DebugApiBackendEENtCsdBQPECgJlzF_15delegation_mock14DelegationMock12deposit_egld0Cs2kY4YTISLqz_15unDelegate_test
FNDA:767,_RNCNvYINtNtNtCs7UgnDnxPgRZ_13multiversx_sc13contract_base22universal_contract_obj20UniversalContractObjINtNtNtNtCsaMwVqZEhbLD_22multiversx_sc_scenario3api7impl_vh12vm_hooks_api10VMHooksApiNtNtB1I_9debug_api15DebugApiBackendEENtCsdBQPECgJlzF_15delegation_mock14DelegationMock8delegate0Cs2kY4YTISLqz_15unDelegate_test
FNDA:767,_RNCNvYINtNtNtCs7UgnDnxPgRZ_13multiversx_sc13contract_base22universal_contract_obj20UniversalContractObjINtNtNtNtCsaMwVqZEhbLD_22multiversx_sc_scenario3api7impl_vh12vm_hooks_api10VMHooksApiNtNtB1I_9debug_api15DebugApiBackendEENtCsdBQPECgJlzF_15delegation_mock14DelegationMock8delegates_0Cs2kY4YTISLqz_15unDelegate_test
FNDA:0,_RNCNvYINtNtNtCs7UgnDnxPgRZ_13multiversx_sc13contract_base22universal_contract_obj20UniversalContractObjINtNtNtNtCsaMwVqZEhbLD_22multiversx_sc_scenario3api7impl_vh12vm_hooks_api10VMHooksApiNtNtB1I_9debug_api15DebugApiBackendEENtCsdBQPECgJlzF_15delegation_mock14DelegationMock8withdraw0Cs2kY4YTISLqz_15unDelegate_test
FNDA:7,_RNvYINtNtNtCs7UgnDnxPgRZ_13multiversx_sc13contract_base22universal_contract_obj20UniversalContractObjINtNtNtNtCsaMwVqZEhbLD_22multiversx_sc_scenario3api7impl_vh12vm_hooks_api10VMHooksApiNtNtB1G_9debug_api15DebugApiBackendEENtCsdBQPECgJlzF_15delegation_mock14DelegationMock10undelegateCsiSFVsKXOszz_11unbond_test
FNDA:7,_RNvYINtNtNtCs7UgnDnxPgRZ_13multiversx_sc13contract_base22universal_contract_obj20UniversalContractObjINtNtNtNtCsaMwVqZEhbLD_22multiversx_sc_scenario3api7impl_vh12vm_hooks_api10VMHooksApiNtNtB1G_9debug_api15DebugApiBackendEENtCsdBQPECgJlzF_15delegation_mock14DelegationMock12deposit_egldCsiSFVsKXOszz_11unbond_test
FNDA:0,_RNvYINtNtNtCs7UgnDnxPgRZ_13multiversx_sc13contract_base22universal_contract_obj20UniversalContractObjINtNtNtNtCsaMwVqZEhbLD_22multiversx_sc_scenario3api7impl_vh12vm_hooks_api10VMHooksApiNtNtB1G_9debug_api15DebugApiBackendEENtCsdBQPECgJlzF_15delegation_mock14DelegationMock13claim_rewardsCsiSFVsKXOszz_11unbond_test
FNDA:14,_RNvYINtNtNtCs7UgnDnxPgRZ_13multiversx_sc13contract_base22universal_contract_obj20UniversalContractObjINtNtNtNtCsaMwVqZEhbLD_22multiversx_sc_scenario3api7impl_vh12vm_hooks_api10VMHooksApiNtNtB1G_9debug_api15DebugApiBackendEENtCsdBQPECgJlzF_15delegation_mock14DelegationMock8delegateCsiSFVsKXOszz_11unbond_test
FNDA:6,_RNvYINtNtNtCs7UgnDnxPgRZ_13multiversx_sc13contract_base22universal_contract_obj20UniversalContractObjINtNtNtNtCsaMwVqZEhbLD_22multiversx_sc_scenario3api7impl_vh12vm_hooks_api10VMHooksApiNtNtB1G_9debug_api15DebugApiBackendEENtCsdBQPECgJlzF_15delegation_mock14DelegationMock8withdrawCsiSFVsKXOszz_11unbond_test
FNDA:7,_RNvYINtNtNtCs7UgnDnxPgRZ_13multiversx_sc13contract_base22universal_contract_obj20UniversalContractObjINtNtNtNtCsaMwVqZEhbLD_22multiversx_sc_scenario3api7impl_vh12vm_hooks_api10VMHooksApiNtNtB1G_9debug_api15DebugApiBackendEENtCsdBQPECgJlzF_15delegation_mock16EndpointWrappers4callCsiSFVsKXOszz_11unbond_test
FNDA:7,_RNCNvYINtNtNtCs7UgnDnxPgRZ_13multiversx_sc13contract_base22universal_contract_obj20UniversalContractObjINtNtNtNtCsaMwVqZEhbLD_22multiversx_sc_scenario3api7impl_vh12vm_hooks_api10VMHooksApiNtNtB1I_9debug_api15DebugApiBackendEENtCsdBQPECgJlzF_15delegation_mock14DelegationMock10undelegate0CsiSFVsKXOszz_11unbond_test
FNDA:7,_RNCNvYINtNtNtCs7UgnDnxPgRZ_13multiversx_sc13contract_base22universal_contract_obj20UniversalContractObjINtNtNtNtCsaMwVqZEhbLD_22multiversx_sc_scenario3api7impl_vh12vm_hooks_api10VMHooksApiNtNtB1I_9debug_api15DebugApiBackendEENtCsdBQPECgJlzF_15delegation_mock14DelegationMock10undelegates_0CsiSFVsKXOszz_11unbond_test
FNDA:7,_RNCNvYINtNtNtCs7UgnDnxPgRZ_13multiversx_sc13contract_base22universal_contract_obj20UniversalContractObjINtNtNtNtCsaMwVqZEhbLD_22multiversx_sc_scenario3api7impl_vh12vm_hooks_api10VMHooksApiNtNtB1I_9debug_api15DebugApiBackendEENtCsdBQPECgJlzF_15delegation_mock14DelegationMock12deposit_egld0CsiSFVsKXOszz_11unbond_test
FNDA:14,_RNCNvYINtNtNtCs7UgnDnxPgRZ_13multiversx_sc13contract_base22universal_contract_obj20UniversalContractObjINtNtNtNtCsaMwVqZEhbLD_22multiversx_sc_scenario3api7impl_vh12vm_hooks_api10VMHooksApiNtNtB1I_9debug_api15DebugApiBackendEENtCsdBQPECgJlzF_15delegation_mock14DelegationMock8delegate0CsiSFVsKXOszz_11unbond_test
FNDA:14,_RNCNvYINtNtNtCs7UgnDnxPgRZ_13multiversx_sc13contract_base22universal_contract_obj20UniversalContractObjINtNtNtNtCsaMwVqZEhbLD_22multiversx_sc_scenario3api7impl_vh12vm_hooks_api10VMHooksApiNtNtB1I_9debug_api15DebugApiBackendEENtCsdBQPECgJlzF_15delegation_mock14DelegationMock8delegates_0CsiSFVsKXOszz_11unbond_test
FNDA:5,_RNCNvYINtNtNtCs7UgnDnxPgRZ_13multiversx_sc13contract_base22universal_contract_obj20UniversalContractObjINtNtNtNtCsaMwVqZEhbLD_22multiversx_sc_scenario3api7impl_vh12vm_hooks_api10VMHooksApiNtNtB1I_9debug_api15DebugApiBackendEENtCsdBQPECgJlzF_15delegation_mock14DelegationMock8withdraw0CsiSFVsKXOszz_11unbond_test
FNF:12
FNH:11
DA:11,417
DA:19,417
DA:20,417
DA:21,417
DA:22,417
DA:27,827
DA:28,827
DA:29,827
DA:30,827
DA:31,827
DA:32,827
DA:36,102
DA:37,102
DA:38,102
DA:39,102
DA:40,102
DA:43,102
DA:44,102
DA:45,102
DA:46,102
DA:47,102
DA:48,102
DA:52,8
DA:53,8
DA:54,8
DA:55,8
DA:56,8
DA:58,8
DA:59,8
DA:60,8
DA:64,7
DA:65,7
DA:66,7
DA:67,7
DA:68,7
DA:72,0
DA:73,0
DA:74,0
DA:75,0
DA:76,0
DA:78,0
DA:79,0
DA:80,0
DA:81,0
DA:82,0
DA:83,0
DA:84,0
DA:88,0
DA:89,0
DA:90,0
DA:92,0
BRF:0
BRH:0
LF:57
LH:41
end_of_record
SF:/Users/mihaieremia/GitHub/rs-egld-liquid-staking/liquid-staking/meta/src/main.rs
FN:1,_RNvCsg326fr9iN11_18liquid_staking_abi4main
FNDA:0,_RNvCsg326fr9iN11_18liquid_staking_abi4main
FNF:1
FNH:0
DA:1,0
DA:2,0
DA:3,0
BRF:0
BRH:0
LF:3
LH:0
end_of_record
SF:/Users/mihaieremia/GitHub/rs-egld-liquid-staking/liquid-staking/src/callback.rs
FN:50,_RNvYINtNtNtCs7UgnDnxPgRZ_13multiversx_sc13contract_base22universal_contract_obj20UniversalContractObjINtNtNtNtCsaMwVqZEhbLD_22multiversx_sc_scenario3api7impl_vh12vm_hooks_api10VMHooksApiNtNtB1G_9debug_api15DebugApiBackendEENtNtCsfpwSf4meMjG_14liquid_staking8callback14CallbackModule22add_liquidity_callbackCsbr1bkIJcXG0_13delegate_test
FN:90,_RNvYINtNtNtCs7UgnDnxPgRZ_13multiversx_sc13contract_base22universal_contract_obj20UniversalContractObjINtNtNtNtCsaMwVqZEhbLD_22multiversx_sc_scenario3api7impl_vh12vm_hooks_api10VMHooksApiNtNtB1G_9debug_api15DebugApiBackendEENtNtCsfpwSf4meMjG_14liquid_staking8callback14CallbackModule22claim_rewards_callbackCsbr1bkIJcXG0_13delegate_test
FN:73,_RNvYINtNtNtCs7UgnDnxPgRZ_13multiversx_sc13contract_base22universal_contract_obj20UniversalContractObjINtNtNtNtCsaMwVqZEhbLD_22multiversx_sc_scenario3api7impl_vh12vm_hooks_api10VMHooksApiNtNtB1G_9debug_api15DebugApiBackendEENtNtCsfpwSf4meMjG_14liquid_staking8callback14CallbackModule24withdraw_tokens_callbackCsbr1bkIJcXG0_13delegate_test
FN:21,_RNvYINtNtNtCs7UgnDnxPgRZ_13multiversx_sc13contract_base22universal_contract_obj20UniversalContractObjINtNtNtNtCsaMwVqZEhbLD_22multiversx_sc_scenario3api7impl_vh12vm_hooks_api10VMHooksApiNtNtB1G_9debug_api15DebugApiBackendEENtNtCsfpwSf4meMjG_14liquid_staking8callback14CallbackModule25remove_liquidity_callbackCsbr1bkIJcXG0_13delegate_test
FN:134,_RNvYINtNtNtCs7UgnDnxPgRZ_13multiversx_sc13contract_base22universal_contract_obj20UniversalContractObjINtNtNtNtCsaMwVqZEhbLD_22multiversx_sc_scenario3api7impl_vh12vm_hooks_api10VMHooksApiNtNtB1G_9debug_api15DebugApiBackendEENtNtCsfpwSf4meMjG_14liquid_staking8callback14CallbackModule36instant_delegation_contract_callbackCsbr1bkIJcXG0_13delegate_test
FN:114,_RNvYINtNtNtCs7UgnDnxPgRZ_13multiversx_sc13contract_base22universal_contract_obj20UniversalContractObjINtNtNtNtCsaMwVqZEhbLD_22multiversx_sc_scenario3api7impl_vh12vm_hooks_api10VMHooksApiNtNtB1G_9debug_api15DebugApiBackendEENtNtCsfpwSf4meMjG_14liquid_staking8callback14CallbackModule38whitelist_delegation_contract_callbackCsbr1bkIJcXG0_13delegate_test
FN:4,_RNvYINtNtNtCs7UgnDnxPgRZ_13multiversx_sc13contract_base22universal_contract_obj20UniversalContractObjINtNtNtNtCsaMwVqZEhbLD_22multiversx_sc_scenario3api7impl_vh12vm_hooks_api10VMHooksApiNtNtB1G_9debug_api15DebugApiBackendEENtNtCsfpwSf4meMjG_14liquid_staking8callback16EndpointWrappers4callCsbr1bkIJcXG0_13delegate_test
FN:55,_RNCNvYINtNtNtCs7UgnDnxPgRZ_13multiversx_sc13contract_base22universal_contract_obj20UniversalContractObjINtNtNtNtCsaMwVqZEhbLD_22multiversx_sc_scenario3api7impl_vh12vm_hooks_api10VMHooksApiNtNtB1I_9debug_api15DebugApiBackendEENtNtCsfpwSf4meMjG_14liquid_staking8callback14CallbackModule22add_liquidity_callback0Csbr1bkIJcXG0_13delegate_test
FN:63,_RNCNvYINtNtNtCs7UgnDnxPgRZ_13multiversx_sc13contract_base22universal_contract_obj20UniversalContractObjINtNtNtNtCsaMwVqZEhbLD_22multiversx_sc_scenario3api7impl_vh12vm_hooks_api10VMHooksApiNtNtB1I_9debug_api15DebugApiBackendEENtNtCsfpwSf4meMjG_14liquid_staking8callback14CallbackModule22add_liquidity_callbacks_0Csbr1bkIJcXG0_13delegate_test
FN:82,_RNCNvYINtNtNtCs7UgnDnxPgRZ_13multiversx_sc13contract_base22universal_contract_obj20UniversalContractObjINtNtNtNtCsaMwVqZEhbLD_22multiversx_sc_scenario3api7impl_vh12vm_hooks_api10VMHooksApiNtNtB1I_9debug_api15DebugApiBackendEENtNtCsfpwSf4meMjG_14liquid_staking8callback14CallbackModule24withdraw_tokens_callback0Csbr1bkIJcXG0_13delegate_test
FN:27,_RNCNvYINtNtNtCs7UgnDnxPgRZ_13multiversx_sc13contract_base22universal_contract_obj20UniversalContractObjINtNtNtNtCsaMwVqZEhbLD_22multiversx_sc_scenario3api7impl_vh12vm_hooks_api10VMHooksApiNtNtB1I_9debug_api15DebugApiBackendEENtNtCsfpwSf4meMjG_14liquid_staking8callback14CallbackModule25remove_liquidity_callback0Csbr1bkIJcXG0_13delegate_test
FN:36,_RNCNvYINtNtNtCs7UgnDnxPgRZ_13multiversx_sc13contract_base22universal_contract_obj20UniversalContractObjINtNtNtNtCsaMwVqZEhbLD_22multiversx_sc_scenario3api7impl_vh12vm_hooks_api10VMHooksApiNtNtB1I_9debug_api15DebugApiBackendEENtNtCsfpwSf4meMjG_14liquid_staking8callback14CallbackModule25remove_liquidity_callbacks_0Csbr1bkIJcXG0_13delegate_test
FN:139,_RNCNvYINtNtNtCs7UgnDnxPgRZ_13multiversx_sc13contract_base22universal_contract_obj20UniversalContractObjINtNtNtNtCsaMwVqZEhbLD_22multiversx_sc_scenario3api7impl_vh12vm_hooks_api10VMHooksApiNtNtB1I_9debug_api15DebugApiBackendEENtNtCsfpwSf4meMjG_14liquid_staking8callback14CallbackModule36instant_delegation_contract_callback0Csbr1bkIJcXG0_13delegate_test
FN:55,_RNCNvYpNtNtCsfpwSf4meMjG_14liquid_staking8callback14CallbackModule22add_liquidity_callback0B9_
FN:63,_RNCNvYpNtNtCsfpwSf4meMjG_14liquid_staking8callback14CallbackModule22add_liquidity_callbacks_0B9_
FN:82,_RNCNvYpNtNtCsfpwSf4meMjG_14liquid_staking8callback14CallbackModule24withdraw_tokens_callback0B9_
FN:27,_RNCNvYpNtNtCsfpwSf4meMjG_14liquid_staking8callback14CallbackModule25remove_liquidity_callback0B9_
FN:36,_RNCNvYpNtNtCsfpwSf4meMjG_14liquid_staking8callback14CallbackModule25remove_liquidity_callbacks_0B9_
FN:139,_RNCNvYpNtNtCsfpwSf4meMjG_14liquid_staking8callback14CallbackModule36instant_delegation_contract_callback0B9_
FN:50,_RNvYpNtNtCsfpwSf4meMjG_14liquid_staking8callback14CallbackModule22add_liquidity_callbackB7_
FN:90,_RNvYpNtNtCsfpwSf4meMjG_14liquid_staking8callback14CallbackModule22claim_rewards_callbackB7_
FN:73,_RNvYpNtNtCsfpwSf4meMjG_14liquid_staking8callback14CallbackModule24withdraw_tokens_callbackB7_
FN:21,_RNvYpNtNtCsfpwSf4meMjG_14liquid_staking8callback14CallbackModule25remove_liquidity_callbackB7_
FN:134,_RNvYpNtNtCsfpwSf4meMjG_14liquid_staking8callback14CallbackModule36instant_delegation_contract_callbackB7_
FN:114,_RNvYpNtNtCsfpwSf4meMjG_14liquid_staking8callback14CallbackModule38whitelist_delegation_contract_callbackB7_
FN:4,_RNvYpNtNtCsfpwSf4meMjG_14liquid_staking8callback16EndpointWrappers4callB7_
FN:55,_RNCNvYpNtNtCsc0j4n22gHcB_14liquid_staking8callback14CallbackModule22add_liquidity_callback0B9_
FN:63,_RNCNvYpNtNtCsc0j4n22gHcB_14liquid_staking8callback14CallbackModule22add_liquidity_callbacks_0B9_
FN:82,_RNCNvYpNtNtCsc0j4n22gHcB_14liquid_staking8callback14CallbackModule24withdraw_tokens_callback0B9_
FN:27,_RNCNvYpNtNtCsc0j4n22gHcB_14liquid_staking8callback14CallbackModule25remove_liquidity_callback0B9_
FN:36,_RNCNvYpNtNtCsc0j4n22gHcB_14liquid_staking8callback14CallbackModule25remove_liquidity_callbacks_0B9_
FN:139,_RNCNvYpNtNtCsc0j4n22gHcB_14liquid_staking8callback14CallbackModule36instant_delegation_contract_callback0B9_
FN:50,_RNvYpNtNtCsc0j4n22gHcB_14liquid_staking8callback14CallbackModule22add_liquidity_callbackB7_
FN:90,_RNvYpNtNtCsc0j4n22gHcB_14liquid_staking8callback14CallbackModule22claim_rewards_callbackB7_
FN:73,_RNvYpNtNtCsc0j4n22gHcB_14liquid_staking8callback14CallbackModule24withdraw_tokens_callbackB7_
FN:21,_RNvYpNtNtCsc0j4n22gHcB_14liquid_staking8callback14CallbackModule25remove_liquidity_callbackB7_
FN:134,_RNvYpNtNtCsc0j4n22gHcB_14liquid_staking8callback14CallbackModule36instant_delegation_contract_callbackB7_
FN:114,_RNvYpNtNtCsc0j4n22gHcB_14liquid_staking8callback14CallbackModule38whitelist_delegation_contract_callbackB7_
FN:4,_RNvYpNtNtCsc0j4n22gHcB_14liquid_staking8callback16EndpointWrappers4callB7_
FN:50,_RNvYINtNtNtCs7UgnDnxPgRZ_13multiversx_sc13contract_base22universal_contract_obj20UniversalContractObjINtNtNtNtCsaMwVqZEhbLD_22multiversx_sc_scenario3api7impl_vh12vm_hooks_api10VMHooksApiNtNtB1G_9debug_api15DebugApiBackendEENtNtCsfpwSf4meMjG_14liquid_staking8callback14CallbackModule22add_liquidity_callbackCser75boan3cC_4test
FN:90,_RNvYINtNtNtCs7UgnDnxPgRZ_13multiversx_sc13contract_base22universal_contract_obj20UniversalContractObjINtNtNtNtCsaMwVqZEhbLD_22multiversx_sc_scenario3api7impl_vh12vm_hooks_api10VMHooksApiNtNtB1G_9debug_api15DebugApiBackendEENtNtCsfpwSf4meMjG_14liquid_staking8callback14CallbackModule22claim_rewards_callbackCser75boan3cC_4test
FN:73,_RNvYINtNtNtCs7UgnDnxPgRZ_13multiversx_sc13contract_base22universal_contract_obj20UniversalContractObjINtNtNtNtCsaMwVqZEhbLD_22multiversx_sc_scenario3api7impl_vh12vm_hooks_api10VMHooksApiNtNtB1G_9debug_api15DebugApiBackendEENtNtCsfpwSf4meMjG_14liquid_staking8callback14CallbackModule24withdraw_tokens_callbackCser75boan3cC_4test
FN:21,_RNvYINtNtNtCs7UgnDnxPgRZ_13multiversx_sc13contract_base22universal_contract_obj20UniversalContractObjINtNtNtNtCsaMwVqZEhbLD_22multiversx_sc_scenario3api7impl_vh12vm_hooks_api10VMHooksApiNtNtB1G_9debug_api15DebugApiBackendEENtNtCsfpwSf4meMjG_14liquid_staking8callback14CallbackModule25remove_liquidity_callbackCser75boan3cC_4test
FN:134,_RNvYINtNtNtCs7UgnDnxPgRZ_13multiversx_sc13contract_base22universal_contract_obj20UniversalContractObjINtNtNtNtCsaMwVqZEhbLD_22multiversx_sc_scenario3api7impl_vh12vm_hooks_api10VMHooksApiNtNtB1G_9debug_api15DebugApiBackendEENtNtCsfpwSf4meMjG_14liquid_staking8callback14CallbackModule36instant_delegation_contract_callbackCser75boan3cC_4test
FN:114,_RNvYINtNtNtCs7UgnDnxPgRZ_13multiversx_sc13contract_base22universal_contract_obj20UniversalContractObjINtNtNtNtCsaMwVqZEhbLD_22multiversx_sc_scenario3api7impl_vh12vm_hooks_api10VMHooksApiNtNtB1G_9debug_api15DebugApiBackendEENtNtCsfpwSf4meMjG_14liquid_staking8callback14CallbackModule38whitelist_delegation_contract_callbackCser75boan3cC_4test
FN:4,_RNvYINtNtNtCs7UgnDnxPgRZ_13multiversx_sc13contract_base22universal_contract_obj20UniversalContractObjINtNtNtNtCsaMwVqZEhbLD_22multiversx_sc_scenario3api7impl_vh12vm_hooks_api10VMHooksApiNtNtB1G_9debug_api15DebugApiBackendEENtNtCsfpwSf4meMjG_14liquid_staking8callback16EndpointWrappers4callCser75boan3cC_4test
FN:55,_RNCNvYINtNtNtCs7UgnDnxPgRZ_13multiversx_sc13contract_base22universal_contract_obj20UniversalContractObjINtNtNtNtCsaMwVqZEhbLD_22multiversx_sc_scenario3api7impl_vh12vm_hooks_api10VMHooksApiNtNtB1I_9debug_api15DebugApiBackendEENtNtCsfpwSf4meMjG_14liquid_staking8callback14CallbackModule22add_liquidity_callback0Cser75boan3cC_4test
FN:63,_RNCNvYINtNtNtCs7UgnDnxPgRZ_13multiversx_sc13contract_base22universal_contract_obj20UniversalContractObjINtNtNtNtCsaMwVqZEhbLD_22multiversx_sc_scenario3api7impl_vh12vm_hooks_api10VMHooksApiNtNtB1I_9debug_api15DebugApiBackendEENtNtCsfpwSf4meMjG_14liquid_staking8callback14CallbackModule22add_liquidity_callbacks_0Cser75boan3cC_4test
FN:82,_RNCNvYINtNtNtCs7UgnDnxPgRZ_13multiversx_sc13contract_base22universal_contract_obj20UniversalContractObjINtNtNtNtCsaMwVqZEhbLD_22multiversx_sc_scenario3api7impl_vh12vm_hooks_api10VMHooksApiNtNtB1I_9debug_api15DebugApiBackendEENtNtCsfpwSf4meMjG_14liquid_staking8callback14CallbackModule24withdraw_tokens_callback0Cser75boan3cC_4test
FN:27,_RNCNvYINtNtNtCs7UgnDnxPgRZ_13multiversx_sc13contract_base22universal_contract_obj20UniversalContractObjINtNtNtNtCsaMwVqZEhbLD_22multiversx_sc_scenario3api7impl_vh12vm_hooks_api10VMHooksApiNtNtB1I_9debug_api15DebugApiBackendEENtNtCsfpwSf4meMjG_14liquid_staking8callback14CallbackModule25remove_liquidity_callback0Cser75boan3cC_4test
FN:36,_RNCNvYINtNtNtCs7UgnDnxPgRZ_13multiversx_sc13contract_base22universal_contract_obj20UniversalContractObjINtNtNtNtCsaMwVqZEhbLD_22multiversx_sc_scenario3api7impl_vh12vm_hooks_api10VMHooksApiNtNtB1I_9debug_api15DebugApiBackendEENtNtCsfpwSf4meMjG_14liquid_staking8callback14CallbackModule25remove_liquidity_callbacks_0Cser75boan3cC_4test
FN:139,_RNCNvYINtNtNtCs7UgnDnxPgRZ_13multiversx_sc13contract_base22universal_contract_obj20UniversalContractObjINtNtNtNtCsaMwVqZEhbLD_22multiversx_sc_scenario3api7impl_vh12vm_hooks_api10VMHooksApiNtNtB1I_9debug_api15DebugApiBackendEENtNtCsfpwSf4meMjG_14liquid_staking8callback14CallbackModule36instant_delegation_contract_callback0Cser75boan3cC_4test
FN:50,_RNvYINtNtNtCs7UgnDnxPgRZ_13multiversx_sc13contract_base22universal_contract_obj20UniversalContractObjINtNtNtNtCsaMwVqZEhbLD_22multiversx_sc_scenario3api7impl_vh12vm_hooks_api10VMHooksApiNtNtB1G_9debug_api15DebugApiBackendEENtNtCsfpwSf4meMjG_14liquid_staking8callback14CallbackModule22add_liquidity_callbackCs2kY4YTISLqz_15unDelegate_test
FN:90,_RNvYINtNtNtCs7UgnDnxPgRZ_13multiversx_sc13contract_base22universal_contract_obj20UniversalContractObjINtNtNtNtCsaMwVqZEhbLD_22multiversx_sc_scenario3api7impl_vh12vm_hooks_api10VMHooksApiNtNtB1G_9debug_api15DebugApiBackendEENtNtCsfpwSf4meMjG_14liquid_staking8callback14CallbackModule22claim_rewards_callbackCs2kY4YTISLqz_15unDelegate_test
FN:73,_RNvYINtNtNtCs7UgnDnxPgRZ_13multiversx_sc13contract_base22universal_contract_obj20UniversalContractObjINtNtNtNtCsaMwVqZEhbLD_22multiversx_sc_scenario3api7impl_vh12vm_hooks_api10VMHooksApiNtNtB1G_9debug_api15DebugApiBackendEENtNtCsfpwSf4meMjG_14liquid_staking8callback14CallbackModule24withdraw_tokens_callbackCs2kY4YTISLqz_15unDelegate_test
FN:21,_RNvYINtNtNtCs7UgnDnxPgRZ_13multiversx_sc13contract_base22universal_contract_obj20UniversalContractObjINtNtNtNtCsaMwVqZEhbLD_22multiversx_sc_scenario3api7impl_vh12vm_hooks_api10VMHooksApiNtNtB1G_9debug_api15DebugApiBackendEENtNtCsfpwSf4meMjG_14liquid_staking8callback14CallbackModule25remove_liquidity_callbackCs2kY4YTISLqz_15unDelegate_test
FN:134,_RNvYINtNtNtCs7UgnDnxPgRZ_13multiversx_sc13contract_base22universal_contract_obj20UniversalContractObjINtNtNtNtCsaMwVqZEhbLD_22multiversx_sc_scenario3api7impl_vh12vm_hooks_api10VMHooksApiNtNtB1G_9debug_api15DebugApiBackendEENtNtCsfpwSf4meMjG_14liquid_staking8callback14CallbackModule36instant_delegation_contract_callbackCs2kY4YTISLqz_15unDelegate_test
FN:114,_RNvYINtNtNtCs7UgnDnxPgRZ_13multiversx_sc13contract_base22universal_contract_obj20UniversalContractObjINtNtNtNtCsaMwVqZEhbLD_22multiversx_sc_scenario3api7impl_vh12vm_hooks_api10VMHooksApiNtNtB1G_9debug_api15DebugApiBackendEENtNtCsfpwSf4meMjG_14liquid_staking8callback14CallbackModule38whitelist_delegation_contract_callbackCs2kY4YTISLqz_15unDelegate_test
FN:4,_RNvYINtNtNtCs7UgnDnxPgRZ_13multiversx_sc13contract_base22universal_contract_obj20UniversalContractObjINtNtNtNtCsaMwVqZEhbLD_22multiversx_sc_scenario3api7impl_vh12vm_hooks_api10VMHooksApiNtNtB1G_9debug_api15DebugApiBackendEENtNtCsfpwSf4meMjG_14liquid_staking8callback16EndpointWrappers4callCs2kY4YTISLqz_15unDelegate_test
FN:55,_RNCNvYINtNtNtCs7UgnDnxPgRZ_13multiversx_sc13contract_base22universal_contract_obj20UniversalContractObjINtNtNtNtCsaMwVqZEhbLD_22multiversx_sc_scenario3api7impl_vh12vm_hooks_api10VMHooksApiNtNtB1I_9debug_api15DebugApiBackendEENtNtCsfpwSf4meMjG_14liquid_staking8callback14CallbackModule22add_liquidity_callback0Cs2kY4YTISLqz_15unDelegate_test
FN:63,_RNCNvYINtNtNtCs7UgnDnxPgRZ_13multiversx_sc13contract_base22universal_contract_obj20UniversalContractObjINtNtNtNtCsaMwVqZEhbLD_22multiversx_sc_scenario3api7impl_vh12vm_hooks_api10VMHooksApiNtNtB1I_9debug_api15DebugApiBackendEENtNtCsfpwSf4meMjG_14liquid_staking8callback14CallbackModule22add_liquidity_callbacks_0Cs2kY4YTISLqz_15unDelegate_test
FN:82,_RNCNvYINtNtNtCs7UgnDnxPgRZ_13multiversx_sc13contract_base22universal_contract_obj20UniversalContractObjINtNtNtNtCsaMwVqZEhbLD_22multiversx_sc_scenario3api7impl_vh12vm_hooks_api10VMHooksApiNtNtB1I_9debug_api15DebugApiBackendEENtNtCsfpwSf4meMjG_14liquid_staking8callback14CallbackModule24withdraw_tokens_callback0Cs2kY4YTISLqz_15unDelegate_test
FN:27,_RNCNvYINtNtNtCs7UgnDnxPgRZ_13multiversx_sc13contract_base22universal_contract_obj20UniversalContractObjINtNtNtNtCsaMwVqZEhbLD_22multiversx_sc_scenario3api7impl_vh12vm_hooks_api10VMHooksApiNtNtB1I_9debug_api15DebugApiBackendEENtNtCsfpwSf4meMjG_14liquid_staking8callback14CallbackModule25remove_liquidity_callback0Cs2kY4YTISLqz_15unDelegate_test
FN:36,_RNCNvYINtNtNtCs7UgnDnxPgRZ_13multiversx_sc13contract_base22universal_contract_obj20UniversalContractObjINtNtNtNtCsaMwVqZEhbLD_22multiversx_sc_scenario3api7impl_vh12vm_hooks_api10VMHooksApiNtNtB1I_9debug_api15DebugApiBackendEENtNtCsfpwSf4meMjG_14liquid_staking8callback14CallbackModule25remove_liquidity_callbacks_0Cs2kY4YTISLqz_15unDelegate_test
FN:139,_RNCNvYINtNtNtCs7UgnDnxPgRZ_13multiversx_sc13contract_base22universal_contract_obj20UniversalContractObjINtNtNtNtCsaMwVqZEhbLD_22multiversx_sc_scenario3api7impl_vh12vm_hooks_api10VMHooksApiNtNtB1I_9debug_api15DebugApiBackendEENtNtCsfpwSf4meMjG_14liquid_staking8callback14CallbackModule36instant_delegation_contract_callback0Cs2kY4YTISLqz_15unDelegate_test
FN:50,_RNvYINtNtNtCs7UgnDnxPgRZ_13multiversx_sc13contract_base22universal_contract_obj20UniversalContractObjINtNtNtNtCsaMwVqZEhbLD_22multiversx_sc_scenario3api7impl_vh12vm_hooks_api10VMHooksApiNtNtB1G_9debug_api15DebugApiBackendEENtNtCsfpwSf4meMjG_14liquid_staking8callback14CallbackModule22add_liquidity_callbackCsiSFVsKXOszz_11unbond_test
[...]
FNDA:8,_RNvYINtNtNtCs7UgnDnxPgRZ_13multiversx_sc13contract_base22universal_contract_obj20UniversalContractObjINtNtNtNtCsaMwVqZEhbLD_22multiversx_sc_scenario3api7impl_vh12vm_hooks_api10VMHooksApiNtNtB1G_9debug_api15DebugApiBackendEENtNtNtCsfpwSf4meMjG_14liquid_staking5utils13un_delegation21UnDelegateUtilsModule30validate_undelegate_conditionsCsiSFVsKXOszz_11unbond_test
FNF:5
FNH:4
DA:8,0
DA:24,37
DA:25,37
DA:27,37
DA:29,37
DA:31,37
DA:32,37
DA:33,37
DA:42,37
DA:43,37
DA:44,6
DA:46,6
DA:47,6
DA:48,2
DA:49,0
DA:52,6
DA:53,31
DA:60,37
DA:61,37
DA:63,37
DA:64,37
DA:65,0
DA:68,37
DA:69,37
DA:70,0
DA:73,37
DA:81,37
DA:82,37
DA:83,36
DA:85,36
DA:86,36
DA:87,1
DA:88,1
DA:91,35
DA:92,35
DA:94,35
DA:95,35
DA:96,35
DA:97,35
DA:99,35
DA:100,35
DA:101,35
DA:102,35
DA:103,35
DA:106,35
DA:107,35
DA:108,35
DA:109,35
DA:110,35
DA:111,35
DA:113,35
DA:114,1
BRF:0
BRH:0
LF:52
LH:48
end_of_record
SF:/Users/mihaieremia/GitHub/rs-egld-liquid-staking/liquid-staking/src/views.rs
FN:24,_RNvYINtNtNtCs7UgnDnxPgRZ_13multiversx_sc13contract_base22universal_contract_obj20UniversalContractObjINtNtNtNtCsaMwVqZEhbLD_22multiversx_sc_scenario3api7impl_vh12vm_hooks_api10VMHooksApiNtNtB1G_9debug_api15DebugApiBackendEENtNtCsfpwSf4meMjG_14liquid_staking5views11ViewsModule17get_exchange_rateCsbr1bkIJcXG0_13delegate_test
FN:18,_RNvYINtNtNtCs7UgnDnxPgRZ_13multiversx_sc13contract_base22universal_contract_obj20UniversalContractObjINtNtNtNtCsaMwVqZEhbLD_22multiversx_sc_scenario3api7impl_vh12vm_hooks_api10VMHooksApiNtNtB1G_9debug_api15DebugApiBackendEENtNtCsfpwSf4meMjG_14liquid_staking5views11ViewsModule23get_egld_position_valueCsbr1bkIJcXG0_13delegate_test
FN:12,_RNvYINtNtNtCs7UgnDnxPgRZ_13multiversx_sc13contract_base22universal_contract_obj20UniversalContractObjINtNtNtNtCsaMwVqZEhbLD_22multiversx_sc_scenario3api7impl_vh12vm_hooks_api10VMHooksApiNtNtB1G_9debug_api15DebugApiBackendEENtNtCsfpwSf4meMjG_14liquid_staking5views11ViewsModule25get_ls_value_for_positionCsbr1bkIJcXG0_13delegate_test
FN:45,_RNvYINtNtNtCs7UgnDnxPgRZ_13multiversx_sc13contract_base22universal_contract_obj20UniversalContractObjINtNtNtNtCsaMwVqZEhbLD_22multiversx_sc_scenario3api7impl_vh12vm_hooks_api10VMHooksApiNtNtB1G_9debug_api15DebugApiBackendEENtNtCsfpwSf4meMjG_14liquid_staking5views11ViewsModule37get_delegation_contract_staked_amountCsbr1bkIJcXG0_13delegate_test
FN:54,_RNvYINtNtNtCs7UgnDnxPgRZ_13multiversx_sc13contract_base22universal_contract_obj20UniversalContractObjINtNtNtNtCsaMwVqZEhbLD_22multiversx_sc_scenario3api7impl_vh12vm_hooks_api10VMHooksApiNtNtB1G_9debug_api15DebugApiBackendEENtNtCsfpwSf4meMjG_14liquid_staking5views11ViewsModule39get_delegation_contract_unstaked_amountCsbr1bkIJcXG0_13delegate_test
FN:4,_RNvYINtNtNtCs7UgnDnxPgRZ_13multiversx_sc13contract_base22universal_contract_obj20UniversalContractObjINtNtNtNtCsaMwVqZEhbLD_22multiversx_sc_scenario3api7impl_vh12vm_hooks_api10VMHooksApiNtNtB1G_9debug_api15DebugApiBackendEENtNtCsfpwSf4meMjG_14liquid_staking5views16EndpointWrappers4callCsbr1bkIJcXG0_13delegate_test
FN:24,_RNvYpNtNtCsfpwSf4meMjG_14liquid_staking5views11ViewsModule17get_exchange_rateB7_
FN:18,_RNvYpNtNtCsfpwSf4meMjG_14liquid_staking5views11ViewsModule23get_egld_position_valueB7_
FN:12,_RNvYpNtNtCsfpwSf4meMjG_14liquid_staking5views11ViewsModule25get_ls_value_for_positionB7_
FN:45,_RNvYpNtNtCsfpwSf4meMjG_14liquid_staking5views11ViewsModule37get_delegation_contract_staked_amountB7_
FN:54,_RNvYpNtNtCsfpwSf4meMjG_14liquid_staking5views11ViewsModule39get_delegation_contract_unstaked_amountB7_
FN:4,_RNvYpNtNtCsfpwSf4meMjG_14liquid_staking5views16EndpointWrappers4callB7_
FN:24,_RNvYpNtNtCsc0j4n22gHcB_14liquid_staking5views11ViewsModule17get_exchange_rateB7_
FN:18,_RNvYpNtNtCsc0j4n22gHcB_14liquid_staking5views11ViewsModule23get_egld_position_valueB7_
FN:12,_RNvYpNtNtCsc0j4n22gHcB_14liquid_staking5views11ViewsModule25get_ls_value_for_positionB7_
FN:45,_RNvYpNtNtCsc0j4n22gHcB_14liquid_staking5views11ViewsModule37get_delegation_contract_staked_amountB7_
FN:54,_RNvYpNtNtCsc0j4n22gHcB_14liquid_staking5views11ViewsModule39get_delegation_contract_unstaked_amountB7_
FN:4,_RNvYpNtNtCsc0j4n22gHcB_14liquid_staking5views16EndpointWrappers4callB7_
FN:24,_RNvYINtNtNtCs7UgnDnxPgRZ_13multiversx_sc13contract_base22universal_contract_obj20UniversalContractObjINtNtNtNtCsaMwVqZEhbLD_22multiversx_sc_scenario3api7impl_vh12vm_hooks_api10VMHooksApiNtNtB1G_9debug_api15DebugApiBackendEENtNtCsfpwSf4meMjG_14liquid_staking5views11ViewsModule17get_exchange_rateCser75boan3cC_4test
FN:18,_RNvYINtNtNtCs7UgnDnxPgRZ_13multiversx_sc13contract_base22universal_contract_obj20UniversalContractObjINtNtNtNtCsaMwVqZEhbLD_22multiversx_sc_scenario3api7impl_vh12vm_hooks_api10VMHooksApiNtNtB1G_9debug_api15DebugApiBackendEENtNtCsfpwSf4meMjG_14liquid_staking5views11ViewsModule23get_egld_position_valueCser75boan3cC_4test
FN:12,_RNvYINtNtNtCs7UgnDnxPgRZ_13multiversx_sc13contract_base22universal_contract_obj20UniversalContractObjINtNtNtNtCsaMwVqZEhbLD_22multiversx_sc_scenario3api7impl_vh12vm_hooks_api10VMHooksApiNtNtB1G_9debug_api15DebugApiBackendEENtNtCsfpwSf4meMjG_14liquid_staking5views11ViewsModule25get_ls_value_for_positionCser75boan3cC_4test
FN:45,_RNvYINtNtNtCs7UgnDnxPgRZ_13multiversx_sc13contract_base22universal_contract_obj20UniversalContractObjINtNtNtNtCsaMwVqZEhbLD_22multiversx_sc_scenario3api7impl_vh12vm_hooks_api10VMHooksApiNtNtB1G_9debug_api15DebugApiBackendEENtNtCsfpwSf4meMjG_14liquid_staking5views11ViewsModule37get_delegation_contract_staked_amountCser75boan3cC_4test
FN:54,_RNvYINtNtNtCs7UgnDnxPgRZ_13multiversx_sc13contract_base22universal_contract_obj20UniversalContractObjINtNtNtNtCsaMwVqZEhbLD_22multiversx_sc_scenario3api7impl_vh12vm_hooks_api10VMHooksApiNtNtB1G_9debug_api15DebugApiBackendEENtNtCsfpwSf4meMjG_14liquid_staking5views11ViewsModule39get_delegation_contract_unstaked_amountCser75boan3cC_4test
FN:4,_RNvYINtNtNtCs7UgnDnxPgRZ_13multiversx_sc13contract_base22universal_contract_obj20UniversalContractObjINtNtNtNtCsaMwVqZEhbLD_22multiversx_sc_scenario3api7impl_vh12vm_hooks_api10VMHooksApiNtNtB1G_9debug_api15DebugApiBackendEENtNtCsfpwSf4meMjG_14liquid_staking5views16EndpointWrappers4callCser75boan3cC_4test
FN:24,_RNvYINtNtNtCs7UgnDnxPgRZ_13multiversx_sc13contract_base22universal_contract_obj20UniversalContractObjINtNtNtNtCsaMwVqZEhbLD_22multiversx_sc_scenario3api7impl_vh12vm_hooks_api10VMHooksApiNtNtB1G_9debug_api15DebugApiBackendEENtNtCsfpwSf4meMjG_14liquid_staking5views11ViewsModule17get_exchange_rateCs2kY4YTISLqz_15unDelegate_test
FN:18,_RNvYINtNtNtCs7UgnDnxPgRZ_13multiversx_sc13contract_base22universal_contract_obj20UniversalContractObjINtNtNtNtCsaMwVqZEhbLD_22multiversx_sc_scenario3api7impl_vh12vm_hooks_api10VMHooksApiNtNtB1G_9debug_api15DebugApiBackendEENtNtCsfpwSf4meMjG_14liquid_staking5views11ViewsModule23get_egld_position_valueCs2kY4YTISLqz_15unDelegate_test
FN:12,_RNvYINtNtNtCs7UgnDnxPgRZ_13multiversx_sc13contract_base22universal_contract_obj20UniversalContractObjINtNtNtNtCsaMwVqZEhbLD_22multiversx_sc_scenario3api7impl_vh12vm_hooks_api10VMHooksApiNtNtB1G_9debug_api15DebugApiBackendEENtNtCsfpwSf4meMjG_14liquid_staking5views11ViewsModule25get_ls_value_for_positionCs2kY4YTISLqz_15unDelegate_test
FN:45,_RNvYINtNtNtCs7UgnDnxPgRZ_13multiversx_sc13contract_base22universal_contract_obj20UniversalContractObjINtNtNtNtCsaMwVqZEhbLD_22multiversx_sc_scenario3api7impl_vh12vm_hooks_api10VMHooksApiNtNtB1G_9debug_api15DebugApiBackendEENtNtCsfpwSf4meMjG_14liquid_staking5views11ViewsModule37get_delegation_contract_staked_amountCs2kY4YTISLqz_15unDelegate_test
FN:54,_RNvYINtNtNtCs7UgnDnxPgRZ_13multiversx_sc13contract_base22universal_contract_obj20UniversalContractObjINtNtNtNtCsaMwVqZEhbLD_22multiversx_sc_scenario3api7impl_vh12vm_hooks_api10VMHooksApiNtNtB1G_9debug_api15DebugApiBackendEENtNtCsfpwSf4meMjG_14liquid_staking5views11ViewsModule39get_delegation_contract_unstaked_amountCs2kY4YTISLqz_15unDelegate_test
FN:4,_RNvYINtNtNtCs7UgnDnxPgRZ_13multiversx_sc13contract_base22universal_contract_obj20UniversalContractObjINtNtNtNtCsaMwVqZEhbLD_22multiversx_sc_scenario3api7impl_vh12vm_hooks_api10VMHooksApiNtNtB1G_9debug_api15DebugApiBackendEENtNtCsfpwSf4meMjG_14liquid_staking5views16EndpointWrappers4callCs2kY4YTISLqz_15unDelegate_test
FN:24,_RNvYINtNtNtCs7UgnDnxPgRZ_13multiversx_sc13contract_base22universal_contract_obj20UniversalContractObjINtNtNtNtCsaMwVqZEhbLD_22multiversx_sc_scenario3api7impl_vh12vm_hooks_api10VMHooksApiNtNtB1G_9debug_api15DebugApiBackendEENtNtCsfpwSf4meMjG_14liquid_staking5views11ViewsModule17get_exchange_rateCsiSFVsKXOszz_11unbond_test
FN:18,_RNvYINtNtNtCs7UgnDnxPgRZ_13multiversx_sc13contract_base22universal_contract_obj20UniversalContractObjINtNtNtNtCsaMwVqZEhbLD_22multiversx_sc_scenario3api7impl_vh12vm_hooks_api10VMHooksApiNtNtB1G_9debug_api15DebugApiBackendEENtNtCsfpwSf4meMjG_14liquid_staking5views11ViewsModule23get_egld_position_valueCsiSFVsKXOszz_11unbond_test
FN:12,_RNvYINtNtNtCs7UgnDnxPgRZ_13multiversx_sc13contract_base22universal_contract_obj20UniversalContractObjINtNtNtNtCsaMwVqZEhbLD_22multiversx_sc_scenario3api7impl_vh12vm_hooks_api10VMHooksApiNtNtB1G_9debug_api15DebugApiBackendEENtNtCsfpwSf4meMjG_14liquid_staking5views11ViewsModule25get_ls_value_for_positionCsiSFVsKXOszz_11unbond_test
FN:45,_RNvYINtNtNtCs7UgnDnxPgRZ_13multiversx_sc13contract_base22universal_contract_obj20UniversalContractObjINtNtNtNtCsaMwVqZEhbLD_22multiversx_sc_scenario3api7impl_vh12vm_hooks_api10VMHooksApiNtNtB1G_9debug_api15DebugApiBackendEENtNtCsfpwSf4meMjG_14liquid_staking5views11ViewsModule37get_delegation_contract_staked_amountCsiSFVsKXOszz_11unbond_test
FN:54,_RNvYINtNtNtCs7UgnDnxPgRZ_13multiversx_sc13contract_base22universal_contract_obj20UniversalContractObjINtNtNtNtCsaMwVqZEhbLD_22multiversx_sc_scenario3api7impl_vh12vm_hooks_api10VMHooksApiNtNtB1G_9debug_api15DebugApiBackendEENtNtCsfpwSf4meMjG_14liquid_staking5views11ViewsModule39get_delegation_contract_unstaked_amountCsiSFVsKXOszz_11unbond_test
FN:4,_RNvYINtNtNtCs7UgnDnxPgRZ_13multiversx_sc13contract_base22universal_contract_obj20UniversalContractObjINtNtNtNtCsaMwVqZEhbLD_22multiversx_sc_scenario3api7impl_vh12vm_hooks_api10VMHooksApiNtNtB1G_9debug_api15DebugApiBackendEENtNtCsfpwSf4meMjG_14liquid_staking5views16EndpointWrappers4callCsiSFVsKXOszz_11unbond_test
FNDA:0,_RNvYINtNtNtCs7UgnDnxPgRZ_13multiversx_sc13contract_base22universal_contract_obj20UniversalContractObjINtNtNtNtCsaMwVqZEhbLD_22multiversx_sc_scenario3api7impl_vh12vm_hooks_api10VMHooksApiNtNtB1G_9debug_api15DebugApiBackendEENtNtCsfpwSf4meMjG_14liquid_staking5views11ViewsModule17get_exchange_rateCsbr1bkIJcXG0_13delegate_test
FNDA:0,_RNvYINtNtNtCs7UgnDnxPgRZ_13multiversx_sc13contract_base22universal_contract_obj20UniversalContractObjINtNtNtNtCsaMwVqZEhbLD_22multiversx_sc_scenario3api7impl_vh12vm_hooks_api10VMHooksApiNtNtB1G_9debug_api15DebugApiBackendEENtNtCsfpwSf4meMjG_14liquid_staking5views11ViewsModule23get_egld_position_valueCsbr1bkIJcXG0_13delegate_test
FNDA:0,_RNvYINtNtNtCs7UgnDnxPgRZ_13multiversx_sc13contract_base22universal_contract_obj20UniversalContractObjINtNtNtNtCsaMwVqZEhbLD_22multiversx_sc_scenario3api7impl_vh12vm_hooks_api10VMHooksApiNtNtB1G_9debug_api15DebugApiBackendEENtNtCsfpwSf4meMjG_14liquid_staking5views11ViewsModule25get_ls_value_for_positionCsbr1bkIJcXG0_13delegate_test
FNDA:0,_RNvYINtNtNtCs7UgnDnxPgRZ_13multiversx_sc13contract_base22universal_contract_obj20UniversalContractObjINtNtNtNtCsaMwVqZEhbLD_22multiversx_sc_scenario3api7impl_vh12vm_hooks_api10VMHooksApiNtNtB1G_9debug_api15DebugApiBackendEENtNtCsfpwSf4meMjG_14liquid_staking5views11ViewsModule37get_delegation_contract_staked_amountCsbr1bkIJcXG0_13delegate_test
FNDA:0,_RNvYINtNtNtCs7UgnDnxPgRZ_13multiversx_sc13contract_base22universal_contract_obj20UniversalContractObjINtNtNtNtCsaMwVqZEhbLD_22multiversx_sc_scenario3api7impl_vh12vm_hooks_api10VMHooksApiNtNtB1G_9debug_api15DebugApiBackendEENtNtCsfpwSf4meMjG_14liquid_staking5views11ViewsModule39get_delegation_contract_unstaked_amountCsbr1bkIJcXG0_13delegate_test
FNDA:0,_RNvYINtNtNtCs7UgnDnxPgRZ_13multiversx_sc13contract_base22universal_contract_obj20UniversalContractObjINtNtNtNtCsaMwVqZEhbLD_22multiversx_sc_scenario3api7impl_vh12vm_hooks_api10VMHooksApiNtNtB1G_9debug_api15DebugApiBackendEENtNtCsfpwSf4meMjG_14liquid_staking5views16EndpointWrappers4callCsbr1bkIJcXG0_13delegate_test
FNDA:0,_RNvYpNtNtCsfpwSf4meMjG_14liquid_staking5views11ViewsModule17get_exchange_rateB7_
FNDA:0,_RNvYpNtNtCsfpwSf4meMjG_14liquid_staking5views11ViewsModule23get_egld_position_valueB7_
FNDA:0,_RNvYpNtNtCsfpwSf4meMjG_14liquid_staking5views11ViewsModule25get_ls_value_for_positionB7_
FNDA:0,_RNvYpNtNtCsfpwSf4meMjG_14liquid_staking5views11ViewsModule37get_delegation_contract_staked_amountB7_
FNDA:0,_RNvYpNtNtCsfpwSf4meMjG_14liquid_staking5views11ViewsModule39get_delegation_contract_unstaked_amountB7_
FNDA:0,_RNvYpNtNtCsfpwSf4meMjG_14liquid_staking5views16EndpointWrappers4callB7_
FNDA:0,_RNvYpNtNtCsc0j4n22gHcB_14liquid_staking5views11ViewsModule17get_exchange_rateB7_
FNDA:0,_RNvYpNtNtCsc0j4n22gHcB_14liquid_staking5views11ViewsModule23get_egld_position_valueB7_
FNDA:0,_RNvYpNtNtCsc0j4n22gHcB_14liquid_staking5views11ViewsModule25get_ls_value_for_positionB7_
FNDA:0,_RNvYpNtNtCsc0j4n22gHcB_14liquid_staking5views11ViewsModule37get_delegation_contract_staked_amountB7_
FNDA:0,_RNvYpNtNtCsc0j4n22gHcB_14liquid_staking5views11ViewsModule39get_delegation_contract_unstaked_amountB7_
FNDA:0,_RNvYpNtNtCsc0j4n22gHcB_14liquid_staking5views16EndpointWrappers4callB7_
FNDA:0,_RNvYINtNtNtCs7UgnDnxPgRZ_13multiversx_sc13contract_base22universal_contract_obj20UniversalContractObjINtNtNtNtCsaMwVqZEhbLD_22multiversx_sc_scenario3api7impl_vh12vm_hooks_api10VMHooksApiNtNtB1G_9debug_api15DebugApiBackendEENtNtCsfpwSf4meMjG_14liquid_staking5views11ViewsModule17get_exchange_rateCser75boan3cC_4test
FNDA:0,_RNvYINtNtNtCs7UgnDnxPgRZ_13multiversx_sc13contract_base22universal_contract_obj20UniversalContractObjINtNtNtNtCsaMwVqZEhbLD_22multiversx_sc_scenario3api7impl_vh12vm_hooks_api10VMHooksApiNtNtB1G_9debug_api15DebugApiBackendEENtNtCsfpwSf4meMjG_14liquid_staking5views11ViewsModule23get_egld_position_valueCser75boan3cC_4test
FNDA:0,_RNvYINtNtNtCs7UgnDnxPgRZ_13multiversx_sc13contract_base22universal_contract_obj20UniversalContractObjINtNtNtNtCsaMwVqZEhbLD_22multiversx_sc_scenario3api7impl_vh12vm_hooks_api10VMHooksApiNtNtB1G_9debug_api15DebugApiBackendEENtNtCsfpwSf4meMjG_14liquid_staking5views11ViewsModule25get_ls_value_for_positionCser75boan3cC_4test
FNDA:0,_RNvYINtNtNtCs7UgnDnxPgRZ_13multiversx_sc13contract_base22universal_contract_obj20UniversalContractObjINtNtNtNtCsaMwVqZEhbLD_22multiversx_sc_scenario3api7impl_vh12vm_hooks_api10VMHooksApiNtNtB1G_9debug_api15DebugApiBackendEENtNtCsfpwSf4meMjG_14liquid_staking5views11ViewsModule37get_delegation_contract_staked_amountCser75boan3cC_4test
FNDA:0,_RNvYINtNtNtCs7UgnDnxPgRZ_13multiversx_sc13contract_base22universal_contract_obj20UniversalContractObjINtNtNtNtCsaMwVqZEhbLD_22multiversx_sc_scenario3api7impl_vh12vm_hooks_api10VMHooksApiNtNtB1G_9debug_api15DebugApiBackendEENtNtCsfpwSf4meMjG_14liquid_staking5views11ViewsModule39get_delegation_contract_unstaked_amountCser75boan3cC_4test
FNDA:0,_RNvYINtNtNtCs7UgnDnxPgRZ_13multiversx_sc13contract_base22universal_contract_obj20UniversalContractObjINtNtNtNtCsaMwVqZEhbLD_22multiversx_sc_scenario3api7impl_vh12vm_hooks_api10VMHooksApiNtNtB1G_9debug_api15DebugApiBackendEENtNtCsfpwSf4meMjG_14liquid_staking5views16EndpointWrappers4callCser75boan3cC_4test
FNDA:0,_RNvYINtNtNtCs7UgnDnxPgRZ_13multiversx_sc13contract_base22universal_contract_obj20UniversalContractObjINtNtNtNtCsaMwVqZEhbLD_22multiversx_sc_scenario3api7impl_vh12vm_hooks_api10VMHooksApiNtNtB1G_9debug_api15DebugApiBackendEENtNtCsfpwSf4meMjG_14liquid_staking5views11ViewsModule17get_exchange_rateCs2kY4YTISLqz_15unDelegate_test
FNDA:0,_RNvYINtNtNtCs7UgnDnxPgRZ_13multiversx_sc13contract_base22universal_contract_obj20UniversalContractObjINtNtNtNtCsaMwVqZEhbLD_22multiversx_sc_scenario3api7impl_vh12vm_hooks_api10VMHooksApiNtNtB1G_9debug_api15DebugApiBackendEENtNtCsfpwSf4meMjG_14liquid_staking5views11ViewsModule23get_egld_position_valueCs2kY4YTISLqz_15unDelegate_test
FNDA:0,_RNvYINtNtNtCs7UgnDnxPgRZ_13multiversx_sc13contract_base22universal_contract_obj20UniversalContractObjINtNtNtNtCsaMwVqZEhbLD_22multiversx_sc_scenario3api7impl_vh12vm_hooks_api10VMHooksApiNtNtB1G_9debug_api15DebugApiBackendEENtNtCsfpwSf4meMjG_14liquid_staking5views11ViewsModule25get_ls_value_for_positionCs2kY4YTISLqz_15unDelegate_test
FNDA:0,_RNvYINtNtNtCs7UgnDnxPgRZ_13multiversx_sc13contract_base22universal_contract_obj20UniversalContractObjINtNtNtNtCsaMwVqZEhbLD_22multiversx_sc_scenario3api7impl_vh12vm_hooks_api10VMHooksApiNtNtB1G_9debug_api15DebugApiBackendEENtNtCsfpwSf4meMjG_14liquid_staking5views11ViewsModule37get_delegation_contract_staked_amountCs2kY4YTISLqz_15unDelegate_test
FNDA:0,_RNvYINtNtNtCs7UgnDnxPgRZ_13multiversx_sc13contract_base22universal_contract_obj20UniversalContractObjINtNtNtNtCsaMwVqZEhbLD_22multiversx_sc_scenario3api7impl_vh12vm_hooks_api10VMHooksApiNtNtB1G_9debug_api15DebugApiBackendEENtNtCsfpwSf4meMjG_14liquid_staking5views11ViewsModule39get_delegation_contract_unstaked_amountCs2kY4YTISLqz_15unDelegate_test
FNDA:0,_RNvYINtNtNtCs7UgnDnxPgRZ_13multiversx_sc13contract_base22universal_contract_obj20UniversalContractObjINtNtNtNtCsaMwVqZEhbLD_22multiversx_sc_scenario3api7impl_vh12vm_hooks_api10VMHooksApiNtNtB1G_9debug_api15DebugApiBackendEENtNtCsfpwSf4meMjG_14liquid_staking5views16EndpointWrappers4callCs2kY4YTISLqz_15unDelegate_test
FNDA:0,_RNvYINtNtNtCs7UgnDnxPgRZ_13multiversx_sc13contract_base22universal_contract_obj20UniversalContractObjINtNtNtNtCsaMwVqZEhbLD_22multiversx_sc_scenario3api7impl_vh12vm_hooks_api10VMHooksApiNtNtB1G_9debug_api15DebugApiBackendEENtNtCsfpwSf4meMjG_14liquid_staking5views11ViewsModule17get_exchange_rateCsiSFVsKXOszz_11unbond_test
FNDA:0,_RNvYINtNtNtCs7UgnDnxPgRZ_13multiversx_sc13contract_base22universal_contract_obj20UniversalContractObjINtNtNtNtCsaMwVqZEhbLD_22multiversx_sc_scenario3api7impl_vh12vm_hooks_api10VMHooksApiNtNtB1G_9debug_api15DebugApiBackendEENtNtCsfpwSf4meMjG_14liquid_staking5views11ViewsModule23get_egld_position_valueCsiSFVsKXOszz_11unbond_test
FNDA:0,_RNvYINtNtNtCs7UgnDnxPgRZ_13multiversx_sc13contract_base22universal_contract_obj20UniversalContractObjINtNtNtNtCsaMwVqZEhbLD_22multiversx_sc_scenario3api7impl_vh12vm_hooks_api10VMHooksApiNtNtB1G_9debug_api15DebugApiBackendEENtNtCsfpwSf4meMjG_14liquid_staking5views11ViewsModule25get_ls_value_for_positionCsiSFVsKXOszz_11unbond_test
FNDA:0,_RNvYINtNtNtCs7UgnDnxPgRZ_13multiversx_sc13contract_base22universal_contract_obj20UniversalContractObjINtNtNtNtCsaMwVqZEhbLD_22multiversx_sc_scenario3api7impl_vh12vm_hooks_api10VMHooksApiNtNtB1G_9debug_api15DebugApiBackendEENtNtCsfpwSf4meMjG_14liquid_staking5views11ViewsModule37get_delegation_contract_staked_amountCsiSFVsKXOszz_11unbond_test
FNDA:0,_RNvYINtNtNtCs7UgnDnxPgRZ_13multiversx_sc13contract_base22universal_contract_obj20UniversalContractObjINtNtNtNtCsaMwVqZEhbLD_22multiversx_sc_scenario3api7impl_vh12vm_hooks_api10VMHooksApiNtNtB1G_9debug_api15DebugApiBackendEENtNtCsfpwSf4meMjG_14liquid_staking5views11ViewsModule39get_delegation_contract_unstaked_amountCsiSFVsKXOszz_11unbond_test
FNDA:0,_RNvYINtNtNtCs7UgnDnxPgRZ_13multiversx_sc13contract_base22universal_contract_obj20UniversalContractObjINtNtNtNtCsaMwVqZEhbLD_22multiversx_sc_scenario3api7impl_vh12vm_hooks_api10VMHooksApiNtNtB1G_9debug_api15DebugApiBackendEENtNtCsfpwSf4meMjG_14liquid_staking5views16EndpointWrappers4callCsiSFVsKXOszz_11unbond_test
FNF:6
FNH:0
DA:4,0
DA:12,0
DA:13,0
DA:14,0
DA:18,0
DA:19,0
DA:20,0
DA:24,0
DA:25,0
DA:26,0
DA:31,0
DA:32,0
DA:33,0
DA:38,0
DA:45,0
DA:46,0
DA:47,0
DA:54,0
DA:55,0
DA:56,0
BRF:0
BRH:0
LF:20
LH:0
end_of_record