SF:/Users/mihaieremia/GitHub/rs-egld-liquid-staking/delegation-mock/src/delegation.rs
FN:11,_RINvCseuY2Hdvmkl_15delegation_mock12contract_objINtNtNtNtCseUmQFO6d1K9_22multiversx_sc_scenario3api7impl_vh12vm_hooks_api10VMHooksApiNtNtBP_9debug_api15DebugApiBackendEECskEhliFuVTlV_13delegate_test
FN:46,_RNCNvYINtCseuY2Hdvmkl_15delegation_mock11ContractObjINtNtNtNtCseUmQFO6d1K9_22multiversx_sc_scenario3api7impl_vh12vm_hooks_api10VMHooksApiNtNtBT_9debug_api15DebugApiBackendEENtB7_14DelegationMock10undelegate0CskEhliFuVTlV_13delegate_test
FN:48,_RNCNvYINtCseuY2Hdvmkl_15delegation_mock11ContractObjINtNtNtNtCseUmQFO6d1K9_22multiversx_sc_scenario3api7impl_vh12vm_hooks_api10VMHooksApiNtNtBT_9debug_api15DebugApiBackendEENtB7_14DelegationMock10undelegates_0CskEhliFuVTlV_13delegate_test
FN:22,_RNCNvYINtCseuY2Hdvmkl_15delegation_mock11ContractObjINtNtNtNtCseUmQFO6d1K9_22multiversx_sc_scenario3api7impl_vh12vm_hooks_api10VMHooksApiNtNtBT_9debug_api15DebugApiBackendEENtB7_14DelegationMock12deposit_egld0CskEhliFuVTlV_13delegate_test
FN:92,_RNCNvYINtCseuY2Hdvmkl_15delegation_mock11ContractObjINtNtNtNtCseUmQFO6d1K9_22multiversx_sc_scenario3api7impl_vh12vm_hooks_api10VMHooksApiNtNtBT_9debug_api15DebugApiBackendEENtB7_14DelegationMock13claim_rewards0CskEhliFuVTlV_13delegate_test
FN:31,_RNCNvYINtCseuY2Hdvmkl_15delegation_mock11ContractObjINtNtNtNtCseUmQFO6d1K9_22multiversx_sc_scenario3api7impl_vh12vm_hooks_api10VMHooksApiNtNtBT_9debug_api15DebugApiBackendEENtB7_14DelegationMock8delegate0CskEhliFuVTlV_13delegate_test
FN:33,_RNCNvYINtCseuY2Hdvmkl_15delegation_mock11ContractObjINtNtNtNtCseUmQFO6d1K9_22multiversx_sc_scenario3api7impl_vh12vm_hooks_api10VMHooksApiNtNtBT_9debug_api15DebugApiBackendEENtB7_14DelegationMock8delegates_0CskEhliFuVTlV_13delegate_test
FN:67,_RNCNvYINtCseuY2Hdvmkl_15delegation_mock11ContractObjINtNtNtNtCseUmQFO6d1K9_22multiversx_sc_scenario3api7impl_vh12vm_hooks_api10VMHooksApiNtNtBT_9debug_api15DebugApiBackendEENtB7_14DelegationMock8withdraw0CskEhliFuVTlV_13delegate_test
FN:11,_RNvXCseuY2Hdvmkl_15delegation_mockINtB2_11ContractObjINtNtNtNtCseUmQFO6d1K9_22multiversx_sc_scenario3api7impl_vh12vm_hooks_api10VMHooksApiNtNtBU_9debug_api15DebugApiBackendEENtB2_14DelegationMock15address_depositCskEhliFuVTlV_13delegate_test
FN:11,_RNvXCseuY2Hdvmkl_15delegation_mockINtB2_11ContractObjINtNtNtNtCseUmQFO6d1K9_22multiversx_sc_scenario3api7impl_vh12vm_hooks_api10VMHooksApiNtNtBU_9debug_api15DebugApiBackendEENtB2_14DelegationMock17egld_token_supplyCskEhliFuVTlV_13delegate_test
FN:11,_RNvXCseuY2Hdvmkl_15delegation_mockINtB2_11ContractObjINtNtNtNtCseUmQFO6d1K9_22multiversx_sc_scenario3api7impl_vh12vm_hooks_api10VMHooksApiNtNtBU_9debug_api15DebugApiBackendEENtB2_14DelegationMock24address_last_claim_epochCskEhliFuVTlV_13delegate_test
FN:11,_RNvXCseuY2Hdvmkl_15delegation_mockINtB2_11ContractObjINtNtNtNtCseUmQFO6d1K9_22multiversx_sc_scenario3api7impl_vh12vm_hooks_api10VMHooksApiNtNtBU_9debug_api15DebugApiBackendEENtB2_14DelegationMock24address_undelegate_epochCskEhliFuVTlV_13delegate_test
FN:11,_RNvXCseuY2Hdvmkl_15delegation_mockINtB2_11ContractObjINtNtNtNtCseUmQFO6d1K9_22multiversx_sc_scenario3api7impl_vh12vm_hooks_api10VMHooksApiNtNtBU_9debug_api15DebugApiBackendEENtB2_14DelegationMock25address_undelegate_amountCskEhliFuVTlV_13delegate_test
FN:11,_RNvXs5_CseuY2Hdvmkl_15delegation_mockINtB5_11ContractObjINtNtNtNtCseUmQFO6d1K9_22multiversx_sc_scenario3api7impl_vh12vm_hooks_api10VMHooksApiNtNtBX_9debug_api15DebugApiBackendEENtNtNtCs4WmCETBkTZ5_13multiversx_sc13contract_base17callable_contract16CallableContract4callCskEhliFuVTlV_13delegate_test
FN:37,_RNvYINtCseuY2Hdvmkl_15delegation_mock11ContractObjINtNtNtNtCseUmQFO6d1K9_22multiversx_sc_scenario3api7impl_vh12vm_hooks_api10VMHooksApiNtNtBR_9debug_api15DebugApiBackendEENtB5_14DelegationMock10undelegateCskEhliFuVTlV_13delegate_test
FN:19,_RNvYINtCseuY2Hdvmkl_15delegation_mock11ContractObjINtNtNtNtCseUmQFO6d1K9_22multiversx_sc_scenario3api7impl_vh12vm_hooks_api10VMHooksApiNtNtBR_9debug_api15DebugApiBackendEENtB5_14DelegationMock12deposit_egldCskEhliFuVTlV_13delegate_test
FN:75,_RNvYINtCseuY2Hdvmkl_15delegation_mock11ContractObjINtNtNtNtCseUmQFO6d1K9_22multiversx_sc_scenario3api7impl_vh12vm_hooks_api10VMHooksApiNtNtBR_9debug_api15DebugApiBackendEENtB5_14DelegationMock13claim_rewardsCskEhliFuVTlV_13delegate_test
FN:27,_RNvYINtCseuY2Hdvmkl_15delegation_mock11ContractObjINtNtNtNtCseUmQFO6d1K9_22multiversx_sc_scenario3api7impl_vh12vm_hooks_api10VMHooksApiNtNtBR_9debug_api15DebugApiBackendEENtB5_14DelegationMock8delegateCskEhliFuVTlV_13delegate_test
FN:54,_RNvYINtCseuY2Hdvmkl_15delegation_mock11ContractObjINtNtNtNtCseUmQFO6d1K9_22multiversx_sc_scenario3api7impl_vh12vm_hooks_api10VMHooksApiNtNtBR_9debug_api15DebugApiBackendEENtB5_14DelegationMock8withdrawCskEhliFuVTlV_13delegate_test
FN:11,_RNvYINtCseuY2Hdvmkl_15delegation_mock11ContractObjINtNtNtNtCseUmQFO6d1K9_22multiversx_sc_scenario3api7impl_vh12vm_hooks_api10VMHooksApiNtNtBR_9debug_api15DebugApiBackendEENtB5_16EndpointWrappers13call_delegateCskEhliFuVTlV_13delegate_test
FN:11,_RNvYINtCseuY2Hdvmkl_15delegation_mock11ContractObjINtNtNtNtCseUmQFO6d1K9_22multiversx_sc_scenario3api7impl_vh12vm_hooks_api10VMHooksApiNtNtBR_9debug_api15DebugApiBackendEENtB5_16EndpointWrappers13call_withdrawCskEhliFuVTlV_13delegate_test
FN:11,_RNvYINtCseuY2Hdvmkl_15delegation_mock11ContractObjINtNtNtNtCseUmQFO6d1K9_22multiversx_sc_scenario3api7impl_vh12vm_hooks_api10VMHooksApiNtNtBR_9debug_api15DebugApiBackendEENtB5_16EndpointWrappers15call_undelegateCskEhliFuVTlV_13delegate_test
FN:11,_RNvYINtCseuY2Hdvmkl_15delegation_mock11ContractObjINtNtNtNtCseUmQFO6d1K9_22multiversx_sc_scenario3api7impl_vh12vm_hooks_api10VMHooksApiNtNtBR_9debug_api15DebugApiBackendEENtB5_16EndpointWrappers17call_deposit_egldCskEhliFuVTlV_13delegate_test
FN:11,_RNvYINtCseuY2Hdvmkl_15delegation_mock11ContractObjINtNtNtNtCseUmQFO6d1K9_22multiversx_sc_scenario3api7impl_vh12vm_hooks_api10VMHooksApiNtNtBR_9debug_api15DebugApiBackendEENtB5_16EndpointWrappers18call_claim_rewardsCskEhliFuVTlV_13delegate_test
FN:11,_RNvYINtCseuY2Hdvmkl_15delegation_mock11ContractObjINtNtNtNtCseUmQFO6d1K9_22multiversx_sc_scenario3api7impl_vh12vm_hooks_api10VMHooksApiNtNtBR_9debug_api15DebugApiBackendEENtB5_16EndpointWrappers4callCskEhliFuVTlV_13delegate_test
FN:11,_RNvYINtCseuY2Hdvmkl_15delegation_mock11ContractObjINtNtNtNtCseUmQFO6d1K9_22multiversx_sc_scenario3api7impl_vh12vm_hooks_api10VMHooksApiNtNtBR_9debug_api15DebugApiBackendEENtB5_16EndpointWrappers8callbackCskEhliFuVTlV_13delegate_test
FN:11,_RNvYINtCseuY2Hdvmkl_15delegation_mock11ContractObjINtNtNtNtCseUmQFO6d1K9_22multiversx_sc_scenario3api7impl_vh12vm_hooks_api10VMHooksApiNtNtBR_9debug_api15DebugApiBackendEENtB5_16EndpointWrappers9call_initCskEhliFuVTlV_13delegate_test
FN:11,_RINvCseuY2Hdvmkl_15delegation_mock12contract_objINtNtNtNtCseUmQFO6d1K9_22multiversx_sc_scenario3api7impl_vh12vm_hooks_api10VMHooksApiNtNtBP_9debug_api15DebugApiBackendEECsaR2MVHtCDM0_4test
FN:46,_RNCNvYINtCseuY2Hdvmkl_15delegation_mock11ContractObjINtNtNtNtCseUmQFO6d1K9_22multiversx_sc_scenario3api7impl_vh12vm_hooks_api10VMHooksApiNtNtBT_9debug_api15DebugApiBackendEENtB7_14DelegationMock10undelegate0CsaR2MVHtCDM0_4test
FN:48,_RNCNvYINtCseuY2Hdvmkl_15delegation_mock11ContractObjINtNtNtNtCseUmQFO6d1K9_22multiversx_sc_scenario3api7impl_vh12vm_hooks_api10VMHooksApiNtNtBT_9debug_api15DebugApiBackendEENtB7_14DelegationMock10undelegates_0CsaR2MVHtCDM0_4test
FN:22,_RNCNvYINtCseuY2Hdvmkl_15delegation_mock11ContractObjINtNtNtNtCseUmQFO6d1K9_22multiversx_sc_scenario3api7impl_vh12vm_hooks_api10VMHooksApiNtNtBT_9debug_api15DebugApiBackendEENtB7_14DelegationMock12deposit_egld0CsaR2MVHtCDM0_4test
FN:92,_RNCNvYINtCseuY2Hdvmkl_15delegation_mock11ContractObjINtNtNtNtCseUmQFO6d1K9_22multiversx_sc_scenario3api7impl_vh12vm_hooks_api10VMHooksApiNtNtBT_9debug_api15DebugApiBackendEENtB7_14DelegationMock13claim_rewards0CsaR2MVHtCDM0_4test
FN:31,_RNCNvYINtCseuY2Hdvmkl_15delegation_mock11ContractObjINtNtNtNtCseUmQFO6d1K9_22multiversx_sc_scenario3api7impl_vh12vm_hooks_api10VMHooksApiNtNtBT_9debug_api15DebugApiBackendEENtB7_14DelegationMock8delegate0CsaR2MVHtCDM0_4test
FN:33,_RNCNvYINtCseuY2Hdvmkl_15delegation_mock11ContractObjINtNtNtNtCseUmQFO6d1K9_22multiversx_sc_scenario3api7impl_vh12vm_hooks_api10VMHooksApiNtNtBT_9debug_api15DebugApiBackendEENtB7_14DelegationMock8delegates_0CsaR2MVHtCDM0_4test
FN:67,_RNCNvYINtCseuY2Hdvmkl_15delegation_mock11ContractObjINtNtNtNtCseUmQFO6d1K9_22multiversx_sc_scenario3api7impl_vh12vm_hooks_api10VMHooksApiNtNtBT_9debug_api15DebugApiBackendEENtB7_14DelegationMock8withdraw0CsaR2MVHtCDM0_4test
FN:11,_RNvXCseuY2Hdvmkl_15delegation_mockINtB2_11ContractObjINtNtNtNtCseUmQFO6d1K9_22multiversx_sc_scenario3api7impl_vh12vm_hooks_api10VMHooksApiNtNtBU_9debug_api15DebugApiBackendEENtB2_14DelegationMock15address_depositCsaR2MVHtCDM0_4test
FN:11,_RNvXCseuY2Hdvmkl_15delegation_mockINtB2_11ContractObjINtNtNtNtCseUmQFO6d1K9_22multiversx_sc_scenario3api7impl_vh12vm_hooks_api10VMHooksApiNtNtBU_9debug_api15DebugApiBackendEENtB2_14DelegationMock17egld_token_supplyCsaR2MVHtCDM0_4test
FN:11,_RNvXCseuY2Hdvmkl_15delegation_mockINtB2_11ContractObjINtNtNtNtCseUmQFO6d1K9_22multiversx_sc_scenario3api7impl_vh12vm_hooks_api10VMHooksApiNtNtBU_9debug_api15DebugApiBackendEENtB2_14DelegationMock24address_last_claim_epochCsaR2MVHtCDM0_4test
FN:11,_RNvXCseuY2Hdvmkl_15delegation_mockINtB2_11ContractObjINtNtNtNtCseUmQFO6d1K9_22multiversx_sc_scenario3api7impl_vh12vm_hooks_api10VMHooksApiNtNtBU_9debug_api15DebugApiBackendEENtB2_14DelegationMock24address_undelegate_epochCsaR2MVHtCDM0_4test
FN:11,_RNvXCseuY2Hdvmkl_15delegation_mockINtB2_11ContractObjINtNtNtNtCseUmQFO6d1K9_22multiversx_sc_scenario3api7impl_vh12vm_hooks_api10VMHooksApiNtNtBU_9debug_api15DebugApiBackendEENtB2_14DelegationMock25address_undelegate_amountCsaR2MVHtCDM0_4test
FN:11,_RNvXs5_CseuY2Hdvmkl_15delegation_mockINtB5_11ContractObjINtNtNtNtCseUmQFO6d1K9_22multiversx_sc_scenario3api7impl_vh12vm_hooks_api10VMHooksApiNtNtBX_9debug_api15DebugApiBackendEENtNtNtCs4WmCETBkTZ5_13multiversx_sc13contract_base17callable_contract16CallableContract4callCsaR2MVHtCDM0_4test
FN:37,_RNvYINtCseuY2Hdvmkl_15delegation_mock11ContractObjINtNtNtNtCseUmQFO6d1K9_22multiversx_sc_scenario3api7impl_vh12vm_hooks_api10VMHooksApiNtNtBR_9debug_api15DebugApiBackendEENtB5_14DelegationMock10undelegateCsaR2MVHtCDM0_4test
FN:19,_RNvYINtCseuY2Hdvmkl_15delegation_mock11ContractObjINtNtNtNtCseUmQFO6d1K9_22multiversx_sc_scenario3api7impl_vh12vm_hooks_api10VMHooksApiNtNtBR_9debug_api15DebugApiBackendEENtB5_14DelegationMock12deposit_egldCsaR2MVHtCDM0_4test
FN:75,_RNvYINtCseuY2Hdvmkl_15delegation_mock11ContractObjINtNtNtNtCseUmQFO6d1K9_22multiversx_sc_scenario3api7impl_vh12vm_hooks_api10VMHooksApiNtNtBR_9debug_api15DebugApiBackendEENtB5_14DelegationMock13claim_rewardsCsaR2MVHtCDM0_4test
FN:27,_RNvYINtCseuY2Hdvmkl_15delegation_mock11ContractObjINtNtNtNtCseUmQFO6d1K9_22multiversx_sc_scenario3api7impl_vh12vm_hooks_api10VMHooksApiNtNtBR_9debug_api15DebugApiBackendEENtB5_14DelegationMock8delegateCsaR2MVHtCDM0_4test
FN:54,_RNvYINtCseuY2Hdvmkl_15delegation_mock11ContractObjINtNtNtNtCseUmQFO6d1K9_22multiversx_sc_scenario3api7impl_vh12vm_hooks_api10VMHooksApiNtNtBR_9debug_api15DebugApiBackendEENtB5_14DelegationMock8withdrawCsaR2MVHtCDM0_4test
FN:11,_RNvYINtCseuY2Hdvmkl_15delegation_mock11ContractObjINtNtNtNtCseUmQFO6d1K9_22multiversx_sc_scenario3api7impl_vh12vm_hooks_api10VMHooksApiNtNtBR_9debug_api15DebugApiBackendEENtB5_16EndpointWrappers13call_delegateCsaR2MVHtCDM0_4test
FN:11,_RNvYINtCseuY2Hdvmkl_15delegation_mock11ContractObjINtNtNtNtCseUmQFO6d1K9_22multiversx_sc_scenario3api7impl_vh12vm_hooks_api10VMHooksApiNtNtBR_9debug_api15DebugApiBackendEENtB5_16EndpointWrappers13call_withdrawCsaR2MVHtCDM0_4test
FN:11,_RNvYINtCseuY2Hdvmkl_15delegation_mock11ContractObjINtNtNtNtCseUmQFO6d1K9_22multiversx_sc_scenario3api7impl_vh12vm_hooks_api10VMHooksApiNtNtBR_9debug_api15DebugApiBackendEENtB5_16EndpointWrappers15call_undelegateCsaR2MVHtCDM0_4test
FN:11,_RNvYINtCseuY2Hdvmkl_15delegation_mock11ContractObjINtNtNtNtCseUmQFO6d1K9_22multiversx_sc_scenario3api7impl_vh12vm_hooks_api10VMHooksApiNtNtBR_9debug_api15DebugApiBackendEENtB5_16EndpointWrappers17call_deposit_egldCsaR2MVHtCDM0_4test
FN:11,_RNvYINtCseuY2Hdvmkl_15delegation_mock11ContractObjINtNtNtNtCseUmQFO6d1K9_22multiversx_sc_scenario3api7impl_vh12vm_hooks_api10VMHooksApiNtNtBR_9debug_api15DebugApiBackendEENtB5_16EndpointWrappers18call_claim_rewardsCsaR2MVHtCDM0_4test
FN:11,_RNvYINtCseuY2Hdvmkl_15delegation_mock11ContractObjINtNtNtNtCseUmQFO6d1K9_22multiversx_sc_scenario3api7impl_vh12vm_hooks_api10VMHooksApiNtNtBR_9debug_api15DebugApiBackendEENtB5_16EndpointWrappers4callCsaR2MVHtCDM0_4test
FN:11,_RNvYINtCseuY2Hdvmkl_15delegation_mock11ContractObjINtNtNtNtCseUmQFO6d1K9_22multiversx_sc_scenario3api7impl_vh12vm_hooks_api10VMHooksApiNtNtBR_9debug_api15DebugApiBackendEENtB5_16EndpointWrappers8callbackCsaR2MVHtCDM0_4test
FN:11,_RNvYINtCseuY2Hdvmkl_15delegation_mock11ContractObjINtNtNtNtCseUmQFO6d1K9_22multiversx_sc_scenario3api7impl_vh12vm_hooks_api10VMHooksApiNtNtBR_9debug_api15DebugApiBackendEENtB5_16EndpointWrappers9call_initCsaR2MVHtCDM0_4test
FN:11,_RINvCseuY2Hdvmkl_15delegation_mock12contract_objINtNtNtNtCseUmQFO6d1K9_22multiversx_sc_scenario3api7impl_vh12vm_hooks_api10VMHooksApiNtNtBP_9debug_api15DebugApiBackendEECsVH6ELXPoQD_15unDelegate_test
FN:46,_RNCNvYINtCseuY2Hdvmkl_15delegation_mock11ContractObjINtNtNtNtCseUmQFO6d1K9_22multiversx_sc_scenario3api7impl_vh12vm_hooks_api10VMHooksApiNtNtBT_9debug_api15DebugApiBackendEENtB7_14DelegationMock10undelegate0CsVH6ELXPoQD_15unDelegate_test
FN:48,_RNCNvYINtCseuY2Hdvmkl_15delegation_mock11ContractObjINtNtNtNtCseUmQFO6d1K9_22multiversx_sc_scenario3api7impl_vh12vm_hooks_api10VMHooksApiNtNtBT_9debug_api15DebugApiBackendEENtB7_14DelegationMock10undelegates_0CsVH6ELXPoQD_15unDelegate_test
FN:22,_RNCNvYINtCseuY2Hdvmkl_15delegation_mock11ContractObjINtNtNtNtCseUmQFO6d1K9_22multiversx_sc_scenario3api7impl_vh12vm_hooks_api10VMHooksApiNtNtBT_9debug_api15DebugApiBackendEENtB7_14DelegationMock12deposit_egld0CsVH6ELXPoQD_15unDelegate_test
FN:92,_RNCNvYINtCseuY2Hdvmkl_15delegation_mock11ContractObjINtNtNtNtCseUmQFO6d1K9_22multiversx_sc_scenario3api7impl_vh12vm_hooks_api10VMHooksApiNtNtBT_9debug_api15DebugApiBackendEENtB7_14DelegationMock13claim_rewards0CsVH6ELXPoQD_15unDelegate_test
FN:31,_RNCNvYINtCseuY2Hdvmkl_15delegation_mock11ContractObjINtNtNtNtCseUmQFO6d1K9_22multiversx_sc_scenario3api7impl_vh12vm_hooks_api10VMHooksApiNtNtBT_9debug_api15DebugApiBackendEENtB7_14DelegationMock8delegate0CsVH6ELXPoQD_15unDelegate_test
FN:33,_RNCNvYINtCseuY2Hdvmkl_15delegation_mock11ContractObjINtNtNtNtCseUmQFO6d1K9_22multiversx_sc_scenario3api7impl_vh12vm_hooks_api10VMHooksApiNtNtBT_9debug_api15DebugApiBackendEENtB7_14DelegationMock8delegates_0CsVH6ELXPoQD_15unDelegate_test
FN:67,_RNCNvYINtCseuY2Hdvmkl_15delegation_mock11ContractObjINtNtNtNtCseUmQFO6d1K9_22multiversx_sc_scenario3api7impl_vh12vm_hooks_api10VMHooksApiNtNtBT_9debug_api15DebugApiBackendEENtB7_14DelegationMock8withdraw0CsVH6ELXPoQD_15unDelegate_test
FN:11,_RNvXCseuY2Hdvmkl_15delegation_mockINtB2_11ContractObjINtNtNtNtCseUmQFO6d1K9_22multiversx_sc_scenario3api7impl_vh12vm_hooks_api10VMHooksApiNtNtBU_9debug_api15DebugApiBackendEENtB2_14DelegationMock15address_depositCsVH6ELXPoQD_15unDelegate_test
FN:11,_RNvXCseuY2Hdvmkl_15delegation_mockINtB2_11ContractObjINtNtNtNtCseUmQFO6d1K9_22multiversx_sc_scenario3api7impl_vh12vm_hooks_api10VMHooksApiNtNtBU_9debug_api15DebugApiBackendEENtB2_14DelegationMock17egld_token_supplyCsVH6ELXPoQD_15unDelegate_test
FN:11,_RNvXCseuY2Hdvmkl_15delegation_mockINtB2_11ContractObjINtNtNtNtCseUmQFO6d1K9_22multiversx_sc_scenario3api7impl_vh12vm_hooks_api10VMHooksApiNtNtBU_9debug_api15DebugApiBackendEENtB2_14DelegationMock24address_last_claim_epochCsVH6ELXPoQD_15unDelegate_test
FN:11,_RNvXCseuY2Hdvmkl_15delegation_mockINtB2_11ContractObjINtNtNtNtCseUmQFO6d1K9_22multiversx_sc_scenario3api7impl_vh12vm_hooks_api10VMHooksApiNtNtBU_9debug_api15DebugApiBackendEENtB2_14DelegationMock24address_undelegate_epochCsVH6ELXPoQD_15unDelegate_test
FN:11,_RNvXCseuY2Hdvmkl_15delegation_mockINtB2_11ContractObjINtNtNtNtCseUmQFO6d1K9_22multiversx_sc_scenario3api7impl_vh12vm_hooks_api10VMHooksApiNtNtBU_9debug_api15DebugApiBackendEENtB2_14DelegationMock25address_undelegate_amountCsVH6ELXPoQD_15unDelegate_test
FN:11,_RNvXs5_CseuY2Hdvmkl_15delegation_mockINtB5_11ContractObjINtNtNtNtCseUmQFO6d1K9_22multiversx_sc_scenario3api7impl_vh12vm_hooks_api10VMHooksApiNtNtBX_9debug_api15DebugApiBackendEENtNtNtCs4WmCETBkTZ5_13multiversx_sc13contract_base17callable_contract16CallableContract4callCsVH6ELXPoQD_15unDelegate_test
FN:37,_RNvYINtCseuY2Hdvmkl_15delegation_mock11ContractObjINtNtNtNtCseUmQFO6d1K9_22multiversx_sc_scenario3api7impl_vh12vm_hooks_api10VMHooksApiNtNtBR_9debug_api15DebugApiBackendEENtB5_14DelegationMock10undelegateCsVH6ELXPoQD_15unDelegate_test
FN:19,_RNvYINtCseuY2Hdvmkl_15delegation_mock11ContractObjINtNtNtNtCseUmQFO6d1K9_22multiversx_sc_scenario3api7impl_vh12vm_hooks_api10VMHooksApiNtNtBR_9debug_api15DebugApiBackendEENtB5_14DelegationMock12deposit_egldCsVH6ELXPoQD_15unDelegate_test
FN:75,_RNvYINtCseuY2Hdvmkl_15delegation_mock11ContractObjINtNtNtNtCseUmQFO6d1K9_22multiversx_sc_scenario3api7impl_vh12vm_hooks_api10VMHooksApiNtNtBR_9debug_api15DebugApiBackendEENtB5_14DelegationMock13claim_rewardsCsVH6ELXPoQD_15unDelegate_test
FN:27,_RNvYINtCseuY2Hdvmkl_15delegation_mock11ContractObjINtNtNtNtCseUmQFO6d1K9_22multiversx_sc_scenario3api7impl_vh12vm_hooks_api10VMHooksApiNtNtBR_9debug_api15DebugApiBackendEENtB5_14DelegationMock8delegateCsVH6ELXPoQD_15unDelegate_test
FN:54,_RNvYINtCseuY2Hdvmkl_15delegation_mock11ContractObjINtNtNtNtCseUmQFO6d1K9_22multiversx_sc_scenario3api7impl_vh12vm_hooks_api10VMHooksApiNtNtBR_9debug_api15DebugApiBackendEENtB5_14DelegationMock8withdrawCsVH6ELXPoQD_15unDelegate_test
FN:11,_RNvYINtCseuY2Hdvmkl_15delegation_mock11ContractObjINtNtNtNtCseUmQFO6d1K9_22multiversx_sc_scenario3api7impl_vh12vm_hooks_api10VMHooksApiNtNtBR_9debug_api15DebugApiBackendEENtB5_16EndpointWrappers13call_delegateCsVH6ELXPoQD_15unDelegate_test
FN:11,_RNvYINtCseuY2Hdvmkl_15delegation_mock11ContractObjINtNtNtNtCseUmQFO6d1K9_22multiversx_sc_scenario3api7impl_vh12vm_hooks_api10VMHooksApiNtNtBR_9debug_api15DebugApiBackendEENtB5_16EndpointWrappers13call_withdrawCsVH6ELXPoQD_15unDelegate_test
FN:11,_RNvYINtCseuY2Hdvmkl_15delegation_mock11ContractObjINtNtNtNtCseUmQFO6d1K9_22multiversx_sc_scenario3api7impl_vh12vm_hooks_api10VMHooksApiNtNtBR_9debug_api15DebugApiBackendEENtB5_16EndpointWrappers15call_undelegateCsVH6ELXPoQD_15unDelegate_test
FN:11,_RNvYINtCseuY2Hdvmkl_15delegation_mock11ContractObjINtNtNtNtCseUmQFO6d1K9_22multiversx_sc_scenario3api7impl_vh12vm_hooks_api10VMHooksApiNtNtBR_9debug_api15DebugApiBackendEENtB5_16EndpointWrappers17call_deposit_egldCsVH6ELXPoQD_15unDelegate_test
FN:11,_RNvYINtCseuY2Hdvmkl_15delegation_mock11ContractObjINtNtNtNtCseUmQFO6d1K9_22multiversx_sc_scenario3api7impl_vh12vm_hooks_api10VMHooksApiNtNtBR_9debug_api15DebugApiBackendEENtB5_16EndpointWrappers18call_claim_rewardsCsVH6ELXPoQD_15unDelegate_test
FN:11,_RNvYINtCseuY2Hdvmkl_15delegation_mock11ContractObjINtNtNtNtCseUmQFO6d1K9_22multiversx_sc_scenario3api7impl_vh12vm_hooks_api10VMHooksApiNtNtBR_9debug_api15DebugApiBackendEENtB5_16EndpointWrappers4callCsVH6ELXPoQD_15unDelegate_test
FN:11,_RNvYINtCseuY2Hdvmkl_15delegation_mock11ContractObjINtNtNtNtCseUmQFO6d1K9_22multiversx_sc_scenario3api7impl_vh12vm_hooks_api10VMHooksApiNtNtBR_9debug_api15DebugApiBackendEENtB5_16EndpointWrappers8callbackCsVH6ELXPoQD_15unDelegate_test
FN:11,_RNvYINtCseuY2Hdvmkl_15delegation_mock11ContractObjINtNtNtNtCseUmQFO6d1K9_22multiversx_sc_scenario3api7impl_vh12vm_hooks_api10VMHooksApiNtNtBR_9debug_api15DebugApiBackendEENtB5_16EndpointWrappers9call_initCsVH6ELXPoQD_15unDelegate_test
FN:11,_RINvCseuY2Hdvmkl_15delegation_mock12contract_objINtNtNtNtCseUmQFO6d1K9_22multiversx_sc_scenario3api7impl_vh12vm_hooks_api10VMHooksApiNtNtBP_9debug_api15DebugApiBackendEECshHwHQpnfuGH_11unbond_test
FN:46,_RNCNvYINtCseuY2Hdvmkl_15delegation_mock11ContractObjINtNtNtNtCseUmQFO6d1K9_22multiversx_sc_scenario3api7impl_vh12vm_hooks_api10VMHooksApiNtNtBT_9debug_api15DebugApiBackendEENtB7_14DelegationMock10undelegate0CshHwHQpnfuGH_11unbond_test
FN:48,_RNCNvYINtCseuY2Hdvmkl_15delegation_mock11ContractObjINtNtNtNtCseUmQFO6d1K9_22multiversx_sc_scenario3api7impl_vh12vm_hooks_api10VMHooksApiNtNtBT_9debug_api15DebugApiBackendEENtB7_14DelegationMock10undelegates_0CshHwHQpnfuGH_11unbond_test
FN:22,_RNCNvYINtCseuY2Hdvmkl_15delegation_mock11ContractObjINtNtNtNtCseUmQFO6d1K9_22multiversx_sc_scenario3api7impl_vh12vm_hooks_api10VMHooksApiNtNtBT_9debug_api15DebugApiBackendEENtB7_14DelegationMock12deposit_egld0CshHwHQpnfuGH_11unbond_test
FN:92,_RNCNvYINtCseuY2Hdvmkl_15delegation_mock11ContractObjINtNtNtNtCseUmQFO6d1K9_22multiversx_sc_scenario3api7impl_vh12vm_hooks_api10VMHooksApiNtNtBT_9debug_api15DebugApiBackendEENtB7_14DelegationMock13claim_rewards0CshHwHQpnfuGH_11unbond_test
FN:31,_RNCNvYINtCseuY2Hdvmkl_15delegation_mock11ContractObjINtNtNtNtCseUmQFO6d1K9_22multiversx_sc_scenario3api7impl_vh12vm_hooks_api10VMHooksApiNtNtBT_9debug_api15DebugApiBackendEENtB7_14DelegationMock8delegate0CshHwHQpnfuGH_11unbond_test
FN:33,_RNCNvYINtCseuY2Hdvmkl_15delegation_mock11ContractObjINtNtNtNtCseUmQFO6d1K9_22multiversx_sc_scenario3api7impl_vh12vm_hooks_api10VMHooksApiNtNtBT_9debug_api15DebugApiBackendEENtB7_14DelegationMock8delegates_0CshHwHQpnfuGH_11unbond_test
FN:67,_RNCNvYINtCseuY2Hdvmkl_15delegation_mock11ContractObjINtNtNtNtCseUmQFO6d1K9_22multiversx_sc_scenario3api7impl_vh12vm_hooks_api10VMHooksApiNtNtBT_9debug_api15DebugApiBackendEENtB7_14DelegationMock8withdraw0CshHwHQpnfuGH_11unbond_test
FN:11,_RNvXCseuY2Hdvmkl_15delegation_mockINtB2_11ContractObjINtNtNtNtCseUmQFO6d1K9_22multiversx_sc_scenario3api7impl_vh12vm_hooks_api10VMHooksApiNtNtBU_9debug_api15DebugApiBackendEENtB2_14DelegationMock15address_depositCshHwHQpnfuGH_11unbond_test
FN:11,_RNvXCseuY2Hdvmkl_15delegation_mockINtB2_11ContractObjINtNtNtNtCseUmQFO6d1K9_22multiversx_sc_scenario3api7impl_vh12vm_hooks_api10VMHooksApiNtNtBU_9debug_api15DebugApiBackendEENtB2_14DelegationMock17egld_token_supplyCshHwHQpnfuGH_11unbond_test
FN:11,_RNvXCseuY2Hdvmkl_15delegation_mockINtB2_11ContractObjINtNtNtNtCseUmQFO6d1K9_22multiversx_sc_scenario3api7impl_vh12vm_hooks_api10VMHooksApiNtNtBU_9debug_api15DebugApiBackendEENtB2_14DelegationMock24address_last_claim_epochCshHwHQpnfuGH_11unbond_test
FN:11,_RNvXCseuY2Hdvmkl_15delegation_mockINtB2_11ContractObjINtNtNtNtCseUmQFO6d1K9_22multiversx_sc_scenario3api7impl_vh12vm_hooks_api10VMHooksApiNtNtBU_9debug_api15DebugApiBackendEENtB2_14DelegationMock24address_undelegate_epochCshHwHQpnfuGH_11unbond_test
FN:11,_RNvXCseuY2Hdvmkl_15delegation_mockINtB2_11ContractObjINtNtNtNtCseUmQFO6d1K9_22multiversx_sc_scenario3api7impl_vh12vm_hooks_api10VMHooksApiNtNtBU_9debug_api15DebugApiBackendEENtB2_14DelegationMock25address_undelegate_amountCshHwHQpnfuGH_11unbond_test
FN:11,_RNvXs5_CseuY2Hdvmkl_15delegation_mockINtB5_11ContractObjINtNtNtNtCseUmQFO6d1K9_22multiversx_sc_scenario3api7impl_vh12vm_hooks_api10VMHooksApiNtNtBX_9debug_api15DebugApiBackendEENtNtNtCs4WmCETBkTZ5_13multiversx_sc13contract_base17callable_contract16CallableContract4callCshHwHQpnfuGH_11unbond_test
FN:37,_RNvYINtCseuY2Hdvmkl_15delegation_mock11ContractObjINtNtNtNtCseUmQFO6d1K9_22multiversx_sc_scenario3api7impl_vh12vm_hooks_api10VMHooksApiNtNtBR_9debug_api15DebugApiBackendEENtB5_14DelegationMock10undelegateCshHwHQpnfuGH_11unbond_test
FN:19,_RNvYINtCseuY2Hdvmkl_15delegation_mock11ContractObjINtNtNtNtCseUmQFO6d1K9_22multiversx_sc_scenario3api7impl_vh12vm_hooks_api10VMHooksApiNtNtBR_9debug_api15DebugApiBackendEENtB5_14DelegationMock12deposit_egldCshHwHQpnfuGH_11unbond_test
FN:75,_RNvYINtCseuY2Hdvmkl_15delegation_mock11ContractObjINtNtNtNtCseUmQFO6d1K9_22multiversx_sc_scenario3api7impl_vh12vm_hooks_api10VMHooksApiNtNtBR_9debug_api15DebugApiBackendEENtB5_14DelegationMock13claim_rewardsCshHwHQpnfuGH_11unbond_test
FN:27,_RNvYINtCseuY2Hdvmkl_15delegation_mock11ContractObjINtNtNtNtCseUmQFO6d1K9_22multiversx_sc_scenario3api7impl_vh12vm_hooks_api10VMHooksApiNtNtBR_9debug_api15DebugApiBackendEENtB5_14DelegationMock8delegateCshHwHQpnfuGH_11unbond_test
FN:54,_RNvYINtCseuY2Hdvmkl_15delegation_mock11ContractObjINtNtNtNtCseUmQFO6d1K9_22multiversx_sc_scenario3api7impl_vh12vm_hooks_api10VMHooksApiNtNtBR_9debug_api15DebugApiBackendEENtB5_14DelegationMock8withdrawCshHwHQpnfuGH_11unbond_test
FN:11,_RNvYINtCseuY2Hdvmkl_15delegation_mock11ContractObjINtNtNtNtCseUmQFO6d1K9_22multiversx_sc_scenario3api7impl_vh12vm_hooks_api10VMHooksApiNtNtBR_9debug_api15DebugApiBackendEENtB5_16EndpointWrappers13call_delegateCshHwHQpnfuGH_11unbond_test
FN:11,_RNvYINtCseuY2Hdvmkl_15delegation_mock11ContractObjINtNtNtNtCseUmQFO6d1K9_22multiversx_sc_scenario3api7impl_vh12vm_hooks_api10VMHooksApiNtNtBR_9debug_api15DebugApiBackendEENtB5_16EndpointWrappers13call_withdrawCshHwHQpnfuGH_11unbond_test
FN:11,_RNvYINtCseuY2Hdvmkl_15delegation_mock11ContractObjINtNtNtNtCseUmQFO6d1K9_22multiversx_sc_scenario3api7impl_vh12vm_hooks_api10VMHooksApiNtNtBR_9debug_api15DebugApiBackendEENtB5_16EndpointWrappers15call_undelegateCshHwHQpnfuGH_11unbond_test
FN:11,_RNvYINtCseuY2Hdvmkl_15delegation_mock11ContractObjINtNtNtNtCseUmQFO6d1K9_22multiversx_sc_scenario3api7impl_vh12vm_hooks_api10VMHooksApiNtNtBR_9debug_api15DebugApiBackendEENtB5_16EndpointWrappers17call_deposit_egldCshHwHQpnfuGH_11unbond_test
FN:11,_RNvYINtCseuY2Hdvmkl_15delegation_mock11ContractObjINtNtNtNtCseUmQFO6d1K9_22multiversx_sc_scenario3api7impl_vh12vm_hooks_api10VMHooksApiNtNtBR_9debug_api15DebugApiBackendEENtB5_16EndpointWrappers18call_claim_rewardsCshHwHQpnfuGH_11unbond_test
FN:11,_RNvYINtCseuY2Hdvmkl_15delegation_mock11ContractObjINtNtNtNtCseUmQFO6d1K9_22multiversx_sc_scenario3api7impl_vh12vm_hooks_api10VMHooksApiNtNtBR_9debug_api15DebugApiBackendEENtB5_16EndpointWrappers4callCshHwHQpnfuGH_11unbond_test
FN:11,_RNvYINtCseuY2Hdvmkl_15delegation_mock11ContractObjINtNtNtNtCseUmQFO6d1K9_22multiversx_sc_scenario3api7impl_vh12vm_hooks_api10VMHooksApiNtNtBR_9debug_api15DebugApiBackendEENtB5_16EndpointWrappers8callbackCshHwHQpnfuGH_11unbond_test
FN:11,_RNvYINtCseuY2Hdvmkl_15delegation_mock11ContractObjINtNtNtNtCseUmQFO6d1K9_22multiversx_sc_scenario3api7impl_vh12vm_hooks_api10VMHooksApiNtNtBR_9debug_api15DebugApiBackendEENtB5_16EndpointWrappers9call_initCshHwHQpnfuGH_11unbond_test
FNDA:27,_RINvCseuY2Hdvmkl_15delegation_mock12contract_objINtNtNtNtCseUmQFO6d1K9_22multiversx_sc_scenario3api7impl_vh12vm_hooks_api10VMHooksApiNtNtBP_9debug_api15DebugApiBackendEECskEhliFuVTlV_13delegate_test
FNDA:0,_RNCNvYINtCseuY2Hdvmkl_15delegation_mock11ContractObjINtNtNtNtCseUmQFO6d1K9_22multiversx_sc_scenario3api7impl_vh12vm_hooks_api10VMHooksApiNtNtBT_9debug_api15DebugApiBackendEENtB7_14DelegationMock10undelegate0CskEhliFuVTlV_13delegate_test
FNDA:0,_RNCNvYINtCseuY2Hdvmkl_15delegation_mock11ContractObjINtNtNtNtCseUmQFO6d1K9_22multiversx_sc_scenario3api7impl_vh12vm_hooks_api10VMHooksApiNtNtBT_9debug_api15DebugApiBackendEENtB7_14DelegationMock10undelegates_0CskEhliFuVTlV_13delegate_test
FNDA:9,_RNCNvYINtCseuY2Hdvmkl_15delegation_mock11ContractObjINtNtNtNtCseUmQFO6d1K9_22multiversx_sc_scenario3api7impl_vh12vm_hooks_api10VMHooksApiNtNtBT_9debug_api15DebugApiBackendEENtB7_14DelegationMock12deposit_egld0CskEhliFuVTlV_13delegate_test
FNDA:0,_RNCNvYINtCseuY2Hdvmkl_15delegation_mock11ContractObjINtNtNtNtCseUmQFO6d1K9_22multiversx_sc_scenario3api7impl_vh12vm_hooks_api10VMHooksApiNtNtBT_9debug_api15DebugApiBackendEENtB7_14DelegationMock13claim_rewards0CskEhliFuVTlV_13delegate_test
FNDA:4,_RNCNvYINtCseuY2Hdvmkl_15delegation_mock11ContractObjINtNtNtNtCseUmQFO6d1K9_22multiversx_sc_scenario3api7impl_vh12vm_hooks_api10VMHooksApiNtNtBT_9debug_api15DebugApiBackendEENtB7_14DelegationMock8delegate0CskEhliFuVTlV_13delegate_test
FNDA:4,_RNCNvYINtCseuY2Hdvmkl_15delegation_mock11ContractObjINtNtNtNtCseUmQFO6d1K9_22multiversx_sc_scenario3api7impl_vh12vm_hooks_api10VMHooksApiNtNtBT_9debug_api15DebugApiBackendEENtB7_14DelegationMock8delegates_0CskEhliFuVTlV_13delegate_test
FNDA:0,_RNCNvYINtCseuY2Hdvmkl_15delegation_mock11ContractObjINtNtNtNtCseUmQFO6d1K9_22multiversx_sc_scenario3api7impl_vh12vm_hooks_api10VMHooksApiNtNtBT_9debug_api15DebugApiBackendEENtB7_14DelegationMock8withdraw0CskEhliFuVTlV_13delegate_test
FNDA:4,_RNvXCseuY2Hdvmkl_15delegation_mockINtB2_11ContractObjINtNtNtNtCseUmQFO6d1K9_22multiversx_sc_scenario3api7impl_vh12vm_hooks_api10VMHooksApiNtNtBU_9debug_api15DebugApiBackendEENtB2_14DelegationMock15address_depositCskEhliFuVTlV_13delegate_test
FNDA:13,_RNvXCseuY2Hdvmkl_15delegation_mockINtB2_11ContractObjINtNtNtNtCseUmQFO6d1K9_22multiversx_sc_scenario3api7impl_vh12vm_hooks_api10VMHooksApiNtNtBU_9debug_api15DebugApiBackendEENtB2_14DelegationMock17egld_token_supplyCskEhliFuVTlV_13delegate_test
FNDA:0,_RNvXCseuY2Hdvmkl_15delegation_mockINtB2_11ContractObjINtNtNtNtCseUmQFO6d1K9_22multiversx_sc_scenario3api7impl_vh12vm_hooks_api10VMHooksApiNtNtBU_9debug_api15DebugApiBackendEENtB2_14DelegationMock24address_last_claim_epochCskEhliFuVTlV_13delegate_test
FNDA:0,_RNvXCseuY2Hdvmkl_15delegation_mockINtB2_11ContractObjINtNtNtNtCseUmQFO6d1K9_22multiversx_sc_scenario3api7impl_vh12vm_hooks_api10VMHooksApiNtNtBU_9debug_api15DebugApiBackendEENtB2_14DelegationMock24address_undelegate_epochCskEhliFuVTlV_13delegate_test
FNDA:0,_RNvXCseuY2Hdvmkl_15delegation_mockINtB2_11ContractObjINtNtNtNtCseUmQFO6d1K9_22multiversx_sc_scenario3api7impl_vh12vm_hooks_api10VMHooksApiNtNtBU_9debug_api15DebugApiBackendEENtB2_14DelegationMock25address_undelegate_amountCskEhliFuVTlV_13delegate_test
FNDA:4,_RNvXs5_CseuY2Hdvmkl_15delegation_mockINtB5_11ContractObjINtNtNtNtCseUmQFO6d1K9_22multiversx_sc_scenario3api7impl_vh12vm_hooks_api10VMHooksApiNtNtBX_9debug_api15DebugApiBackendEENtNtNtCs4WmCETBkTZ5_13multiversx_sc13contract_base17callable_contract16CallableContract4callCskEhliFuVTlV_13delegate_test
FNDA:0,_RNvYINtCseuY2Hdvmkl_15delegation_mock11ContractObjINtNtNtNtCseUmQFO6d1K9_22multiversx_sc_scenario3api7impl_vh12vm_hooks_api10VMHooksApiNtNtBR_9debug_api15DebugApiBackendEENtB5_14DelegationMock10undelegateCskEhliFuVTlV_13delegate_test
FNDA:9,_RNvYINtCseuY2Hdvmkl_15delegation_mock11ContractObjINtNtNtNtCseUmQFO6d1K9_22multiversx_sc_scenario3api7impl_vh12vm_hooks_api10VMHooksApiNtNtBR_9debug_api15DebugApiBackendEENtB5_14DelegationMock12deposit_egldCskEhliFuVTlV_13delegate_test
FNDA:0,_RNvYINtCseuY2Hdvmkl_15delegation_mock11ContractObjINtNtNtNtCseUmQFO6d1K9_22multiversx_sc_scenario3api7impl_vh12vm_hooks_api10VMHooksApiNtNtBR_9debug_api15DebugApiBackendEENtB5_14DelegationMock13claim_rewardsCskEhliFuVTlV_13delegate_test
FNDA:4,_RNvYINtCseuY2Hdvmkl_15delegation_mock11ContractObjINtNtNtNtCseUmQFO6d1K9_22multiversx_sc_scenario3api7impl_vh12vm_hooks_api10VMHooksApiNtNtBR_9debug_api15DebugApiBackendEENtB5_14DelegationMock8delegateCskEhliFuVTlV_13delegate_test
FNDA:0,_RNvYINtCseuY2Hdvmkl_15delegation_mock11ContractObjINtNtNtNtCseUmQFO6d1K9_22multiversx_sc_scenario3api7impl_vh12vm_hooks_api10VMHooksApiNtNtBR_9debug_api15DebugApiBackendEENtB5_14DelegationMock8withdrawCskEhliFuVTlV_13delegate_test
FNDA:4,_RNvYINtCseuY2Hdvmkl_15delegation_mock11ContractObjINtNtNtNtCseUmQFO6d1K9_22multiversx_sc_scenario3api7impl_vh12vm_hooks_api10VMHooksApiNtNtBR_9debug_api15DebugApiBackendEENtB5_16EndpointWrappers13call_delegateCskEhliFuVTlV_13delegate_test
FNDA:0,_RNvYINtCseuY2Hdvmkl_15delegation_mock11ContractObjINtNtNtNtCseUmQFO6d1K9_22multiversx_sc_scenario3api7impl_vh12vm_hooks_api10VMHooksApiNtNtBR_9debug_api15DebugApiBackendEENtB5_16EndpointWrappers13call_withdrawCskEhliFuVTlV_13delegate_test
FNDA:0,_RNvYINtCseuY2Hdvmkl_15delegation_mock11ContractObjINtNtNtNtCseUmQFO6d1K9_22multiversx_sc_scenario3api7impl_vh12vm_hooks_api10VMHooksApiNtNtBR_9debug_api15DebugApiBackendEENtB5_16EndpointWrappers15call_undelegateCskEhliFuVTlV_13delegate_test
FNDA:0,_RNvYINtCseuY2Hdvmkl_15delegation_mock11ContractObjINtNtNtNtCseUmQFO6d1K9_22multiversx_sc_scenario3api7impl_vh12vm_hooks_api10VMHooksApiNtNtBR_9debug_api15DebugApiBackendEENtB5_16EndpointWrappers17call_deposit_egldCskEhliFuVTlV_13delegate_test
FNDA:0,_RNvYINtCseuY2Hdvmkl_15delegation_mock11ContractObjINtNtNtNtCseUmQFO6d1K9_22multiversx_sc_scenario3api7impl_vh12vm_hooks_api10VMHooksApiNtNtBR_9debug_api15DebugApiBackendEENtB5_16EndpointWrappers18call_claim_rewardsCskEhliFuVTlV_13delegate_test
FNDA:4,_RNvYINtCseuY2Hdvmkl_15delegation_mock11ContractObjINtNtNtNtCseUmQFO6d1K9_22multiversx_sc_scenario3api7impl_vh12vm_hooks_api10VMHooksApiNtNtBR_9debug_api15DebugApiBackendEENtB5_16EndpointWrappers4callCskEhliFuVTlV_13delegate_test
FNDA:0,_RNvYINtCseuY2Hdvmkl_15delegation_mock11ContractObjINtNtNtNtCseUmQFO6d1K9_22multiversx_sc_scenario3api7impl_vh12vm_hooks_api10VMHooksApiNtNtBR_9debug_api15DebugApiBackendEENtB5_16EndpointWrappers8callbackCskEhliFuVTlV_13delegate_test
FNDA:0,_RNvYINtCseuY2Hdvmkl_15delegation_mock11ContractObjINtNtNtNtCseUmQFO6d1K9_22multiversx_sc_scenario3api7impl_vh12vm_hooks_api10VMHooksApiNtNtBR_9debug_api15DebugApiBackendEENtB5_16EndpointWrappers9call_initCskEhliFuVTlV_13delegate_test
FNDA:15,_RINvCseuY2Hdvmkl_15delegation_mock12contract_objINtNtNtNtCseUmQFO6d1K9_22multiversx_sc_scenario3api7impl_vh12vm_hooks_api10VMHooksApiNtNtBP_9debug_api15DebugApiBackendEECsaR2MVHtCDM0_4test
FNDA:2,_RNCNvYINtCseuY2Hdvmkl_15delegation_mock11ContractObjINtNtNtNtCseUmQFO6d1K9_22multiversx_sc_scenario3api7impl_vh12vm_hooks_api10VMHooksApiNtNtBT_9debug_api15DebugApiBackendEENtB7_14DelegationMock10undelegate0CsaR2MVHtCDM0_4test
FNDA:2,_RNCNvYINtCseuY2Hdvmkl_15delegation_mock11ContractObjINtNtNtNtCseUmQFO6d1K9_22multiversx_sc_scenario3api7impl_vh12vm_hooks_api10VMHooksApiNtNtBT_9debug_api15DebugApiBackendEENtB7_14DelegationMock10undelegates_0CsaR2MVHtCDM0_4test
FNDA:6,_RNCNvYINtCseuY2Hdvmkl_15delegation_mock11ContractObjINtNtNtNtCseUmQFO6d1K9_22multiversx_sc_scenario3api7impl_vh12vm_hooks_api10VMHooksApiNtNtBT_9debug_api15DebugApiBackendEENtB7_14DelegationMock12deposit_egld0CsaR2MVHtCDM0_4test
FNDA:5,_RNCNvYINtCseuY2Hdvmkl_15delegation_mock11ContractObjINtNtNtNtCseUmQFO6d1K9_22multiversx_sc_scenario3api7impl_vh12vm_hooks_api10VMHooksApiNtNtBT_9debug_api15DebugApiBackendEENtB7_14DelegationMock13claim_rewards0CsaR2MVHtCDM0_4test
FNDA:19,_RNCNvYINtCseuY2Hdvmkl_15delegation_mock11ContractObjINtNtNtNtCseUmQFO6d1K9_22multiversx_sc_scenario3api7impl_vh12vm_hooks_api10VMHooksApiNtNtBT_9debug_api15DebugApiBackendEENtB7_14DelegationMock8delegate0CsaR2MVHtCDM0_4test
FNDA:19,_RNCNvYINtCseuY2Hdvmkl_15delegation_mock11ContractObjINtNtNtNtCseUmQFO6d1K9_22multiversx_sc_scenario3api7impl_vh12vm_hooks_api10VMHooksApiNtNtBT_9debug_api15DebugApiBackendEENtB7_14DelegationMock8delegates_0CsaR2MVHtCDM0_4test
FNDA:2,_RNCNvYINtCseuY2Hdvmkl_15delegation_mock11ContractObjINtNtNtNtCseUmQFO6d1K9_22multiversx_sc_scenario3api7impl_vh12vm_hooks_api10VMHooksApiNtNtBT_9debug_api15DebugApiBackendEENtB7_14DelegationMock8withdraw0CsaR2MVHtCDM0_4test
FNDA:28,_RNvXCseuY2Hdvmkl_15delegation_mockINtB2_11ContractObjINtNtNtNtCseUmQFO6d1K9_22multiversx_sc_scenario3api7impl_vh12vm_hooks_api10VMHooksApiNtNtBU_9debug_api15DebugApiBackendEENtB2_14DelegationMock15address_depositCsaR2MVHtCDM0_4test
FNDA:32,_RNvXCseuY2Hdvmkl_15delegation_mockINtB2_11ContractObjINtNtNtNtCseUmQFO6d1K9_22multiversx_sc_scenario3api7impl_vh12vm_hooks_api10VMHooksApiNtNtBU_9debug_api15DebugApiBackendEENtB2_14DelegationMock17egld_token_supplyCsaR2MVHtCDM0_4test
FNDA:10,_RNvXCseuY2Hdvmkl_15delegation_mockINtB2_11ContractObjINtNtNtNtCseUmQFO6d1K9_22multiversx_sc_scenario3api7impl_vh12vm_hooks_api10VMHooksApiNtNtBU_9debug_api15DebugApiBackendEENtB2_14DelegationMock24address_last_claim_epochCsaR2MVHtCDM0_4test
FNDA:6,_RNvXCseuY2Hdvmkl_15delegation_mockINtB2_11ContractObjINtNtNtNtCseUmQFO6d1K9_22multiversx_sc_scenario3api7impl_vh12vm_hooks_api10VMHooksApiNtNtBU_9debug_api15DebugApiBackendEENtB2_14DelegationMock24address_undelegate_epochCsaR2MVHtCDM0_4test
FNDA:6,_RNvXCseuY2Hdvmkl_15delegation_mockINtB2_11ContractObjINtNtNtNtCseUmQFO6d1K9_22multiversx_sc_scenario3api7impl_vh12vm_hooks_api10VMHooksApiNtNtBU_9debug_api15DebugApiBackendEENtB2_14DelegationMock25address_undelegate_amountCsaR2MVHtCDM0_4test
FNDA:28,_RNvXs5_CseuY2Hdvmkl_15delegation_mockINtB5_11ContractObjINtNtNtNtCseUmQFO6d1K9_22multiversx_sc_scenario3api7impl_vh12vm_hooks_api10VMHooksApiNtNtBX_9debug_api15DebugApiBackendEENtNtNtCs4WmCETBkTZ5_13multiversx_sc13contract_base17callable_contract16CallableContract4callCsaR2MVHtCDM0_4test
FNDA:2,_RNvYINtCseuY2Hdvmkl_15delegation_mock11ContractObjINtNtNtNtCseUmQFO6d1K9_22multiversx_sc_scenario3api7impl_vh12vm_hooks_api10VMHooksApiNtNtBR_9debug_api15DebugApiBackendEENtB5_14DelegationMock10undelegateCsaR2MVHtCDM0_4test
FNDA:6,_RNvYINtCseuY2Hdvmkl_15delegation_mock11ContractObjINtNtNtNtCseUmQFO6d1K9_22multiversx_sc_scenario3api7impl_vh12vm_hooks_api10VMHooksApiNtNtBR_9debug_api15DebugApiBackendEENtB5_14DelegationMock12deposit_egldCsaR2MVHtCDM0_4test
FNDA:5,_RNvYINtCseuY2Hdvmkl_15delegation_mock11ContractObjINtNtNtNtCseUmQFO6d1K9_22multiversx_sc_scenario3api7impl_vh12vm_hooks_api10VMHooksApiNtNtBR_9debug_api15DebugApiBackendEENtB5_14DelegationMock13claim_rewardsCsaR2MVHtCDM0_4test
FNDA:19,_RNvYINtCseuY2Hdvmkl_15delegation_mock11ContractObjINtNtNtNtCseUmQFO6d1K9_22multiversx_sc_scenario3api7impl_vh12vm_hooks_api10VMHooksApiNtNtBR_9debug_api15DebugApiBackendEENtB5_14DelegationMock8delegateCsaR2MVHtCDM0_4test
FNDA:2,_RNvYINtCseuY2Hdvmkl_15delegation_mock11ContractObjINtNtNtNtCseUmQFO6d1K9_22multiversx_sc_scenario3api7impl_vh12vm_hooks_api10VMHooksApiNtNtBR_9debug_api15DebugApiBackendEENtB5_14DelegationMock8withdrawCsaR2MVHtCDM0_4test
FNDA:19,_RNvYINtCseuY2Hdvmkl_15delegation_mock11ContractObjINtNtNtNtCseUmQFO6d1K9_22multiversx_sc_scenario3api7impl_vh12vm_hooks_api10VMHooksApiNtNtBR_9debug_api15DebugApiBackendEENtB5_16EndpointWrappers13call_delegateCsaR2MVHtCDM0_4test
FNDA:2,_RNvYINtCseuY2Hdvmkl_15delegation_mock11ContractObjINtNtNtNtCseUmQFO6d1K9_22multiversx_sc_scenario3api7impl_vh12vm_hooks_api10VMHooksApiNtNtBR_9debug_api15DebugApiBackendEENtB5_16EndpointWrappers13call_withdrawCsaR2MVHtCDM0_4test
FNDA:2,_RNvYINtCseuY2Hdvmkl_15delegation_mock11ContractObjINtNtNtNtCseUmQFO6d1K9_22multiversx_sc_scenario3api7impl_vh12vm_hooks_api10VMHooksApiNtNtBR_9debug_api15DebugApiBackendEENtB5_16EndpointWrappers15call_undelegateCsaR2MVHtCDM0_4test
FNDA:0,_RNvYINtCseuY2Hdvmkl_15delegation_mock11ContractObjINtNtNtNtCseUmQFO6d1K9_22multiversx_sc_scenario3api7impl_vh12vm_hooks_api10VMHooksApiNtNtBR_9debug_api15DebugApiBackendEENtB5_16EndpointWrappers17call_deposit_egldCsaR2MVHtCDM0_4test
FNDA:5,_RNvYINtCseuY2Hdvmkl_15delegation_mock11ContractObjINtNtNtNtCseUmQFO6d1K9_22multiversx_sc_scenario3api7impl_vh12vm_hooks_api10VMHooksApiNtNtBR_9debug_api15DebugApiBackendEENtB5_16EndpointWrappers18call_claim_rewardsCsaR2MVHtCDM0_4test
FNDA:28,_RNvYINtCseuY2Hdvmkl_15delegation_mock11ContractObjINtNtNtNtCseUmQFO6d1K9_22multiversx_sc_scenario3api7impl_vh12vm_hooks_api10VMHooksApiNtNtBR_9debug_api15DebugApiBackendEENtB5_16EndpointWrappers4callCsaR2MVHtCDM0_4test
FNDA:0,_RNvYINtCseuY2Hdvmkl_15delegation_mock11ContractObjINtNtNtNtCseUmQFO6d1K9_22multiversx_sc_scenario3api7impl_vh12vm_hooks_api10VMHooksApiNtNtBR_9debug_api15DebugApiBackendEENtB5_16EndpointWrappers8callbackCsaR2MVHtCDM0_4test
FNDA:0,_RNvYINtCseuY2Hdvmkl_15delegation_mock11ContractObjINtNtNtNtCseUmQFO6d1K9_22multiversx_sc_scenario3api7impl_vh12vm_hooks_api10VMHooksApiNtNtBR_9debug_api15DebugApiBackendEENtB5_16EndpointWrappers9call_initCsaR2MVHtCDM0_4test
FNDA:17,_RINvCseuY2Hdvmkl_15delegation_mock12contract_objINtNtNtNtCseUmQFO6d1K9_22multiversx_sc_scenario3api7impl_vh12vm_hooks_api10VMHooksApiNtNtBP_9debug_api15DebugApiBackendEECsVH6ELXPoQD_15unDelegate_test
FNDA:0,_RNCNvYINtCseuY2Hdvmkl_15delegation_mock11ContractObjINtNtNtNtCseUmQFO6d1K9_22multiversx_sc_scenario3api7impl_vh12vm_hooks_api10VMHooksApiNtNtBT_9debug_api15DebugApiBackendEENtB7_14DelegationMock10undelegate0CsVH6ELXPoQD_15unDelegate_test
FNDA:0,_RNCNvYINtCseuY2Hdvmkl_15delegation_mock11ContractObjINtNtNtNtCseUmQFO6d1K9_22multiversx_sc_scenario3api7impl_vh12vm_hooks_api10VMHooksApiNtNtBT_9debug_api15DebugApiBackendEENtB7_14DelegationMock10undelegates_0CsVH6ELXPoQD_15unDelegate_test
FNDA:6,_RNCNvYINtCseuY2Hdvmkl_15delegation_mock11ContractObjINtNtNtNtCseUmQFO6d1K9_22multiversx_sc_scenario3api7impl_vh12vm_hooks_api10VMHooksApiNtNtBT_9debug_api15DebugApiBackendEENtB7_14DelegationMock12deposit_egld0CsVH6ELXPoQD_15unDelegate_test
FNDA:0,_RNCNvYINtCseuY2Hdvmkl_15delegation_mock11ContractObjINtNtNtNtCseUmQFO6d1K9_22multiversx_sc_scenario3api7impl_vh12vm_hooks_api10VMHooksApiNtNtBT_9debug_api15DebugApiBackendEENtB7_14DelegationMock13claim_rewards0CsVH6ELXPoQD_15unDelegate_test
FNDA:5,_RNCNvYINtCseuY2Hdvmkl_15delegation_mock11ContractObjINtNtNtNtCseUmQFO6d1K9_22multiversx_sc_scenario3api7impl_vh12vm_hooks_api10VMHooksApiNtNtBT_9debug_api15DebugApiBackendEENtB7_14DelegationMock8delegate0CsVH6ELXPoQD_15unDelegate_test
FNDA:5,_RNCNvYINtCseuY2Hdvmkl_15delegation_mock11ContractObjINtNtNtNtCseUmQFO6d1K9_22multiversx_sc_scenario3api7impl_vh12vm_hooks_api10VMHooksApiNtNtBT_9debug_api15DebugApiBackendEENtB7_14DelegationMock8delegates_0CsVH6ELXPoQD_15unDelegate_test
FNDA:0,_RNCNvYINtCseuY2Hdvmkl_15delegation_mock11ContractObjINtNtNtNtCseUmQFO6d1K9_22multiversx_sc_scenario3api7impl_vh12vm_hooks_api10VMHooksApiNtNtBT_9debug_api15DebugApiBackendEENtB7_14DelegationMock8withdraw0CsVH6ELXPoQD_15unDelegate_test
FNDA:5,_RNvXCseuY2Hdvmkl_15delegation_mockINtB2_11ContractObjINtNtNtNtCseUmQFO6d1K9_22multiversx_sc_scenario3api7impl_vh12vm_hooks_api10VMHooksApiNtNtBU_9debug_api15DebugApiBackendEENtB2_14DelegationMock15address_depositCsVH6ELXPoQD_15unDelegate_test
FNDA:11,_RNvXCseuY2Hdvmkl_15delegation_mockINtB2_11ContractObjINtNtNtNtCseUmQFO6d1K9_22multiversx_sc_scenario3api7impl_vh12vm_hooks_api10VMHooksApiNtNtBU_9debug_api15DebugApiBackendEENtB2_14DelegationMock17egld_token_supplyCsVH6ELXPoQD_15unDelegate_test
FNDA:0,_RNvXCseuY2Hdvmkl_15delegation_mockINtB2_11ContractObjINtNtNtNtCseUmQFO6d1K9_22multiversx_sc_scenario3api7impl_vh12vm_hooks_api10VMHooksApiNtNtBU_9debug_api15DebugApiBackendEENtB2_14DelegationMock24address_last_claim_epochCsVH6ELXPoQD_15unDelegate_test
FNDA:0,_RNvXCseuY2Hdvmkl_15delegation_mockINtB2_11ContractObjINtNtNtNtCseUmQFO6d1K9_22multiversx_sc_scenario3api7impl_vh12vm_hooks_api10VMHooksApiNtNtBU_9debug_api15DebugApiBackendEENtB2_14DelegationMock24address_undelegate_epochCsVH6ELXPoQD_15unDelegate_test
FNDA:0,_RNvXCseuY2Hdvmkl_15delegation_mockINtB2_11ContractObjINtNtNtNtCseUmQFO6d1K9_22multiversx_sc_scenario3api7impl_vh12vm_hooks_api10VMHooksApiNtNtBU_9debug_api15DebugApiBackendEENtB2_14DelegationMock25address_undelegate_amountCsVH6ELXPoQD_15unDelegate_test
FNDA:5,_RNvXs5_CseuY2Hdvmkl_15delegation_mockINtB5_11ContractObjINtNtNtNtCseUmQFO6d1K9_22multiversx_sc_scenario3api7impl_vh12vm_hooks_api10VMHooksApiNtNtBX_9debug_api15DebugApiBackendEENtNtNtCs4WmCETBkTZ5_13multiversx_sc13contract_base17callable_contract16CallableContract4callCsVH6ELXPoQD_15unDelegate_test
FNDA:0,_RNvYINtCseuY2Hdvmkl_15delegation_mock11ContractObjINtNtNtNtCseUmQFO6d1K9_22multiversx_sc_scenario3api7impl_vh12vm_hooks_api10VMHooksApiNtNtBR_9debug_api15DebugApiBackendEENtB5_14DelegationMock10undelegateCsVH6ELXPoQD_15unDelegate_test
FNDA:6,_RNvYINtCseuY2Hdvmkl_15delegation_mock11ContractObjINtNtNtNtCseUmQFO6d1K9_22multiversx_sc_scenario3api7impl_vh12vm_hooks_api10VMHooksApiNtNtBR_9debug_api15DebugApiBackendEENtB5_14DelegationMock12deposit_egldCsVH6ELXPoQD_15unDelegate_test
FNDA:0,_RNvYINtCseuY2Hdvmkl_15delegation_mock11ContractObjINtNtNtNtCseUmQFO6d1K9_22multiversx_sc_scenario3api7impl_vh12vm_hooks_api10VMHooksApiNtNtBR_9debug_api15DebugApiBackendEENtB5_14DelegationMock13claim_rewardsCsVH6ELXPoQD_15unDelegate_test
FNDA:5,_RNvYINtCseuY2Hdvmkl_15delegation_mock11ContractObjINtNtNtNtCseUmQFO6d1K9_22multiversx_sc_scenario3api7impl_vh12vm_hooks_api10VMHooksApiNtNtBR_9debug_api15DebugApiBackendEENtB5_14DelegationMock8delegateCsVH6ELXPoQD_15unDelegate_test
FNDA:0,_RNvYINtCseuY2Hdvmkl_15delegation_mock11ContractObjINtNtNtNtCseUmQFO6d1K9_22multiversx_sc_scenario3api7impl_vh12vm_hooks_api10VMHooksApiNtNtBR_9debug_api15DebugApiBackendEENtB5_14DelegationMock8withdrawCsVH6ELXPoQD_15unDelegate_test
FNDA:5,_RNvYINtCseuY2Hdvmkl_15delegation_mock11ContractObjINtNtNtNtCseUmQFO6d1K9_22multiversx_sc_scenario3api7impl_vh12vm_hooks_api10VMHooksApiNtNtBR_9debug_api15DebugApiBackendEENtB5_16EndpointWrappers13call_delegateCsVH6ELXPoQD_15unDelegate_test
FNDA:0,_RNvYINtCseuY2Hdvmkl_15delegation_mock11ContractObjINtNtNtNtCseUmQFO6d1K9_22multiversx_sc_scenario3api7impl_vh12vm_hooks_api10VMHooksApiNtNtBR_9debug_api15DebugApiBackendEENtB5_16EndpointWrappers13call_withdrawCsVH6ELXPoQD_15unDelegate_test
FNDA:0,_RNvYINtCseuY2Hdvmkl_15delegation_mock11ContractObjINtNtNtNtCseUmQFO6d1K9_22multiversx_sc_scenario3api7impl_vh12vm_hooks_api10VMHooksApiNtNtBR_9debug_api15DebugApiBackendEENtB5_16EndpointWrappers15call_undelegateCsVH6ELXPoQD_15unDelegate_test
FNDA:0,_RNvYINtCseuY2Hdvmkl_15delegation_mock11ContractObjINtNtNtNtCseUmQFO6d1K9_22multiversx_sc_scenario3api7impl_vh12vm_hooks_api10VMHooksApiNtNtBR_9debug_api15DebugApiBackendEENtB5_16EndpointWrappers17call_deposit_egldCsVH6ELXPoQD_15unDelegate_test
FNDA:0,_RNvYINtCseuY2Hdvmkl_15delegation_mock11ContractObjINtNtNtNtCseUmQFO6d1K9_22multiversx_sc_scenario3api7impl_vh12vm_hooks_api10VMHooksApiNtNtBR_9debug_api15DebugApiBackendEENtB5_16EndpointWrappers18call_claim_rewardsCsVH6ELXPoQD_15unDelegate_test
FNDA:5,_RNvYINtCseuY2Hdvmkl_15delegation_mock11ContractObjINtNtNtNtCseUmQFO6d1K9_22multiversx_sc_scenario3api7impl_vh12vm_hooks_api10VMHooksApiNtNtBR_9debug_api15DebugApiBackendEENtB5_16EndpointWrappers4callCsVH6ELXPoQD_15unDelegate_test
FNDA:0,_RNvYINtCseuY2Hdvmkl_15delegation_mock11ContractObjINtNtNtNtCseUmQFO6d1K9_22multiversx_sc_scenario3api7impl_vh12vm_hooks_api10VMHooksApiNtNtBR_9debug_api15DebugApiBackendEENtB5_16EndpointWrappers8callbackCsVH6ELXPoQD_15unDelegate_test
FNDA:0,_RNvYINtCseuY2Hdvmkl_15delegation_mock11ContractObjINtNtNtNtCseUmQFO6d1K9_22multiversx_sc_scenario3api7impl_vh12vm_hooks_api10VMHooksApiNtNtBR_9debug_api15DebugApiBackendEENtB5_16EndpointWrappers9call_initCsVH6ELXPoQD_15unDelegate_test
FNDA:15,_RINvCseuY2Hdvmkl_15delegation_mock12contract_objINtNtNtNtCseUmQFO6d1K9_22multiversx_sc_scenario3api7impl_vh12vm_hooks_api10VMHooksApiNtNtBP_9debug_api15DebugApiBackendEECshHwHQpnfuGH_11unbond_test
FNDA:5,_RNCNvYINtCseuY2Hdvmkl_15delegation_mock11ContractObjINtNtNtNtCseUmQFO6d1K9_22multiversx_sc_scenario3api7impl_vh12vm_hooks_api10VMHooksApiNtNtBT_9debug_api15DebugApiBackendEENtB7_14DelegationMock10undelegate0CshHwHQpnfuGH_11unbond_test
FNDA:5,_RNCNvYINtCseuY2Hdvmkl_15delegation_mock11ContractObjINtNtNtNtCseUmQFO6d1K9_22multiversx_sc_scenario3api7impl_vh12vm_hooks_api10VMHooksApiNtNtBT_9debug_api15DebugApiBackendEENtB7_14DelegationMock10undelegates_0CshHwHQpnfuGH_11unbond_test
FNDA:5,_RNCNvYINtCseuY2Hdvmkl_15delegation_mock11ContractObjINtNtNtNtCseUmQFO6d1K9_22multiversx_sc_scenario3api7impl_vh12vm_hooks_api10VMHooksApiNtNtBT_9debug_api15DebugApiBackendEENtB7_14DelegationMock12deposit_egld0CshHwHQpnfuGH_11unbond_test
FNDA:0,_RNCNvYINtCseuY2Hdvmkl_15delegation_mock11ContractObjINtNtNtNtCseUmQFO6d1K9_22multiversx_sc_scenario3api7impl_vh12vm_hooks_api10VMHooksApiNtNtBT_9debug_api15DebugApiBackendEENtB7_14DelegationMock13claim_rewards0CshHwHQpnfuGH_11unbond_test
FNDA:5,_RNCNvYINtCseuY2Hdvmkl_15delegation_mock11ContractObjINtNtNtNtCseUmQFO6d1K9_22multiversx_sc_scenario3api7impl_vh12vm_hooks_api10VMHooksApiNtNtBT_9debug_api15DebugApiBackendEENtB7_14DelegationMock8delegate0CshHwHQpnfuGH_11unbond_test
FNDA:5,_RNCNvYINtCseuY2Hdvmkl_15delegation_mock11ContractObjINtNtNtNtCseUmQFO6d1K9_22multiversx_sc_scenario3api7impl_vh12vm_hooks_api10VMHooksApiNtNtBT_9debug_api15DebugApiBackendEENtB7_14DelegationMock8delegates_0CshHwHQpnfuGH_11unbond_test
FNDA:3,_RNCNvYINtCseuY2Hdvmkl_15delegation_mock11ContractObjINtNtNtNtCseUmQFO6d1K9_22multiversx_sc_scenario3api7impl_vh12vm_hooks_api10VMHooksApiNtNtBT_9debug_api15DebugApiBackendEENtB7_14DelegationMock8withdraw0CshHwHQpnfuGH_11unbond_test
FNDA:15,_RNvXCseuY2Hdvmkl_15delegation_mockINtB2_11ContractObjINtNtNtNtCseUmQFO6d1K9_22multiversx_sc_scenario3api7impl_vh12vm_hooks_api10VMHooksApiNtNtBU_9debug_api15DebugApiBackendEENtB2_14DelegationMock15address_depositCshHwHQpnfuGH_11unbond_test
FNDA:13,_RNvXCseuY2Hdvmkl_15delegation_mockINtB2_11ContractObjINtNtNtNtCseUmQFO6d1K9_22multiversx_sc_scenario3api7impl_vh12vm_hooks_api10VMHooksApiNtNtBU_9debug_api15DebugApiBackendEENtB2_14DelegationMock17egld_token_supplyCshHwHQpnfuGH_11unbond_test
FNDA:0,_RNvXCseuY2Hdvmkl_15delegation_mockINtB2_11ContractObjINtNtNtNtCseUmQFO6d1K9_22multiversx_sc_scenario3api7impl_vh12vm_hooks_api10VMHooksApiNtNtBU_9debug_api15DebugApiBackendEENtB2_14DelegationMock24address_last_claim_epochCshHwHQpnfuGH_11unbond_test
FNDA:12,_RNvXCseuY2Hdvmkl_15delegation_mockINtB2_11ContractObjINtNtNtNtCseUmQFO6d1K9_22multiversx_sc_scenario3api7impl_vh12vm_hooks_api10VMHooksApiNtNtBU_9debug_api15DebugApiBackendEENtB2_14DelegationMock24address_undelegate_epochCshHwHQpnfuGH_11unbond_test
FNDA:12,_RNvXCseuY2Hdvmkl_15delegation_mockINtB2_11ContractObjINtNtNtNtCseUmQFO6d1K9_22multiversx_sc_scenario3api7impl_vh12vm_hooks_api10VMHooksApiNtNtBU_9debug_api15DebugApiBackendEENtB2_14DelegationMock25address_undelegate_amountCshHwHQpnfuGH_11unbond_test
FNDA:14,_RNvXs5_CseuY2Hdvmkl_15delegation_mockINtB5_11ContractObjINtNtNtNtCseUmQFO6d1K9_22multiversx_sc_scenario3api7impl_vh12vm_hooks_api10VMHooksApiNtNtBX_9debug_api15DebugApiBackendEENtNtNtCs4WmCETBkTZ5_13multiversx_sc13contract_base17callable_contract16CallableContract4callCshHwHQpnfuGH_11unbond_test
FNDA:5,_RNvYINtCseuY2Hdvmkl_15delegation_mock11ContractObjINtNtNtNtCseUmQFO6d1K9_22multiversx_sc_scenario3api7impl_vh12vm_hooks_api10VMHooksApiNtNtBR_9debug_api15DebugApiBackendEENtB5_14DelegationMock10undelegateCshHwHQpnfuGH_11unbond_test
FNDA:5,_RNvYINtCseuY2Hdvmkl_15delegation_mock11ContractObjINtNtNtNtCseUmQFO6d1K9_22multiversx_sc_scenario3api7impl_vh12vm_hooks_api10VMHooksApiNtNtBR_9debug_api15DebugApiBackendEENtB5_14DelegationMock12deposit_egldCshHwHQpnfuGH_11unbond_test
FNDA:0,_RNvYINtCseuY2Hdvmkl_15delegation_mock11ContractObjINtNtNtNtCseUmQFO6d1K9_22multiversx_sc_scenario3api7impl_vh12vm_hooks_api10VMHooksApiNtNtBR_9debug_api15DebugApiBackendEENtB5_14DelegationMock13claim_rewardsCshHwHQpnfuGH_11unbond_test
FNDA:5,_RNvYINtCseuY2Hdvmkl_15delegation_mock11ContractObjINtNtNtNtCseUmQFO6d1K9_22multiversx_sc_scenario3api7impl_vh12vm_hooks_api10VMHooksApiNtNtBR_9debug_api15DebugApiBackendEENtB5_14DelegationMock8delegateCshHwHQpnfuGH_11unbond_test
FNDA:4,_RNvYINtCseuY2Hdvmkl_15delegation_mock11ContractObjINtNtNtNtCseUmQFO6d1K9_22multiversx_sc_scenario3api7impl_vh12vm_hooks_api10VMHooksApiNtNtBR_9debug_api15DebugApiBackendEENtB5_14DelegationMock8withdrawCshHwHQpnfuGH_11unbond_test
FNDA:5,_RNvYINtCseuY2Hdvmkl_15delegation_mock11ContractObjINtNtNtNtCseUmQFO6d1K9_22multiversx_sc_scenario3api7impl_vh12vm_hooks_api10VMHooksApiNtNtBR_9debug_api15DebugApiBackendEENtB5_16EndpointWrappers13call_delegateCshHwHQpnfuGH_11unbond_test
FNDA:4,_RNvYINtCseuY2Hdvmkl_15delegation_mock11ContractObjINtNtNtNtCseUmQFO6d1K9_22multiversx_sc_scenario3api7impl_vh12vm_hooks_api10VMHooksApiNtNtBR_9debug_api15DebugApiBackendEENtB5_16EndpointWrappers13call_withdrawCshHwHQpnfuGH_11unbond_test
FNDA:5,_RNvYINtCseuY2Hdvmkl_15delegation_mock11ContractObjINtNtNtNtCseUmQFO6d1K9_22multiversx_sc_scenario3api7impl_vh12vm_hooks_api10VMHooksApiNtNtBR_9debug_api15DebugApiBackendEENtB5_16EndpointWrappers15call_undelegateCshHwHQpnfuGH_11unbond_test
FNDA:0,_RNvYINtCseuY2Hdvmkl_15delegation_mock11ContractObjINtNtNtNtCseUmQFO6d1K9_22multiversx_sc_scenario3api7impl_vh12vm_hooks_api10VMHooksApiNtNtBR_9debug_api15DebugApiBackendEENtB5_16EndpointWrappers17call_deposit_egldCshHwHQpnfuGH_11unbond_test
FNDA:0,_RNvYINtCseuY2Hdvmkl_15delegation_mock11ContractObjINtNtNtNtCseUmQFO6d1K9_22multiversx_sc_scenario3api7impl_vh12vm_hooks_api10VMHooksApiNtNtBR_9debug_api15DebugApiBackendEENtB5_16EndpointWrappers18call_claim_rewardsCshHwHQpnfuGH_11unbond_test
FNDA:14,_RNvYINtCseuY2Hdvmkl_15delegation_mock11ContractObjINtNtNtNtCseUmQFO6d1K9_22multiversx_sc_scenario3api7impl_vh12vm_hooks_api10VMHooksApiNtNtBR_9debug_api15DebugApiBackendEENtB5_16EndpointWrappers4callCshHwHQpnfuGH_11unbond_test
FNDA:0,_RNvYINtCseuY2Hdvmkl_15delegation_mock11ContractObjINtNtNtNtCseUmQFO6d1K9_22multiversx_sc_scenario3api7impl_vh12vm_hooks_api10VMHooksApiNtNtBR_9debug_api15DebugApiBackendEENtB5_16EndpointWrappers8callbackCshHwHQpnfuGH_11unbond_test
FNDA:0,_RNvYINtCseuY2Hdvmkl_15delegation_mock11ContractObjINtNtNtNtCseUmQFO6d1K9_22multiversx_sc_scenario3api7impl_vh12vm_hooks_api10VMHooksApiNtNtBR_9debug_api15DebugApiBackendEENtB5_16EndpointWrappers9call_initCshHwHQpnfuGH_11unbond_test
FNF:13
FNH:13
DA:11,51
DA:19,26
DA:20,26
DA:21,26
DA:22,26
DA:27,33
DA:28,33
DA:29,33
DA:30,33
DA:31,33
DA:32,33
DA:33,33
DA:37,7
DA:38,7
DA:39,7
DA:40,7
DA:41,7
DA:42,7
DA:45,7
DA:46,7
DA:47,7
DA:48,7
DA:49,7
DA:50,7
DA:54,6
DA:55,6
DA:56,6
DA:57,6
DA:58,6
DA:59,6
DA:60,6
DA:61,6
DA:62,6
DA:66,5
DA:67,5
DA:68,5
DA:69,5
DA:70,5
DA:71,5
DA:75,5
DA:76,5
DA:77,5
DA:78,5
DA:79,5
DA:80,5
DA:81,5
DA:82,5
DA:83,5
DA:84,5
DA:85,5
DA:86,5
DA:87,5
DA:88,5
DA:89,5
DA:90,5
DA:91,5
DA:92,5
DA:93,5
DA:94,0
BRF:0
BRH:0
LF:66
LH:65
end_of_record
SF:/Users/mihaieremia/GitHub/rs-egld-liquid-staking/liquid-staking/src/accumulator.rs
FN:122,_RNvMs1_NtCs2WGRDwQOHLQ_14liquid_staking11accumulatorINtB5_23AccumulatorProxyMethodsINtNtNtNtNtCs4WmCETBkTZ5_13multiversx_sc5types11interaction7tx_exec9tx_env_sc7TxScEnvINtNtNtNtCseUmQFO6d1K9_22multiversx_sc_scenario3api7impl_vh12vm_hooks_api10VMHooksApiNtNtB2L_9debug_api15DebugApiBackendEEuRINtNtNtNtB1s_7managed7wrapped15managed_address14ManagedAddressB2G_EuE7depositCskEhliFuVTlV_13delegate_test
FN:23,_RNvXNtCs2WGRDwQOHLQ_14liquid_staking11accumulatorNtB2_16AccumulatorProxyINtNtNtNtCs4WmCETBkTZ5_13multiversx_sc5types11interaction8tx_proxy12TxProxyTraitINtNtNtB1d_7tx_exec9tx_env_sc7TxScEnvINtNtNtNtCseUmQFO6d1K9_22multiversx_sc_scenario3api7impl_vh12vm_hooks_api10VMHooksApiNtNtB36_9debug_api15DebugApiBackendEEuRINtNtNtNtB1f_7managed7wrapped15managed_address14ManagedAddressB31_EuE13proxy_methodsCskEhliFuVTlV_13delegate_test
FN:23,_RNvXININtCsdRzYvL09OST_14liquid_staking11accumulator0ppppENtB5_16AccumulatorProxyINtNtNtNtCs4WmCETBkTZ5_13multiversx_sc5types11interaction8tx_proxy12TxProxyTraitppppE13proxy_methodsB7_
FN:46,_RINvMs_NtCsdRzYvL09OST_14liquid_staking11accumulatorINtB5_23AccumulatorProxyMethodsppupE4initppppppEB7_
FN:84,_RINvMs0_NtCsdRzYvL09OST_14liquid_staking11accumulatorINtB6_23AccumulatorProxyMethodsppppE7upgradeppppppEB8_
FN:122,_RNvMs1_NtCsdRzYvL09OST_14liquid_staking11accumulatorINtB5_23AccumulatorProxyMethodsppppE7depositB7_
FN:130,_RINvMs1_NtCsdRzYvL09OST_14liquid_staking11accumulatorINtB6_23AccumulatorProxyMethodsppppE17deposit_royaltiespEB8_
FN:142,_RINvMs1_NtCsdRzYvL09OST_14liquid_staking11accumulatorINtB6_23AccumulatorProxyMethodsppppE10distributeppppEB8_
FN:164,_RINvMs1_NtCsdRzYvL09OST_14liquid_staking11accumulatorINtB6_23AccumulatorProxyMethodsppppE20distribute_royaltiespppppEB8_
FN:189,_RNvMs1_NtCsdRzYvL09OST_14liquid_staking11accumulatorINtB5_23AccumulatorProxyMethodsppppE23claim_protocol_reservesB7_
FN:198,_RNvMs1_NtCsdRzYvL09OST_14liquid_staking11accumulatorINtB5_23AccumulatorProxyMethodsppppE7reserveB7_
FN:207,_RNvMs1_NtCsdRzYvL09OST_14liquid_staking11accumulatorINtB5_23AccumulatorProxyMethodsppppE12reward_tokenB7_
FN:216,_RNvMs1_NtCsdRzYvL09OST_14liquid_staking11accumulatorINtB5_23AccumulatorProxyMethodsppppE19liquid_reward_tokenB7_
FN:225,_RNvMs1_NtCsdRzYvL09OST_14liquid_staking11accumulatorINtB5_23AccumulatorProxyMethodsppppE9burn_rateB7_
FN:234,_RNvMs1_NtCsdRzYvL09OST_14liquid_staking11accumulatorINtB5_23AccumulatorProxyMethodsppppE10share_rateB7_
FN:243,_RNvMs1_NtCsdRzYvL09OST_14liquid_staking11accumulatorINtB5_23AccumulatorProxyMethodsppppE6tokensB7_
FN:252,_RINvMs1_NtCsdRzYvL09OST_14liquid_staking11accumulatorINtB6_23AccumulatorProxyMethodsppppE13token_balancepEB8_
FN:265,_RNvMs1_NtCsdRzYvL09OST_14liquid_staking11accumulatorINtB5_23AccumulatorProxyMethodsppppE8creatorsB7_
FN:274,_RINvMs1_NtCsdRzYvL09OST_14liquid_staking11accumulatorINtB6_23AccumulatorProxyMethodsppppE14creator_tokenspEB8_
FN:287,_RINvMs1_NtCsdRzYvL09OST_14liquid_staking11accumulatorINtB6_23AccumulatorProxyMethodsppppE17creator_royaltiesppEB8_
FN:303,_RNvMs1_NtCsdRzYvL09OST_14liquid_staking11accumulatorINtB5_23AccumulatorProxyMethodsppppE15xoxno_liquid_scB7_
FN:312,_RNvMs1_NtCsdRzYvL09OST_14liquid_staking11accumulatorINtB5_23AccumulatorProxyMethodsppppE6ash_scB7_
FN:323,_RINvXININtCsdRzYvL09OST_14liquid_staking11accumulators5_0pEINtB6_14AggregatorSteppENtNtNtCsfDk2A4Sq81E_19multiversx_sc_codec6single6top_en9TopEncode24top_encode_or_handle_errppEB8_
FN:323,_RINvXININtCsdRzYvL09OST_14liquid_staking11accumulators6_0pEINtB6_14AggregatorSteppENtNtNtCsfDk2A4Sq81E_19multiversx_sc_codec6single6top_de9TopDecode24top_decode_or_handle_errppEB8_
FN:323,_RINvXININtCsdRzYvL09OST_14liquid_staking11accumulators7_0pEINtB6_14AggregatorSteppENtNtNtCsfDk2A4Sq81E_19multiversx_sc_codec6single9nested_en12NestedEncode24dep_encode_or_handle_errppEB8_
FN:323,_RINvXININtCsdRzYvL09OST_14liquid_staking11accumulators8_0pEINtB6_14AggregatorSteppENtNtNtCsfDk2A4Sq81E_19multiversx_sc_codec6single9nested_de12NestedDecode24dep_decode_or_handle_errppEB8_
FN:323,_RINvXININtCsdRzYvL09OST_14liquid_staking11accumulatorsc_0pEINtB6_14AggregatorSteppENtNtNtNtNtCs4WmCETBkTZ5_13multiversx_sc5types7managed7wrapped16managed_vec_item14ManagedVecItem16from_byte_readerpEB8_
FN:323,_RNCINvXININtCsdRzYvL09OST_14liquid_staking11accumulatorsc_0pEINtB8_14AggregatorSteppENtNtNtNtNtCs4WmCETBkTZ5_13multiversx_sc5types7managed7wrapped16managed_vec_item14ManagedVecItem16from_byte_readerpE0Ba_
FN:323,_RNCINvXININtCsdRzYvL09OST_14liquid_staking11accumulatorsc_0pEINtB8_14AggregatorSteppENtNtNtNtNtCs4WmCETBkTZ5_13multiversx_sc5types7managed7wrapped16managed_vec_item14ManagedVecItem16from_byte_readerpEs_0Ba_
FN:323,_RNCINvXININtCsdRzYvL09OST_14liquid_staking11accumulatorsc_0pEINtB8_14AggregatorSteppENtNtNtNtNtCs4WmCETBkTZ5_13multiversx_sc5types7managed7wrapped16managed_vec_item14ManagedVecItem16from_byte_readerpEs0_0Ba_
FN:323,_RNCINvXININtCsdRzYvL09OST_14liquid_staking11accumulatorsc_0pEINtB8_14AggregatorSteppENtNtNtNtNtCs4WmCETBkTZ5_13multiversx_sc5types7managed7wrapped16managed_vec_item14ManagedVecItem16from_byte_readerpEs1_0Ba_
FN:323,_RNCINvXININtCsdRzYvL09OST_14liquid_staking11accumulatorsc_0pEINtB8_14AggregatorSteppENtNtNtNtNtCs4WmCETBkTZ5_13multiversx_sc5types7managed7wrapped16managed_vec_item14ManagedVecItem16from_byte_readerpEs2_0Ba_
FN:323,_RNCINvXININtCsdRzYvL09OST_14liquid_staking11accumulatorsc_0pEINtB8_14AggregatorSteppENtNtNtNtNtCs4WmCETBkTZ5_13multiversx_sc5types7managed7wrapped16managed_vec_item14ManagedVecItem16from_byte_readerpEs3_0Ba_
FN:323,_RINvXININtCsdRzYvL09OST_14liquid_staking11accumulatorsc_0pEINtB6_14AggregatorSteppENtNtNtNtNtCs4WmCETBkTZ5_13multiversx_sc5types7managed7wrapped16managed_vec_item14ManagedVecItem26from_byte_reader_as_borrowpEB8_
FN:323,_RINvXININtCsdRzYvL09OST_14liquid_staking11accumulatorsc_0pEINtB6_14AggregatorSteppENtNtNtNtNtCs4WmCETBkTZ5_13multiversx_sc5types7managed7wrapped16managed_vec_item14ManagedVecItem14to_byte_writerppEB8_
FN:323,_RNCINvXININtCsdRzYvL09OST_14liquid_staking11accumulatorsc_0pEINtB8_14AggregatorSteppENtNtNtNtNtCs4WmCETBkTZ5_13multiversx_sc5types7managed7wrapped16managed_vec_item14ManagedVecItem14to_byte_writerppE0Ba_
FN:323,_RNCINvXININtCsdRzYvL09OST_14liquid_staking11accumulatorsc_0pEINtB8_14AggregatorSteppENtNtNtNtNtCs4WmCETBkTZ5_13multiversx_sc5types7managed7wrapped16managed_vec_item14ManagedVecItem14to_byte_writerppEs_0Ba_
FN:323,_RNCINvXININtCsdRzYvL09OST_14liquid_staking11accumulatorsc_0pEINtB8_14AggregatorSteppENtNtNtNtNtCs4WmCETBkTZ5_13multiversx_sc5types7managed7wrapped16managed_vec_item14ManagedVecItem14to_byte_writerppEs0_0Ba_
FN:323,_RNCINvXININtCsdRzYvL09OST_14liquid_staking11accumulatorsc_0pEINtB8_14AggregatorSteppENtNtNtNtNtCs4WmCETBkTZ5_13multiversx_sc5types7managed7wrapped16managed_vec_item14ManagedVecItem14to_byte_writerppEs1_0Ba_
FN:323,_RNCINvXININtCsdRzYvL09OST_14liquid_staking11accumulatorsc_0pEINtB8_14AggregatorSteppENtNtNtNtNtCs4WmCETBkTZ5_13multiversx_sc5types7managed7wrapped16managed_vec_item14ManagedVecItem14to_byte_writerppEs2_0Ba_
FN:323,_RNCINvXININtCsdRzYvL09OST_14liquid_staking11accumulatorsc_0pEINtB8_14AggregatorSteppENtNtNtNtNtCs4WmCETBkTZ5_13multiversx_sc5types7managed7wrapped16managed_vec_item14ManagedVecItem14to_byte_writerppEs3_0Ba_
FN:322,_RNvXININtCsdRzYvL09OST_14liquid_staking11accumulators4_0pEINtB5_14AggregatorSteppENtNtNtCs4WmCETBkTZ5_13multiversx_sc3abi8type_abi7TypeAbi9type_nameB7_
FN:322,_RINvXININtCsdRzYvL09OST_14liquid_staking11accumulators4_0pEINtB6_14AggregatorSteppENtNtNtCs4WmCETBkTZ5_13multiversx_sc3abi8type_abi7TypeAbi25provide_type_descriptionspEB8_
FN:337,_RINvXININtCsdRzYvL09OST_14liquid_staking11accumulatorsg_0pEINtB6_11TokenAmountpENtNtNtCsfDk2A4Sq81E_19multiversx_sc_codec6single6top_en9TopEncode24top_encode_or_handle_errppEB8_
FN:337,_RINvXININtCsdRzYvL09OST_14liquid_staking11accumulatorsh_0pEINtB6_11TokenAmountpENtNtNtCsfDk2A4Sq81E_19multiversx_sc_codec6single6top_de9TopDecode24top_decode_or_handle_errppEB8_
FN:337,_RINvXININtCsdRzYvL09OST_14liquid_staking11accumulatorsi_0pEINtB6_11TokenAmountpENtNtNtCsfDk2A4Sq81E_19multiversx_sc_codec6single9nested_en12NestedEncode24dep_encode_or_handle_errppEB8_
FN:337,_RINvXININtCsdRzYvL09OST_14liquid_staking11accumulatorsj_0pEINtB6_11TokenAmountpENtNtNtCsfDk2A4Sq81E_19multiversx_sc_codec6single9nested_de12NestedDecode24dep_decode_or_handle_errppEB8_
FN:337,_RINvXININtCsdRzYvL09OST_14liquid_staking11accumulatorsn_0pEINtB6_11TokenAmountpENtNtNtNtNtCs4WmCETBkTZ5_13multiversx_sc5types7managed7wrapped16managed_vec_item14ManagedVecItem16from_byte_readerpEB8_
FN:337,_RNCINvXININtCsdRzYvL09OST_14liquid_staking11accumulatorsn_0pEINtB8_11TokenAmountpENtNtNtNtNtCs4WmCETBkTZ5_13multiversx_sc5types7managed7wrapped16managed_vec_item14ManagedVecItem16from_byte_readerpE0Ba_
FN:337,_RNCINvXININtCsdRzYvL09OST_14liquid_staking11accumulatorsn_0pEINtB8_11TokenAmountpENtNtNtNtNtCs4WmCETBkTZ5_13multiversx_sc5types7managed7wrapped16managed_vec_item14ManagedVecItem16from_byte_readerpEs_0Ba_
FN:337,_RINvXININtCsdRzYvL09OST_14liquid_staking11accumulatorsn_0pEINtB6_11TokenAmountpENtNtNtNtNtCs4WmCETBkTZ5_13multiversx_sc5types7managed7wrapped16managed_vec_item14ManagedVecItem26from_byte_reader_as_borrowpEB8_
FN:337,_RINvXININtCsdRzYvL09OST_14liquid_staking11accumulatorsn_0pEINtB6_11TokenAmountpENtNtNtNtNtCs4WmCETBkTZ5_13multiversx_sc5types7managed7wrapped16managed_vec_item14ManagedVecItem14to_byte_writerppEB8_
FN:337,_RNCINvXININtCsdRzYvL09OST_14liquid_staking11accumulatorsn_0pEINtB8_11TokenAmountpENtNtNtNtNtCs4WmCETBkTZ5_13multiversx_sc5types7managed7wrapped16managed_vec_item14ManagedVecItem14to_byte_writerppE0Ba_
FN:337,_RNCINvXININtCsdRzYvL09OST_14liquid_staking11accumulatorsn_0pEINtB8_11TokenAmountpENtNtNtNtNtCs4WmCETBkTZ5_13multiversx_sc5types7managed7wrapped16managed_vec_item14ManagedVecItem14to_byte_writerppEs_0Ba_
FN:336,_RNvXININtCsdRzYvL09OST_14liquid_staking11accumulatorsf_0pEINtB5_11TokenAmountpENtNtNtCs4WmCETBkTZ5_13multiversx_sc3abi8type_abi7TypeAbi9type_nameB7_
FN:336,_RINvXININtCsdRzYvL09OST_14liquid_staking11accumulatorsf_0pEINtB6_11TokenAmountpENtNtNtCs4WmCETBkTZ5_13multiversx_sc3abi8type_abi7TypeAbi25provide_type_descriptionspEB8_
FN:122,_RNvMs1_NtCs2WGRDwQOHLQ_14liquid_staking11accumulatorINtB5_23AccumulatorProxyMethodsINtNtNtNtNtCs4WmCETBkTZ5_13multiversx_sc5types11interaction7tx_exec9tx_env_sc7TxScEnvINtNtNtNtCseUmQFO6d1K9_22multiversx_sc_scenario3api7impl_vh12vm_hooks_api10VMHooksApiNtNtB2L_9debug_api15DebugApiBackendEEuRINtNtNtNtB1s_7managed7wrapped15managed_address14ManagedAddressB2G_EuE7depositCsaR2MVHtCDM0_4test
FN:23,_RNvXNtCs2WGRDwQOHLQ_14liquid_staking11accumulatorNtB2_16AccumulatorProxyINtNtNtNtCs4WmCETBkTZ5_13multiversx_sc5types11interaction8tx_proxy12TxProxyTraitINtNtNtB1d_7tx_exec9tx_env_sc7TxScEnvINtNtNtNtCseUmQFO6d1K9_22multiversx_sc_scenario3api7impl_vh12vm_hooks_api10VMHooksApiNtNtB36_9debug_api15DebugApiBackendEEuRINtNtNtNtB1f_7managed7wrapped15managed_address14ManagedAddressB31_EuE13proxy_methodsCsaR2MVHtCDM0_4test
FN:122,_RNvMs1_NtCs2WGRDwQOHLQ_14liquid_staking11accumulatorINtB5_23AccumulatorProxyMethodsINtNtNtNtNtCs4WmCETBkTZ5_13multiversx_sc5types11interaction7tx_exec9tx_env_sc7TxScEnvINtNtNtNtCseUmQFO6d1K9_22multiversx_sc_scenario3api7impl_vh12vm_hooks_api10VMHooksApiNtNtB2L_9debug_api15DebugApiBackendEEuRINtNtNtNtB1s_7managed7wrapped15managed_address14ManagedAddressB2G_EuE7depositCsVH6ELXPoQD_15unDelegate_test
FN:23,_RNvXNtCs2WGRDwQOHLQ_14liquid_staking11accumulatorNtB2_16AccumulatorProxyINtNtNtNtCs4WmCETBkTZ5_13multiversx_sc5types11interaction8tx_proxy12TxProxyTraitINtNtNtB1d_7tx_exec9tx_env_sc7TxScEnvINtNtNtNtCseUmQFO6d1K9_22multiversx_sc_scenario3api7impl_vh12vm_hooks_api10VMHooksApiNtNtB36_9debug_api15DebugApiBackendEEuRINtNtNtNtB1f_7managed7wrapped15managed_address14ManagedAddressB31_EuE13proxy_methodsCsVH6ELXPoQD_15unDelegate_test
FN:122,_RNvMs1_NtCs2WGRDwQOHLQ_14liquid_staking11accumulatorINtB5_23AccumulatorProxyMethodsINtNtNtNtNtCs4WmCETBkTZ5_13multiversx_sc5types11interaction7tx_exec9tx_env_sc7TxScEnvINtNtNtNtCseUmQFO6d1K9_22multiversx_sc_scenario3api7impl_vh12vm_hooks_api10VMHooksApiNtNtB2L_9debug_api15DebugApiBackendEEuRINtNtNtNtB1s_7managed7wrapped15managed_address14ManagedAddressB2G_EuE7depositCshHwHQpnfuGH_11unbond_test
FN:23,_RNvXNtCs2WGRDwQOHLQ_14liquid_staking11accumulatorNtB2_16AccumulatorProxyINtNtNtNtCs4WmCETBkTZ5_13multiversx_sc5types11interaction8tx_proxy12TxProxyTraitINtNtNtB1d_7tx_exec9tx_env_sc7TxScEnvINtNtNtNtCseUmQFO6d1K9_22multiversx_sc_scenario3api7impl_vh12vm_hooks_api10VMHooksApiNtNtB36_9debug_api15DebugApiBackendEEuRINtNtNtNtB1f_7managed7wrapped15managed_address14ManagedAddressB31_EuE13proxy_methodsCshHwHQpnfuGH_11unbond_test
FNDA:0,_RNvMs1_NtCs2WGRDwQOHLQ_14liquid_staking11accumulatorINtB5_23AccumulatorProxyMethodsINtNtNtNtNtCs4WmCETBkTZ5_13multiversx_sc5types11interaction7tx_exec9tx_env_sc7TxScEnvINtNtNtNtCseUmQFO6d1K9_22multiversx_sc_scenario3api7impl_vh12vm_hooks_api10VMHooksApiNtNtB2L_9debug_api15DebugApiBackendEEuRINtNtNtNtB1s_7managed7wrapped15managed_address14ManagedAddressB2G_EuE7depositCskEhliFuVTlV_13delegate_test
FNDA:0,_RNvXNtCs2WGRDwQOHLQ_14liquid_staking11accumulatorNtB2_16AccumulatorProxyINtNtNtNtCs4WmCETBkTZ5_13multiversx_sc5types11interaction8tx_proxy12TxProxyTraitINtNtNtB1d_7tx_exec9tx_env_sc7TxScEnvINtNtNtNtCseUmQFO6d1K9_22multiversx_sc_scenario3api7impl_vh12vm_hooks_api10VMHooksApiNtNtB36_9debug_api15DebugApiBackendEEuRINtNtNtNtB1f_7managed7wrapped15managed_address14ManagedAddressB31_EuE13proxy_methodsCskEhliFuVTlV_13delegate_test
FNDA:0,_RNvXININtCsdRzYvL09OST_14liquid_staking11accumulator0ppppENtB5_16AccumulatorProxyINtNtNtNtCs4WmCETBkTZ5_13multiversx_sc5types11interaction8tx_proxy12TxProxyTraitppppE13proxy_methodsB7_
FNDA:0,_RINvMs_NtCsdRzYvL09OST_14liquid_staking11accumulatorINtB5_23AccumulatorProxyMethodsppupE4initppppppEB7_
FNDA:0,_RINvMs0_NtCsdRzYvL09OST_14liquid_staking11accumulatorINtB6_23AccumulatorProxyMethodsppppE7upgradeppppppEB8_
FNDA:0,_RNvMs1_NtCsdRzYvL09OST_14liquid_staking11accumulatorINtB5_23AccumulatorProxyMethodsppppE7depositB7_
FNDA:0,_RINvMs1_NtCsdRzYvL09OST_14liquid_staking11accumulatorINtB6_23AccumulatorProxyMethodsppppE17deposit_royaltiespEB8_
FNDA:0,_RINvMs1_NtCsdRzYvL09OST_14liquid_staking11accumulatorINtB6_23AccumulatorProxyMethodsppppE10distributeppppEB8_
FNDA:0,_RINvMs1_NtCsdRzYvL09OST_14liquid_staking11accumulatorINtB6_23AccumulatorProxyMethodsppppE20distribute_royaltiespppppEB8_
FNDA:0,_RNvMs1_NtCsdRzYvL09OST_14liquid_staking11accumulatorINtB5_23AccumulatorProxyMethodsppppE23claim_protocol_reservesB7_
FNDA:0,_RNvMs1_NtCsdRzYvL09OST_14liquid_staking11accumulatorINtB5_23AccumulatorProxyMethodsppppE7reserveB7_
FNDA:0,_RNvMs1_NtCsdRzYvL09OST_14liquid_staking11accumulatorINtB5_23AccumulatorProxyMethodsppppE12reward_tokenB7_
FNDA:0,_RNvMs1_NtCsdRzYvL09OST_14liquid_staking11accumulatorINtB5_23AccumulatorProxyMethodsppppE19liquid_reward_tokenB7_
FNDA:0,_RNvMs1_NtCsdRzYvL09OST_14liquid_staking11accumulatorINtB5_23AccumulatorProxyMethodsppppE9burn_rateB7_
FNDA:0,_RNvMs1_NtCsdRzYvL09OST_14liquid_staking11accumulatorINtB5_23AccumulatorProxyMethodsppppE10share_rateB7_
FNDA:0,_RNvMs1_NtCsdRzYvL09OST_14liquid_staking11accumulatorINtB5_23AccumulatorProxyMethodsppppE6tokensB7_
FNDA:0,_RINvMs1_NtCsdRzYvL09OST_14liquid_staking11accumulatorINtB6_23AccumulatorProxyMethodsppppE13token_balancepEB8_
FNDA:0,_RNvMs1_NtCsdRzYvL09OST_14liquid_staking11accumulatorINtB5_23AccumulatorProxyMethodsppppE8creatorsB7_
FNDA:0,_RINvMs1_NtCsdRzYvL09OST_14liquid_staking11accumulatorINtB6_23AccumulatorProxyMethodsppppE14creator_tokenspEB8_
FNDA:0,_RINvMs1_NtCsdRzYvL09OST_14liquid_staking11accumulatorINtB6_23AccumulatorProxyMethodsppppE17creator_royaltiesppEB8_
FNDA:0,_RNvMs1_NtCsdRzYvL09OST_14liquid_staking11accumulatorINtB5_23AccumulatorProxyMethodsppppE15xoxno_liquid_scB7_
FNDA:0,_RNvMs1_NtCsdRzYvL09OST_14liquid_staking11accumulatorINtB5_23AccumulatorProxyMethodsppppE6ash_scB7_
FNDA:0,_RINvXININtCsdRzYvL09OST_14liquid_staking11accumulators5_0pEINtB6_14AggregatorSteppENtNtNtCsfDk2A4Sq81E_19multiversx_sc_codec6single6top_en9TopEncode24top_encode_or_handle_errppEB8_
FNDA:0,_RINvXININtCsdRzYvL09OST_14liquid_staking11accumulators6_0pEINtB6_14AggregatorSteppENtNtNtCsfDk2A4Sq81E_19multiversx_sc_codec6single6top_de9TopDecode24top_decode_or_handle_errppEB8_
FNDA:0,_RINvXININtCsdRzYvL09OST_14liquid_staking11accumulators7_0pEINtB6_14AggregatorSteppENtNtNtCsfDk2A4Sq81E_19multiversx_sc_codec6single9nested_en12NestedEncode24dep_encode_or_handle_errppEB8_
FNDA:0,_RINvXININtCsdRzYvL09OST_14liquid_staking11accumulators8_0pEINtB6_14AggregatorSteppENtNtNtCsfDk2A4Sq81E_19multiversx_sc_codec6single9nested_de12NestedDecode24dep_decode_or_handle_errppEB8_
FNDA:0,_RINvXININtCsdRzYvL09OST_14liquid_staking11accumulatorsc_0pEINtB6_14AggregatorSteppENtNtNtNtNtCs4WmCETBkTZ5_13multiversx_sc5types7managed7wrapped16managed_vec_item14ManagedVecItem16from_byte_readerpEB8_
FNDA:0,_RNCINvXININtCsdRzYvL09OST_14liquid_staking11accumulatorsc_0pEINtB8_14AggregatorSteppENtNtNtNtNtCs4WmCETBkTZ5_13multiversx_sc5types7managed7wrapped16managed_vec_item14ManagedVecItem16from_byte_readerpE0Ba_
FNDA:0,_RNCINvXININtCsdRzYvL09OST_14liquid_staking11accumulatorsc_0pEINtB8_14AggregatorSteppENtNtNtNtNtCs4WmCETBkTZ5_13multiversx_sc5types7managed7wrapped16managed_vec_item14ManagedVecItem16from_byte_readerpEs_0Ba_
FNDA:0,_RNCINvXININtCsdRzYvL09OST_14liquid_staking11accumulatorsc_0pEINtB8_14AggregatorSteppENtNtNtNtNtCs4WmCETBkTZ5_13multiversx_sc5types7managed7wrapped16managed_vec_item14ManagedVecItem16from_byte_readerpEs0_0Ba_
FNDA:0,_RNCINvXININtCsdRzYvL09OST_14liquid_staking11accumulatorsc_0pEINtB8_14AggregatorSteppENtNtNtNtNtCs4WmCETBkTZ5_13multiversx_sc5types7managed7wrapped16managed_vec_item14ManagedVecItem16from_byte_readerpEs1_0Ba_
FNDA:0,_RNCINvXININtCsdRzYvL09OST_14liquid_staking11accumulatorsc_0pEINtB8_14AggregatorSteppENtNtNtNtNtCs4WmCETBkTZ5_13multiversx_sc5types7managed7wrapped16managed_vec_item14ManagedVecItem16from_byte_readerpEs2_0Ba_
FNDA:0,_RNCINvXININtCsdRzYvL09OST_14liquid_staking11accumulatorsc_0pEINtB8_14AggregatorSteppENtNtNtNtNtCs4WmCETBkTZ5_13multiversx_sc5types7managed7wrapped16managed_vec_item14ManagedVecItem16from_byte_readerpEs3_0Ba_
FNDA:0,_RINvXININtCsdRzYvL09OST_14liquid_staking11accumulatorsc_0pEINtB6_14AggregatorSteppENtNtNtNtNtCs4WmCETBkTZ5_13multiversx_sc5types7managed7wrapped16managed_vec_item14ManagedVecItem26from_byte_reader_as_borrowpEB8_
FNDA:0,_RINvXININtCsdRzYvL09OST_14liquid_staking11accumulatorsc_0pEINtB6_14AggregatorSteppENtNtNtNtNtCs4WmCETBkTZ5_13multiversx_sc5types7managed7wrapped16managed_vec_item14ManagedVecItem14to_byte_writerppEB8_
FNDA:0,_RNCINvXININtCsdRzYvL09OST_14liquid_staking11accumulatorsc_0pEINtB8_14AggregatorSteppENtNtNtNtNtCs4WmCETBkTZ5_13multiversx_sc5types7managed7wrapped16managed_vec_item14ManagedVecItem14to_byte_writerppE0Ba_
FNDA:0,_RNCINvXININtCsdRzYvL09OST_14liquid_staking11accumulatorsc_0pEINtB8_14AggregatorSteppENtNtNtNtNtCs4WmCETBkTZ5_13multiversx_sc5types7managed7wrapped16managed_vec_item14ManagedVecItem14to_byte_writerppEs_0Ba_
FNDA:0,_RNCINvXININtCsdRzYvL09OST_14liquid_staking11accumulatorsc_0pEINtB8_14AggregatorSteppENtNtNtNtNtCs4WmCETBkTZ5_13multiversx_sc5types7managed7wrapped16managed_vec_item14ManagedVecItem14to_byte_writerppEs0_0Ba_
FNDA:0,_RNCINvXININtCsdRzYvL09OST_14liquid_staking11accumulatorsc_0pEINtB8_14AggregatorSteppENtNtNtNtNtCs4WmCETBkTZ5_13multiversx_sc5types7managed7wrapped16managed_vec_item14ManagedVecItem14to_byte_writerppEs1_0Ba_
FNDA:0,_RNCINvXININtCsdRzYvL09OST_14liquid_staking11accumulatorsc_0pEINtB8_14AggregatorSteppENtNtNtNtNtCs4WmCETBkTZ5_13multiversx_sc5types7managed7wrapped16managed_vec_item14ManagedVecItem14to_byte_writerppEs2_0Ba_
FNDA:0,_RNCINvXININtCsdRzYvL09OST_14liquid_staking11accumulatorsc_0pEINtB8_14AggregatorSteppENtNtNtNtNtCs4WmCETBkTZ5_13multiversx_sc5types7managed7wrapped16managed_vec_item14ManagedVecItem14to_byte_writerppEs3_0Ba_
FNDA:0,_RNvXININtCsdRzYvL09OST_14liquid_staking11accumulators4_0pEINtB5_14AggregatorSteppENtNtNtCs4WmCETBkTZ5_13multiversx_sc3abi8type_abi7TypeAbi9type_nameB7_
FNDA:0,_RINvXININtCsdRzYvL09OST_14liquid_staking11accumulators4_0pEINtB6_14AggregatorSteppENtNtNtCs4WmCETBkTZ5_13multiversx_sc3abi8type_abi7TypeAbi25provide_type_descriptionspEB8_
FNDA:0,_RINvXININtCsdRzYvL09OST_14liquid_staking11accumulatorsg_0pEINtB6_11TokenAmountpENtNtNtCsfDk2A4Sq81E_19multiversx_sc_codec6single6top_en9TopEncode24top_encode_or_handle_errppEB8_
FNDA:0,_RINvXININtCsdRzYvL09OST_14liquid_staking11accumulatorsh_0pEINtB6_11TokenAmountpENtNtNtCsfDk2A4Sq81E_19multiversx_sc_codec6single6top_de9TopDecode24top_decode_or_handle_errppEB8_
FNDA:0,_RINvXININtCsdRzYvL09OST_14liquid_staking11accumulatorsi_0pEINtB6_11TokenAmountpENtNtNtCsfDk2A4Sq81E_19multiversx_sc_codec6single9nested_en12NestedEncode24dep_encode_or_handle_errppEB8_
FNDA:0,_RINvXININtCsdRzYvL09OST_14liquid_staking11accumulatorsj_0pEINtB6_11TokenAmountpENtNtNtCsfDk2A4Sq81E_19multiversx_sc_codec6single9nested_de12NestedDecode24dep_decode_or_handle_errppEB8_
FNDA:0,_RINvXININtCsdRzYvL09OST_14liquid_staking11accumulatorsn_0pEINtB6_11TokenAmountpENtNtNtNtNtCs4WmCETBkTZ5_13multiversx_sc5types7managed7wrapped16managed_vec_item14ManagedVecItem16from_byte_readerpEB8_
FNDA:0,_RNCINvXININtCsdRzYvL09OST_14liquid_staking11accumulatorsn_0pEINtB8_11TokenAmountpENtNtNtNtNtCs4WmCETBkTZ5_13multiversx_sc5types7managed7wrapped16managed_vec_item14ManagedVecItem16from_byte_readerpE0Ba_
FNDA:0,_RNCINvXININtCsdRzYvL09OST_14liquid_staking11accumulatorsn_0pEINtB8_11TokenAmountpENtNtNtNtNtCs4WmCETBkTZ5_13multiversx_sc5types7managed7wrapped16managed_vec_item14ManagedVecItem16from_byte_readerpEs_0Ba_
FNDA:0,_RINvXININtCsdRzYvL09OST_14liquid_staking11accumulatorsn_0pEINtB6_11TokenAmountpENtNtNtNtNtCs4WmCETBkTZ5_13multiversx_sc5types7managed7wrapped16managed_vec_item14ManagedVecItem26from_byte_reader_as_borrowpEB8_
FNDA:0,_RINvXININtCsdRzYvL09OST_14liquid_staking11accumulatorsn_0pEINtB6_11TokenAmountpENtNtNtNtNtCs4WmCETBkTZ5_13multiversx_sc5types7managed7wrapped16managed_vec_item14ManagedVecItem14to_byte_writerppEB8_
FNDA:0,_RNCINvXININtCsdRzYvL09OST_14liquid_staking11accumulatorsn_0pEINtB8_11TokenAmountpENtNtNtNtNtCs4WmCETBkTZ5_13multiversx_sc5types7managed7wrapped16managed_vec_item14ManagedVecItem14to_byte_writerppE0Ba_
FNDA:0,_RNCINvXININtCsdRzYvL09OST_14liquid_staking11accumulatorsn_0pEINtB8_11TokenAmountpENtNtNtNtNtCs4WmCETBkTZ5_13multiversx_sc5types7managed7wrapped16managed_vec_item14ManagedVecItem14to_byte_writerppEs_0Ba_
FNDA:0,_RNvXININtCsdRzYvL09OST_14liquid_staking11accumulatorsf_0pEINtB5_11TokenAmountpENtNtNtCs4WmCETBkTZ5_13multiversx_sc3abi8type_abi7TypeAbi9type_nameB7_
FNDA:0,_RINvXININtCsdRzYvL09OST_14liquid_staking11accumulatorsf_0pEINtB6_11TokenAmountpENtNtNtCs4WmCETBkTZ5_13multiversx_sc3abi8type_abi7TypeAbi25provide_type_descriptionspEB8_
FNDA:1,_RNvMs1_NtCs2WGRDwQOHLQ_14liquid_staking11accumulatorINtB5_23AccumulatorProxyMethodsINtNtNtNtNtCs4WmCETBkTZ5_13multiversx_sc5types11interaction7tx_exec9tx_env_sc7TxScEnvINtNtNtNtCseUmQFO6d1K9_22multiversx_sc_scenario3api7impl_vh12vm_hooks_api10VMHooksApiNtNtB2L_9debug_api15DebugApiBackendEEuRINtNtNtNtB1s_7managed7wrapped15managed_address14ManagedAddressB2G_EuE7depositCsaR2MVHtCDM0_4test
FNDA:1,_RNvXNtCs2WGRDwQOHLQ_14liquid_staking11accumulatorNtB2_16AccumulatorProxyINtNtNtNtCs4WmCETBkTZ5_13multiversx_sc5types11interaction8tx_proxy12TxProxyTraitINtNtNtB1d_7tx_exec9tx_env_sc7TxScEnvINtNtNtNtCseUmQFO6d1K9_22multiversx_sc_scenario3api7impl_vh12vm_hooks_api10VMHooksApiNtNtB36_9debug_api15DebugApiBackendEEuRINtNtNtNtB1f_7managed7wrapped15managed_address14ManagedAddressB31_EuE13proxy_methodsCsaR2MVHtCDM0_4test
FNDA:0,_RNvMs1_NtCs2WGRDwQOHLQ_14liquid_staking11accumulatorINtB5_23AccumulatorProxyMethodsINtNtNtNtNtCs4WmCETBkTZ5_13multiversx_sc5types11interaction7tx_exec9tx_env_sc7TxScEnvINtNtNtNtCseUmQFO6d1K9_22multiversx_sc_scenario3api7impl_vh12vm_hooks_api10VMHooksApiNtNtB2L_9debug_api15DebugApiBackendEEuRINtNtNtNtB1s_7managed7wrapped15managed_address14ManagedAddressB2G_EuE7depositCsVH6ELXPoQD_15unDelegate_test
FNDA:0,_RNvXNtCs2WGRDwQOHLQ_14liquid_staking11accumulatorNtB2_16AccumulatorProxyINtNtNtNtCs4WmCETBkTZ5_13multiversx_sc5types11interaction8tx_proxy12TxProxyTraitINtNtNtB1d_7tx_exec9tx_env_sc7TxScEnvINtNtNtNtCseUmQFO6d1K9_22multiversx_sc_scenario3api7impl_vh12vm_hooks_api10VMHooksApiNtNtB36_9debug_api15DebugApiBackendEEuRINtNtNtNtB1f_7managed7wrapped15managed_address14ManagedAddressB31_EuE13proxy_methodsCsVH6ELXPoQD_15unDelegate_test
FNDA:0,_RNvMs1_NtCs2WGRDwQOHLQ_14liquid_staking11accumulatorINtB5_23AccumulatorProxyMethodsINtNtNtNtNtCs4WmCETBkTZ5_13multiversx_sc5types11interaction7tx_exec9tx_env_sc7TxScEnvINtNtNtNtCseUmQFO6d1K9_22multiversx_sc_scenario3api7impl_vh12vm_hooks_api10VMHooksApiNtNtB2L_9debug_api15DebugApiBackendEEuRINtNtNtNtB1s_7managed7wrapped15managed_address14ManagedAddressB2G_EuE7depositCshHwHQpnfuGH_11unbond_test
FNDA:0,_RNvXNtCs2WGRDwQOHLQ_14liquid_staking11accumulatorNtB2_16AccumulatorProxyINtNtNtNtCs4WmCETBkTZ5_13multiversx_sc5types11interaction8tx_proxy12TxProxyTraitINtNtNtB1d_7tx_exec9tx_env_sc7TxScEnvINtNtNtNtCseUmQFO6d1K9_22multiversx_sc_scenario3api7impl_vh12vm_hooks_api10VMHooksApiNtNtB36_9debug_api15DebugApiBackendEEuRINtNtNtNtB1f_7managed7wrapped15managed_address14ManagedAddressB31_EuE13proxy_methodsCshHwHQpnfuGH_11unbond_test
FNF:32
FNH:2
DA:23,1
DA:24,1
DA:25,1
DA:46,0
DA:47,0
DA:48,0
DA:49,0
DA:50,0
DA:51,0
DA:52,0
DA:53,0
DA:54,0
DA:55,0
DA:56,0
DA:57,0
DA:58,0
DA:59,0
DA:60,0
DA:61,0
DA:62,0
DA:63,0
DA:64,0
DA:65,0
DA:66,0
DA:67,0
DA:68,0
DA:69,0
DA:70,0
DA:71,0
DA:72,0
DA:84,0
DA:85,0
DA:86,0
DA:87,0
DA:88,0
DA:89,0
DA:90,0
DA:91,0
DA:92,0
DA:93,0
DA:94,0
DA:95,0
DA:96,0
DA:97,0
DA:98,0
DA:99,0
DA:100,0
DA:101,0
DA:102,0
DA:103,0
DA:104,0
DA:105,0
DA:106,0
DA:107,0
DA:108,0
DA:109,0
DA:110,0
DA:122,1
DA:123,1
DA:124,1
DA:125,1
DA:126,1
DA:127,1
DA:128,1
DA:130,0
DA:131,0
DA:132,0
DA:133,0
DA:134,0
DA:135,0
DA:136,0
DA:137,0
DA:138,0
DA:139,0
DA:140,0
DA:142,0
DA:143,0
DA:144,0
DA:145,0
DA:146,0
DA:147,0
DA:148,0
DA:149,0
DA:150,0
DA:151,0
DA:152,0
DA:153,0
DA:154,0
DA:155,0
DA:156,0
DA:157,0
DA:158,0
DA:159,0
DA:160,0
DA:161,0
DA:162,0
DA:164,0
DA:165,0
DA:166,0
DA:167,0
DA:168,0
DA:169,0
DA:170,0
DA:171,0
DA:172,0
DA:173,0
DA:174,0
DA:175,0
DA:176,0
DA:177,0
DA:178,0
DA:179,0
DA:180,0
DA:181,0
DA:182,0
DA:183,0
DA:184,0
DA:185,0
DA:186,0
DA:187,0
DA:189,0
DA:190,0
DA:191,0
DA:192,0
DA:193,0
DA:194,0
DA:195,0
DA:196,0
DA:198,0
DA:199,0
DA:200,0
DA:201,0
DA:202,0
DA:203,0
DA:204,0
DA:205,0
DA:207,0
DA:208,0
DA:209,0
DA:210,0
DA:211,0
DA:212,0
DA:213,0
[...]
FN:22,_RNvYINtCs2WGRDwQOHLQ_14liquid_staking11ContractObjINtNtNtNtCseUmQFO6d1K9_22multiversx_sc_scenario3api7impl_vh12vm_hooks_api10VMHooksApiNtNtBR_9debug_api15DebugApiBackendEENtNtB5_5views11ViewsModule25get_ls_value_for_positionCshHwHQpnfuGH_11unbond_test
FN:34,_RNvYINtCs2WGRDwQOHLQ_14liquid_staking11ContractObjINtNtNtNtCseUmQFO6d1K9_22multiversx_sc_scenario3api7impl_vh12vm_hooks_api10VMHooksApiNtNtBR_9debug_api15DebugApiBackendEENtNtB5_5views11ViewsModule37get_delegation_contract_staked_amountCshHwHQpnfuGH_11unbond_test
FN:43,_RNvYINtCs2WGRDwQOHLQ_14liquid_staking11ContractObjINtNtNtNtCseUmQFO6d1K9_22multiversx_sc_scenario3api7impl_vh12vm_hooks_api10VMHooksApiNtNtBR_9debug_api15DebugApiBackendEENtNtB5_5views11ViewsModule39get_delegation_contract_unstaked_amountCshHwHQpnfuGH_11unbond_test
FN:6,_RNvYINtCs2WGRDwQOHLQ_14liquid_staking11ContractObjINtNtNtNtCseUmQFO6d1K9_22multiversx_sc_scenario3api7impl_vh12vm_hooks_api10VMHooksApiNtNtBR_9debug_api15DebugApiBackendEENtNtB5_5views16EndpointWrappers17callback_selectorCshHwHQpnfuGH_11unbond_test
FN:6,_RNvYINtCs2WGRDwQOHLQ_14liquid_staking11ContractObjINtNtNtNtCseUmQFO6d1K9_22multiversx_sc_scenario3api7impl_vh12vm_hooks_api10VMHooksApiNtNtBR_9debug_api15DebugApiBackendEENtNtB5_5views16EndpointWrappers26call_get_delegation_statusCshHwHQpnfuGH_11unbond_test
FN:6,_RNvYINtCs2WGRDwQOHLQ_14liquid_staking11ContractObjINtNtNtNtCseUmQFO6d1K9_22multiversx_sc_scenario3api7impl_vh12vm_hooks_api10VMHooksApiNtNtBR_9debug_api15DebugApiBackendEENtNtB5_5views16EndpointWrappers30call_can_execute_pending_tasksCshHwHQpnfuGH_11unbond_test
FN:6,_RNvYINtCs2WGRDwQOHLQ_14liquid_staking11ContractObjINtNtNtNtCseUmQFO6d1K9_22multiversx_sc_scenario3api7impl_vh12vm_hooks_api10VMHooksApiNtNtBR_9debug_api15DebugApiBackendEENtNtB5_5views16EndpointWrappers30call_get_ls_value_for_positionCshHwHQpnfuGH_11unbond_test
FN:6,_RNvYINtCs2WGRDwQOHLQ_14liquid_staking11ContractObjINtNtNtNtCseUmQFO6d1K9_22multiversx_sc_scenario3api7impl_vh12vm_hooks_api10VMHooksApiNtNtBR_9debug_api15DebugApiBackendEENtNtB5_5views16EndpointWrappers42call_get_delegation_contract_staked_amountCshHwHQpnfuGH_11unbond_test
FN:6,_RNvYINtCs2WGRDwQOHLQ_14liquid_staking11ContractObjINtNtNtNtCseUmQFO6d1K9_22multiversx_sc_scenario3api7impl_vh12vm_hooks_api10VMHooksApiNtNtBR_9debug_api15DebugApiBackendEENtNtB5_5views16EndpointWrappers44call_get_delegation_contract_unstaked_amountCshHwHQpnfuGH_11unbond_test
FN:6,_RNvYINtCs2WGRDwQOHLQ_14liquid_staking11ContractObjINtNtNtNtCseUmQFO6d1K9_22multiversx_sc_scenario3api7impl_vh12vm_hooks_api10VMHooksApiNtNtBR_9debug_api15DebugApiBackendEENtNtB5_5views16EndpointWrappers4callCshHwHQpnfuGH_11unbond_test
FN:6,_RNvYINtCs2WGRDwQOHLQ_14liquid_staking11ContractObjINtNtNtNtCseUmQFO6d1K9_22multiversx_sc_scenario3api7impl_vh12vm_hooks_api10VMHooksApiNtNtBR_9debug_api15DebugApiBackendEENtNtB5_5views16EndpointWrappers8callbackCshHwHQpnfuGH_11unbond_test
FNDA:0,_RNvYINtCs2WGRDwQOHLQ_14liquid_staking11ContractObjINtNtNtNtCseUmQFO6d1K9_22multiversx_sc_scenario3api7impl_vh12vm_hooks_api10VMHooksApiNtNtBR_9debug_api15DebugApiBackendEENtNtB5_5views11ViewsModule21get_delegation_statusCskEhliFuVTlV_13delegate_test
FNDA:0,_RNvYINtCs2WGRDwQOHLQ_14liquid_staking11ContractObjINtNtNtNtCseUmQFO6d1K9_22multiversx_sc_scenario3api7impl_vh12vm_hooks_api10VMHooksApiNtNtBR_9debug_api15DebugApiBackendEENtNtB5_5views11ViewsModule25can_execute_pending_tasksCskEhliFuVTlV_13delegate_test
FNDA:0,_RNvYINtCs2WGRDwQOHLQ_14liquid_staking11ContractObjINtNtNtNtCseUmQFO6d1K9_22multiversx_sc_scenario3api7impl_vh12vm_hooks_api10VMHooksApiNtNtBR_9debug_api15DebugApiBackendEENtNtB5_5views11ViewsModule25get_ls_value_for_positionCskEhliFuVTlV_13delegate_test
FNDA:0,_RNvYINtCs2WGRDwQOHLQ_14liquid_staking11ContractObjINtNtNtNtCseUmQFO6d1K9_22multiversx_sc_scenario3api7impl_vh12vm_hooks_api10VMHooksApiNtNtBR_9debug_api15DebugApiBackendEENtNtB5_5views11ViewsModule37get_delegation_contract_staked_amountCskEhliFuVTlV_13delegate_test
FNDA:0,_RNvYINtCs2WGRDwQOHLQ_14liquid_staking11ContractObjINtNtNtNtCseUmQFO6d1K9_22multiversx_sc_scenario3api7impl_vh12vm_hooks_api10VMHooksApiNtNtBR_9debug_api15DebugApiBackendEENtNtB5_5views11ViewsModule39get_delegation_contract_unstaked_amountCskEhliFuVTlV_13delegate_test
FNDA:0,_RNvYINtCs2WGRDwQOHLQ_14liquid_staking11ContractObjINtNtNtNtCseUmQFO6d1K9_22multiversx_sc_scenario3api7impl_vh12vm_hooks_api10VMHooksApiNtNtBR_9debug_api15DebugApiBackendEENtNtB5_5views16EndpointWrappers17callback_selectorCskEhliFuVTlV_13delegate_test
FNDA:0,_RNvYINtCs2WGRDwQOHLQ_14liquid_staking11ContractObjINtNtNtNtCseUmQFO6d1K9_22multiversx_sc_scenario3api7impl_vh12vm_hooks_api10VMHooksApiNtNtBR_9debug_api15DebugApiBackendEENtNtB5_5views16EndpointWrappers26call_get_delegation_statusCskEhliFuVTlV_13delegate_test
FNDA:0,_RNvYINtCs2WGRDwQOHLQ_14liquid_staking11ContractObjINtNtNtNtCseUmQFO6d1K9_22multiversx_sc_scenario3api7impl_vh12vm_hooks_api10VMHooksApiNtNtBR_9debug_api15DebugApiBackendEENtNtB5_5views16EndpointWrappers30call_can_execute_pending_tasksCskEhliFuVTlV_13delegate_test
FNDA:0,_RNvYINtCs2WGRDwQOHLQ_14liquid_staking11ContractObjINtNtNtNtCseUmQFO6d1K9_22multiversx_sc_scenario3api7impl_vh12vm_hooks_api10VMHooksApiNtNtBR_9debug_api15DebugApiBackendEENtNtB5_5views16EndpointWrappers30call_get_ls_value_for_positionCskEhliFuVTlV_13delegate_test
FNDA:0,_RNvYINtCs2WGRDwQOHLQ_14liquid_staking11ContractObjINtNtNtNtCseUmQFO6d1K9_22multiversx_sc_scenario3api7impl_vh12vm_hooks_api10VMHooksApiNtNtBR_9debug_api15DebugApiBackendEENtNtB5_5views16EndpointWrappers42call_get_delegation_contract_staked_amountCskEhliFuVTlV_13delegate_test
FNDA:0,_RNvYINtCs2WGRDwQOHLQ_14liquid_staking11ContractObjINtNtNtNtCseUmQFO6d1K9_22multiversx_sc_scenario3api7impl_vh12vm_hooks_api10VMHooksApiNtNtBR_9debug_api15DebugApiBackendEENtNtB5_5views16EndpointWrappers44call_get_delegation_contract_unstaked_amountCskEhliFuVTlV_13delegate_test
FNDA:0,_RNvYINtCs2WGRDwQOHLQ_14liquid_staking11ContractObjINtNtNtNtCseUmQFO6d1K9_22multiversx_sc_scenario3api7impl_vh12vm_hooks_api10VMHooksApiNtNtBR_9debug_api15DebugApiBackendEENtNtB5_5views16EndpointWrappers4callCskEhliFuVTlV_13delegate_test
FNDA:0,_RNvYINtCs2WGRDwQOHLQ_14liquid_staking11ContractObjINtNtNtNtCseUmQFO6d1K9_22multiversx_sc_scenario3api7impl_vh12vm_hooks_api10VMHooksApiNtNtBR_9debug_api15DebugApiBackendEENtNtB5_5views16EndpointWrappers8callbackCskEhliFuVTlV_13delegate_test
FNDA:0,_RNvYpNtNtCsdRzYvL09OST_14liquid_staking5views11ViewsModule25can_execute_pending_tasksB7_
FNDA:0,_RNvYpNtNtCsdRzYvL09OST_14liquid_staking5views11ViewsModule25get_ls_value_for_positionB7_
FNDA:0,_RNvYpNtNtCsdRzYvL09OST_14liquid_staking5views11ViewsModule21get_delegation_statusB7_
FNDA:0,_RNvYpNtNtCsdRzYvL09OST_14liquid_staking5views11ViewsModule37get_delegation_contract_staked_amountB7_
FNDA:0,_RNvYpNtNtCsdRzYvL09OST_14liquid_staking5views11ViewsModule39get_delegation_contract_unstaked_amountB7_
FNDA:0,_RNvYpNtNtCsdRzYvL09OST_14liquid_staking5views16EndpointWrappers30call_can_execute_pending_tasksB7_
FNDA:0,_RNvYpNtNtCsdRzYvL09OST_14liquid_staking5views16EndpointWrappers30call_get_ls_value_for_positionB7_
FNDA:0,_RNvYpNtNtCsdRzYvL09OST_14liquid_staking5views16EndpointWrappers26call_get_delegation_statusB7_
FNDA:0,_RNvYpNtNtCsdRzYvL09OST_14liquid_staking5views16EndpointWrappers42call_get_delegation_contract_staked_amountB7_
FNDA:0,_RNvYpNtNtCsdRzYvL09OST_14liquid_staking5views16EndpointWrappers44call_get_delegation_contract_unstaked_amountB7_
FNDA:0,_RNvYpNtNtCsdRzYvL09OST_14liquid_staking5views16EndpointWrappers4callB7_
FNDA:0,_RNvYpNtNtCsdRzYvL09OST_14liquid_staking5views16EndpointWrappers17callback_selectorB7_
FNDA:0,_RNvYpNtNtCsdRzYvL09OST_14liquid_staking5views16EndpointWrappers8callbackB7_
FNDA:0,_RNvXs1_NtCsdRzYvL09OST_14liquid_staking5viewsNtB5_11AbiProviderNtNtNtCs4WmCETBkTZ5_13multiversx_sc13contract_base21contract_abi_provider19ContractAbiProvider3abi
FNDA:0,_RNvXININtCsdRzYvL09OST_14liquid_staking5viewssb_0pEINtB5_11ContractObjpENtNtNtCs4WmCETBkTZ5_13multiversx_sc13contract_base17callable_contract16CallableContract4callB7_
FNDA:0,_RINvNtCsdRzYvL09OST_14liquid_staking5views12contract_objpEB4_
FNDA:0,_RINvXsc_NtCsdRzYvL09OST_14liquid_staking5viewsNtB6_15ContractBuilderNtNtNtCs4WmCETBkTZ5_13multiversx_sc13contract_base17callable_contract23CallableContractBuilder16new_contract_objpEB8_
FNDA:0,_RINvNtNtCsdRzYvL09OST_14liquid_staking5views19___wasm__endpoints__25can_execute_pending_taskspEB6_
FNDA:0,_RINvNtNtCsdRzYvL09OST_14liquid_staking5views19___wasm__endpoints__25get_ls_value_for_positionpEB6_
FNDA:0,_RINvNtNtCsdRzYvL09OST_14liquid_staking5views19___wasm__endpoints__21get_delegation_statuspEB6_
FNDA:0,_RINvNtNtCsdRzYvL09OST_14liquid_staking5views19___wasm__endpoints__37get_delegation_contract_staked_amountpEB6_
FNDA:0,_RINvNtNtCsdRzYvL09OST_14liquid_staking5views19___wasm__endpoints__39get_delegation_contract_unstaked_amountpEB6_
FNDA:0,_RNvYpNtNtCsdRzYvL09OST_14liquid_staking5views10ProxyTrait25can_execute_pending_tasksB7_
FNDA:0,_RINvYpNtNtCsdRzYvL09OST_14liquid_staking5views10ProxyTrait25get_ls_value_for_positionpEB8_
FNDA:0,_RNvYpNtNtCsdRzYvL09OST_14liquid_staking5views10ProxyTrait21get_delegation_statusB7_
FNDA:0,_RINvYpNtNtCsdRzYvL09OST_14liquid_staking5views10ProxyTrait37get_delegation_contract_staked_amountpEB8_
FNDA:0,_RINvYpNtNtCsdRzYvL09OST_14liquid_staking5views10ProxyTrait39get_delegation_contract_unstaked_amountpEB8_
FNDA:0,_RNvYINtCs2WGRDwQOHLQ_14liquid_staking11ContractObjINtNtNtNtCseUmQFO6d1K9_22multiversx_sc_scenario3api7impl_vh12vm_hooks_api10VMHooksApiNtNtBR_9debug_api15DebugApiBackendEENtNtB5_5views11ViewsModule21get_delegation_statusCsaR2MVHtCDM0_4test
FNDA:0,_RNvYINtCs2WGRDwQOHLQ_14liquid_staking11ContractObjINtNtNtNtCseUmQFO6d1K9_22multiversx_sc_scenario3api7impl_vh12vm_hooks_api10VMHooksApiNtNtBR_9debug_api15DebugApiBackendEENtNtB5_5views11ViewsModule25can_execute_pending_tasksCsaR2MVHtCDM0_4test
FNDA:0,_RNvYINtCs2WGRDwQOHLQ_14liquid_staking11ContractObjINtNtNtNtCseUmQFO6d1K9_22multiversx_sc_scenario3api7impl_vh12vm_hooks_api10VMHooksApiNtNtBR_9debug_api15DebugApiBackendEENtNtB5_5views11ViewsModule25get_ls_value_for_positionCsaR2MVHtCDM0_4test
FNDA:0,_RNvYINtCs2WGRDwQOHLQ_14liquid_staking11ContractObjINtNtNtNtCseUmQFO6d1K9_22multiversx_sc_scenario3api7impl_vh12vm_hooks_api10VMHooksApiNtNtBR_9debug_api15DebugApiBackendEENtNtB5_5views11ViewsModule37get_delegation_contract_staked_amountCsaR2MVHtCDM0_4test
FNDA:0,_RNvYINtCs2WGRDwQOHLQ_14liquid_staking11ContractObjINtNtNtNtCseUmQFO6d1K9_22multiversx_sc_scenario3api7impl_vh12vm_hooks_api10VMHooksApiNtNtBR_9debug_api15DebugApiBackendEENtNtB5_5views11ViewsModule39get_delegation_contract_unstaked_amountCsaR2MVHtCDM0_4test
FNDA:0,_RNvYINtCs2WGRDwQOHLQ_14liquid_staking11ContractObjINtNtNtNtCseUmQFO6d1K9_22multiversx_sc_scenario3api7impl_vh12vm_hooks_api10VMHooksApiNtNtBR_9debug_api15DebugApiBackendEENtNtB5_5views16EndpointWrappers17callback_selectorCsaR2MVHtCDM0_4test
FNDA:0,_RNvYINtCs2WGRDwQOHLQ_14liquid_staking11ContractObjINtNtNtNtCseUmQFO6d1K9_22multiversx_sc_scenario3api7impl_vh12vm_hooks_api10VMHooksApiNtNtBR_9debug_api15DebugApiBackendEENtNtB5_5views16EndpointWrappers26call_get_delegation_statusCsaR2MVHtCDM0_4test
FNDA:0,_RNvYINtCs2WGRDwQOHLQ_14liquid_staking11ContractObjINtNtNtNtCseUmQFO6d1K9_22multiversx_sc_scenario3api7impl_vh12vm_hooks_api10VMHooksApiNtNtBR_9debug_api15DebugApiBackendEENtNtB5_5views16EndpointWrappers30call_can_execute_pending_tasksCsaR2MVHtCDM0_4test
FNDA:0,_RNvYINtCs2WGRDwQOHLQ_14liquid_staking11ContractObjINtNtNtNtCseUmQFO6d1K9_22multiversx_sc_scenario3api7impl_vh12vm_hooks_api10VMHooksApiNtNtBR_9debug_api15DebugApiBackendEENtNtB5_5views16EndpointWrappers30call_get_ls_value_for_positionCsaR2MVHtCDM0_4test
FNDA:0,_RNvYINtCs2WGRDwQOHLQ_14liquid_staking11ContractObjINtNtNtNtCseUmQFO6d1K9_22multiversx_sc_scenario3api7impl_vh12vm_hooks_api10VMHooksApiNtNtBR_9debug_api15DebugApiBackendEENtNtB5_5views16EndpointWrappers42call_get_delegation_contract_staked_amountCsaR2MVHtCDM0_4test
FNDA:0,_RNvYINtCs2WGRDwQOHLQ_14liquid_staking11ContractObjINtNtNtNtCseUmQFO6d1K9_22multiversx_sc_scenario3api7impl_vh12vm_hooks_api10VMHooksApiNtNtBR_9debug_api15DebugApiBackendEENtNtB5_5views16EndpointWrappers44call_get_delegation_contract_unstaked_amountCsaR2MVHtCDM0_4test
FNDA:0,_RNvYINtCs2WGRDwQOHLQ_14liquid_staking11ContractObjINtNtNtNtCseUmQFO6d1K9_22multiversx_sc_scenario3api7impl_vh12vm_hooks_api10VMHooksApiNtNtBR_9debug_api15DebugApiBackendEENtNtB5_5views16EndpointWrappers4callCsaR2MVHtCDM0_4test
FNDA:0,_RNvYINtCs2WGRDwQOHLQ_14liquid_staking11ContractObjINtNtNtNtCseUmQFO6d1K9_22multiversx_sc_scenario3api7impl_vh12vm_hooks_api10VMHooksApiNtNtBR_9debug_api15DebugApiBackendEENtNtB5_5views16EndpointWrappers8callbackCsaR2MVHtCDM0_4test
FNDA:0,_RNvYINtCs2WGRDwQOHLQ_14liquid_staking11ContractObjINtNtNtNtCseUmQFO6d1K9_22multiversx_sc_scenario3api7impl_vh12vm_hooks_api10VMHooksApiNtNtBR_9debug_api15DebugApiBackendEENtNtB5_5views11ViewsModule21get_delegation_statusCsVH6ELXPoQD_15unDelegate_test
FNDA:0,_RNvYINtCs2WGRDwQOHLQ_14liquid_staking11ContractObjINtNtNtNtCseUmQFO6d1K9_22multiversx_sc_scenario3api7impl_vh12vm_hooks_api10VMHooksApiNtNtBR_9debug_api15DebugApiBackendEENtNtB5_5views11ViewsModule25can_execute_pending_tasksCsVH6ELXPoQD_15unDelegate_test
FNDA:0,_RNvYINtCs2WGRDwQOHLQ_14liquid_staking11ContractObjINtNtNtNtCseUmQFO6d1K9_22multiversx_sc_scenario3api7impl_vh12vm_hooks_api10VMHooksApiNtNtBR_9debug_api15DebugApiBackendEENtNtB5_5views11ViewsModule25get_ls_value_for_positionCsVH6ELXPoQD_15unDelegate_test
FNDA:0,_RNvYINtCs2WGRDwQOHLQ_14liquid_staking11ContractObjINtNtNtNtCseUmQFO6d1K9_22multiversx_sc_scenario3api7impl_vh12vm_hooks_api10VMHooksApiNtNtBR_9debug_api15DebugApiBackendEENtNtB5_5views11ViewsModule37get_delegation_contract_staked_amountCsVH6ELXPoQD_15unDelegate_test
FNDA:0,_RNvYINtCs2WGRDwQOHLQ_14liquid_staking11ContractObjINtNtNtNtCseUmQFO6d1K9_22multiversx_sc_scenario3api7impl_vh12vm_hooks_api10VMHooksApiNtNtBR_9debug_api15DebugApiBackendEENtNtB5_5views11ViewsModule39get_delegation_contract_unstaked_amountCsVH6ELXPoQD_15unDelegate_test
FNDA:0,_RNvYINtCs2WGRDwQOHLQ_14liquid_staking11ContractObjINtNtNtNtCseUmQFO6d1K9_22multiversx_sc_scenario3api7impl_vh12vm_hooks_api10VMHooksApiNtNtBR_9debug_api15DebugApiBackendEENtNtB5_5views16EndpointWrappers17callback_selectorCsVH6ELXPoQD_15unDelegate_test
FNDA:0,_RNvYINtCs2WGRDwQOHLQ_14liquid_staking11ContractObjINtNtNtNtCseUmQFO6d1K9_22multiversx_sc_scenario3api7impl_vh12vm_hooks_api10VMHooksApiNtNtBR_9debug_api15DebugApiBackendEENtNtB5_5views16EndpointWrappers26call_get_delegation_statusCsVH6ELXPoQD_15unDelegate_test
FNDA:0,_RNvYINtCs2WGRDwQOHLQ_14liquid_staking11ContractObjINtNtNtNtCseUmQFO6d1K9_22multiversx_sc_scenario3api7impl_vh12vm_hooks_api10VMHooksApiNtNtBR_9debug_api15DebugApiBackendEENtNtB5_5views16EndpointWrappers30call_can_execute_pending_tasksCsVH6ELXPoQD_15unDelegate_test
FNDA:0,_RNvYINtCs2WGRDwQOHLQ_14liquid_staking11ContractObjINtNtNtNtCseUmQFO6d1K9_22multiversx_sc_scenario3api7impl_vh12vm_hooks_api10VMHooksApiNtNtBR_9debug_api15DebugApiBackendEENtNtB5_5views16EndpointWrappers30call_get_ls_value_for_positionCsVH6ELXPoQD_15unDelegate_test
FNDA:0,_RNvYINtCs2WGRDwQOHLQ_14liquid_staking11ContractObjINtNtNtNtCseUmQFO6d1K9_22multiversx_sc_scenario3api7impl_vh12vm_hooks_api10VMHooksApiNtNtBR_9debug_api15DebugApiBackendEENtNtB5_5views16EndpointWrappers42call_get_delegation_contract_staked_amountCsVH6ELXPoQD_15unDelegate_test
FNDA:0,_RNvYINtCs2WGRDwQOHLQ_14liquid_staking11ContractObjINtNtNtNtCseUmQFO6d1K9_22multiversx_sc_scenario3api7impl_vh12vm_hooks_api10VMHooksApiNtNtBR_9debug_api15DebugApiBackendEENtNtB5_5views16EndpointWrappers44call_get_delegation_contract_unstaked_amountCsVH6ELXPoQD_15unDelegate_test
FNDA:0,_RNvYINtCs2WGRDwQOHLQ_14liquid_staking11ContractObjINtNtNtNtCseUmQFO6d1K9_22multiversx_sc_scenario3api7impl_vh12vm_hooks_api10VMHooksApiNtNtBR_9debug_api15DebugApiBackendEENtNtB5_5views16EndpointWrappers4callCsVH6ELXPoQD_15unDelegate_test
FNDA:0,_RNvYINtCs2WGRDwQOHLQ_14liquid_staking11ContractObjINtNtNtNtCseUmQFO6d1K9_22multiversx_sc_scenario3api7impl_vh12vm_hooks_api10VMHooksApiNtNtBR_9debug_api15DebugApiBackendEENtNtB5_5views16EndpointWrappers8callbackCsVH6ELXPoQD_15unDelegate_test
FNDA:0,_RNvYINtCs2WGRDwQOHLQ_14liquid_staking11ContractObjINtNtNtNtCseUmQFO6d1K9_22multiversx_sc_scenario3api7impl_vh12vm_hooks_api10VMHooksApiNtNtBR_9debug_api15DebugApiBackendEENtNtB5_5views11ViewsModule21get_delegation_statusCshHwHQpnfuGH_11unbond_test
FNDA:0,_RNvYINtCs2WGRDwQOHLQ_14liquid_staking11ContractObjINtNtNtNtCseUmQFO6d1K9_22multiversx_sc_scenario3api7impl_vh12vm_hooks_api10VMHooksApiNtNtBR_9debug_api15DebugApiBackendEENtNtB5_5views11ViewsModule25can_execute_pending_tasksCshHwHQpnfuGH_11unbond_test
FNDA:0,_RNvYINtCs2WGRDwQOHLQ_14liquid_staking11ContractObjINtNtNtNtCseUmQFO6d1K9_22multiversx_sc_scenario3api7impl_vh12vm_hooks_api10VMHooksApiNtNtBR_9debug_api15DebugApiBackendEENtNtB5_5views11ViewsModule25get_ls_value_for_positionCshHwHQpnfuGH_11unbond_test
FNDA:0,_RNvYINtCs2WGRDwQOHLQ_14liquid_staking11ContractObjINtNtNtNtCseUmQFO6d1K9_22multiversx_sc_scenario3api7impl_vh12vm_hooks_api10VMHooksApiNtNtBR_9debug_api15DebugApiBackendEENtNtB5_5views11ViewsModule37get_delegation_contract_staked_amountCshHwHQpnfuGH_11unbond_test
FNDA:0,_RNvYINtCs2WGRDwQOHLQ_14liquid_staking11ContractObjINtNtNtNtCseUmQFO6d1K9_22multiversx_sc_scenario3api7impl_vh12vm_hooks_api10VMHooksApiNtNtBR_9debug_api15DebugApiBackendEENtNtB5_5views11ViewsModule39get_delegation_contract_unstaked_amountCshHwHQpnfuGH_11unbond_test
FNDA:0,_RNvYINtCs2WGRDwQOHLQ_14liquid_staking11ContractObjINtNtNtNtCseUmQFO6d1K9_22multiversx_sc_scenario3api7impl_vh12vm_hooks_api10VMHooksApiNtNtBR_9debug_api15DebugApiBackendEENtNtB5_5views16EndpointWrappers17callback_selectorCshHwHQpnfuGH_11unbond_test
FNDA:0,_RNvYINtCs2WGRDwQOHLQ_14liquid_staking11ContractObjINtNtNtNtCseUmQFO6d1K9_22multiversx_sc_scenario3api7impl_vh12vm_hooks_api10VMHooksApiNtNtBR_9debug_api15DebugApiBackendEENtNtB5_5views16EndpointWrappers26call_get_delegation_statusCshHwHQpnfuGH_11unbond_test
FNDA:0,_RNvYINtCs2WGRDwQOHLQ_14liquid_staking11ContractObjINtNtNtNtCseUmQFO6d1K9_22multiversx_sc_scenario3api7impl_vh12vm_hooks_api10VMHooksApiNtNtBR_9debug_api15DebugApiBackendEENtNtB5_5views16EndpointWrappers30call_can_execute_pending_tasksCshHwHQpnfuGH_11unbond_test
FNDA:0,_RNvYINtCs2WGRDwQOHLQ_14liquid_staking11ContractObjINtNtNtNtCseUmQFO6d1K9_22multiversx_sc_scenario3api7impl_vh12vm_hooks_api10VMHooksApiNtNtBR_9debug_api15DebugApiBackendEENtNtB5_5views16EndpointWrappers30call_get_ls_value_for_positionCshHwHQpnfuGH_11unbond_test
FNDA:0,_RNvYINtCs2WGRDwQOHLQ_14liquid_staking11ContractObjINtNtNtNtCseUmQFO6d1K9_22multiversx_sc_scenario3api7impl_vh12vm_hooks_api10VMHooksApiNtNtBR_9debug_api15DebugApiBackendEENtNtB5_5views16EndpointWrappers42call_get_delegation_contract_staked_amountCshHwHQpnfuGH_11unbond_test
FNDA:0,_RNvYINtCs2WGRDwQOHLQ_14liquid_staking11ContractObjINtNtNtNtCseUmQFO6d1K9_22multiversx_sc_scenario3api7impl_vh12vm_hooks_api10VMHooksApiNtNtBR_9debug_api15DebugApiBackendEENtNtB5_5views16EndpointWrappers44call_get_delegation_contract_unstaked_amountCshHwHQpnfuGH_11unbond_test
FNDA:0,_RNvYINtCs2WGRDwQOHLQ_14liquid_staking11ContractObjINtNtNtNtCseUmQFO6d1K9_22multiversx_sc_scenario3api7impl_vh12vm_hooks_api10VMHooksApiNtNtBR_9debug_api15DebugApiBackendEENtNtB5_5views16EndpointWrappers4callCshHwHQpnfuGH_11unbond_test
FNDA:0,_RNvYINtCs2WGRDwQOHLQ_14liquid_staking11ContractObjINtNtNtNtCseUmQFO6d1K9_22multiversx_sc_scenario3api7impl_vh12vm_hooks_api10VMHooksApiNtNtBR_9debug_api15DebugApiBackendEENtNtB5_5views16EndpointWrappers8callbackCshHwHQpnfuGH_11unbond_test
FNF:6
FNH:0
DA:6,0
DA:13,0
DA:14,0
DA:15,0
DA:16,0
DA:17,0
DA:18,0
DA:22,0
DA:23,0
DA:24,0
DA:28,0
DA:29,0
DA:30,0
DA:34,0
DA:35,0
DA:36,0
DA:43,0
DA:44,0
DA:45,0
BRF:0
BRH:0
LF:19
LH:0
end_of_record